<?xml version="1.0" encoding="UTF-8"?>
<testng-results skipped="0" failed="0" ignored="25" total="26" passed="1">
  <reporter-output>
  </reporter-output>
  <suite name="Suite" duration-ms="1204324" started-at="2019-02-19T06:23:43Z" finished-at="2019-02-19T06:43:47Z">
    <groups>
      <group name="Janaki_EOD_set2">
        <method signature="QCStore.JQC_ILP_GraceDays_Deposit_EOD_Txn()[pri:9, instance:tests.QCStore@527740a2]" name="JQC_ILP_GraceDays_Deposit_EOD_Txn" class="tests.QCStore"/>
      </group> <!-- Janaki_EOD_set2 -->
    </groups>
    <test name="Test" duration-ms="1204324" started-at="2019-02-19T06:23:43Z" finished-at="2019-02-19T06:43:47Z">
      <class name="tests.QCStore">
        <test-method status="PASS" signature="setup()[pri:0, instance:tests.QCStore@527740a2]" name="setup" is-config="true" duration-ms="78" started-at="2019-02-19T06:23:43Z" finished-at="2019-02-19T06:23:43Z">
          <reporter-output>
          </reporter-output>
        </test-method> <!-- setup -->
        <test-method status="PASS" signature="killProcess()[pri:0, instance:tests.QCStore@527740a2]" name="killProcess" is-config="true" duration-ms="5008" started-at="2019-02-19T06:23:43Z" finished-at="2019-02-19T06:23:48Z">
          <reporter-output>
          </reporter-output>
        </test-method> <!-- killProcess -->
        <test-method status="PASS" signature="JQC_ILP_GraceDays_Deposit_EOD_Txn()[pri:9, instance:tests.QCStore@527740a2]" name="JQC_ILP_GraceDays_Deposit_EOD_Txn" duration-ms="1199004" started-at="2019-02-19T06:23:48Z" finished-at="2019-02-19T06:43:47Z">
          <reporter-output>
          </reporter-output>
        </test-method> <!-- JQC_ILP_GraceDays_Deposit_EOD_Txn -->
        <test-method status="PASS" signature="getResult(org.testng.ITestResult)[pri:0, instance:tests.QCStore@527740a2]" name="getResult" is-config="true" duration-ms="219" started-at="2019-02-19T06:43:47Z" finished-at="2019-02-19T06:43:47Z">
          <params>
            <param index="0">
              <value>
                <![CDATA[[TestResult name=JQC_ILP_GraceDays_Deposit_EOD_Txn status=SUCCESS method=QCStore.JQC_ILP_GraceDays_Deposit_EOD_Txn()[pri:9, instance:tests.QCStore@527740a2] output={null}]]]>
              </value>
            </param>
          </params>
          <reporter-output>
          </reporter-output>
        </test-method> <!-- getResult -->
      </class> <!-- tests.QCStore -->
    </test> <!-- Test -->
  </suite> <!-- Suite -->
</testng-results>
