<?xml version="1.0" encoding="UTF-8"?>
<testng-results skipped="0" failed="0" ignored="41" total="43" passed="2">
  <reporter-output>
  </reporter-output>
  <suite name="Suite" duration-ms="1726869" started-at="2019-03-19T04:35:00Z" finished-at="2019-03-19T05:03:47Z">
    <groups>
      <group name="Ratikanta_ILP">
        <method signature="QCStore.RQC_WriteOffRecovery_Txn_Testdata()[pri:7, instance:tests.QCStore@527740a2]" name="RQC_WriteOffRecovery_Txn_Testdata" class="tests.QCStore"/>
        <method signature="QCStore.RQC_WriteOffRecovery_Void_Txn_Testdata()[pri:8, instance:tests.QCStore@527740a2]" name="RQC_WriteOffRecovery_Void_Txn_Testdata" class="tests.QCStore"/>
      </group> <!-- Ratikanta_ILP -->
    </groups>
    <test name="Test" duration-ms="1726869" started-at="2019-03-19T04:35:00Z" finished-at="2019-03-19T05:03:47Z">
      <class name="tests.QCStore">
        <test-method status="PASS" signature="setup()[pri:0, instance:tests.QCStore@527740a2]" name="setup" is-config="true" duration-ms="132" started-at="2019-03-19T04:35:00Z" finished-at="2019-03-19T04:35:00Z">
          <reporter-output>
          </reporter-output>
        </test-method> <!-- setup -->
        <test-method status="PASS" signature="killProcess()[pri:0, instance:tests.QCStore@527740a2]" name="killProcess" is-config="true" duration-ms="5003" started-at="2019-03-19T04:35:00Z" finished-at="2019-03-19T04:35:05Z">
          <reporter-output>
          </reporter-output>
        </test-method> <!-- killProcess -->
        <test-method status="PASS" signature="RQC_WriteOffRecovery_Txn_Testdata()[pri:7, instance:tests.QCStore@527740a2]" name="RQC_WriteOffRecovery_Txn_Testdata" duration-ms="867137" started-at="2019-03-19T04:35:05Z" finished-at="2019-03-19T04:49:33Z">
          <reporter-output>
          </reporter-output>
        </test-method> <!-- RQC_WriteOffRecovery_Txn_Testdata -->
        <test-method status="PASS" signature="endReport()[pri:0, instance:tests.QCStore@527740a2]" name="endReport" is-config="true" duration-ms="0" started-at="2019-03-19T04:49:33Z" finished-at="2019-03-19T04:49:33Z">
          <reporter-output>
          </reporter-output>
        </test-method> <!-- endReport -->
        <test-method status="PASS" signature="getResult(org.testng.ITestResult)[pri:0, instance:tests.QCStore@527740a2]" name="getResult" is-config="true" duration-ms="199" started-at="2019-03-19T04:49:33Z" finished-at="2019-03-19T04:49:33Z">
          <params>
            <param index="0">
              <value>
                <![CDATA[[TestResult name=RQC_WriteOffRecovery_Txn_Testdata status=SUCCESS method=QCStore.RQC_WriteOffRecovery_Txn_Testdata()[pri:7, instance:tests.QCStore@527740a2] output={null}]]]>
              </value>
            </param>
          </params>
          <reporter-output>
          </reporter-output>
        </test-method> <!-- getResult -->
        <test-method status="PASS" signature="killProcess()[pri:0, instance:tests.QCStore@527740a2]" name="killProcess" is-config="true" duration-ms="5000" started-at="2019-03-19T04:49:33Z" finished-at="2019-03-19T04:49:38Z">
          <reporter-output>
          </reporter-output>
        </test-method> <!-- killProcess -->
        <test-method status="PASS" signature="RQC_WriteOffRecovery_Void_Txn_Testdata()[pri:8, instance:tests.QCStore@527740a2]" name="RQC_WriteOffRecovery_Void_Txn_Testdata" duration-ms="849295" started-at="2019-03-19T04:49:38Z" finished-at="2019-03-19T05:03:47Z">
          <reporter-output>
          </reporter-output>
        </test-method> <!-- RQC_WriteOffRecovery_Void_Txn_Testdata -->
        <test-method status="PASS" signature="endReport()[pri:0, instance:tests.QCStore@527740a2]" name="endReport" is-config="true" duration-ms="1" started-at="2019-03-19T05:03:47Z" finished-at="2019-03-19T05:03:47Z">
          <reporter-output>
          </reporter-output>
        </test-method> <!-- endReport -->
        <test-method status="PASS" signature="getResult(org.testng.ITestResult)[pri:0, instance:tests.QCStore@527740a2]" name="getResult" is-config="true" duration-ms="80" started-at="2019-03-19T05:03:47Z" finished-at="2019-03-19T05:03:47Z">
          <params>
            <param index="0">
              <value>
                <![CDATA[[TestResult name=RQC_WriteOffRecovery_Void_Txn_Testdata status=SUCCESS method=QCStore.RQC_WriteOffRecovery_Void_Txn_Testdata()[pri:8, instance:tests.QCStore@527740a2] output={null}]]]>
              </value>
            </param>
          </params>
          <reporter-output>
          </reporter-output>
        </test-method> <!-- getResult -->
      </class> <!-- tests.QCStore -->
    </test> <!-- Test -->
  </suite> <!-- Suite -->
</testng-results>
