<?xml version="1.0" encoding="UTF-8"?>
<testng-results skipped="0" failed="0" ignored="0" total="1" passed="1">
  <reporter-output>
  </reporter-output>
  <suite name="Suite" duration-ms="45743" started-at="2019-02-19T09:27:19Z" finished-at="2019-02-19T09:28:05Z">
    <groups>
      <group name="Brahmith">
        <method signature="QCStore.QC_NewLoan_TLPConversion_Txn()[pri:53, instance:tests.QCStore@6d7b4f4c]" name="QC_NewLoan_TLPConversion_Txn" class="tests.QCStore"/>
      </group> <!-- Brahmith -->
    </groups>
    <test name="Test" duration-ms="45743" started-at="2019-02-19T09:27:19Z" finished-at="2019-02-19T09:28:05Z">
      <class name="tests.QCStore">
        <test-method status="PASS" signature="setup()[pri:0, instance:tests.QCStore@6d7b4f4c]" name="setup" is-config="true" duration-ms="102" started-at="2019-02-19T09:27:19Z" finished-at="2019-02-19T09:27:19Z">
          <reporter-output>
          </reporter-output>
        </test-method> <!-- setup -->
        <test-method status="PASS" signature="killProcess()[pri:0, instance:tests.QCStore@6d7b4f4c]" name="killProcess" is-config="true" duration-ms="5011" started-at="2019-02-19T09:27:19Z" finished-at="2019-02-19T09:27:24Z">
          <reporter-output>
          </reporter-output>
        </test-method> <!-- killProcess -->
        <test-method status="PASS" signature="QC_NewLoan_TLPConversion_Txn()[pri:53, instance:tests.QCStore@6d7b4f4c]" name="QC_NewLoan_TLPConversion_Txn" duration-ms="40357" started-at="2019-02-19T09:27:24Z" finished-at="2019-02-19T09:28:05Z">
          <reporter-output>
          </reporter-output>
        </test-method> <!-- QC_NewLoan_TLPConversion_Txn -->
        <test-method status="PASS" signature="getResult(org.testng.ITestResult)[pri:0, instance:tests.QCStore@6d7b4f4c]" name="getResult" is-config="true" duration-ms="256" started-at="2019-02-19T09:28:05Z" finished-at="2019-02-19T09:28:05Z">
          <params>
            <param index="0">
              <value>
                <![CDATA[[TestResult name=QC_NewLoan_TLPConversion_Txn status=SUCCESS method=QCStore.QC_NewLoan_TLPConversion_Txn()[pri:53, instance:tests.QCStore@6d7b4f4c] output={null}]]]>
              </value>
            </param>
          </params>
          <reporter-output>
          </reporter-output>
        </test-method> <!-- getResult -->
        <test-method status="PASS" signature="endReport()[pri:0, instance:tests.QCStore@6d7b4f4c]" name="endReport" is-config="true" duration-ms="0" started-at="2019-02-19T09:28:05Z" finished-at="2019-02-19T09:28:05Z">
          <reporter-output>
          </reporter-output>
        </test-method> <!-- endReport -->
      </class> <!-- tests.QCStore -->
    </test> <!-- Test -->
  </suite> <!-- Suite -->
</testng-results>
