<?xml version="1.0" encoding="UTF-8"?>
<testng-results skipped="0" failed="0" ignored="0" total="9" passed="9">
  <reporter-output>
  </reporter-output>
  <suite name="Default suite" duration-ms="12635636" started-at="2019-02-20T06:28:37Z" finished-at="2019-02-20T09:59:13Z">
    <groups>
      <group name="Ratikanta_ILP">
        <method signature="QCStore.RQC_Bankruptcy_Discharge_Txn_Testdata()[pri:2, instance:tests.QCStore@20398b7c]" name="RQC_Bankruptcy_Discharge_Txn_Testdata" class="tests.QCStore"/>
        <method signature="QCStore.RQC_Bankruptcy_Dismiss_Txn_Testdata()[pri:3, instance:tests.QCStore@20398b7c]" name="RQC_Bankruptcy_Dismiss_Txn_Testdata" class="tests.QCStore"/>
        <method signature="QCStore.RQC_Bankruptcy_WORecovery_Txn_Testdata()[pri:1, instance:tests.QCStore@20398b7c]" name="RQC_Bankruptcy_WORecovery_Txn_Testdata" class="tests.QCStore"/>
        <method signature="QCStore.RQC_DefaultPayment_Txn_Testdata()[pri:5, instance:tests.QCStore@20398b7c]" name="RQC_DefaultPayment_Txn_Testdata" class="tests.QCStore"/>
        <method signature="QCStore.RQC_DefaultPayment_Void_Txn_Testdata()[pri:6, instance:tests.QCStore@20398b7c]" name="RQC_DefaultPayment_Void_Txn_Testdata" class="tests.QCStore"/>
        <method signature="QCStore.RQC_Default_Refinance_Txn_Testdata()[pri:4, instance:tests.QCStore@20398b7c]" name="RQC_Default_Refinance_Txn_Testdata" class="tests.QCStore"/>
        <method signature="QCStore.RQC_Default_TLPConversion_Txn_Testdata()[pri:9, instance:tests.QCStore@20398b7c]" name="RQC_Default_TLPConversion_Txn_Testdata" class="tests.QCStore"/>
        <method signature="QCStore.RQC_WriteOffRecovery_Txn_Testdata()[pri:7, instance:tests.QCStore@20398b7c]" name="RQC_WriteOffRecovery_Txn_Testdata" class="tests.QCStore"/>
        <method signature="QCStore.RQC_WriteOffRecovery_Void_Txn_Testdata()[pri:8, instance:tests.QCStore@20398b7c]" name="RQC_WriteOffRecovery_Void_Txn_Testdata" class="tests.QCStore"/>
      </group> <!-- Ratikanta_ILP -->
    </groups>
    <test name="Default test" duration-ms="12635636" started-at="2019-02-20T06:28:37Z" finished-at="2019-02-20T09:59:13Z">
      <class name="tests.QCStore">
        <test-method status="PASS" signature="setup()[pri:0, instance:tests.QCStore@20398b7c]" name="setup" is-config="true" duration-ms="92" started-at="2019-02-20T06:28:37Z" finished-at="2019-02-20T06:28:37Z">
          <reporter-output>
          </reporter-output>
        </test-method> <!-- setup -->
        <test-method status="PASS" signature="killProcess()[pri:0, instance:tests.QCStore@20398b7c]" name="killProcess" is-config="true" duration-ms="5003" started-at="2019-02-20T06:28:37Z" finished-at="2019-02-20T06:28:42Z">
          <reporter-output>
          </reporter-output>
        </test-method> <!-- killProcess -->
        <test-method status="PASS" signature="RQC_Bankruptcy_WORecovery_Txn_Testdata()[pri:1, instance:tests.QCStore@20398b7c]" name="RQC_Bankruptcy_WORecovery_Txn_Testdata" duration-ms="652465" started-at="2019-02-20T06:28:42Z" finished-at="2019-02-20T06:39:34Z">
          <reporter-output>
          </reporter-output>
        </test-method> <!-- RQC_Bankruptcy_WORecovery_Txn_Testdata -->
        <test-method status="PASS" signature="getResult(org.testng.ITestResult)[pri:0, instance:tests.QCStore@20398b7c]" name="getResult" is-config="true" duration-ms="206" started-at="2019-02-20T06:39:34Z" finished-at="2019-02-20T06:39:35Z">
          <params>
            <param index="0">
              <value>
                <![CDATA[[TestResult name=RQC_Bankruptcy_WORecovery_Txn_Testdata status=SUCCESS method=QCStore.RQC_Bankruptcy_WORecovery_Txn_Testdata()[pri:1, instance:tests.QCStore@20398b7c] output={null}]]]>
              </value>
            </param>
          </params>
          <reporter-output>
          </reporter-output>
        </test-method> <!-- getResult -->
        <test-method status="PASS" signature="killProcess()[pri:0, instance:tests.QCStore@20398b7c]" name="killProcess" is-config="true" duration-ms="5002" started-at="2019-02-20T06:39:35Z" finished-at="2019-02-20T06:39:40Z">
          <reporter-output>
          </reporter-output>
        </test-method> <!-- killProcess -->
        <test-method status="PASS" signature="RQC_Bankruptcy_Discharge_Txn_Testdata()[pri:2, instance:tests.QCStore@20398b7c]" name="RQC_Bankruptcy_Discharge_Txn_Testdata" duration-ms="728546" started-at="2019-02-20T06:39:40Z" finished-at="2019-02-20T06:51:48Z">
          <reporter-output>
          </reporter-output>
        </test-method> <!-- RQC_Bankruptcy_Discharge_Txn_Testdata -->
        <test-method status="PASS" signature="getResult(org.testng.ITestResult)[pri:0, instance:tests.QCStore@20398b7c]" name="getResult" is-config="true" duration-ms="73" started-at="2019-02-20T06:51:48Z" finished-at="2019-02-20T06:51:48Z">
          <params>
            <param index="0">
              <value>
                <![CDATA[[TestResult name=RQC_Bankruptcy_Discharge_Txn_Testdata status=SUCCESS method=QCStore.RQC_Bankruptcy_Discharge_Txn_Testdata()[pri:2, instance:tests.QCStore@20398b7c] output={null}]]]>
              </value>
            </param>
          </params>
          <reporter-output>
          </reporter-output>
        </test-method> <!-- getResult -->
        <test-method status="PASS" signature="killProcess()[pri:0, instance:tests.QCStore@20398b7c]" name="killProcess" is-config="true" duration-ms="5005" started-at="2019-02-20T06:51:48Z" finished-at="2019-02-20T06:51:53Z">
          <reporter-output>
          </reporter-output>
        </test-method> <!-- killProcess -->
        <test-method status="PASS" signature="RQC_Bankruptcy_Dismiss_Txn_Testdata()[pri:3, instance:tests.QCStore@20398b7c]" name="RQC_Bankruptcy_Dismiss_Txn_Testdata" duration-ms="749784" started-at="2019-02-20T06:51:53Z" finished-at="2019-02-20T07:04:23Z">
          <reporter-output>
          </reporter-output>
        </test-method> <!-- RQC_Bankruptcy_Dismiss_Txn_Testdata -->
        <test-method status="PASS" signature="getResult(org.testng.ITestResult)[pri:0, instance:tests.QCStore@20398b7c]" name="getResult" is-config="true" duration-ms="53" started-at="2019-02-20T07:04:23Z" finished-at="2019-02-20T07:04:23Z">
          <params>
            <param index="0">
              <value>
                <![CDATA[[TestResult name=RQC_Bankruptcy_Dismiss_Txn_Testdata status=SUCCESS method=QCStore.RQC_Bankruptcy_Dismiss_Txn_Testdata()[pri:3, instance:tests.QCStore@20398b7c] output={null}]]]>
              </value>
            </param>
          </params>
          <reporter-output>
          </reporter-output>
        </test-method> <!-- getResult -->
        <test-method status="PASS" signature="killProcess()[pri:0, instance:tests.QCStore@20398b7c]" name="killProcess" is-config="true" duration-ms="5002" started-at="2019-02-20T07:04:23Z" finished-at="2019-02-20T07:04:28Z">
          <reporter-output>
          </reporter-output>
        </test-method> <!-- killProcess -->
        <test-method status="PASS" signature="RQC_Default_Refinance_Txn_Testdata()[pri:4, instance:tests.QCStore@20398b7c]" name="RQC_Default_Refinance_Txn_Testdata" duration-ms="1812433" started-at="2019-02-20T07:04:28Z" finished-at="2019-02-20T07:34:41Z">
          <reporter-output>
          </reporter-output>
        </test-method> <!-- RQC_Default_Refinance_Txn_Testdata -->
        <test-method status="PASS" signature="getResult(org.testng.ITestResult)[pri:0, instance:tests.QCStore@20398b7c]" name="getResult" is-config="true" duration-ms="59" started-at="2019-02-20T07:34:41Z" finished-at="2019-02-20T07:34:41Z">
          <params>
            <param index="0">
              <value>
                <![CDATA[[TestResult name=RQC_Default_Refinance_Txn_Testdata status=SUCCESS method=QCStore.RQC_Default_Refinance_Txn_Testdata()[pri:4, instance:tests.QCStore@20398b7c] output={null}]]]>
              </value>
            </param>
          </params>
          <reporter-output>
          </reporter-output>
        </test-method> <!-- getResult -->
        <test-method status="PASS" signature="killProcess()[pri:0, instance:tests.QCStore@20398b7c]" name="killProcess" is-config="true" duration-ms="5002" started-at="2019-02-20T07:34:41Z" finished-at="2019-02-20T07:34:46Z">
          <reporter-output>
          </reporter-output>
        </test-method> <!-- killProcess -->
        <test-method status="PASS" signature="RQC_DefaultPayment_Txn_Testdata()[pri:5, instance:tests.QCStore@20398b7c]" name="RQC_DefaultPayment_Txn_Testdata" duration-ms="2053093" started-at="2019-02-20T07:34:46Z" finished-at="2019-02-20T08:08:59Z">
          <reporter-output>
          </reporter-output>
        </test-method> <!-- RQC_DefaultPayment_Txn_Testdata -->
        <test-method status="PASS" signature="getResult(org.testng.ITestResult)[pri:0, instance:tests.QCStore@20398b7c]" name="getResult" is-config="true" duration-ms="54" started-at="2019-02-20T08:08:59Z" finished-at="2019-02-20T08:08:59Z">
          <params>
            <param index="0">
              <value>
                <![CDATA[[TestResult name=RQC_DefaultPayment_Txn_Testdata status=SUCCESS method=QCStore.RQC_DefaultPayment_Txn_Testdata()[pri:5, instance:tests.QCStore@20398b7c] output={null}]]]>
              </value>
            </param>
          </params>
          <reporter-output>
          </reporter-output>
        </test-method> <!-- getResult -->
        <test-method status="PASS" signature="killProcess()[pri:0, instance:tests.QCStore@20398b7c]" name="killProcess" is-config="true" duration-ms="5001" started-at="2019-02-20T08:08:59Z" finished-at="2019-02-20T08:09:04Z">
          <reporter-output>
          </reporter-output>
        </test-method> <!-- killProcess -->
        <test-method status="PASS" signature="RQC_DefaultPayment_Void_Txn_Testdata()[pri:6, instance:tests.QCStore@20398b7c]" name="RQC_DefaultPayment_Void_Txn_Testdata" duration-ms="1933859" started-at="2019-02-20T08:09:04Z" finished-at="2019-02-20T08:41:18Z">
          <reporter-output>
          </reporter-output>
        </test-method> <!-- RQC_DefaultPayment_Void_Txn_Testdata -->
        <test-method status="PASS" signature="getResult(org.testng.ITestResult)[pri:0, instance:tests.QCStore@20398b7c]" name="getResult" is-config="true" duration-ms="53" started-at="2019-02-20T08:41:18Z" finished-at="2019-02-20T08:41:18Z">
          <params>
            <param index="0">
              <value>
                <![CDATA[[TestResult name=RQC_DefaultPayment_Void_Txn_Testdata status=SUCCESS method=QCStore.RQC_DefaultPayment_Void_Txn_Testdata()[pri:6, instance:tests.QCStore@20398b7c] output={null}]]]>
              </value>
            </param>
          </params>
          <reporter-output>
          </reporter-output>
        </test-method> <!-- getResult -->
        <test-method status="PASS" signature="killProcess()[pri:0, instance:tests.QCStore@20398b7c]" name="killProcess" is-config="true" duration-ms="5001" started-at="2019-02-20T08:41:18Z" finished-at="2019-02-20T08:41:23Z">
          <reporter-output>
          </reporter-output>
        </test-method> <!-- killProcess -->
        <test-method status="PASS" signature="RQC_WriteOffRecovery_Txn_Testdata()[pri:7, instance:tests.QCStore@20398b7c]" name="RQC_WriteOffRecovery_Txn_Testdata" duration-ms="1359387" started-at="2019-02-20T08:41:23Z" finished-at="2019-02-20T09:04:02Z">
          <reporter-output>
          </reporter-output>
        </test-method> <!-- RQC_WriteOffRecovery_Txn_Testdata -->
        <test-method status="PASS" signature="getResult(org.testng.ITestResult)[pri:0, instance:tests.QCStore@20398b7c]" name="getResult" is-config="true" duration-ms="59" started-at="2019-02-20T09:04:02Z" finished-at="2019-02-20T09:04:02Z">
          <params>
            <param index="0">
              <value>
                <![CDATA[[TestResult name=RQC_WriteOffRecovery_Txn_Testdata status=SUCCESS method=QCStore.RQC_WriteOffRecovery_Txn_Testdata()[pri:7, instance:tests.QCStore@20398b7c] output={null}]]]>
              </value>
            </param>
          </params>
          <reporter-output>
          </reporter-output>
        </test-method> <!-- getResult -->
        <test-method status="PASS" signature="killProcess()[pri:0, instance:tests.QCStore@20398b7c]" name="killProcess" is-config="true" duration-ms="5001" started-at="2019-02-20T09:04:02Z" finished-at="2019-02-20T09:04:07Z">
          <reporter-output>
          </reporter-output>
        </test-method> <!-- killProcess -->
        <test-method status="PASS" signature="RQC_WriteOffRecovery_Void_Txn_Testdata()[pri:8, instance:tests.QCStore@20398b7c]" name="RQC_WriteOffRecovery_Void_Txn_Testdata" duration-ms="1320015" started-at="2019-02-20T09:04:07Z" finished-at="2019-02-20T09:26:07Z">
          <reporter-output>
          </reporter-output>
        </test-method> <!-- RQC_WriteOffRecovery_Void_Txn_Testdata -->
        <test-method status="PASS" signature="getResult(org.testng.ITestResult)[pri:0, instance:tests.QCStore@20398b7c]" name="getResult" is-config="true" duration-ms="49" started-at="2019-02-20T09:26:07Z" finished-at="2019-02-20T09:26:07Z">
          <params>
            <param index="0">
              <value>
                <![CDATA[[TestResult name=RQC_WriteOffRecovery_Void_Txn_Testdata status=SUCCESS method=QCStore.RQC_WriteOffRecovery_Void_Txn_Testdata()[pri:8, instance:tests.QCStore@20398b7c] output={null}]]]>
              </value>
            </param>
          </params>
          <reporter-output>
          </reporter-output>
        </test-method> <!-- getResult -->
        <test-method status="PASS" signature="killProcess()[pri:0, instance:tests.QCStore@20398b7c]" name="killProcess" is-config="true" duration-ms="5001" started-at="2019-02-20T09:26:07Z" finished-at="2019-02-20T09:26:12Z">
          <reporter-output>
          </reporter-output>
        </test-method> <!-- killProcess -->
        <test-method status="PASS" signature="RQC_Default_TLPConversion_Txn_Testdata()[pri:9, instance:tests.QCStore@20398b7c]" name="RQC_Default_TLPConversion_Txn_Testdata" duration-ms="1980248" started-at="2019-02-20T09:26:12Z" finished-at="2019-02-20T09:59:12Z">
          <reporter-output>
          </reporter-output>
        </test-method> <!-- RQC_Default_TLPConversion_Txn_Testdata -->
        <test-method status="PASS" signature="getResult(org.testng.ITestResult)[pri:0, instance:tests.QCStore@20398b7c]" name="getResult" is-config="true" duration-ms="55" started-at="2019-02-20T09:59:12Z" finished-at="2019-02-20T09:59:13Z">
          <params>
            <param index="0">
              <value>
                <![CDATA[[TestResult name=RQC_Default_TLPConversion_Txn_Testdata status=SUCCESS method=QCStore.RQC_Default_TLPConversion_Txn_Testdata()[pri:9, instance:tests.QCStore@20398b7c] output={null}]]]>
              </value>
            </param>
          </params>
          <reporter-output>
          </reporter-output>
        </test-method> <!-- getResult -->
      </class> <!-- tests.QCStore -->
    </test> <!-- Default test -->
  </suite> <!-- Default suite -->
</testng-results>
