<?xml version="1.0" encoding="UTF-8"?>
<testng-results skipped="0" failed="0" ignored="54" total="55" passed="1">
  <reporter-output>
  </reporter-output>
  <suite name="Suite" duration-ms="665366" started-at="2019-03-26T13:00:12Z" finished-at="2019-03-26T13:11:18Z">
    <groups>
      <group name="Brahmith1">
        <method signature="QCStore.QC_Installmentpayment_Void_Txn()[pri:22, instance:tests.QCStore@5f9d02cb]" name="QC_Installmentpayment_Void_Txn" class="tests.QCStore"/>
      </group> <!-- Brahmith1 -->
    </groups>
    <test name="Test" duration-ms="665366" started-at="2019-03-26T13:00:12Z" finished-at="2019-03-26T13:11:18Z">
      <class name="tests.QCStore">
        <test-method status="PASS" signature="setup()[pri:0, instance:tests.QCStore@5f9d02cb]" name="setup" is-config="true" duration-ms="108" started-at="2019-03-26T13:00:12Z" finished-at="2019-03-26T13:00:13Z">
          <reporter-output>
          </reporter-output>
        </test-method> <!-- setup -->
        <test-method status="PASS" signature="killProcess()[pri:0, instance:tests.QCStore@5f9d02cb]" name="killProcess" is-config="true" duration-ms="5001" started-at="2019-03-26T13:00:13Z" finished-at="2019-03-26T13:00:18Z">
          <reporter-output>
          </reporter-output>
        </test-method> <!-- killProcess -->
        <test-method status="PASS" signature="QC_Installmentpayment_Void_Txn()[pri:22, instance:tests.QCStore@5f9d02cb]" name="QC_Installmentpayment_Void_Txn" duration-ms="659943" started-at="2019-03-26T13:00:18Z" finished-at="2019-03-26T13:11:17Z">
          <reporter-output>
          </reporter-output>
        </test-method> <!-- QC_Installmentpayment_Void_Txn -->
        <test-method status="PASS" signature="getResult(org.testng.ITestResult)[pri:0, instance:tests.QCStore@5f9d02cb]" name="getResult" is-config="true" duration-ms="293" started-at="2019-03-26T13:11:17Z" finished-at="2019-03-26T13:11:18Z">
          <params>
            <param index="0">
              <value>
                <![CDATA[[TestResult name=QC_Installmentpayment_Void_Txn status=SUCCESS method=QCStore.QC_Installmentpayment_Void_Txn()[pri:22, instance:tests.QCStore@5f9d02cb] output={null}]]]>
              </value>
            </param>
          </params>
          <reporter-output>
          </reporter-output>
        </test-method> <!-- getResult -->
        <test-method status="PASS" signature="endReport()[pri:0, instance:tests.QCStore@5f9d02cb]" name="endReport" is-config="true" duration-ms="0" started-at="2019-03-26T13:11:17Z" finished-at="2019-03-26T13:11:17Z">
          <reporter-output>
          </reporter-output>
        </test-method> <!-- endReport -->
      </class> <!-- tests.QCStore -->
    </test> <!-- Test -->
  </suite> <!-- Suite -->
</testng-results>
