<?xml version="1.0" encoding="UTF-8"?>
<testng-results skipped="0" failed="1" ignored="36" total="52" passed="15">
  <reporter-output>
  </reporter-output>
  <suite name="Suite" duration-ms="7846320" started-at="2019-05-08T07:44:57Z" finished-at="2019-05-08T09:55:43Z">
    <groups>
      <group name="Brahmith">
        <method signature="QCStore.QC_AgeStore_Void_Txn()[pri:54, instance:tests.QCStore@5f9d02cb]" name="QC_AgeStore_Void_Txn" class="tests.QCStore"/>
        <method signature="QCStore.QC_ILP_Buyback_Txn()[pri:16, instance:tests.QCStore@5f9d02cb]" name="QC_ILP_Buyback_Txn" class="tests.QCStore"/>
        <method signature="QCStore.QC_ILP_Buyback_Void_Txn()[pri:17, instance:tests.QCStore@5f9d02cb]" name="QC_ILP_Buyback_Void_Txn" class="tests.QCStore"/>
        <method signature="QCStore.QC_ILP_Deposit_Return_Txn()[pri:35, instance:tests.QCStore@5f9d02cb]" name="QC_ILP_Deposit_Return_Txn" class="tests.QCStore"/>
        <method signature="QCStore.QC_ILP_NewLoanInstallmentDeposit_Txn()[pri:55, instance:tests.QCStore@5f9d02cb]" name="QC_ILP_NewLoanInstallmentDeposit_Txn" class="tests.QCStore"/>
        <method signature="QCStore.QC_ILP_Return_Menu_Txn()[pri:31, instance:tests.QCStore@5f9d02cb]" name="QC_ILP_Return_Menu_Txn" class="tests.QCStore"/>
        <method signature="QCStore.QC_ILP_clear_Menu_Txn()[pri:32, instance:tests.QCStore@5f9d02cb]" name="QC_ILP_clear_Menu_Txn" class="tests.QCStore"/>
        <method signature="QCStore.QC_InstallPayment_Ref_Rescind_Txn()[pri:47, instance:tests.QCStore@5f9d02cb]" name="QC_InstallPayment_Ref_Rescind_Txn" class="tests.QCStore"/>
        <method signature="QCStore.QC_Installmentpayment_Txn()[pri:21, instance:tests.QCStore@5f9d02cb]" name="QC_Installmentpayment_Txn" class="tests.QCStore"/>
        <method signature="QCStore.QC_Installmentpayment_Void_Txn()[pri:22, instance:tests.QCStore@5f9d02cb]" name="QC_Installmentpayment_Void_Txn" class="tests.QCStore"/>
        <method signature="QCStore.QC_LessInterest_VoidFullPayment_Txn()[pri:51, instance:tests.QCStore@5f9d02cb]" name="QC_LessInterest_VoidFullPayment_Txn" class="tests.QCStore"/>
        <method signature="QCStore.QC_NewLoan_Promotion_Txn()[pri:4, instance:tests.QCStore@5f9d02cb]" name="QC_NewLoan_Promotion_Txn" class="tests.QCStore"/>
        <method signature="QCStore.QC_NewLoan_TLPConversion_Txn()[pri:53, instance:tests.QCStore@5f9d02cb]" name="QC_NewLoan_TLPConversion_Txn" class="tests.QCStore"/>
        <method signature="QCStore.QC_NewLoan_Void_Txn()[pri:7, instance:tests.QCStore@5f9d02cb]" name="QC_NewLoan_Void_Txn" class="tests.QCStore"/>
        <method signature="QCStore.QC_PayAnyotherAmount_Txn()[pri:23, instance:tests.QCStore@5f9d02cb]" name="QC_PayAnyotherAmount_Txn" class="tests.QCStore"/>
        <method signature="QCStore.QC_PayAnyotherAmount_Void_Txn()[pri:24, instance:tests.QCStore@5f9d02cb]" name="QC_PayAnyotherAmount_Void_Txn" class="tests.QCStore"/>
      </group> <!-- Brahmith -->
    </groups>
    <test name="Test" duration-ms="7846320" started-at="2019-05-08T07:44:57Z" finished-at="2019-05-08T09:55:43Z">
      <class name="tests.QCStore">
        <test-method status="PASS" signature="setup()[pri:0, instance:tests.QCStore@5f9d02cb]" name="setup" is-config="true" duration-ms="149" started-at="2019-05-08T07:44:57Z" finished-at="2019-05-08T07:44:57Z">
          <reporter-output>
          </reporter-output>
        </test-method> <!-- setup -->
        <test-method status="PASS" signature="killProcess()[pri:0, instance:tests.QCStore@5f9d02cb]" name="killProcess" is-config="true" duration-ms="5018" started-at="2019-05-08T07:44:57Z" finished-at="2019-05-08T07:45:02Z">
          <reporter-output>
          </reporter-output>
        </test-method> <!-- killProcess -->
        <test-method status="PASS" signature="QC_NewLoan_Promotion_Txn()[pri:4, instance:tests.QCStore@5f9d02cb]" name="QC_NewLoan_Promotion_Txn" duration-ms="221237" started-at="2019-05-08T07:45:02Z" finished-at="2019-05-08T07:48:43Z">
          <reporter-output>
          </reporter-output>
        </test-method> <!-- QC_NewLoan_Promotion_Txn -->
        <test-method status="PASS" signature="endReport()[pri:0, instance:tests.QCStore@5f9d02cb]" name="endReport" is-config="true" duration-ms="0" started-at="2019-05-08T07:48:43Z" finished-at="2019-05-08T07:48:43Z">
          <reporter-output>
          </reporter-output>
        </test-method> <!-- endReport -->
        <test-method status="PASS" signature="getResult(org.testng.ITestResult)[pri:0, instance:tests.QCStore@5f9d02cb]" name="getResult" is-config="true" duration-ms="255" started-at="2019-05-08T07:48:43Z" finished-at="2019-05-08T07:48:44Z">
          <params>
            <param index="0">
              <value>
                <![CDATA[[TestResult name=QC_NewLoan_Promotion_Txn status=SUCCESS method=QCStore.QC_NewLoan_Promotion_Txn()[pri:4, instance:tests.QCStore@5f9d02cb] output={null}]]]>
              </value>
            </param>
          </params>
          <reporter-output>
          </reporter-output>
        </test-method> <!-- getResult -->
        <test-method status="PASS" signature="killProcess()[pri:0, instance:tests.QCStore@5f9d02cb]" name="killProcess" is-config="true" duration-ms="5054" started-at="2019-05-08T07:48:44Z" finished-at="2019-05-08T07:48:49Z">
          <reporter-output>
          </reporter-output>
        </test-method> <!-- killProcess -->
        <test-method status="PASS" signature="QC_NewLoan_Void_Txn()[pri:7, instance:tests.QCStore@5f9d02cb]" name="QC_NewLoan_Void_Txn" duration-ms="209873" started-at="2019-05-08T07:48:49Z" finished-at="2019-05-08T07:52:18Z">
          <reporter-output>
          </reporter-output>
        </test-method> <!-- QC_NewLoan_Void_Txn -->
        <test-method status="PASS" signature="endReport()[pri:0, instance:tests.QCStore@5f9d02cb]" name="endReport" is-config="true" duration-ms="0" started-at="2019-05-08T07:52:18Z" finished-at="2019-05-08T07:52:18Z">
          <reporter-output>
          </reporter-output>
        </test-method> <!-- endReport -->
        <test-method status="PASS" signature="getResult(org.testng.ITestResult)[pri:0, instance:tests.QCStore@5f9d02cb]" name="getResult" is-config="true" duration-ms="58" started-at="2019-05-08T07:52:18Z" finished-at="2019-05-08T07:52:18Z">
          <params>
            <param index="0">
              <value>
                <![CDATA[[TestResult name=QC_NewLoan_Void_Txn status=SUCCESS method=QCStore.QC_NewLoan_Void_Txn()[pri:7, instance:tests.QCStore@5f9d02cb] output={null}]]]>
              </value>
            </param>
          </params>
          <reporter-output>
          </reporter-output>
        </test-method> <!-- getResult -->
        <test-method status="PASS" signature="killProcess()[pri:0, instance:tests.QCStore@5f9d02cb]" name="killProcess" is-config="true" duration-ms="5021" started-at="2019-05-08T07:52:18Z" finished-at="2019-05-08T07:52:24Z">
          <reporter-output>
          </reporter-output>
        </test-method> <!-- killProcess -->
        <test-method status="PASS" signature="QC_ILP_Buyback_Txn()[pri:16, instance:tests.QCStore@5f9d02cb]" name="QC_ILP_Buyback_Txn" duration-ms="259183" started-at="2019-05-08T07:52:24Z" finished-at="2019-05-08T07:56:43Z">
          <reporter-output>
          </reporter-output>
        </test-method> <!-- QC_ILP_Buyback_Txn -->
        <test-method status="PASS" signature="getResult(org.testng.ITestResult)[pri:0, instance:tests.QCStore@5f9d02cb]" name="getResult" is-config="true" duration-ms="43" started-at="2019-05-08T07:56:43Z" finished-at="2019-05-08T07:56:43Z">
          <params>
            <param index="0">
              <value>
                <![CDATA[[TestResult name=QC_ILP_Buyback_Txn status=SUCCESS method=QCStore.QC_ILP_Buyback_Txn()[pri:16, instance:tests.QCStore@5f9d02cb] output={null}]]]>
              </value>
            </param>
          </params>
          <reporter-output>
          </reporter-output>
        </test-method> <!-- getResult -->
        <test-method status="PASS" signature="endReport()[pri:0, instance:tests.QCStore@5f9d02cb]" name="endReport" is-config="true" duration-ms="0" started-at="2019-05-08T07:56:43Z" finished-at="2019-05-08T07:56:43Z">
          <reporter-output>
          </reporter-output>
        </test-method> <!-- endReport -->
        <test-method status="PASS" signature="killProcess()[pri:0, instance:tests.QCStore@5f9d02cb]" name="killProcess" is-config="true" duration-ms="5020" started-at="2019-05-08T07:56:43Z" finished-at="2019-05-08T07:56:48Z">
          <reporter-output>
          </reporter-output>
        </test-method> <!-- killProcess -->
        <test-method status="PASS" signature="QC_ILP_Buyback_Void_Txn()[pri:17, instance:tests.QCStore@5f9d02cb]" name="QC_ILP_Buyback_Void_Txn" duration-ms="416143" started-at="2019-05-08T07:56:48Z" finished-at="2019-05-08T08:03:44Z">
          <reporter-output>
          </reporter-output>
        </test-method> <!-- QC_ILP_Buyback_Void_Txn -->
        <test-method status="PASS" signature="endReport()[pri:0, instance:tests.QCStore@5f9d02cb]" name="endReport" is-config="true" duration-ms="0" started-at="2019-05-08T08:03:44Z" finished-at="2019-05-08T08:03:44Z">
          <reporter-output>
          </reporter-output>
        </test-method> <!-- endReport -->
        <test-method status="PASS" signature="getResult(org.testng.ITestResult)[pri:0, instance:tests.QCStore@5f9d02cb]" name="getResult" is-config="true" duration-ms="31" started-at="2019-05-08T08:03:44Z" finished-at="2019-05-08T08:03:44Z">
          <params>
            <param index="0">
              <value>
                <![CDATA[[TestResult name=QC_ILP_Buyback_Void_Txn status=SUCCESS method=QCStore.QC_ILP_Buyback_Void_Txn()[pri:17, instance:tests.QCStore@5f9d02cb] output={null}]]]>
              </value>
            </param>
          </params>
          <reporter-output>
          </reporter-output>
        </test-method> <!-- getResult -->
        <test-method status="PASS" signature="killProcess()[pri:0, instance:tests.QCStore@5f9d02cb]" name="killProcess" is-config="true" duration-ms="5037" started-at="2019-05-08T08:03:44Z" finished-at="2019-05-08T08:03:49Z">
          <reporter-output>
          </reporter-output>
        </test-method> <!-- killProcess -->
        <test-method status="PASS" signature="QC_Installmentpayment_Txn()[pri:21, instance:tests.QCStore@5f9d02cb]" name="QC_Installmentpayment_Txn" duration-ms="299430" started-at="2019-05-08T08:03:49Z" finished-at="2019-05-08T08:08:48Z">
          <reporter-output>
          </reporter-output>
        </test-method> <!-- QC_Installmentpayment_Txn -->
        <test-method status="PASS" signature="endReport()[pri:0, instance:tests.QCStore@5f9d02cb]" name="endReport" is-config="true" duration-ms="0" started-at="2019-05-08T08:08:48Z" finished-at="2019-05-08T08:08:48Z">
          <reporter-output>
          </reporter-output>
        </test-method> <!-- endReport -->
        <test-method status="PASS" signature="getResult(org.testng.ITestResult)[pri:0, instance:tests.QCStore@5f9d02cb]" name="getResult" is-config="true" duration-ms="47" started-at="2019-05-08T08:08:48Z" finished-at="2019-05-08T08:08:48Z">
          <params>
            <param index="0">
              <value>
                <![CDATA[[TestResult name=QC_Installmentpayment_Txn status=SUCCESS method=QCStore.QC_Installmentpayment_Txn()[pri:21, instance:tests.QCStore@5f9d02cb] output={null}]]]>
              </value>
            </param>
          </params>
          <reporter-output>
          </reporter-output>
        </test-method> <!-- getResult -->
        <test-method status="PASS" signature="killProcess()[pri:0, instance:tests.QCStore@5f9d02cb]" name="killProcess" is-config="true" duration-ms="5013" started-at="2019-05-08T08:08:48Z" finished-at="2019-05-08T08:08:53Z">
          <reporter-output>
          </reporter-output>
        </test-method> <!-- killProcess -->
        <test-method status="PASS" signature="QC_Installmentpayment_Void_Txn()[pri:22, instance:tests.QCStore@5f9d02cb]" name="QC_Installmentpayment_Void_Txn" duration-ms="415485" started-at="2019-05-08T08:08:53Z" finished-at="2019-05-08T08:15:49Z">
          <reporter-output>
          </reporter-output>
        </test-method> <!-- QC_Installmentpayment_Void_Txn -->
        <test-method status="PASS" signature="getResult(org.testng.ITestResult)[pri:0, instance:tests.QCStore@5f9d02cb]" name="getResult" is-config="true" duration-ms="47" started-at="2019-05-08T08:15:49Z" finished-at="2019-05-08T08:15:49Z">
          <params>
            <param index="0">
              <value>
                <![CDATA[[TestResult name=QC_Installmentpayment_Void_Txn status=SUCCESS method=QCStore.QC_Installmentpayment_Void_Txn()[pri:22, instance:tests.QCStore@5f9d02cb] output={null}]]]>
              </value>
            </param>
          </params>
          <reporter-output>
          </reporter-output>
        </test-method> <!-- getResult -->
        <test-method status="PASS" signature="endReport()[pri:0, instance:tests.QCStore@5f9d02cb]" name="endReport" is-config="true" duration-ms="0" started-at="2019-05-08T08:15:49Z" finished-at="2019-05-08T08:15:49Z">
          <reporter-output>
          </reporter-output>
        </test-method> <!-- endReport -->
        <test-method status="PASS" signature="killProcess()[pri:0, instance:tests.QCStore@5f9d02cb]" name="killProcess" is-config="true" duration-ms="5019" started-at="2019-05-08T08:15:49Z" finished-at="2019-05-08T08:15:54Z">
          <reporter-output>
          </reporter-output>
        </test-method> <!-- killProcess -->
        <test-method status="PASS" signature="QC_PayAnyotherAmount_Txn()[pri:23, instance:tests.QCStore@5f9d02cb]" name="QC_PayAnyotherAmount_Txn" duration-ms="272644" started-at="2019-05-08T08:15:54Z" finished-at="2019-05-08T08:20:27Z">
          <reporter-output>
          </reporter-output>
        </test-method> <!-- QC_PayAnyotherAmount_Txn -->
        <test-method status="PASS" signature="endReport()[pri:0, instance:tests.QCStore@5f9d02cb]" name="endReport" is-config="true" duration-ms="0" started-at="2019-05-08T08:20:27Z" finished-at="2019-05-08T08:20:27Z">
          <reporter-output>
          </reporter-output>
        </test-method> <!-- endReport -->
        <test-method status="PASS" signature="getResult(org.testng.ITestResult)[pri:0, instance:tests.QCStore@5f9d02cb]" name="getResult" is-config="true" duration-ms="38" started-at="2019-05-08T08:20:27Z" finished-at="2019-05-08T08:20:27Z">
          <params>
            <param index="0">
              <value>
                <![CDATA[[TestResult name=QC_PayAnyotherAmount_Txn status=SUCCESS method=QCStore.QC_PayAnyotherAmount_Txn()[pri:23, instance:tests.QCStore@5f9d02cb] output={null}]]]>
              </value>
            </param>
          </params>
          <reporter-output>
          </reporter-output>
        </test-method> <!-- getResult -->
        <test-method status="PASS" signature="killProcess()[pri:0, instance:tests.QCStore@5f9d02cb]" name="killProcess" is-config="true" duration-ms="5022" started-at="2019-05-08T08:20:27Z" finished-at="2019-05-08T08:20:32Z">
          <reporter-output>
          </reporter-output>
        </test-method> <!-- killProcess -->
        <test-method status="PASS" signature="QC_PayAnyotherAmount_Void_Txn()[pri:24, instance:tests.QCStore@5f9d02cb]" name="QC_PayAnyotherAmount_Void_Txn" duration-ms="346787" started-at="2019-05-08T08:20:32Z" finished-at="2019-05-08T08:26:19Z">
          <reporter-output>
          </reporter-output>
        </test-method> <!-- QC_PayAnyotherAmount_Void_Txn -->
        <test-method status="PASS" signature="endReport()[pri:0, instance:tests.QCStore@5f9d02cb]" name="endReport" is-config="true" duration-ms="0" started-at="2019-05-08T08:26:19Z" finished-at="2019-05-08T08:26:19Z">
          <reporter-output>
          </reporter-output>
        </test-method> <!-- endReport -->
        <test-method status="PASS" signature="getResult(org.testng.ITestResult)[pri:0, instance:tests.QCStore@5f9d02cb]" name="getResult" is-config="true" duration-ms="34" started-at="2019-05-08T08:26:19Z" finished-at="2019-05-08T08:26:19Z">
          <params>
            <param index="0">
              <value>
                <![CDATA[[TestResult name=QC_PayAnyotherAmount_Void_Txn status=SUCCESS method=QCStore.QC_PayAnyotherAmount_Void_Txn()[pri:24, instance:tests.QCStore@5f9d02cb] output={null}]]]>
              </value>
            </param>
          </params>
          <reporter-output>
          </reporter-output>
        </test-method> <!-- getResult -->
        <test-method status="PASS" signature="killProcess()[pri:0, instance:tests.QCStore@5f9d02cb]" name="killProcess" is-config="true" duration-ms="5011" started-at="2019-05-08T08:26:19Z" finished-at="2019-05-08T08:26:24Z">
          <reporter-output>
          </reporter-output>
        </test-method> <!-- killProcess -->
        <test-method status="PASS" signature="QC_ILP_Return_Menu_Txn()[pri:31, instance:tests.QCStore@5f9d02cb]" name="QC_ILP_Return_Menu_Txn" duration-ms="419858" started-at="2019-05-08T08:26:24Z" finished-at="2019-05-08T08:33:23Z">
          <reporter-output>
          </reporter-output>
        </test-method> <!-- QC_ILP_Return_Menu_Txn -->
        <test-method status="PASS" signature="endReport()[pri:0, instance:tests.QCStore@5f9d02cb]" name="endReport" is-config="true" duration-ms="1" started-at="2019-05-08T08:33:23Z" finished-at="2019-05-08T08:33:23Z">
          <reporter-output>
          </reporter-output>
        </test-method> <!-- endReport -->
        <test-method status="PASS" signature="getResult(org.testng.ITestResult)[pri:0, instance:tests.QCStore@5f9d02cb]" name="getResult" is-config="true" duration-ms="33" started-at="2019-05-08T08:33:23Z" finished-at="2019-05-08T08:33:23Z">
          <params>
            <param index="0">
              <value>
                <![CDATA[[TestResult name=QC_ILP_Return_Menu_Txn status=SUCCESS method=QCStore.QC_ILP_Return_Menu_Txn()[pri:31, instance:tests.QCStore@5f9d02cb] output={null}]]]>
              </value>
            </param>
          </params>
          <reporter-output>
          </reporter-output>
        </test-method> <!-- getResult -->
        <test-method status="PASS" signature="killProcess()[pri:0, instance:tests.QCStore@5f9d02cb]" name="killProcess" is-config="true" duration-ms="5015" started-at="2019-05-08T08:33:23Z" finished-at="2019-05-08T08:33:28Z">
          <reporter-output>
          </reporter-output>
        </test-method> <!-- killProcess -->
        <test-method status="PASS" signature="QC_ILP_clear_Menu_Txn()[pri:32, instance:tests.QCStore@5f9d02cb]" name="QC_ILP_clear_Menu_Txn" duration-ms="449205" started-at="2019-05-08T08:33:28Z" finished-at="2019-05-08T08:40:58Z">
          <reporter-output>
          </reporter-output>
        </test-method> <!-- QC_ILP_clear_Menu_Txn -->
        <test-method status="PASS" signature="getResult(org.testng.ITestResult)[pri:0, instance:tests.QCStore@5f9d02cb]" name="getResult" is-config="true" duration-ms="44" started-at="2019-05-08T08:40:58Z" finished-at="2019-05-08T08:40:58Z">
          <params>
            <param index="0">
              <value>
                <![CDATA[[TestResult name=QC_ILP_clear_Menu_Txn status=SUCCESS method=QCStore.QC_ILP_clear_Menu_Txn()[pri:32, instance:tests.QCStore@5f9d02cb] output={null}]]]>
              </value>
            </param>
          </params>
          <reporter-output>
          </reporter-output>
        </test-method> <!-- getResult -->
        <test-method status="PASS" signature="endReport()[pri:0, instance:tests.QCStore@5f9d02cb]" name="endReport" is-config="true" duration-ms="0" started-at="2019-05-08T08:40:58Z" finished-at="2019-05-08T08:40:58Z">
          <reporter-output>
          </reporter-output>
        </test-method> <!-- endReport -->
        <test-method status="PASS" signature="killProcess()[pri:0, instance:tests.QCStore@5f9d02cb]" name="killProcess" is-config="true" duration-ms="5011" started-at="2019-05-08T08:40:58Z" finished-at="2019-05-08T08:41:03Z">
          <reporter-output>
          </reporter-output>
        </test-method> <!-- killProcess -->
        <test-method status="PASS" signature="QC_ILP_Deposit_Return_Txn()[pri:35, instance:tests.QCStore@5f9d02cb]" name="QC_ILP_Deposit_Return_Txn" duration-ms="347913" started-at="2019-05-08T08:41:03Z" finished-at="2019-05-08T08:46:51Z">
          <reporter-output>
          </reporter-output>
        </test-method> <!-- QC_ILP_Deposit_Return_Txn -->
        <test-method status="PASS" signature="endReport()[pri:0, instance:tests.QCStore@5f9d02cb]" name="endReport" is-config="true" duration-ms="1" started-at="2019-05-08T08:46:51Z" finished-at="2019-05-08T08:46:51Z">
          <reporter-output>
          </reporter-output>
        </test-method> <!-- endReport -->
        <test-method status="PASS" signature="getResult(org.testng.ITestResult)[pri:0, instance:tests.QCStore@5f9d02cb]" name="getResult" is-config="true" duration-ms="37" started-at="2019-05-08T08:46:51Z" finished-at="2019-05-08T08:46:51Z">
          <params>
            <param index="0">
              <value>
                <![CDATA[[TestResult name=QC_ILP_Deposit_Return_Txn status=SUCCESS method=QCStore.QC_ILP_Deposit_Return_Txn()[pri:35, instance:tests.QCStore@5f9d02cb] output={null}]]]>
              </value>
            </param>
          </params>
          <reporter-output>
          </reporter-output>
        </test-method> <!-- getResult -->
        <test-method status="PASS" signature="killProcess()[pri:0, instance:tests.QCStore@5f9d02cb]" name="killProcess" is-config="true" duration-ms="5017" started-at="2019-05-08T08:46:51Z" finished-at="2019-05-08T08:46:56Z">
          <reporter-output>
          </reporter-output>
        </test-method> <!-- killProcess -->
        <test-method status="FAIL" signature="QC_InstallPayment_Ref_Rescind_Txn()[pri:47, instance:tests.QCStore@5f9d02cb]" name="QC_InstallPayment_Ref_Rescind_Txn" duration-ms="347341" started-at="2019-05-08T08:46:56Z" finished-at="2019-05-08T08:52:43Z">
          <exception class="junit.framework.AssertionFailedError">
            <full-stacktrace>
              <![CDATA[junit.framework.AssertionFailedError
at junit.framework.Assert.fail(Assert.java:47)
at junit.framework.Assert.assertTrue(Assert.java:20)
at junit.framework.Assert.assertTrue(Assert.java:27)
at tests.QCRefinanceprocess.Refinance(QCRefinanceprocess.java:362)
at tests.QCStore.QC_InstallPayment_Ref_Rescind_Txn(QCStore.java:917)
at sun.reflect.NativeMethodAccessorImpl.invoke0(Native Method)
at sun.reflect.NativeMethodAccessorImpl.invoke(Unknown Source)
at sun.reflect.DelegatingMethodAccessorImpl.invoke(Unknown Source)
at java.lang.reflect.Method.invoke(Unknown Source)
at org.testng.internal.MethodInvocationHelper.invokeMethod(MethodInvocationHelper.java:124)
at org.testng.internal.Invoker.invokeMethod(Invoker.java:583)
at org.testng.internal.Invoker.invokeTestMethod(Invoker.java:719)
at org.testng.internal.Invoker.invokeTestMethods(Invoker.java:989)
at org.testng.internal.TestMethodWorker.invokeTestMethods(TestMethodWorker.java:125)
at org.testng.internal.TestMethodWorker.run(TestMethodWorker.java:109)
at org.testng.TestRunner.privateRun(TestRunner.java:648)
at org.testng.TestRunner.run(TestRunner.java:505)
at org.testng.SuiteRunner.runTest(SuiteRunner.java:455)
at org.testng.SuiteRunner.runSequentially(SuiteRunner.java:450)
at org.testng.SuiteRunner.privateRun(SuiteRunner.java:415)
at org.testng.SuiteRunner.run(SuiteRunner.java:364)
at org.testng.SuiteRunnerWorker.runSuite(SuiteRunnerWorker.java:52)
at org.testng.SuiteRunnerWorker.run(SuiteRunnerWorker.java:84)
at org.testng.TestNG.runSuitesSequentially(TestNG.java:1208)
at org.testng.TestNG.runSuitesLocally(TestNG.java:1137)
at org.testng.TestNG.runSuites(TestNG.java:1049)
at org.testng.TestNG.run(TestNG.java:1017)
at org.testng.remote.AbstractRemoteTestNG.run(AbstractRemoteTestNG.java:114)
at org.testng.remote.RemoteTestNG.initAndRun(RemoteTestNG.java:251)
at org.testng.remote.RemoteTestNG.main(RemoteTestNG.java:77)
]]>
            </full-stacktrace>
          </exception> <!-- junit.framework.AssertionFailedError -->
          <reporter-output>
          </reporter-output>
        </test-method> <!-- QC_InstallPayment_Ref_Rescind_Txn -->
        <test-method status="PASS" signature="endReport()[pri:0, instance:tests.QCStore@5f9d02cb]" name="endReport" is-config="true" duration-ms="0" started-at="2019-05-08T08:52:43Z" finished-at="2019-05-08T08:52:43Z">
          <reporter-output>
          </reporter-output>
        </test-method> <!-- endReport -->
        <test-method status="PASS" signature="getResult(org.testng.ITestResult)[pri:0, instance:tests.QCStore@5f9d02cb]" name="getResult" is-config="true" duration-ms="743" started-at="2019-05-08T08:52:43Z" finished-at="2019-05-08T08:52:44Z">
          <params>
            <param index="0">
              <value>
                <![CDATA[[TestResult name=QC_InstallPayment_Ref_Rescind_Txn status=FAILURE method=QCStore.QC_InstallPayment_Ref_Rescind_Txn()[pri:47, instance:tests.QCStore@5f9d02cb] output={null}]]]>
              </value>
            </param>
          </params>
          <reporter-output>
          </reporter-output>
        </test-method> <!-- getResult -->
        <test-method status="PASS" signature="killProcess()[pri:0, instance:tests.QCStore@5f9d02cb]" name="killProcess" is-config="true" duration-ms="5017" started-at="2019-05-08T08:52:44Z" finished-at="2019-05-08T08:52:49Z">
          <reporter-output>
          </reporter-output>
        </test-method> <!-- killProcess -->
        <test-method status="PASS" signature="QC_LessInterest_VoidFullPayment_Txn()[pri:51, instance:tests.QCStore@5f9d02cb]" name="QC_LessInterest_VoidFullPayment_Txn" duration-ms="481826" started-at="2019-05-08T08:52:49Z" finished-at="2019-05-08T09:00:51Z">
          <reporter-output>
          </reporter-output>
        </test-method> <!-- QC_LessInterest_VoidFullPayment_Txn -->
        <test-method status="PASS" signature="endReport()[pri:0, instance:tests.QCStore@5f9d02cb]" name="endReport" is-config="true" duration-ms="0" started-at="2019-05-08T09:00:51Z" finished-at="2019-05-08T09:00:51Z">
          <reporter-output>
          </reporter-output>
        </test-method> <!-- endReport -->
        <test-method status="PASS" signature="getResult(org.testng.ITestResult)[pri:0, instance:tests.QCStore@5f9d02cb]" name="getResult" is-config="true" duration-ms="40" started-at="2019-05-08T09:00:51Z" finished-at="2019-05-08T09:00:51Z">
          <params>
            <param index="0">
              <value>
                <![CDATA[[TestResult name=QC_LessInterest_VoidFullPayment_Txn status=SUCCESS method=QCStore.QC_LessInterest_VoidFullPayment_Txn()[pri:51, instance:tests.QCStore@5f9d02cb] output={null}]]]>
              </value>
            </param>
          </params>
          <reporter-output>
          </reporter-output>
        </test-method> <!-- getResult -->
        <test-method status="PASS" signature="killProcess()[pri:0, instance:tests.QCStore@5f9d02cb]" name="killProcess" is-config="true" duration-ms="5020" started-at="2019-05-08T09:00:51Z" finished-at="2019-05-08T09:00:56Z">
          <reporter-output>
          </reporter-output>
        </test-method> <!-- killProcess -->
        <test-method status="PASS" signature="QC_NewLoan_TLPConversion_Txn()[pri:53, instance:tests.QCStore@5f9d02cb]" name="QC_NewLoan_TLPConversion_Txn" duration-ms="324643" started-at="2019-05-08T09:00:56Z" finished-at="2019-05-08T09:06:20Z">
          <reporter-output>
          </reporter-output>
        </test-method> <!-- QC_NewLoan_TLPConversion_Txn -->
        <test-method status="PASS" signature="getResult(org.testng.ITestResult)[pri:0, instance:tests.QCStore@5f9d02cb]" name="getResult" is-config="true" duration-ms="629" started-at="2019-05-08T09:06:20Z" finished-at="2019-05-08T09:06:21Z">
          <params>
            <param index="0">
              <value>
                <![CDATA[[TestResult name=QC_NewLoan_TLPConversion_Txn status=SUCCESS method=QCStore.QC_NewLoan_TLPConversion_Txn()[pri:53, instance:tests.QCStore@5f9d02cb] output={null}]]]>
              </value>
            </param>
          </params>
          <reporter-output>
          </reporter-output>
        </test-method> <!-- getResult -->
        <test-method status="PASS" signature="endReport()[pri:0, instance:tests.QCStore@5f9d02cb]" name="endReport" is-config="true" duration-ms="0" started-at="2019-05-08T09:06:20Z" finished-at="2019-05-08T09:06:20Z">
          <reporter-output>
          </reporter-output>
        </test-method> <!-- endReport -->
        <test-method status="PASS" signature="killProcess()[pri:0, instance:tests.QCStore@5f9d02cb]" name="killProcess" is-config="true" duration-ms="5021" started-at="2019-05-08T09:06:21Z" finished-at="2019-05-08T09:06:26Z">
          <reporter-output>
          </reporter-output>
        </test-method> <!-- killProcess -->
        <test-method status="PASS" signature="QC_AgeStore_Void_Txn()[pri:54, instance:tests.QCStore@5f9d02cb]" name="QC_AgeStore_Void_Txn" duration-ms="380732" started-at="2019-05-08T09:06:26Z" finished-at="2019-05-08T09:12:47Z">
          <reporter-output>
          </reporter-output>
        </test-method> <!-- QC_AgeStore_Void_Txn -->
        <test-method status="PASS" signature="endReport()[pri:0, instance:tests.QCStore@5f9d02cb]" name="endReport" is-config="true" duration-ms="0" started-at="2019-05-08T09:12:47Z" finished-at="2019-05-08T09:12:47Z">
          <reporter-output>
          </reporter-output>
        </test-method> <!-- endReport -->
        <test-method status="PASS" signature="getResult(org.testng.ITestResult)[pri:0, instance:tests.QCStore@5f9d02cb]" name="getResult" is-config="true" duration-ms="60" started-at="2019-05-08T09:12:47Z" finished-at="2019-05-08T09:12:47Z">
          <params>
            <param index="0">
              <value>
                <![CDATA[[TestResult name=QC_AgeStore_Void_Txn status=SUCCESS method=QCStore.QC_AgeStore_Void_Txn()[pri:54, instance:tests.QCStore@5f9d02cb] output={null}]]]>
              </value>
            </param>
          </params>
          <reporter-output>
          </reporter-output>
        </test-method> <!-- getResult -->
        <test-method status="PASS" signature="killProcess()[pri:0, instance:tests.QCStore@5f9d02cb]" name="killProcess" is-config="true" duration-ms="5184" started-at="2019-05-08T09:12:47Z" finished-at="2019-05-08T09:12:52Z">
          <reporter-output>
          </reporter-output>
        </test-method> <!-- killProcess -->
        <test-method status="PASS" signature="QC_ILP_NewLoanInstallmentDeposit_Txn()[pri:55, instance:tests.QCStore@5f9d02cb]" name="QC_ILP_NewLoanInstallmentDeposit_Txn" duration-ms="2571115" started-at="2019-05-08T09:12:52Z" finished-at="2019-05-08T09:55:43Z">
          <reporter-output>
          </reporter-output>
        </test-method> <!-- QC_ILP_NewLoanInstallmentDeposit_Txn -->
        <test-method status="PASS" signature="getResult(org.testng.ITestResult)[pri:0, instance:tests.QCStore@5f9d02cb]" name="getResult" is-config="true" duration-ms="70" started-at="2019-05-08T09:55:43Z" finished-at="2019-05-08T09:55:43Z">
          <params>
            <param index="0">
              <value>
                <![CDATA[[TestResult name=QC_ILP_NewLoanInstallmentDeposit_Txn status=SUCCESS method=QCStore.QC_ILP_NewLoanInstallmentDeposit_Txn()[pri:55, instance:tests.QCStore@5f9d02cb] output={null}]]]>
              </value>
            </param>
          </params>
          <reporter-output>
          </reporter-output>
        </test-method> <!-- getResult -->
        <test-method status="PASS" signature="endReport()[pri:0, instance:tests.QCStore@5f9d02cb]" name="endReport" is-config="true" duration-ms="0" started-at="2019-05-08T09:55:43Z" finished-at="2019-05-08T09:55:43Z">
          <reporter-output>
          </reporter-output>
        </test-method> <!-- endReport -->
      </class> <!-- tests.QCStore -->
    </test> <!-- Test -->
  </suite> <!-- Suite -->
</testng-results>
