<?xml version="1.0" encoding="UTF-8"?>
<testng-results skipped="0" failed="0" ignored="50" total="51" passed="1">
  <reporter-output>
  </reporter-output>
  <suite name="Suite" duration-ms="107471" started-at="2019-03-15T12:47:40Z" finished-at="2019-03-15T12:49:27Z">
    <groups>
      <group name="Brahmith1">
        <method signature="QCStore.QC_ILP_Refinanace_Txn()[pri:17, instance:tests.QCStore@5f9d02cb]" name="QC_ILP_Refinanace_Txn" class="tests.QCStore"/>
      </group> <!-- Brahmith1 -->
    </groups>
    <test name="Test" duration-ms="107471" started-at="2019-03-15T12:47:40Z" finished-at="2019-03-15T12:49:27Z">
      <class name="tests.QCStore">
        <test-method status="PASS" signature="setup()[pri:0, instance:tests.QCStore@5f9d02cb]" name="setup" is-config="true" duration-ms="100" started-at="2019-03-15T12:47:40Z" finished-at="2019-03-15T12:47:40Z">
          <reporter-output>
          </reporter-output>
        </test-method> <!-- setup -->
        <test-method status="PASS" signature="killProcess()[pri:0, instance:tests.QCStore@5f9d02cb]" name="killProcess" is-config="true" duration-ms="5011" started-at="2019-03-15T12:47:40Z" finished-at="2019-03-15T12:47:45Z">
          <reporter-output>
          </reporter-output>
        </test-method> <!-- killProcess -->
        <test-method status="PASS" signature="QC_ILP_Refinanace_Txn()[pri:17, instance:tests.QCStore@5f9d02cb]" name="QC_ILP_Refinanace_Txn" duration-ms="101588" started-at="2019-03-15T12:47:45Z" finished-at="2019-03-15T12:49:27Z">
          <reporter-output>
          </reporter-output>
        </test-method> <!-- QC_ILP_Refinanace_Txn -->
        <test-method status="PASS" signature="endReport()[pri:0, instance:tests.QCStore@5f9d02cb]" name="endReport" is-config="true" duration-ms="0" started-at="2019-03-15T12:49:27Z" finished-at="2019-03-15T12:49:27Z">
          <reporter-output>
          </reporter-output>
        </test-method> <!-- endReport -->
        <test-method status="PASS" signature="getResult(org.testng.ITestResult)[pri:0, instance:tests.QCStore@5f9d02cb]" name="getResult" is-config="true" duration-ms="756" started-at="2019-03-15T12:49:27Z" finished-at="2019-03-15T12:49:27Z">
          <params>
            <param index="0">
              <value>
                <![CDATA[[TestResult name=QC_ILP_Refinanace_Txn status=SUCCESS method=QCStore.QC_ILP_Refinanace_Txn()[pri:17, instance:tests.QCStore@5f9d02cb] output={null}]]]>
              </value>
            </param>
          </params>
          <reporter-output>
          </reporter-output>
        </test-method> <!-- getResult -->
      </class> <!-- tests.QCStore -->
    </test> <!-- Test -->
  </suite> <!-- Suite -->
</testng-results>
