<?xml version="1.0" encoding="UTF-8"?>
<testng-results skipped="0" failed="0" ignored="38" total="46" passed="8">
  <reporter-output>
  </reporter-output>
  <suite name="Suite" duration-ms="2608551" started-at="2019-05-04T16:43:35Z" finished-at="2019-05-04T17:27:04Z">
    <groups>
      <group name="Janaki">
        <method signature="QCStore.JQC_ILP_Deceased_Txn()[pri:6, instance:tests.QCStore@5f9d02cb]" name="JQC_ILP_Deceased_Txn" class="tests.QCStore"/>
        <method signature="QCStore.JQC_ILP_Deposit_Menu_Txn()[pri:0, instance:tests.QCStore@5f9d02cb]" name="JQC_ILP_Deposit_Menu_Txn" class="tests.QCStore"/>
        <method signature="QCStore.JQC_ILP_Deposit_MidDay_Txn()[pri:4, instance:tests.QCStore@5f9d02cb]" name="JQC_ILP_Deposit_MidDay_Txn" class="tests.QCStore"/>
        <method signature="QCStore.JQC_ILP_Deposit_dropdown_Txn()[pri:1, instance:tests.QCStore@5f9d02cb]" name="JQC_ILP_Deposit_dropdown_Txn" class="tests.QCStore"/>
        <method signature="QCStore.JQC_ILP_GraceDays_Deposit_Menu_Txn()[pri:2, instance:tests.QCStore@5f9d02cb]" name="JQC_ILP_GraceDays_Deposit_Menu_Txn" class="tests.QCStore"/>
        <method signature="QCStore.JQC_ILP_GraceDays_Deposit_MidDay_Txn()[pri:3, instance:tests.QCStore@5f9d02cb]" name="JQC_ILP_GraceDays_Deposit_MidDay_Txn" class="tests.QCStore"/>
        <method signature="QCStore.JQC_ILP_GraceDays_Deposit_dropdown_Txn()[pri:5, instance:tests.QCStore@5f9d02cb]" name="JQC_ILP_GraceDays_Deposit_dropdown_Txn" class="tests.QCStore"/>
        <method signature="QCStore.JQC_ILP_SignaturLoan_Default_Txn()[pri:7, instance:tests.QCStore@5f9d02cb]" name="JQC_ILP_SignaturLoan_Default_Txn" class="tests.QCStore"/>
      </group> <!-- Janaki -->
    </groups>
    <test name="Test" duration-ms="2608551" started-at="2019-05-04T16:43:35Z" finished-at="2019-05-04T17:27:04Z">
      <class name="tests.QCStore">
        <test-method status="PASS" signature="setup()[pri:0, instance:tests.QCStore@5f9d02cb]" name="setup" is-config="true" duration-ms="86" started-at="2019-05-04T16:43:35Z" finished-at="2019-05-04T16:43:35Z">
          <reporter-output>
          </reporter-output>
        </test-method> <!-- setup -->
        <test-method status="PASS" signature="killProcess()[pri:0, instance:tests.QCStore@5f9d02cb]" name="killProcess" is-config="true" duration-ms="5000" started-at="2019-05-04T16:43:35Z" finished-at="2019-05-04T16:43:40Z">
          <reporter-output>
          </reporter-output>
        </test-method> <!-- killProcess -->
        <test-method status="PASS" signature="JQC_ILP_Deposit_Menu_Txn()[pri:0, instance:tests.QCStore@5f9d02cb]" name="JQC_ILP_Deposit_Menu_Txn" duration-ms="279962" started-at="2019-05-04T16:43:40Z" finished-at="2019-05-04T16:48:20Z">
          <reporter-output>
          </reporter-output>
        </test-method> <!-- JQC_ILP_Deposit_Menu_Txn -->
        <test-method status="PASS" signature="endReport()[pri:0, instance:tests.QCStore@5f9d02cb]" name="endReport" is-config="true" duration-ms="0" started-at="2019-05-04T16:48:20Z" finished-at="2019-05-04T16:48:20Z">
          <reporter-output>
          </reporter-output>
        </test-method> <!-- endReport -->
        <test-method status="PASS" signature="getResult(org.testng.ITestResult)[pri:0, instance:tests.QCStore@5f9d02cb]" name="getResult" is-config="true" duration-ms="172" started-at="2019-05-04T16:48:20Z" finished-at="2019-05-04T16:48:20Z">
          <params>
            <param index="0">
              <value>
                <![CDATA[[TestResult name=JQC_ILP_Deposit_Menu_Txn status=SUCCESS method=QCStore.JQC_ILP_Deposit_Menu_Txn()[pri:0, instance:tests.QCStore@5f9d02cb] output={null}]]]>
              </value>
            </param>
          </params>
          <reporter-output>
          </reporter-output>
        </test-method> <!-- getResult -->
        <test-method status="PASS" signature="killProcess()[pri:0, instance:tests.QCStore@5f9d02cb]" name="killProcess" is-config="true" duration-ms="5000" started-at="2019-05-04T16:48:20Z" finished-at="2019-05-04T16:48:25Z">
          <reporter-output>
          </reporter-output>
        </test-method> <!-- killProcess -->
        <test-method status="PASS" signature="JQC_ILP_Deposit_dropdown_Txn()[pri:1, instance:tests.QCStore@5f9d02cb]" name="JQC_ILP_Deposit_dropdown_Txn" duration-ms="258568" started-at="2019-05-04T16:48:25Z" finished-at="2019-05-04T16:52:44Z">
          <reporter-output>
          </reporter-output>
        </test-method> <!-- JQC_ILP_Deposit_dropdown_Txn -->
        <test-method status="PASS" signature="getResult(org.testng.ITestResult)[pri:0, instance:tests.QCStore@5f9d02cb]" name="getResult" is-config="true" duration-ms="44" started-at="2019-05-04T16:52:44Z" finished-at="2019-05-04T16:52:44Z">
          <params>
            <param index="0">
              <value>
                <![CDATA[[TestResult name=JQC_ILP_Deposit_dropdown_Txn status=SUCCESS method=QCStore.JQC_ILP_Deposit_dropdown_Txn()[pri:1, instance:tests.QCStore@5f9d02cb] output={null}]]]>
              </value>
            </param>
          </params>
          <reporter-output>
          </reporter-output>
        </test-method> <!-- getResult -->
        <test-method status="PASS" signature="endReport()[pri:0, instance:tests.QCStore@5f9d02cb]" name="endReport" is-config="true" duration-ms="0" started-at="2019-05-04T16:52:44Z" finished-at="2019-05-04T16:52:44Z">
          <reporter-output>
          </reporter-output>
        </test-method> <!-- endReport -->
        <test-method status="PASS" signature="killProcess()[pri:0, instance:tests.QCStore@5f9d02cb]" name="killProcess" is-config="true" duration-ms="5000" started-at="2019-05-04T16:52:44Z" finished-at="2019-05-04T16:52:49Z">
          <reporter-output>
          </reporter-output>
        </test-method> <!-- killProcess -->
        <test-method status="PASS" signature="JQC_ILP_GraceDays_Deposit_Menu_Txn()[pri:2, instance:tests.QCStore@5f9d02cb]" name="JQC_ILP_GraceDays_Deposit_Menu_Txn" duration-ms="361616" started-at="2019-05-04T16:52:49Z" finished-at="2019-05-04T16:58:50Z">
          <reporter-output>
          </reporter-output>
        </test-method> <!-- JQC_ILP_GraceDays_Deposit_Menu_Txn -->
        <test-method status="PASS" signature="endReport()[pri:0, instance:tests.QCStore@5f9d02cb]" name="endReport" is-config="true" duration-ms="0" started-at="2019-05-04T16:58:50Z" finished-at="2019-05-04T16:58:50Z">
          <reporter-output>
          </reporter-output>
        </test-method> <!-- endReport -->
        <test-method status="PASS" signature="getResult(org.testng.ITestResult)[pri:0, instance:tests.QCStore@5f9d02cb]" name="getResult" is-config="true" duration-ms="26" started-at="2019-05-04T16:58:50Z" finished-at="2019-05-04T16:58:50Z">
          <params>
            <param index="0">
              <value>
                <![CDATA[[TestResult name=JQC_ILP_GraceDays_Deposit_Menu_Txn status=SUCCESS method=QCStore.JQC_ILP_GraceDays_Deposit_Menu_Txn()[pri:2, instance:tests.QCStore@5f9d02cb] output={null}]]]>
              </value>
            </param>
          </params>
          <reporter-output>
          </reporter-output>
        </test-method> <!-- getResult -->
        <test-method status="PASS" signature="killProcess()[pri:0, instance:tests.QCStore@5f9d02cb]" name="killProcess" is-config="true" duration-ms="5000" started-at="2019-05-04T16:58:50Z" finished-at="2019-05-04T16:58:55Z">
          <reporter-output>
          </reporter-output>
        </test-method> <!-- killProcess -->
        <test-method status="PASS" signature="JQC_ILP_GraceDays_Deposit_MidDay_Txn()[pri:3, instance:tests.QCStore@5f9d02cb]" name="JQC_ILP_GraceDays_Deposit_MidDay_Txn" duration-ms="375060" started-at="2019-05-04T16:58:55Z" finished-at="2019-05-04T17:05:11Z">
          <reporter-output>
          </reporter-output>
        </test-method> <!-- JQC_ILP_GraceDays_Deposit_MidDay_Txn -->
        <test-method status="PASS" signature="getResult(org.testng.ITestResult)[pri:0, instance:tests.QCStore@5f9d02cb]" name="getResult" is-config="true" duration-ms="23" started-at="2019-05-04T17:05:11Z" finished-at="2019-05-04T17:05:11Z">
          <params>
            <param index="0">
              <value>
                <![CDATA[[TestResult name=JQC_ILP_GraceDays_Deposit_MidDay_Txn status=SUCCESS method=QCStore.JQC_ILP_GraceDays_Deposit_MidDay_Txn()[pri:3, instance:tests.QCStore@5f9d02cb] output={null}]]]>
              </value>
            </param>
          </params>
          <reporter-output>
          </reporter-output>
        </test-method> <!-- getResult -->
        <test-method status="PASS" signature="endReport()[pri:0, instance:tests.QCStore@5f9d02cb]" name="endReport" is-config="true" duration-ms="0" started-at="2019-05-04T17:05:11Z" finished-at="2019-05-04T17:05:11Z">
          <reporter-output>
          </reporter-output>
        </test-method> <!-- endReport -->
        <test-method status="PASS" signature="killProcess()[pri:0, instance:tests.QCStore@5f9d02cb]" name="killProcess" is-config="true" duration-ms="5001" started-at="2019-05-04T17:05:11Z" finished-at="2019-05-04T17:05:16Z">
          <reporter-output>
          </reporter-output>
        </test-method> <!-- killProcess -->
        <test-method status="PASS" signature="JQC_ILP_Deposit_MidDay_Txn()[pri:4, instance:tests.QCStore@5f9d02cb]" name="JQC_ILP_Deposit_MidDay_Txn" duration-ms="337601" started-at="2019-05-04T17:05:16Z" finished-at="2019-05-04T17:10:53Z">
          <reporter-output>
          </reporter-output>
        </test-method> <!-- JQC_ILP_Deposit_MidDay_Txn -->
        <test-method status="PASS" signature="getResult(org.testng.ITestResult)[pri:0, instance:tests.QCStore@5f9d02cb]" name="getResult" is-config="true" duration-ms="47" started-at="2019-05-04T17:10:53Z" finished-at="2019-05-04T17:10:53Z">
          <params>
            <param index="0">
              <value>
                <![CDATA[[TestResult name=JQC_ILP_Deposit_MidDay_Txn status=SUCCESS method=QCStore.JQC_ILP_Deposit_MidDay_Txn()[pri:4, instance:tests.QCStore@5f9d02cb] output={null}]]]>
              </value>
            </param>
          </params>
          <reporter-output>
          </reporter-output>
        </test-method> <!-- getResult -->
        <test-method status="PASS" signature="endReport()[pri:0, instance:tests.QCStore@5f9d02cb]" name="endReport" is-config="true" duration-ms="0" started-at="2019-05-04T17:10:53Z" finished-at="2019-05-04T17:10:53Z">
          <reporter-output>
          </reporter-output>
        </test-method> <!-- endReport -->
        <test-method status="PASS" signature="killProcess()[pri:0, instance:tests.QCStore@5f9d02cb]" name="killProcess" is-config="true" duration-ms="5000" started-at="2019-05-04T17:10:53Z" finished-at="2019-05-04T17:10:58Z">
          <reporter-output>
          </reporter-output>
        </test-method> <!-- killProcess -->
        <test-method status="PASS" signature="JQC_ILP_GraceDays_Deposit_dropdown_Txn()[pri:5, instance:tests.QCStore@5f9d02cb]" name="JQC_ILP_GraceDays_Deposit_dropdown_Txn" duration-ms="353404" started-at="2019-05-04T17:10:58Z" finished-at="2019-05-04T17:16:52Z">
          <reporter-output>
          </reporter-output>
        </test-method> <!-- JQC_ILP_GraceDays_Deposit_dropdown_Txn -->
        <test-method status="PASS" signature="endReport()[pri:0, instance:tests.QCStore@5f9d02cb]" name="endReport" is-config="true" duration-ms="0" started-at="2019-05-04T17:16:52Z" finished-at="2019-05-04T17:16:52Z">
          <reporter-output>
          </reporter-output>
        </test-method> <!-- endReport -->
        <test-method status="PASS" signature="getResult(org.testng.ITestResult)[pri:0, instance:tests.QCStore@5f9d02cb]" name="getResult" is-config="true" duration-ms="36" started-at="2019-05-04T17:16:52Z" finished-at="2019-05-04T17:16:52Z">
          <params>
            <param index="0">
              <value>
                <![CDATA[[TestResult name=JQC_ILP_GraceDays_Deposit_dropdown_Txn status=SUCCESS method=QCStore.JQC_ILP_GraceDays_Deposit_dropdown_Txn()[pri:5, instance:tests.QCStore@5f9d02cb] output={null}]]]>
              </value>
            </param>
          </params>
          <reporter-output>
          </reporter-output>
        </test-method> <!-- getResult -->
        <test-method status="PASS" signature="killProcess()[pri:0, instance:tests.QCStore@5f9d02cb]" name="killProcess" is-config="true" duration-ms="5001" started-at="2019-05-04T17:16:52Z" finished-at="2019-05-04T17:16:57Z">
          <reporter-output>
          </reporter-output>
        </test-method> <!-- killProcess -->
        <test-method status="PASS" signature="JQC_ILP_Deceased_Txn()[pri:6, instance:tests.QCStore@5f9d02cb]" name="JQC_ILP_Deceased_Txn" duration-ms="260120" started-at="2019-05-04T17:16:57Z" finished-at="2019-05-04T17:21:17Z">
          <reporter-output>
          </reporter-output>
        </test-method> <!-- JQC_ILP_Deceased_Txn -->
        <test-method status="PASS" signature="endReport()[pri:0, instance:tests.QCStore@5f9d02cb]" name="endReport" is-config="true" duration-ms="1" started-at="2019-05-04T17:21:17Z" finished-at="2019-05-04T17:21:17Z">
          <reporter-output>
          </reporter-output>
        </test-method> <!-- endReport -->
        <test-method status="PASS" signature="getResult(org.testng.ITestResult)[pri:0, instance:tests.QCStore@5f9d02cb]" name="getResult" is-config="true" duration-ms="46" started-at="2019-05-04T17:21:17Z" finished-at="2019-05-04T17:21:17Z">
          <params>
            <param index="0">
              <value>
                <![CDATA[[TestResult name=JQC_ILP_Deceased_Txn status=SUCCESS method=QCStore.JQC_ILP_Deceased_Txn()[pri:6, instance:tests.QCStore@5f9d02cb] output={null}]]]>
              </value>
            </param>
          </params>
          <reporter-output>
          </reporter-output>
        </test-method> <!-- getResult -->
        <test-method status="PASS" signature="killProcess()[pri:0, instance:tests.QCStore@5f9d02cb]" name="killProcess" is-config="true" duration-ms="5000" started-at="2019-05-04T17:21:17Z" finished-at="2019-05-04T17:21:22Z">
          <reporter-output>
          </reporter-output>
        </test-method> <!-- killProcess -->
        <test-method status="PASS" signature="JQC_ILP_SignaturLoan_Default_Txn()[pri:7, instance:tests.QCStore@5f9d02cb]" name="JQC_ILP_SignaturLoan_Default_Txn" duration-ms="341649" started-at="2019-05-04T17:21:22Z" finished-at="2019-05-04T17:27:03Z">
          <reporter-output>
          </reporter-output>
        </test-method> <!-- JQC_ILP_SignaturLoan_Default_Txn -->
        <test-method status="PASS" signature="endReport()[pri:0, instance:tests.QCStore@5f9d02cb]" name="endReport" is-config="true" duration-ms="0" started-at="2019-05-04T17:27:03Z" finished-at="2019-05-04T17:27:03Z">
          <reporter-output>
          </reporter-output>
        </test-method> <!-- endReport -->
        <test-method status="PASS" signature="getResult(org.testng.ITestResult)[pri:0, instance:tests.QCStore@5f9d02cb]" name="getResult" is-config="true" duration-ms="62" started-at="2019-05-04T17:27:03Z" finished-at="2019-05-04T17:27:04Z">
          <params>
            <param index="0">
              <value>
                <![CDATA[[TestResult name=JQC_ILP_SignaturLoan_Default_Txn status=SUCCESS method=QCStore.JQC_ILP_SignaturLoan_Default_Txn()[pri:7, instance:tests.QCStore@5f9d02cb] output={null}]]]>
              </value>
            </param>
          </params>
          <reporter-output>
          </reporter-output>
        </test-method> <!-- getResult -->
      </class> <!-- tests.QCStore -->
    </test> <!-- Test -->
  </suite> <!-- Suite -->
</testng-results>
