<?xml version="1.0" encoding="UTF-8"?>
<testng-results skipped="0" failed="0" ignored="38" total="46" passed="8">
  <reporter-output>
  </reporter-output>
  <suite name="Suite" duration-ms="2974386" started-at="2019-05-08T07:42:29Z" finished-at="2019-05-08T08:32:03Z">
    <groups>
      <group name="Janaki">
        <method signature="QCStore.JQC_ILP_Deceased_Txn()[pri:6, instance:tests.QCStore@5f9d02cb]" name="JQC_ILP_Deceased_Txn" class="tests.QCStore"/>
        <method signature="QCStore.JQC_ILP_Deposit_Menu_Txn()[pri:0, instance:tests.QCStore@5f9d02cb]" name="JQC_ILP_Deposit_Menu_Txn" class="tests.QCStore"/>
        <method signature="QCStore.JQC_ILP_Deposit_MidDay_Txn()[pri:4, instance:tests.QCStore@5f9d02cb]" name="JQC_ILP_Deposit_MidDay_Txn" class="tests.QCStore"/>
        <method signature="QCStore.JQC_ILP_Deposit_dropdown_Txn()[pri:1, instance:tests.QCStore@5f9d02cb]" name="JQC_ILP_Deposit_dropdown_Txn" class="tests.QCStore"/>
        <method signature="QCStore.JQC_ILP_GraceDays_Deposit_Menu_Txn()[pri:2, instance:tests.QCStore@5f9d02cb]" name="JQC_ILP_GraceDays_Deposit_Menu_Txn" class="tests.QCStore"/>
        <method signature="QCStore.JQC_ILP_GraceDays_Deposit_MidDay_Txn()[pri:3, instance:tests.QCStore@5f9d02cb]" name="JQC_ILP_GraceDays_Deposit_MidDay_Txn" class="tests.QCStore"/>
        <method signature="QCStore.JQC_ILP_GraceDays_Deposit_dropdown_Txn()[pri:5, instance:tests.QCStore@5f9d02cb]" name="JQC_ILP_GraceDays_Deposit_dropdown_Txn" class="tests.QCStore"/>
        <method signature="QCStore.JQC_ILP_SignaturLoan_Default_Txn()[pri:7, instance:tests.QCStore@5f9d02cb]" name="JQC_ILP_SignaturLoan_Default_Txn" class="tests.QCStore"/>
      </group> <!-- Janaki -->
    </groups>
    <test name="Test" duration-ms="2974386" started-at="2019-05-08T07:42:29Z" finished-at="2019-05-08T08:32:03Z">
      <class name="tests.QCStore">
        <test-method status="PASS" signature="setup()[pri:0, instance:tests.QCStore@5f9d02cb]" name="setup" is-config="true" duration-ms="223" started-at="2019-05-08T07:42:29Z" finished-at="2019-05-08T07:42:29Z">
          <reporter-output>
          </reporter-output>
        </test-method> <!-- setup -->
        <test-method status="PASS" signature="killProcess()[pri:0, instance:tests.QCStore@5f9d02cb]" name="killProcess" is-config="true" duration-ms="5000" started-at="2019-05-08T07:42:29Z" finished-at="2019-05-08T07:42:34Z">
          <reporter-output>
          </reporter-output>
        </test-method> <!-- killProcess -->
        <test-method status="PASS" signature="JQC_ILP_Deposit_Menu_Txn()[pri:0, instance:tests.QCStore@5f9d02cb]" name="JQC_ILP_Deposit_Menu_Txn" duration-ms="338375" started-at="2019-05-08T07:42:34Z" finished-at="2019-05-08T07:48:13Z">
          <reporter-output>
          </reporter-output>
        </test-method> <!-- JQC_ILP_Deposit_Menu_Txn -->
        <test-method status="PASS" signature="getResult(org.testng.ITestResult)[pri:0, instance:tests.QCStore@5f9d02cb]" name="getResult" is-config="true" duration-ms="286" started-at="2019-05-08T07:48:13Z" finished-at="2019-05-08T07:48:13Z">
          <params>
            <param index="0">
              <value>
                <![CDATA[[TestResult name=JQC_ILP_Deposit_Menu_Txn status=SUCCESS method=QCStore.JQC_ILP_Deposit_Menu_Txn()[pri:0, instance:tests.QCStore@5f9d02cb] output={null}]]]>
              </value>
            </param>
          </params>
          <reporter-output>
          </reporter-output>
        </test-method> <!-- getResult -->
        <test-method status="PASS" signature="endReport()[pri:0, instance:tests.QCStore@5f9d02cb]" name="endReport" is-config="true" duration-ms="0" started-at="2019-05-08T07:48:13Z" finished-at="2019-05-08T07:48:13Z">
          <reporter-output>
          </reporter-output>
        </test-method> <!-- endReport -->
        <test-method status="PASS" signature="killProcess()[pri:0, instance:tests.QCStore@5f9d02cb]" name="killProcess" is-config="true" duration-ms="5000" started-at="2019-05-08T07:48:13Z" finished-at="2019-05-08T07:48:18Z">
          <reporter-output>
          </reporter-output>
        </test-method> <!-- killProcess -->
        <test-method status="PASS" signature="JQC_ILP_Deposit_dropdown_Txn()[pri:1, instance:tests.QCStore@5f9d02cb]" name="JQC_ILP_Deposit_dropdown_Txn" duration-ms="313501" started-at="2019-05-08T07:48:18Z" finished-at="2019-05-08T07:53:31Z">
          <reporter-output>
          </reporter-output>
        </test-method> <!-- JQC_ILP_Deposit_dropdown_Txn -->
        <test-method status="PASS" signature="endReport()[pri:0, instance:tests.QCStore@5f9d02cb]" name="endReport" is-config="true" duration-ms="1" started-at="2019-05-08T07:53:31Z" finished-at="2019-05-08T07:53:31Z">
          <reporter-output>
          </reporter-output>
        </test-method> <!-- endReport -->
        <test-method status="PASS" signature="getResult(org.testng.ITestResult)[pri:0, instance:tests.QCStore@5f9d02cb]" name="getResult" is-config="true" duration-ms="60" started-at="2019-05-08T07:53:31Z" finished-at="2019-05-08T07:53:32Z">
          <params>
            <param index="0">
              <value>
                <![CDATA[[TestResult name=JQC_ILP_Deposit_dropdown_Txn status=SUCCESS method=QCStore.JQC_ILP_Deposit_dropdown_Txn()[pri:1, instance:tests.QCStore@5f9d02cb] output={null}]]]>
              </value>
            </param>
          </params>
          <reporter-output>
          </reporter-output>
        </test-method> <!-- getResult -->
        <test-method status="PASS" signature="killProcess()[pri:0, instance:tests.QCStore@5f9d02cb]" name="killProcess" is-config="true" duration-ms="5000" started-at="2019-05-08T07:53:32Z" finished-at="2019-05-08T07:53:37Z">
          <reporter-output>
          </reporter-output>
        </test-method> <!-- killProcess -->
        <test-method status="PASS" signature="JQC_ILP_GraceDays_Deposit_Menu_Txn()[pri:2, instance:tests.QCStore@5f9d02cb]" name="JQC_ILP_GraceDays_Deposit_Menu_Txn" duration-ms="405026" started-at="2019-05-08T07:53:37Z" finished-at="2019-05-08T08:00:22Z">
          <reporter-output>
          </reporter-output>
        </test-method> <!-- JQC_ILP_GraceDays_Deposit_Menu_Txn -->
        <test-method status="PASS" signature="endReport()[pri:0, instance:tests.QCStore@5f9d02cb]" name="endReport" is-config="true" duration-ms="0" started-at="2019-05-08T08:00:22Z" finished-at="2019-05-08T08:00:22Z">
          <reporter-output>
          </reporter-output>
        </test-method> <!-- endReport -->
        <test-method status="PASS" signature="getResult(org.testng.ITestResult)[pri:0, instance:tests.QCStore@5f9d02cb]" name="getResult" is-config="true" duration-ms="24" started-at="2019-05-08T08:00:22Z" finished-at="2019-05-08T08:00:22Z">
          <params>
            <param index="0">
              <value>
                <![CDATA[[TestResult name=JQC_ILP_GraceDays_Deposit_Menu_Txn status=SUCCESS method=QCStore.JQC_ILP_GraceDays_Deposit_Menu_Txn()[pri:2, instance:tests.QCStore@5f9d02cb] output={null}]]]>
              </value>
            </param>
          </params>
          <reporter-output>
          </reporter-output>
        </test-method> <!-- getResult -->
        <test-method status="PASS" signature="killProcess()[pri:0, instance:tests.QCStore@5f9d02cb]" name="killProcess" is-config="true" duration-ms="5001" started-at="2019-05-08T08:00:22Z" finished-at="2019-05-08T08:00:27Z">
          <reporter-output>
          </reporter-output>
        </test-method> <!-- killProcess -->
        <test-method status="PASS" signature="JQC_ILP_GraceDays_Deposit_MidDay_Txn()[pri:3, instance:tests.QCStore@5f9d02cb]" name="JQC_ILP_GraceDays_Deposit_MidDay_Txn" duration-ms="420250" started-at="2019-05-08T08:00:27Z" finished-at="2019-05-08T08:07:27Z">
          <reporter-output>
          </reporter-output>
        </test-method> <!-- JQC_ILP_GraceDays_Deposit_MidDay_Txn -->
        <test-method status="PASS" signature="endReport()[pri:0, instance:tests.QCStore@5f9d02cb]" name="endReport" is-config="true" duration-ms="0" started-at="2019-05-08T08:07:27Z" finished-at="2019-05-08T08:07:27Z">
          <reporter-output>
          </reporter-output>
        </test-method> <!-- endReport -->
        <test-method status="PASS" signature="getResult(org.testng.ITestResult)[pri:0, instance:tests.QCStore@5f9d02cb]" name="getResult" is-config="true" duration-ms="44" started-at="2019-05-08T08:07:27Z" finished-at="2019-05-08T08:07:27Z">
          <params>
            <param index="0">
              <value>
                <![CDATA[[TestResult name=JQC_ILP_GraceDays_Deposit_MidDay_Txn status=SUCCESS method=QCStore.JQC_ILP_GraceDays_Deposit_MidDay_Txn()[pri:3, instance:tests.QCStore@5f9d02cb] output={null}]]]>
              </value>
            </param>
          </params>
          <reporter-output>
          </reporter-output>
        </test-method> <!-- getResult -->
        <test-method status="PASS" signature="killProcess()[pri:0, instance:tests.QCStore@5f9d02cb]" name="killProcess" is-config="true" duration-ms="5000" started-at="2019-05-08T08:07:27Z" finished-at="2019-05-08T08:07:32Z">
          <reporter-output>
          </reporter-output>
        </test-method> <!-- killProcess -->
        <test-method status="PASS" signature="JQC_ILP_Deposit_MidDay_Txn()[pri:4, instance:tests.QCStore@5f9d02cb]" name="JQC_ILP_Deposit_MidDay_Txn" duration-ms="388399" started-at="2019-05-08T08:07:32Z" finished-at="2019-05-08T08:14:00Z">
          <reporter-output>
          </reporter-output>
        </test-method> <!-- JQC_ILP_Deposit_MidDay_Txn -->
        <test-method status="PASS" signature="endReport()[pri:0, instance:tests.QCStore@5f9d02cb]" name="endReport" is-config="true" duration-ms="0" started-at="2019-05-08T08:14:00Z" finished-at="2019-05-08T08:14:00Z">
          <reporter-output>
          </reporter-output>
        </test-method> <!-- endReport -->
        <test-method status="PASS" signature="getResult(org.testng.ITestResult)[pri:0, instance:tests.QCStore@5f9d02cb]" name="getResult" is-config="true" duration-ms="47" started-at="2019-05-08T08:14:00Z" finished-at="2019-05-08T08:14:00Z">
          <params>
            <param index="0">
              <value>
                <![CDATA[[TestResult name=JQC_ILP_Deposit_MidDay_Txn status=SUCCESS method=QCStore.JQC_ILP_Deposit_MidDay_Txn()[pri:4, instance:tests.QCStore@5f9d02cb] output={null}]]]>
              </value>
            </param>
          </params>
          <reporter-output>
          </reporter-output>
        </test-method> <!-- getResult -->
        <test-method status="PASS" signature="killProcess()[pri:0, instance:tests.QCStore@5f9d02cb]" name="killProcess" is-config="true" duration-ms="5000" started-at="2019-05-08T08:14:00Z" finished-at="2019-05-08T08:14:05Z">
          <reporter-output>
          </reporter-output>
        </test-method> <!-- killProcess -->
        <test-method status="PASS" signature="JQC_ILP_GraceDays_Deposit_dropdown_Txn()[pri:5, instance:tests.QCStore@5f9d02cb]" name="JQC_ILP_GraceDays_Deposit_dropdown_Txn" duration-ms="392576" started-at="2019-05-08T08:14:05Z" finished-at="2019-05-08T08:20:38Z">
          <reporter-output>
          </reporter-output>
        </test-method> <!-- JQC_ILP_GraceDays_Deposit_dropdown_Txn -->
        <test-method status="PASS" signature="endReport()[pri:0, instance:tests.QCStore@5f9d02cb]" name="endReport" is-config="true" duration-ms="0" started-at="2019-05-08T08:20:38Z" finished-at="2019-05-08T08:20:38Z">
          <reporter-output>
          </reporter-output>
        </test-method> <!-- endReport -->
        <test-method status="PASS" signature="getResult(org.testng.ITestResult)[pri:0, instance:tests.QCStore@5f9d02cb]" name="getResult" is-config="true" duration-ms="56" started-at="2019-05-08T08:20:38Z" finished-at="2019-05-08T08:20:38Z">
          <params>
            <param index="0">
              <value>
                <![CDATA[[TestResult name=JQC_ILP_GraceDays_Deposit_dropdown_Txn status=SUCCESS method=QCStore.JQC_ILP_GraceDays_Deposit_dropdown_Txn()[pri:5, instance:tests.QCStore@5f9d02cb] output={null}]]]>
              </value>
            </param>
          </params>
          <reporter-output>
          </reporter-output>
        </test-method> <!-- getResult -->
        <test-method status="PASS" signature="killProcess()[pri:0, instance:tests.QCStore@5f9d02cb]" name="killProcess" is-config="true" duration-ms="5000" started-at="2019-05-08T08:20:38Z" finished-at="2019-05-08T08:20:43Z">
          <reporter-output>
          </reporter-output>
        </test-method> <!-- killProcess -->
        <test-method status="PASS" signature="JQC_ILP_Deceased_Txn()[pri:6, instance:tests.QCStore@5f9d02cb]" name="JQC_ILP_Deceased_Txn" duration-ms="296666" started-at="2019-05-08T08:20:43Z" finished-at="2019-05-08T08:25:40Z">
          <reporter-output>
          </reporter-output>
        </test-method> <!-- JQC_ILP_Deceased_Txn -->
        <test-method status="PASS" signature="getResult(org.testng.ITestResult)[pri:0, instance:tests.QCStore@5f9d02cb]" name="getResult" is-config="true" duration-ms="35" started-at="2019-05-08T08:25:40Z" finished-at="2019-05-08T08:25:40Z">
          <params>
            <param index="0">
              <value>
                <![CDATA[[TestResult name=JQC_ILP_Deceased_Txn status=SUCCESS method=QCStore.JQC_ILP_Deceased_Txn()[pri:6, instance:tests.QCStore@5f9d02cb] output={null}]]]>
              </value>
            </param>
          </params>
          <reporter-output>
          </reporter-output>
        </test-method> <!-- getResult -->
        <test-method status="PASS" signature="endReport()[pri:0, instance:tests.QCStore@5f9d02cb]" name="endReport" is-config="true" duration-ms="0" started-at="2019-05-08T08:25:40Z" finished-at="2019-05-08T08:25:40Z">
          <reporter-output>
          </reporter-output>
        </test-method> <!-- endReport -->
        <test-method status="PASS" signature="killProcess()[pri:0, instance:tests.QCStore@5f9d02cb]" name="killProcess" is-config="true" duration-ms="5000" started-at="2019-05-08T08:25:40Z" finished-at="2019-05-08T08:25:45Z">
          <reporter-output>
          </reporter-output>
        </test-method> <!-- killProcess -->
        <test-method status="PASS" signature="JQC_ILP_SignaturLoan_Default_Txn()[pri:7, instance:tests.QCStore@5f9d02cb]" name="JQC_ILP_SignaturLoan_Default_Txn" duration-ms="378713" started-at="2019-05-08T08:25:45Z" finished-at="2019-05-08T08:32:03Z">
          <reporter-output>
          </reporter-output>
        </test-method> <!-- JQC_ILP_SignaturLoan_Default_Txn -->
        <test-method status="PASS" signature="endReport()[pri:0, instance:tests.QCStore@5f9d02cb]" name="endReport" is-config="true" duration-ms="1" started-at="2019-05-08T08:32:03Z" finished-at="2019-05-08T08:32:03Z">
          <reporter-output>
          </reporter-output>
        </test-method> <!-- endReport -->
        <test-method status="PASS" signature="getResult(org.testng.ITestResult)[pri:0, instance:tests.QCStore@5f9d02cb]" name="getResult" is-config="true" duration-ms="64" started-at="2019-05-08T08:32:03Z" finished-at="2019-05-08T08:32:03Z">
          <params>
            <param index="0">
              <value>
                <![CDATA[[TestResult name=JQC_ILP_SignaturLoan_Default_Txn status=SUCCESS method=QCStore.JQC_ILP_SignaturLoan_Default_Txn()[pri:7, instance:tests.QCStore@5f9d02cb] output={null}]]]>
              </value>
            </param>
          </params>
          <reporter-output>
          </reporter-output>
        </test-method> <!-- getResult -->
      </class> <!-- tests.QCStore -->
    </test> <!-- Test -->
  </suite> <!-- Suite -->
</testng-results>
