<?xml version="1.0" encoding="UTF-8"?>
<testng-results skipped="0" failed="0" ignored="51" total="52" passed="1">
  <reporter-output>
  </reporter-output>
  <suite name="Suite" duration-ms="918057" started-at="2019-04-15T05:43:42Z" finished-at="2019-04-15T05:59:00Z">
    <groups>
      <group name="Anoop_StdownVoid">
        <method signature="QCStore.ILP_RefinanceStepDown_void()[pri:0, instance:tests.QCStore@5f9d02cb]" name="ILP_RefinanceStepDown_void" class="tests.QCStore"/>
      </group> <!-- Anoop_StdownVoid -->
    </groups>
    <test name="Test" duration-ms="918057" started-at="2019-04-15T05:43:42Z" finished-at="2019-04-15T05:59:00Z">
      <class name="tests.QCStore">
        <test-method status="PASS" signature="setup()[pri:0, instance:tests.QCStore@5f9d02cb]" name="setup" is-config="true" duration-ms="170" started-at="2019-04-15T05:43:42Z" finished-at="2019-04-15T05:43:42Z">
          <reporter-output>
          </reporter-output>
        </test-method> <!-- setup -->
        <test-method status="PASS" signature="killProcess()[pri:0, instance:tests.QCStore@5f9d02cb]" name="killProcess" is-config="true" duration-ms="5002" started-at="2019-04-15T05:43:42Z" finished-at="2019-04-15T05:43:47Z">
          <reporter-output>
          </reporter-output>
        </test-method> <!-- killProcess -->
        <test-method status="PASS" signature="ILP_RefinanceStepDown_void()[pri:0, instance:tests.QCStore@5f9d02cb]" name="ILP_RefinanceStepDown_void" duration-ms="912607" started-at="2019-04-15T05:43:47Z" finished-at="2019-04-15T05:58:59Z">
          <reporter-output>
          </reporter-output>
        </test-method> <!-- ILP_RefinanceStepDown_void -->
        <test-method status="PASS" signature="endReport()[pri:0, instance:tests.QCStore@5f9d02cb]" name="endReport" is-config="true" duration-ms="1" started-at="2019-04-15T05:58:59Z" finished-at="2019-04-15T05:58:59Z">
          <reporter-output>
          </reporter-output>
        </test-method> <!-- endReport -->
        <test-method status="PASS" signature="getResult(org.testng.ITestResult)[pri:0, instance:tests.QCStore@5f9d02cb]" name="getResult" is-config="true" duration-ms="262" started-at="2019-04-15T05:58:59Z" finished-at="2019-04-15T05:59:00Z">
          <params>
            <param index="0">
              <value>
                <![CDATA[[TestResult name=ILP_RefinanceStepDown_void status=SUCCESS method=QCStore.ILP_RefinanceStepDown_void()[pri:0, instance:tests.QCStore@5f9d02cb] output={null}]]]>
              </value>
            </param>
          </params>
          <reporter-output>
          </reporter-output>
        </test-method> <!-- getResult -->
      </class> <!-- tests.QCStore -->
    </test> <!-- Test -->
  </suite> <!-- Suite -->
</testng-results>
