<?xml version="1.0" encoding="UTF-8"?>
<testng-results skipped="0" failed="0" ignored="50" total="51" passed="1">
  <reporter-output>
  </reporter-output>
  <suite name="Suite" duration-ms="63657" started-at="2019-03-14T13:11:43Z" finished-at="2019-03-14T13:12:47Z">
    <groups>
      <group name="janaki_Refinance_StUp">
        <method signature="QCStore.JQC_ILP_Payment_Refinance_StepUp_Txn()[pri:12, instance:tests.QCStore@527740a2]" name="JQC_ILP_Payment_Refinance_StepUp_Txn" class="tests.QCStore"/>
      </group> <!-- janaki_Refinance_StUp -->
    </groups>
    <test name="Test" duration-ms="63657" started-at="2019-03-14T13:11:43Z" finished-at="2019-03-14T13:12:47Z">
      <class name="tests.QCStore">
        <test-method status="PASS" signature="setup()[pri:0, instance:tests.QCStore@527740a2]" name="setup" is-config="true" duration-ms="82" started-at="2019-03-14T13:11:43Z" finished-at="2019-03-14T13:11:43Z">
          <reporter-output>
          </reporter-output>
        </test-method> <!-- setup -->
        <test-method status="PASS" signature="killProcess()[pri:0, instance:tests.QCStore@527740a2]" name="killProcess" is-config="true" duration-ms="5009" started-at="2019-03-14T13:11:43Z" finished-at="2019-03-14T13:11:48Z">
          <reporter-output>
          </reporter-output>
        </test-method> <!-- killProcess -->
        <test-method status="PASS" signature="JQC_ILP_Payment_Refinance_StepUp_Txn()[pri:12, instance:tests.QCStore@527740a2]" name="JQC_ILP_Payment_Refinance_StepUp_Txn" duration-ms="57792" started-at="2019-03-14T13:11:48Z" finished-at="2019-03-14T13:12:46Z">
          <reporter-output>
          </reporter-output>
        </test-method> <!-- JQC_ILP_Payment_Refinance_StepUp_Txn -->
        <test-method status="PASS" signature="endReport()[pri:0, instance:tests.QCStore@527740a2]" name="endReport" is-config="true" duration-ms="0" started-at="2019-03-14T13:12:46Z" finished-at="2019-03-14T13:12:46Z">
          <reporter-output>
          </reporter-output>
        </test-method> <!-- endReport -->
        <test-method status="PASS" signature="getResult(org.testng.ITestResult)[pri:0, instance:tests.QCStore@527740a2]" name="getResult" is-config="true" duration-ms="760" started-at="2019-03-14T13:12:46Z" finished-at="2019-03-14T13:12:47Z">
          <params>
            <param index="0">
              <value>
                <![CDATA[[TestResult name=JQC_ILP_Payment_Refinance_StepUp_Txn status=SUCCESS method=QCStore.JQC_ILP_Payment_Refinance_StepUp_Txn()[pri:12, instance:tests.QCStore@527740a2] output={null}]]]>
              </value>
            </param>
          </params>
          <reporter-output>
          </reporter-output>
        </test-method> <!-- getResult -->
      </class> <!-- tests.QCStore -->
    </test> <!-- Test -->
  </suite> <!-- Suite -->
</testng-results>
