<?xml version="1.0" encoding="UTF-8"?>
<testng-results skipped="0" failed="0" ignored="51" total="52" passed="1">
  <reporter-output>
  </reporter-output>
  <suite name="Suite" duration-ms="358055" started-at="2019-06-13T06:16:29Z" finished-at="2019-06-13T06:22:27Z">
    <groups>
      <group name="Brahmith1">
        <method signature="QCStore.QC_AgeStore_Void_Txn()[pri:54, instance:tests.QCStore@5f9d02cb]" name="QC_AgeStore_Void_Txn" class="tests.QCStore"/>
      </group> <!-- Brahmith1 -->
    </groups>
    <test name="Test" duration-ms="358055" started-at="2019-06-13T06:16:29Z" finished-at="2019-06-13T06:22:27Z">
      <class name="tests.QCStore">
        <test-method status="PASS" signature="setup()[pri:0, instance:tests.QCStore@5f9d02cb]" name="setup" is-config="true" duration-ms="107" started-at="2019-06-13T06:16:29Z" finished-at="2019-06-13T06:16:29Z">
          <reporter-output>
          </reporter-output>
        </test-method> <!-- setup -->
        <test-method status="PASS" signature="killProcess()[pri:0, instance:tests.QCStore@5f9d02cb]" name="killProcess" is-config="true" duration-ms="5011" started-at="2019-06-13T06:16:29Z" finished-at="2019-06-13T06:16:34Z">
          <reporter-output>
          </reporter-output>
        </test-method> <!-- killProcess -->
        <test-method status="PASS" signature="QC_AgeStore_Void_Txn()[pri:54, instance:tests.QCStore@5f9d02cb]" name="QC_AgeStore_Void_Txn" duration-ms="352635" started-at="2019-06-13T06:16:34Z" finished-at="2019-06-13T06:22:27Z">
          <reporter-output>
          </reporter-output>
        </test-method> <!-- QC_AgeStore_Void_Txn -->
        <test-method status="PASS" signature="endReport()[pri:0, instance:tests.QCStore@5f9d02cb]" name="endReport" is-config="true" duration-ms="1" started-at="2019-06-13T06:22:27Z" finished-at="2019-06-13T06:22:27Z">
          <reporter-output>
          </reporter-output>
        </test-method> <!-- endReport -->
        <test-method status="PASS" signature="getResult(org.testng.ITestResult)[pri:0, instance:tests.QCStore@5f9d02cb]" name="getResult" is-config="true" duration-ms="283" started-at="2019-06-13T06:22:27Z" finished-at="2019-06-13T06:22:27Z">
          <params>
            <param index="0">
              <value>
                <![CDATA[[TestResult name=QC_AgeStore_Void_Txn status=SUCCESS method=QCStore.QC_AgeStore_Void_Txn()[pri:54, instance:tests.QCStore@5f9d02cb] output={null}]]]>
              </value>
            </param>
          </params>
          <reporter-output>
          </reporter-output>
        </test-method> <!-- getResult -->
      </class> <!-- tests.QCStore -->
    </test> <!-- Test -->
  </suite> <!-- Suite -->
</testng-results>
