<?xml version="1.0" encoding="UTF-8"?>
<testng-results skipped="0" failed="0" ignored="44" total="52" passed="8">
  <reporter-output>
  </reporter-output>
  <suite name="Suite" duration-ms="2753106" started-at="2019-04-18T07:04:24Z" finished-at="2019-04-18T07:50:17Z">
    <groups>
      <group name="Janaki">
        <method signature="QCStore.JQC_ILP_Deceased_Txn()[pri:6, instance:tests.QCStore@5f9d02cb]" name="JQC_ILP_Deceased_Txn" class="tests.QCStore"/>
        <method signature="QCStore.JQC_ILP_Deposit_Menu_Txn()[pri:0, instance:tests.QCStore@5f9d02cb]" name="JQC_ILP_Deposit_Menu_Txn" class="tests.QCStore"/>
        <method signature="QCStore.JQC_ILP_Deposit_MidDay_Txn()[pri:4, instance:tests.QCStore@5f9d02cb]" name="JQC_ILP_Deposit_MidDay_Txn" class="tests.QCStore"/>
        <method signature="QCStore.JQC_ILP_Deposit_dropdown_Txn()[pri:1, instance:tests.QCStore@5f9d02cb]" name="JQC_ILP_Deposit_dropdown_Txn" class="tests.QCStore"/>
        <method signature="QCStore.JQC_ILP_GraceDays_Deposit_Menu_Txn()[pri:2, instance:tests.QCStore@5f9d02cb]" name="JQC_ILP_GraceDays_Deposit_Menu_Txn" class="tests.QCStore"/>
        <method signature="QCStore.JQC_ILP_GraceDays_Deposit_MidDay_Txn()[pri:3, instance:tests.QCStore@5f9d02cb]" name="JQC_ILP_GraceDays_Deposit_MidDay_Txn" class="tests.QCStore"/>
        <method signature="QCStore.JQC_ILP_GraceDays_Deposit_dropdown_Txn()[pri:5, instance:tests.QCStore@5f9d02cb]" name="JQC_ILP_GraceDays_Deposit_dropdown_Txn" class="tests.QCStore"/>
        <method signature="QCStore.JQC_ILP_SignaturLoan_Default_Txn()[pri:7, instance:tests.QCStore@5f9d02cb]" name="JQC_ILP_SignaturLoan_Default_Txn" class="tests.QCStore"/>
      </group> <!-- Janaki -->
    </groups>
    <test name="Test" duration-ms="2753106" started-at="2019-04-18T07:04:24Z" finished-at="2019-04-18T07:50:17Z">
      <class name="tests.QCStore">
        <test-method status="PASS" signature="setup()[pri:0, instance:tests.QCStore@5f9d02cb]" name="setup" is-config="true" duration-ms="94" started-at="2019-04-18T07:04:24Z" finished-at="2019-04-18T07:04:24Z">
          <reporter-output>
          </reporter-output>
        </test-method> <!-- setup -->
        <test-method status="PASS" signature="killProcess()[pri:0, instance:tests.QCStore@5f9d02cb]" name="killProcess" is-config="true" duration-ms="5008" started-at="2019-04-18T07:04:24Z" finished-at="2019-04-18T07:04:29Z">
          <reporter-output>
          </reporter-output>
        </test-method> <!-- killProcess -->
        <test-method status="PASS" signature="JQC_ILP_Deposit_Menu_Txn()[pri:0, instance:tests.QCStore@5f9d02cb]" name="JQC_ILP_Deposit_Menu_Txn" duration-ms="295433" started-at="2019-04-18T07:04:29Z" finished-at="2019-04-18T07:09:24Z">
          <reporter-output>
          </reporter-output>
        </test-method> <!-- JQC_ILP_Deposit_Menu_Txn -->
        <test-method status="PASS" signature="getResult(org.testng.ITestResult)[pri:0, instance:tests.QCStore@5f9d02cb]" name="getResult" is-config="true" duration-ms="266" started-at="2019-04-18T07:09:24Z" finished-at="2019-04-18T07:09:25Z">
          <params>
            <param index="0">
              <value>
                <![CDATA[[TestResult name=JQC_ILP_Deposit_Menu_Txn status=SUCCESS method=QCStore.JQC_ILP_Deposit_Menu_Txn()[pri:0, instance:tests.QCStore@5f9d02cb] output={null}]]]>
              </value>
            </param>
          </params>
          <reporter-output>
          </reporter-output>
        </test-method> <!-- getResult -->
        <test-method status="PASS" signature="endReport()[pri:0, instance:tests.QCStore@5f9d02cb]" name="endReport" is-config="true" duration-ms="0" started-at="2019-04-18T07:09:24Z" finished-at="2019-04-18T07:09:24Z">
          <reporter-output>
          </reporter-output>
        </test-method> <!-- endReport -->
        <test-method status="PASS" signature="killProcess()[pri:0, instance:tests.QCStore@5f9d02cb]" name="killProcess" is-config="true" duration-ms="5007" started-at="2019-04-18T07:09:25Z" finished-at="2019-04-18T07:09:30Z">
          <reporter-output>
          </reporter-output>
        </test-method> <!-- killProcess -->
        <test-method status="PASS" signature="JQC_ILP_Deposit_dropdown_Txn()[pri:1, instance:tests.QCStore@5f9d02cb]" name="JQC_ILP_Deposit_dropdown_Txn" duration-ms="296671" started-at="2019-04-18T07:09:30Z" finished-at="2019-04-18T07:14:26Z">
          <reporter-output>
          </reporter-output>
        </test-method> <!-- JQC_ILP_Deposit_dropdown_Txn -->
        <test-method status="PASS" signature="getResult(org.testng.ITestResult)[pri:0, instance:tests.QCStore@5f9d02cb]" name="getResult" is-config="true" duration-ms="46" started-at="2019-04-18T07:14:26Z" finished-at="2019-04-18T07:14:26Z">
          <params>
            <param index="0">
              <value>
                <![CDATA[[TestResult name=JQC_ILP_Deposit_dropdown_Txn status=SUCCESS method=QCStore.JQC_ILP_Deposit_dropdown_Txn()[pri:1, instance:tests.QCStore@5f9d02cb] output={null}]]]>
              </value>
            </param>
          </params>
          <reporter-output>
          </reporter-output>
        </test-method> <!-- getResult -->
        <test-method status="PASS" signature="endReport()[pri:0, instance:tests.QCStore@5f9d02cb]" name="endReport" is-config="true" duration-ms="0" started-at="2019-04-18T07:14:26Z" finished-at="2019-04-18T07:14:26Z">
          <reporter-output>
          </reporter-output>
        </test-method> <!-- endReport -->
        <test-method status="PASS" signature="killProcess()[pri:0, instance:tests.QCStore@5f9d02cb]" name="killProcess" is-config="true" duration-ms="5008" started-at="2019-04-18T07:14:26Z" finished-at="2019-04-18T07:14:31Z">
          <reporter-output>
          </reporter-output>
        </test-method> <!-- killProcess -->
        <test-method status="PASS" signature="JQC_ILP_GraceDays_Deposit_Menu_Txn()[pri:2, instance:tests.QCStore@5f9d02cb]" name="JQC_ILP_GraceDays_Deposit_Menu_Txn" duration-ms="383491" started-at="2019-04-18T07:14:31Z" finished-at="2019-04-18T07:20:55Z">
          <reporter-output>
          </reporter-output>
        </test-method> <!-- JQC_ILP_GraceDays_Deposit_Menu_Txn -->
        <test-method status="PASS" signature="endReport()[pri:0, instance:tests.QCStore@5f9d02cb]" name="endReport" is-config="true" duration-ms="0" started-at="2019-04-18T07:20:55Z" finished-at="2019-04-18T07:20:55Z">
          <reporter-output>
          </reporter-output>
        </test-method> <!-- endReport -->
        <test-method status="PASS" signature="getResult(org.testng.ITestResult)[pri:0, instance:tests.QCStore@5f9d02cb]" name="getResult" is-config="true" duration-ms="31" started-at="2019-04-18T07:20:55Z" finished-at="2019-04-18T07:20:55Z">
          <params>
            <param index="0">
              <value>
                <![CDATA[[TestResult name=JQC_ILP_GraceDays_Deposit_Menu_Txn status=SUCCESS method=QCStore.JQC_ILP_GraceDays_Deposit_Menu_Txn()[pri:2, instance:tests.QCStore@5f9d02cb] output={null}]]]>
              </value>
            </param>
          </params>
          <reporter-output>
          </reporter-output>
        </test-method> <!-- getResult -->
        <test-method status="PASS" signature="killProcess()[pri:0, instance:tests.QCStore@5f9d02cb]" name="killProcess" is-config="true" duration-ms="5008" started-at="2019-04-18T07:20:55Z" finished-at="2019-04-18T07:21:00Z">
          <reporter-output>
          </reporter-output>
        </test-method> <!-- killProcess -->
        <test-method status="PASS" signature="JQC_ILP_GraceDays_Deposit_MidDay_Txn()[pri:3, instance:tests.QCStore@5f9d02cb]" name="JQC_ILP_GraceDays_Deposit_MidDay_Txn" duration-ms="405738" started-at="2019-04-18T07:21:00Z" finished-at="2019-04-18T07:27:46Z">
          <reporter-output>
          </reporter-output>
        </test-method> <!-- JQC_ILP_GraceDays_Deposit_MidDay_Txn -->
        <test-method status="PASS" signature="endReport()[pri:0, instance:tests.QCStore@5f9d02cb]" name="endReport" is-config="true" duration-ms="0" started-at="2019-04-18T07:27:46Z" finished-at="2019-04-18T07:27:46Z">
          <reporter-output>
          </reporter-output>
        </test-method> <!-- endReport -->
        <test-method status="PASS" signature="getResult(org.testng.ITestResult)[pri:0, instance:tests.QCStore@5f9d02cb]" name="getResult" is-config="true" duration-ms="16" started-at="2019-04-18T07:27:46Z" finished-at="2019-04-18T07:27:46Z">
          <params>
            <param index="0">
              <value>
                <![CDATA[[TestResult name=JQC_ILP_GraceDays_Deposit_MidDay_Txn status=SUCCESS method=QCStore.JQC_ILP_GraceDays_Deposit_MidDay_Txn()[pri:3, instance:tests.QCStore@5f9d02cb] output={null}]]]>
              </value>
            </param>
          </params>
          <reporter-output>
          </reporter-output>
        </test-method> <!-- getResult -->
        <test-method status="PASS" signature="killProcess()[pri:0, instance:tests.QCStore@5f9d02cb]" name="killProcess" is-config="true" duration-ms="5008" started-at="2019-04-18T07:27:46Z" finished-at="2019-04-18T07:27:51Z">
          <reporter-output>
          </reporter-output>
        </test-method> <!-- killProcess -->
        <test-method status="PASS" signature="JQC_ILP_Deposit_MidDay_Txn()[pri:4, instance:tests.QCStore@5f9d02cb]" name="JQC_ILP_Deposit_MidDay_Txn" duration-ms="315355" started-at="2019-04-18T07:27:51Z" finished-at="2019-04-18T07:33:06Z">
          <reporter-output>
          </reporter-output>
        </test-method> <!-- JQC_ILP_Deposit_MidDay_Txn -->
        <test-method status="PASS" signature="getResult(org.testng.ITestResult)[pri:0, instance:tests.QCStore@5f9d02cb]" name="getResult" is-config="true" duration-ms="16" started-at="2019-04-18T07:33:06Z" finished-at="2019-04-18T07:33:06Z">
          <params>
            <param index="0">
              <value>
                <![CDATA[[TestResult name=JQC_ILP_Deposit_MidDay_Txn status=SUCCESS method=QCStore.JQC_ILP_Deposit_MidDay_Txn()[pri:4, instance:tests.QCStore@5f9d02cb] output={null}]]]>
              </value>
            </param>
          </params>
          <reporter-output>
          </reporter-output>
        </test-method> <!-- getResult -->
        <test-method status="PASS" signature="endReport()[pri:0, instance:tests.QCStore@5f9d02cb]" name="endReport" is-config="true" duration-ms="0" started-at="2019-04-18T07:33:06Z" finished-at="2019-04-18T07:33:06Z">
          <reporter-output>
          </reporter-output>
        </test-method> <!-- endReport -->
        <test-method status="PASS" signature="killProcess()[pri:0, instance:tests.QCStore@5f9d02cb]" name="killProcess" is-config="true" duration-ms="5008" started-at="2019-04-18T07:33:06Z" finished-at="2019-04-18T07:33:11Z">
          <reporter-output>
          </reporter-output>
        </test-method> <!-- killProcess -->
        <test-method status="PASS" signature="JQC_ILP_GraceDays_Deposit_dropdown_Txn()[pri:5, instance:tests.QCStore@5f9d02cb]" name="JQC_ILP_GraceDays_Deposit_dropdown_Txn" duration-ms="374433" started-at="2019-04-18T07:33:11Z" finished-at="2019-04-18T07:39:25Z">
          <reporter-output>
          </reporter-output>
        </test-method> <!-- JQC_ILP_GraceDays_Deposit_dropdown_Txn -->
        <test-method status="PASS" signature="getResult(org.testng.ITestResult)[pri:0, instance:tests.QCStore@5f9d02cb]" name="getResult" is-config="true" duration-ms="63" started-at="2019-04-18T07:39:25Z" finished-at="2019-04-18T07:39:25Z">
          <params>
            <param index="0">
              <value>
                <![CDATA[[TestResult name=JQC_ILP_GraceDays_Deposit_dropdown_Txn status=SUCCESS method=QCStore.JQC_ILP_GraceDays_Deposit_dropdown_Txn()[pri:5, instance:tests.QCStore@5f9d02cb] output={null}]]]>
              </value>
            </param>
          </params>
          <reporter-output>
          </reporter-output>
        </test-method> <!-- getResult -->
        <test-method status="PASS" signature="endReport()[pri:0, instance:tests.QCStore@5f9d02cb]" name="endReport" is-config="true" duration-ms="0" started-at="2019-04-18T07:39:25Z" finished-at="2019-04-18T07:39:25Z">
          <reporter-output>
          </reporter-output>
        </test-method> <!-- endReport -->
        <test-method status="PASS" signature="killProcess()[pri:0, instance:tests.QCStore@5f9d02cb]" name="killProcess" is-config="true" duration-ms="5007" started-at="2019-04-18T07:39:25Z" finished-at="2019-04-18T07:39:30Z">
          <reporter-output>
          </reporter-output>
        </test-method> <!-- killProcess -->
        <test-method status="PASS" signature="JQC_ILP_Deceased_Txn()[pri:6, instance:tests.QCStore@5f9d02cb]" name="JQC_ILP_Deceased_Txn" duration-ms="286449" started-at="2019-04-18T07:39:30Z" finished-at="2019-04-18T07:44:17Z">
          <reporter-output>
          </reporter-output>
        </test-method> <!-- JQC_ILP_Deceased_Txn -->
        <test-method status="PASS" signature="getResult(org.testng.ITestResult)[pri:0, instance:tests.QCStore@5f9d02cb]" name="getResult" is-config="true" duration-ms="32" started-at="2019-04-18T07:44:17Z" finished-at="2019-04-18T07:44:17Z">
          <params>
            <param index="0">
              <value>
                <![CDATA[[TestResult name=JQC_ILP_Deceased_Txn status=SUCCESS method=QCStore.JQC_ILP_Deceased_Txn()[pri:6, instance:tests.QCStore@5f9d02cb] output={null}]]]>
              </value>
            </param>
          </params>
          <reporter-output>
          </reporter-output>
        </test-method> <!-- getResult -->
        <test-method status="PASS" signature="endReport()[pri:0, instance:tests.QCStore@5f9d02cb]" name="endReport" is-config="true" duration-ms="0" started-at="2019-04-18T07:44:17Z" finished-at="2019-04-18T07:44:17Z">
          <reporter-output>
          </reporter-output>
        </test-method> <!-- endReport -->
        <test-method status="PASS" signature="killProcess()[pri:0, instance:tests.QCStore@5f9d02cb]" name="killProcess" is-config="true" duration-ms="5008" started-at="2019-04-18T07:44:17Z" finished-at="2019-04-18T07:44:22Z">
          <reporter-output>
          </reporter-output>
        </test-method> <!-- killProcess -->
        <test-method status="PASS" signature="JQC_ILP_SignaturLoan_Default_Txn()[pri:7, instance:tests.QCStore@5f9d02cb]" name="JQC_ILP_SignaturLoan_Default_Txn" duration-ms="354833" started-at="2019-04-18T07:44:22Z" finished-at="2019-04-18T07:50:17Z">
          <reporter-output>
          </reporter-output>
        </test-method> <!-- JQC_ILP_SignaturLoan_Default_Txn -->
        <test-method status="PASS" signature="endReport()[pri:0, instance:tests.QCStore@5f9d02cb]" name="endReport" is-config="true" duration-ms="0" started-at="2019-04-18T07:50:17Z" finished-at="2019-04-18T07:50:17Z">
          <reporter-output>
          </reporter-output>
        </test-method> <!-- endReport -->
        <test-method status="PASS" signature="getResult(org.testng.ITestResult)[pri:0, instance:tests.QCStore@5f9d02cb]" name="getResult" is-config="true" duration-ms="47" started-at="2019-04-18T07:50:17Z" finished-at="2019-04-18T07:50:17Z">
          <params>
            <param index="0">
              <value>
                <![CDATA[[TestResult name=JQC_ILP_SignaturLoan_Default_Txn status=SUCCESS method=QCStore.JQC_ILP_SignaturLoan_Default_Txn()[pri:7, instance:tests.QCStore@5f9d02cb] output={null}]]]>
              </value>
            </param>
          </params>
          <reporter-output>
          </reporter-output>
        </test-method> <!-- getResult -->
      </class> <!-- tests.QCStore -->
    </test> <!-- Test -->
  </suite> <!-- Suite -->
</testng-results>
