<?xml version="1.0" encoding="UTF-8"?>
<testng-results skipped="0" failed="0" ignored="44" total="53" passed="9">
  <reporter-output>
  </reporter-output>
  <suite name="Suite" duration-ms="8257444" started-at="2019-03-29T12:57:39Z" finished-at="2019-03-29T15:15:17Z">
    <groups>
      <group name="Ratikanta_ILP">
        <method signature="QCStore.RQC_Bankruptcy_Discharge_Txn_Testdata()[pri:2, instance:tests.QCStore@5f9d02cb]" name="RQC_Bankruptcy_Discharge_Txn_Testdata" class="tests.QCStore"/>
        <method signature="QCStore.RQC_Bankruptcy_Dismiss_Txn_Testdata()[pri:3, instance:tests.QCStore@5f9d02cb]" name="RQC_Bankruptcy_Dismiss_Txn_Testdata" class="tests.QCStore"/>
        <method signature="QCStore.RQC_Bankruptcy_WORecovery_Txn_Testdata()[pri:1, instance:tests.QCStore@5f9d02cb]" name="RQC_Bankruptcy_WORecovery_Txn_Testdata" class="tests.QCStore"/>
        <method signature="QCStore.RQC_DefaultPayment_Txn_Testdata()[pri:5, instance:tests.QCStore@5f9d02cb]" name="RQC_DefaultPayment_Txn_Testdata" class="tests.QCStore"/>
        <method signature="QCStore.RQC_DefaultPayment_Void_Txn_Testdata()[pri:6, instance:tests.QCStore@5f9d02cb]" name="RQC_DefaultPayment_Void_Txn_Testdata" class="tests.QCStore"/>
        <method signature="QCStore.RQC_Default_Refinance_Txn_Testdata()[pri:4, instance:tests.QCStore@5f9d02cb]" name="RQC_Default_Refinance_Txn_Testdata" class="tests.QCStore"/>
        <method signature="QCStore.RQC_Default_TLPConversion_Txn_Testdata()[pri:9, instance:tests.QCStore@5f9d02cb]" name="RQC_Default_TLPConversion_Txn_Testdata" class="tests.QCStore"/>
        <method signature="QCStore.RQC_WriteOffRecovery_Txn_Testdata()[pri:7, instance:tests.QCStore@5f9d02cb]" name="RQC_WriteOffRecovery_Txn_Testdata" class="tests.QCStore"/>
        <method signature="QCStore.RQC_WriteOffRecovery_Void_Txn_Testdata()[pri:8, instance:tests.QCStore@5f9d02cb]" name="RQC_WriteOffRecovery_Void_Txn_Testdata" class="tests.QCStore"/>
      </group> <!-- Ratikanta_ILP -->
    </groups>
    <test name="Test" duration-ms="8257444" started-at="2019-03-29T12:57:39Z" finished-at="2019-03-29T15:15:17Z">
      <class name="tests.QCStore">
        <test-method status="PASS" signature="setup()[pri:0, instance:tests.QCStore@5f9d02cb]" name="setup" is-config="true" duration-ms="107" started-at="2019-03-29T12:57:39Z" finished-at="2019-03-29T12:57:40Z">
          <reporter-output>
          </reporter-output>
        </test-method> <!-- setup -->
        <test-method status="PASS" signature="killProcess()[pri:0, instance:tests.QCStore@5f9d02cb]" name="killProcess" is-config="true" duration-ms="5000" started-at="2019-03-29T12:57:40Z" finished-at="2019-03-29T12:57:45Z">
          <reporter-output>
          </reporter-output>
        </test-method> <!-- killProcess -->
        <test-method status="PASS" signature="RQC_Bankruptcy_WORecovery_Txn_Testdata()[pri:1, instance:tests.QCStore@5f9d02cb]" name="RQC_Bankruptcy_WORecovery_Txn_Testdata" duration-ms="586843" started-at="2019-03-29T12:57:45Z" finished-at="2019-03-29T13:07:31Z">
          <reporter-output>
          </reporter-output>
        </test-method> <!-- RQC_Bankruptcy_WORecovery_Txn_Testdata -->
        <test-method status="PASS" signature="endReport()[pri:0, instance:tests.QCStore@5f9d02cb]" name="endReport" is-config="true" duration-ms="0" started-at="2019-03-29T13:07:31Z" finished-at="2019-03-29T13:07:31Z">
          <reporter-output>
          </reporter-output>
        </test-method> <!-- endReport -->
        <test-method status="PASS" signature="getResult(org.testng.ITestResult)[pri:0, instance:tests.QCStore@5f9d02cb]" name="getResult" is-config="true" duration-ms="222" started-at="2019-03-29T13:07:31Z" finished-at="2019-03-29T13:07:32Z">
          <params>
            <param index="0">
              <value>
                <![CDATA[[TestResult name=RQC_Bankruptcy_WORecovery_Txn_Testdata status=SUCCESS method=QCStore.RQC_Bankruptcy_WORecovery_Txn_Testdata()[pri:1, instance:tests.QCStore@5f9d02cb] output={null}]]]>
              </value>
            </param>
          </params>
          <reporter-output>
          </reporter-output>
        </test-method> <!-- getResult -->
        <test-method status="PASS" signature="killProcess()[pri:0, instance:tests.QCStore@5f9d02cb]" name="killProcess" is-config="true" duration-ms="5000" started-at="2019-03-29T13:07:32Z" finished-at="2019-03-29T13:07:37Z">
          <reporter-output>
          </reporter-output>
        </test-method> <!-- killProcess -->
        <test-method status="PASS" signature="RQC_Bankruptcy_Discharge_Txn_Testdata()[pri:2, instance:tests.QCStore@5f9d02cb]" name="RQC_Bankruptcy_Discharge_Txn_Testdata" duration-ms="737687" started-at="2019-03-29T13:07:37Z" finished-at="2019-03-29T13:19:54Z">
          <reporter-output>
          </reporter-output>
        </test-method> <!-- RQC_Bankruptcy_Discharge_Txn_Testdata -->
        <test-method status="PASS" signature="endReport()[pri:0, instance:tests.QCStore@5f9d02cb]" name="endReport" is-config="true" duration-ms="0" started-at="2019-03-29T13:19:54Z" finished-at="2019-03-29T13:19:54Z">
          <reporter-output>
          </reporter-output>
        </test-method> <!-- endReport -->
        <test-method status="PASS" signature="getResult(org.testng.ITestResult)[pri:0, instance:tests.QCStore@5f9d02cb]" name="getResult" is-config="true" duration-ms="79" started-at="2019-03-29T13:19:54Z" finished-at="2019-03-29T13:19:54Z">
          <params>
            <param index="0">
              <value>
                <![CDATA[[TestResult name=RQC_Bankruptcy_Discharge_Txn_Testdata status=SUCCESS method=QCStore.RQC_Bankruptcy_Discharge_Txn_Testdata()[pri:2, instance:tests.QCStore@5f9d02cb] output={null}]]]>
              </value>
            </param>
          </params>
          <reporter-output>
          </reporter-output>
        </test-method> <!-- getResult -->
        <test-method status="PASS" signature="killProcess()[pri:0, instance:tests.QCStore@5f9d02cb]" name="killProcess" is-config="true" duration-ms="5001" started-at="2019-03-29T13:19:54Z" finished-at="2019-03-29T13:19:59Z">
          <reporter-output>
          </reporter-output>
        </test-method> <!-- killProcess -->
        <test-method status="PASS" signature="RQC_Bankruptcy_Dismiss_Txn_Testdata()[pri:3, instance:tests.QCStore@5f9d02cb]" name="RQC_Bankruptcy_Dismiss_Txn_Testdata" duration-ms="636929" started-at="2019-03-29T13:19:59Z" finished-at="2019-03-29T13:30:36Z">
          <reporter-output>
          </reporter-output>
        </test-method> <!-- RQC_Bankruptcy_Dismiss_Txn_Testdata -->
        <test-method status="PASS" signature="getResult(org.testng.ITestResult)[pri:0, instance:tests.QCStore@5f9d02cb]" name="getResult" is-config="true" duration-ms="72" started-at="2019-03-29T13:30:36Z" finished-at="2019-03-29T13:30:36Z">
          <params>
            <param index="0">
              <value>
                <![CDATA[[TestResult name=RQC_Bankruptcy_Dismiss_Txn_Testdata status=SUCCESS method=QCStore.RQC_Bankruptcy_Dismiss_Txn_Testdata()[pri:3, instance:tests.QCStore@5f9d02cb] output={null}]]]>
              </value>
            </param>
          </params>
          <reporter-output>
          </reporter-output>
        </test-method> <!-- getResult -->
        <test-method status="PASS" signature="endReport()[pri:0, instance:tests.QCStore@5f9d02cb]" name="endReport" is-config="true" duration-ms="0" started-at="2019-03-29T13:30:36Z" finished-at="2019-03-29T13:30:36Z">
          <reporter-output>
          </reporter-output>
        </test-method> <!-- endReport -->
        <test-method status="PASS" signature="killProcess()[pri:0, instance:tests.QCStore@5f9d02cb]" name="killProcess" is-config="true" duration-ms="5000" started-at="2019-03-29T13:30:36Z" finished-at="2019-03-29T13:30:41Z">
          <reporter-output>
          </reporter-output>
        </test-method> <!-- killProcess -->
        <test-method status="PASS" signature="RQC_Default_Refinance_Txn_Testdata()[pri:4, instance:tests.QCStore@5f9d02cb]" name="RQC_Default_Refinance_Txn_Testdata" duration-ms="1010227" started-at="2019-03-29T13:30:41Z" finished-at="2019-03-29T13:47:32Z">
          <reporter-output>
          </reporter-output>
        </test-method> <!-- RQC_Default_Refinance_Txn_Testdata -->
        <test-method status="PASS" signature="endReport()[pri:0, instance:tests.QCStore@5f9d02cb]" name="endReport" is-config="true" duration-ms="0" started-at="2019-03-29T13:47:32Z" finished-at="2019-03-29T13:47:32Z">
          <reporter-output>
          </reporter-output>
        </test-method> <!-- endReport -->
        <test-method status="PASS" signature="getResult(org.testng.ITestResult)[pri:0, instance:tests.QCStore@5f9d02cb]" name="getResult" is-config="true" duration-ms="48" started-at="2019-03-29T13:47:32Z" finished-at="2019-03-29T13:47:32Z">
          <params>
            <param index="0">
              <value>
                <![CDATA[[TestResult name=RQC_Default_Refinance_Txn_Testdata status=SUCCESS method=QCStore.RQC_Default_Refinance_Txn_Testdata()[pri:4, instance:tests.QCStore@5f9d02cb] output={null}]]]>
              </value>
            </param>
          </params>
          <reporter-output>
          </reporter-output>
        </test-method> <!-- getResult -->
        <test-method status="PASS" signature="killProcess()[pri:0, instance:tests.QCStore@5f9d02cb]" name="killProcess" is-config="true" duration-ms="5000" started-at="2019-03-29T13:47:32Z" finished-at="2019-03-29T13:47:37Z">
          <reporter-output>
          </reporter-output>
        </test-method> <!-- killProcess -->
        <test-method status="PASS" signature="RQC_DefaultPayment_Txn_Testdata()[pri:5, instance:tests.QCStore@5f9d02cb]" name="RQC_DefaultPayment_Txn_Testdata" duration-ms="1091633" started-at="2019-03-29T13:47:37Z" finished-at="2019-03-29T14:05:48Z">
          <reporter-output>
          </reporter-output>
        </test-method> <!-- RQC_DefaultPayment_Txn_Testdata -->
        <test-method status="PASS" signature="endReport()[pri:0, instance:tests.QCStore@5f9d02cb]" name="endReport" is-config="true" duration-ms="0" started-at="2019-03-29T14:05:48Z" finished-at="2019-03-29T14:05:48Z">
          <reporter-output>
          </reporter-output>
        </test-method> <!-- endReport -->
        <test-method status="PASS" signature="getResult(org.testng.ITestResult)[pri:0, instance:tests.QCStore@5f9d02cb]" name="getResult" is-config="true" duration-ms="52" started-at="2019-03-29T14:05:48Z" finished-at="2019-03-29T14:05:48Z">
          <params>
            <param index="0">
              <value>
                <![CDATA[[TestResult name=RQC_DefaultPayment_Txn_Testdata status=SUCCESS method=QCStore.RQC_DefaultPayment_Txn_Testdata()[pri:5, instance:tests.QCStore@5f9d02cb] output={null}]]]>
              </value>
            </param>
          </params>
          <reporter-output>
          </reporter-output>
        </test-method> <!-- getResult -->
        <test-method status="PASS" signature="killProcess()[pri:0, instance:tests.QCStore@5f9d02cb]" name="killProcess" is-config="true" duration-ms="5000" started-at="2019-03-29T14:05:48Z" finished-at="2019-03-29T14:05:53Z">
          <reporter-output>
          </reporter-output>
        </test-method> <!-- killProcess -->
        <test-method status="PASS" signature="RQC_DefaultPayment_Void_Txn_Testdata()[pri:6, instance:tests.QCStore@5f9d02cb]" name="RQC_DefaultPayment_Void_Txn_Testdata" duration-ms="1199321" started-at="2019-03-29T14:05:53Z" finished-at="2019-03-29T14:25:53Z">
          <reporter-output>
          </reporter-output>
        </test-method> <!-- RQC_DefaultPayment_Void_Txn_Testdata -->
        <test-method status="PASS" signature="endReport()[pri:0, instance:tests.QCStore@5f9d02cb]" name="endReport" is-config="true" duration-ms="0" started-at="2019-03-29T14:25:53Z" finished-at="2019-03-29T14:25:53Z">
          <reporter-output>
          </reporter-output>
        </test-method> <!-- endReport -->
        <test-method status="PASS" signature="getResult(org.testng.ITestResult)[pri:0, instance:tests.QCStore@5f9d02cb]" name="getResult" is-config="true" duration-ms="55" started-at="2019-03-29T14:25:53Z" finished-at="2019-03-29T14:25:53Z">
          <params>
            <param index="0">
              <value>
                <![CDATA[[TestResult name=RQC_DefaultPayment_Void_Txn_Testdata status=SUCCESS method=QCStore.RQC_DefaultPayment_Void_Txn_Testdata()[pri:6, instance:tests.QCStore@5f9d02cb] output={null}]]]>
              </value>
            </param>
          </params>
          <reporter-output>
          </reporter-output>
        </test-method> <!-- getResult -->
        <test-method status="PASS" signature="killProcess()[pri:0, instance:tests.QCStore@5f9d02cb]" name="killProcess" is-config="true" duration-ms="5000" started-at="2019-03-29T14:25:53Z" finished-at="2019-03-29T14:25:58Z">
          <reporter-output>
          </reporter-output>
        </test-method> <!-- killProcess -->
        <test-method status="PASS" signature="RQC_WriteOffRecovery_Txn_Testdata()[pri:7, instance:tests.QCStore@5f9d02cb]" name="RQC_WriteOffRecovery_Txn_Testdata" duration-ms="894085" started-at="2019-03-29T14:25:58Z" finished-at="2019-03-29T14:40:52Z">
          <reporter-output>
          </reporter-output>
        </test-method> <!-- RQC_WriteOffRecovery_Txn_Testdata -->
        <test-method status="PASS" signature="endReport()[pri:0, instance:tests.QCStore@5f9d02cb]" name="endReport" is-config="true" duration-ms="1" started-at="2019-03-29T14:40:52Z" finished-at="2019-03-29T14:40:52Z">
          <reporter-output>
          </reporter-output>
        </test-method> <!-- endReport -->
        <test-method status="PASS" signature="getResult(org.testng.ITestResult)[pri:0, instance:tests.QCStore@5f9d02cb]" name="getResult" is-config="true" duration-ms="57" started-at="2019-03-29T14:40:52Z" finished-at="2019-03-29T14:40:52Z">
          <params>
            <param index="0">
              <value>
                <![CDATA[[TestResult name=RQC_WriteOffRecovery_Txn_Testdata status=SUCCESS method=QCStore.RQC_WriteOffRecovery_Txn_Testdata()[pri:7, instance:tests.QCStore@5f9d02cb] output={null}]]]>
              </value>
            </param>
          </params>
          <reporter-output>
          </reporter-output>
        </test-method> <!-- getResult -->
        <test-method status="PASS" signature="killProcess()[pri:0, instance:tests.QCStore@5f9d02cb]" name="killProcess" is-config="true" duration-ms="5000" started-at="2019-03-29T14:40:52Z" finished-at="2019-03-29T14:40:57Z">
          <reporter-output>
          </reporter-output>
        </test-method> <!-- killProcess -->
        <test-method status="PASS" signature="RQC_WriteOffRecovery_Void_Txn_Testdata()[pri:8, instance:tests.QCStore@5f9d02cb]" name="RQC_WriteOffRecovery_Void_Txn_Testdata" duration-ms="909555" started-at="2019-03-29T14:40:57Z" finished-at="2019-03-29T14:56:06Z">
          <reporter-output>
          </reporter-output>
        </test-method> <!-- RQC_WriteOffRecovery_Void_Txn_Testdata -->
        <test-method status="PASS" signature="endReport()[pri:0, instance:tests.QCStore@5f9d02cb]" name="endReport" is-config="true" duration-ms="1" started-at="2019-03-29T14:56:06Z" finished-at="2019-03-29T14:56:06Z">
          <reporter-output>
          </reporter-output>
        </test-method> <!-- endReport -->
        <test-method status="PASS" signature="getResult(org.testng.ITestResult)[pri:0, instance:tests.QCStore@5f9d02cb]" name="getResult" is-config="true" duration-ms="57" started-at="2019-03-29T14:56:06Z" finished-at="2019-03-29T14:56:07Z">
          <params>
            <param index="0">
              <value>
                <![CDATA[[TestResult name=RQC_WriteOffRecovery_Void_Txn_Testdata status=SUCCESS method=QCStore.RQC_WriteOffRecovery_Void_Txn_Testdata()[pri:8, instance:tests.QCStore@5f9d02cb] output={null}]]]>
              </value>
            </param>
          </params>
          <reporter-output>
          </reporter-output>
        </test-method> <!-- getResult -->
        <test-method status="PASS" signature="killProcess()[pri:0, instance:tests.QCStore@5f9d02cb]" name="killProcess" is-config="true" duration-ms="5001" started-at="2019-03-29T14:56:07Z" finished-at="2019-03-29T14:56:12Z">
          <reporter-output>
          </reporter-output>
        </test-method> <!-- killProcess -->
        <test-method status="PASS" signature="RQC_Default_TLPConversion_Txn_Testdata()[pri:9, instance:tests.QCStore@5f9d02cb]" name="RQC_Default_TLPConversion_Txn_Testdata" duration-ms="1145315" started-at="2019-03-29T14:56:12Z" finished-at="2019-03-29T15:15:17Z">
          <reporter-output>
          </reporter-output>
        </test-method> <!-- RQC_Default_TLPConversion_Txn_Testdata -->
        <test-method status="PASS" signature="endReport()[pri:0, instance:tests.QCStore@5f9d02cb]" name="endReport" is-config="true" duration-ms="1" started-at="2019-03-29T15:15:17Z" finished-at="2019-03-29T15:15:17Z">
          <reporter-output>
          </reporter-output>
        </test-method> <!-- endReport -->
        <test-method status="PASS" signature="getResult(org.testng.ITestResult)[pri:0, instance:tests.QCStore@5f9d02cb]" name="getResult" is-config="true" duration-ms="63" started-at="2019-03-29T15:15:17Z" finished-at="2019-03-29T15:15:17Z">
          <params>
            <param index="0">
              <value>
                <![CDATA[[TestResult name=RQC_Default_TLPConversion_Txn_Testdata status=SUCCESS method=QCStore.RQC_Default_TLPConversion_Txn_Testdata()[pri:9, instance:tests.QCStore@5f9d02cb] output={null}]]]>
              </value>
            </param>
          </params>
          <reporter-output>
          </reporter-output>
        </test-method> <!-- getResult -->
      </class> <!-- tests.QCStore -->
    </test> <!-- Test -->
  </suite> <!-- Suite -->
</testng-results>
