<?xml version="1.0" encoding="UTF-8"?>
<testng-results skipped="0" failed="0" ignored="45" total="46" passed="1">
  <reporter-output>
  </reporter-output>
  <suite name="Suite" duration-ms="357193" started-at="2019-04-19T06:46:28Z" finished-at="2019-04-19T06:52:25Z">
    <groups>
      <group name="Anoop1">
        <method signature="QCStore.ILP_voidRefinance()[pri:14, instance:tests.QCStore@5f9d02cb]" name="ILP_voidRefinance" class="tests.QCStore"/>
      </group> <!-- Anoop1 -->
    </groups>
    <test name="Test" duration-ms="357193" started-at="2019-04-19T06:46:28Z" finished-at="2019-04-19T06:52:25Z">
      <class name="tests.QCStore">
        <test-method status="PASS" signature="setup()[pri:0, instance:tests.QCStore@5f9d02cb]" name="setup" is-config="true" duration-ms="110" started-at="2019-04-19T06:46:28Z" finished-at="2019-04-19T06:46:28Z">
          <reporter-output>
          </reporter-output>
        </test-method> <!-- setup -->
        <test-method status="PASS" signature="killProcess()[pri:0, instance:tests.QCStore@5f9d02cb]" name="killProcess" is-config="true" duration-ms="5001" started-at="2019-04-19T06:46:28Z" finished-at="2019-04-19T06:46:33Z">
          <reporter-output>
          </reporter-output>
        </test-method> <!-- killProcess -->
        <test-method status="PASS" signature="ILP_voidRefinance()[pri:14, instance:tests.QCStore@5f9d02cb]" name="ILP_voidRefinance" duration-ms="351855" started-at="2019-04-19T06:46:33Z" finished-at="2019-04-19T06:52:25Z">
          <reporter-output>
          </reporter-output>
        </test-method> <!-- ILP_voidRefinance -->
        <test-method status="PASS" signature="endReport()[pri:0, instance:tests.QCStore@5f9d02cb]" name="endReport" is-config="true" duration-ms="0" started-at="2019-04-19T06:52:25Z" finished-at="2019-04-19T06:52:25Z">
          <reporter-output>
          </reporter-output>
        </test-method> <!-- endReport -->
        <test-method status="PASS" signature="getResult(org.testng.ITestResult)[pri:0, instance:tests.QCStore@5f9d02cb]" name="getResult" is-config="true" duration-ms="212" started-at="2019-04-19T06:52:25Z" finished-at="2019-04-19T06:52:25Z">
          <params>
            <param index="0">
              <value>
                <![CDATA[[TestResult name=ILP_voidRefinance status=SUCCESS method=QCStore.ILP_voidRefinance()[pri:14, instance:tests.QCStore@5f9d02cb] output={null}]]]>
              </value>
            </param>
          </params>
          <reporter-output>
          </reporter-output>
        </test-method> <!-- getResult -->
      </class> <!-- tests.QCStore -->
    </test> <!-- Test -->
  </suite> <!-- Suite -->
</testng-results>
