<?xml version="1.0" encoding="UTF-8"?>
<testng-results skipped="0" failed="0" ignored="49" total="51" passed="2">
  <reporter-output>
  </reporter-output>
  <suite name="Suite" duration-ms="173214" started-at="2019-03-14T10:41:07Z" finished-at="2019-03-14T10:44:00Z">
    <groups>
      <group name="Brahmith1">
        <method signature="QCStore.QC_ILP_Refinanace_Txn()[pri:17, instance:tests.QCStore@5f9d02cb]" name="QC_ILP_Refinanace_Txn" class="tests.QCStore"/>
        <method signature="QCStore.QC_InstallPayment_Ref_Rescind_Txn()[pri:47, instance:tests.QCStore@5f9d02cb]" name="QC_InstallPayment_Ref_Rescind_Txn" class="tests.QCStore"/>
      </group> <!-- Brahmith1 -->
    </groups>
    <test name="Test" duration-ms="173214" started-at="2019-03-14T10:41:07Z" finished-at="2019-03-14T10:44:00Z">
      <class name="tests.QCStore">
        <test-method status="PASS" signature="setup()[pri:0, instance:tests.QCStore@5f9d02cb]" name="setup" is-config="true" duration-ms="108" started-at="2019-03-14T10:41:07Z" finished-at="2019-03-14T10:41:07Z">
          <reporter-output>
          </reporter-output>
        </test-method> <!-- setup -->
        <test-method status="PASS" signature="killProcess()[pri:0, instance:tests.QCStore@5f9d02cb]" name="killProcess" is-config="true" duration-ms="5000" started-at="2019-03-14T10:41:07Z" finished-at="2019-03-14T10:41:12Z">
          <reporter-output>
          </reporter-output>
        </test-method> <!-- killProcess -->
        <test-method status="PASS" signature="QC_ILP_Refinanace_Txn()[pri:17, instance:tests.QCStore@5f9d02cb]" name="QC_ILP_Refinanace_Txn" duration-ms="115696" started-at="2019-03-14T10:41:12Z" finished-at="2019-03-14T10:43:08Z">
          <reporter-output>
          </reporter-output>
        </test-method> <!-- QC_ILP_Refinanace_Txn -->
        <test-method status="PASS" signature="endReport()[pri:0, instance:tests.QCStore@5f9d02cb]" name="endReport" is-config="true" duration-ms="1" started-at="2019-03-14T10:43:08Z" finished-at="2019-03-14T10:43:08Z">
          <reporter-output>
          </reporter-output>
        </test-method> <!-- endReport -->
        <test-method status="PASS" signature="getResult(org.testng.ITestResult)[pri:0, instance:tests.QCStore@5f9d02cb]" name="getResult" is-config="true" duration-ms="292" started-at="2019-03-14T10:43:08Z" finished-at="2019-03-14T10:43:08Z">
          <params>
            <param index="0">
              <value>
                <![CDATA[[TestResult name=QC_ILP_Refinanace_Txn status=SUCCESS method=QCStore.QC_ILP_Refinanace_Txn()[pri:17, instance:tests.QCStore@5f9d02cb] output={null}]]]>
              </value>
            </param>
          </params>
          <reporter-output>
          </reporter-output>
        </test-method> <!-- getResult -->
        <test-method status="PASS" signature="killProcess()[pri:0, instance:tests.QCStore@5f9d02cb]" name="killProcess" is-config="true" duration-ms="5000" started-at="2019-03-14T10:43:08Z" finished-at="2019-03-14T10:43:13Z">
          <reporter-output>
          </reporter-output>
        </test-method> <!-- killProcess -->
        <test-method status="PASS" signature="QC_InstallPayment_Ref_Rescind_Txn()[pri:47, instance:tests.QCStore@5f9d02cb]" name="QC_InstallPayment_Ref_Rescind_Txn" duration-ms="46495" started-at="2019-03-14T10:43:13Z" finished-at="2019-03-14T10:43:59Z">
          <reporter-output>
          </reporter-output>
        </test-method> <!-- QC_InstallPayment_Ref_Rescind_Txn -->
        <test-method status="PASS" signature="endReport()[pri:0, instance:tests.QCStore@5f9d02cb]" name="endReport" is-config="true" duration-ms="0" started-at="2019-03-14T10:43:59Z" finished-at="2019-03-14T10:43:59Z">
          <reporter-output>
          </reporter-output>
        </test-method> <!-- endReport -->
        <test-method status="PASS" signature="getResult(org.testng.ITestResult)[pri:0, instance:tests.QCStore@5f9d02cb]" name="getResult" is-config="true" duration-ms="603" started-at="2019-03-14T10:43:59Z" finished-at="2019-03-14T10:44:00Z">
          <params>
            <param index="0">
              <value>
                <![CDATA[[TestResult name=QC_InstallPayment_Ref_Rescind_Txn status=SUCCESS method=QCStore.QC_InstallPayment_Ref_Rescind_Txn()[pri:47, instance:tests.QCStore@5f9d02cb] output={null}]]]>
              </value>
            </param>
          </params>
          <reporter-output>
          </reporter-output>
        </test-method> <!-- getResult -->
      </class> <!-- tests.QCStore -->
    </test> <!-- Test -->
  </suite> <!-- Suite -->
</testng-results>
