<?xml version="1.0" encoding="UTF-8"?>
<testng-results skipped="0" failed="0" ignored="24" total="25" passed="1">
  <reporter-output>
  </reporter-output>
  <suite name="Suite" duration-ms="1664384" started-at="2019-03-04T05:49:41Z" finished-at="2019-03-04T06:17:26Z">
    <groups>
      <group name="Ratikanta_ILP">
        <method signature="QCStore.RQC_DefaultPayment_Txn_Testdata()[pri:5, instance:tests.QCStore@527740a2]" name="RQC_DefaultPayment_Txn_Testdata" class="tests.QCStore"/>
      </group> <!-- Ratikanta_ILP -->
    </groups>
    <test name="Test" duration-ms="1664384" started-at="2019-03-04T05:49:41Z" finished-at="2019-03-04T06:17:26Z">
      <class name="tests.QCStore">
        <test-method status="PASS" signature="setup()[pri:0, instance:tests.QCStore@527740a2]" name="setup" is-config="true" duration-ms="93" started-at="2019-03-04T05:49:41Z" finished-at="2019-03-04T05:49:41Z">
          <reporter-output>
          </reporter-output>
        </test-method> <!-- setup -->
        <test-method status="PASS" signature="killProcess()[pri:0, instance:tests.QCStore@527740a2]" name="killProcess" is-config="true" duration-ms="5007" started-at="2019-03-04T05:49:41Z" finished-at="2019-03-04T05:49:46Z">
          <reporter-output>
          </reporter-output>
        </test-method> <!-- killProcess -->
        <test-method status="PASS" signature="RQC_DefaultPayment_Txn_Testdata()[pri:5, instance:tests.QCStore@527740a2]" name="RQC_DefaultPayment_Txn_Testdata" duration-ms="1659049" started-at="2019-03-04T05:49:46Z" finished-at="2019-03-04T06:17:25Z">
          <reporter-output>
          </reporter-output>
        </test-method> <!-- RQC_DefaultPayment_Txn_Testdata -->
        <test-method status="PASS" signature="endReport()[pri:0, instance:tests.QCStore@527740a2]" name="endReport" is-config="true" duration-ms="0" started-at="2019-03-04T06:17:25Z" finished-at="2019-03-04T06:17:25Z">
          <reporter-output>
          </reporter-output>
        </test-method> <!-- endReport -->
        <test-method status="PASS" signature="getResult(org.testng.ITestResult)[pri:0, instance:tests.QCStore@527740a2]" name="getResult" is-config="true" duration-ms="219" started-at="2019-03-04T06:17:25Z" finished-at="2019-03-04T06:17:26Z">
          <params>
            <param index="0">
              <value>
                <![CDATA[[TestResult name=RQC_DefaultPayment_Txn_Testdata status=SUCCESS method=QCStore.RQC_DefaultPayment_Txn_Testdata()[pri:5, instance:tests.QCStore@527740a2] output={null}]]]>
              </value>
            </param>
          </params>
          <reporter-output>
          </reporter-output>
        </test-method> <!-- getResult -->
      </class> <!-- tests.QCStore -->
    </test> <!-- Test -->
  </suite> <!-- Suite -->
</testng-results>
