<?xml version="1.0" encoding="UTF-8"?>
<testng-results skipped="0" failed="1" ignored="40" total="47" passed="6">
  <reporter-output>
  </reporter-output>
  <suite name="Suite" duration-ms="3277286" started-at="2019-04-05T13:31:53Z" finished-at="2019-04-05T14:26:31Z">
    <groups>
      <group name="Anoop">
        <method signature="QCStore.ILP_CheckAutoClear()[pri:11, instance:tests.QCStore@5f9d02cb]" name="ILP_CheckAutoClear" class="tests.QCStore"/>
        <method signature="QCStore.ILP_ProcessClear()[pri:10, instance:tests.QCStore@5f9d02cb]" name="ILP_ProcessClear" class="tests.QCStore"/>
        <method signature="QCStore.ILP_RefinanceStepSame()[pri:7, instance:tests.QCStore@5f9d02cb]" name="ILP_RefinanceStepSame" class="tests.QCStore"/>
        <method signature="QCStore.ILP_RefinanceStepSame_Void()[pri:9, instance:tests.QCStore@5f9d02cb]" name="ILP_RefinanceStepSame_Void" class="tests.QCStore"/>
        <method signature="QCStore.ILP_RefinanceStepUpVoid()[pri:8, instance:tests.QCStore@5f9d02cb]" name="ILP_RefinanceStepUpVoid" class="tests.QCStore"/>
        <method signature="QCStore.ILP_borrowregNewloan()[pri:13, instance:tests.QCStore@5f9d02cb]" name="ILP_borrowregNewloan" class="tests.QCStore"/>
        <method signature="QCStore.ILP_voidRefinance()[pri:14, instance:tests.QCStore@5f9d02cb]" name="ILP_voidRefinance" class="tests.QCStore"/>
      </group> <!-- Anoop -->
    </groups>
    <test name="Test" duration-ms="3277286" started-at="2019-04-05T13:31:53Z" finished-at="2019-04-05T14:26:31Z">
      <class name="tests.QCStore">
        <test-method status="PASS" signature="setup()[pri:0, instance:tests.QCStore@5f9d02cb]" name="setup" is-config="true" duration-ms="107" started-at="2019-04-05T13:31:53Z" finished-at="2019-04-05T13:31:54Z">
          <reporter-output>
          </reporter-output>
        </test-method> <!-- setup -->
        <test-method status="PASS" signature="killProcess()[pri:0, instance:tests.QCStore@5f9d02cb]" name="killProcess" is-config="true" duration-ms="5001" started-at="2019-04-05T13:31:54Z" finished-at="2019-04-05T13:31:59Z">
          <reporter-output>
          </reporter-output>
        </test-method> <!-- killProcess -->
        <test-method status="PASS" signature="ILP_RefinanceStepSame()[pri:7, instance:tests.QCStore@5f9d02cb]" name="ILP_RefinanceStepSame" duration-ms="630717" started-at="2019-04-05T13:31:59Z" finished-at="2019-04-05T13:42:29Z">
          <reporter-output>
          </reporter-output>
        </test-method> <!-- ILP_RefinanceStepSame -->
        <test-method status="PASS" signature="endReport()[pri:0, instance:tests.QCStore@5f9d02cb]" name="endReport" is-config="true" duration-ms="0" started-at="2019-04-05T13:42:29Z" finished-at="2019-04-05T13:42:29Z">
          <reporter-output>
          </reporter-output>
        </test-method> <!-- endReport -->
        <test-method status="PASS" signature="getResult(org.testng.ITestResult)[pri:0, instance:tests.QCStore@5f9d02cb]" name="getResult" is-config="true" duration-ms="279" started-at="2019-04-05T13:42:29Z" finished-at="2019-04-05T13:42:30Z">
          <params>
            <param index="0">
              <value>
                <![CDATA[[TestResult name=ILP_RefinanceStepSame status=SUCCESS method=QCStore.ILP_RefinanceStepSame()[pri:7, instance:tests.QCStore@5f9d02cb] output={null}]]]>
              </value>
            </param>
          </params>
          <reporter-output>
          </reporter-output>
        </test-method> <!-- getResult -->
        <test-method status="PASS" signature="killProcess()[pri:0, instance:tests.QCStore@5f9d02cb]" name="killProcess" is-config="true" duration-ms="5000" started-at="2019-04-05T13:42:30Z" finished-at="2019-04-05T13:42:35Z">
          <reporter-output>
          </reporter-output>
        </test-method> <!-- killProcess -->
        <test-method status="PASS" signature="ILP_RefinanceStepUpVoid()[pri:8, instance:tests.QCStore@5f9d02cb]" name="ILP_RefinanceStepUpVoid" duration-ms="657219" started-at="2019-04-05T13:42:35Z" finished-at="2019-04-05T13:53:32Z">
          <reporter-output>
          </reporter-output>
        </test-method> <!-- ILP_RefinanceStepUpVoid -->
        <test-method status="PASS" signature="getResult(org.testng.ITestResult)[pri:0, instance:tests.QCStore@5f9d02cb]" name="getResult" is-config="true" duration-ms="87" started-at="2019-04-05T13:53:32Z" finished-at="2019-04-05T13:53:32Z">
          <params>
            <param index="0">
              <value>
                <![CDATA[[TestResult name=ILP_RefinanceStepUpVoid status=SUCCESS method=QCStore.ILP_RefinanceStepUpVoid()[pri:8, instance:tests.QCStore@5f9d02cb] output={null}]]]>
              </value>
            </param>
          </params>
          <reporter-output>
          </reporter-output>
        </test-method> <!-- getResult -->
        <test-method status="PASS" signature="endReport()[pri:0, instance:tests.QCStore@5f9d02cb]" name="endReport" is-config="true" duration-ms="0" started-at="2019-04-05T13:53:32Z" finished-at="2019-04-05T13:53:32Z">
          <reporter-output>
          </reporter-output>
        </test-method> <!-- endReport -->
        <test-method status="PASS" signature="killProcess()[pri:0, instance:tests.QCStore@5f9d02cb]" name="killProcess" is-config="true" duration-ms="5000" started-at="2019-04-05T13:53:32Z" finished-at="2019-04-05T13:53:37Z">
          <reporter-output>
          </reporter-output>
        </test-method> <!-- killProcess -->
        <test-method status="PASS" signature="ILP_RefinanceStepSame_Void()[pri:9, instance:tests.QCStore@5f9d02cb]" name="ILP_RefinanceStepSame_Void" duration-ms="660033" started-at="2019-04-05T13:53:37Z" finished-at="2019-04-05T14:04:37Z">
          <reporter-output>
          </reporter-output>
        </test-method> <!-- ILP_RefinanceStepSame_Void -->
        <test-method status="PASS" signature="endReport()[pri:0, instance:tests.QCStore@5f9d02cb]" name="endReport" is-config="true" duration-ms="1" started-at="2019-04-05T14:04:37Z" finished-at="2019-04-05T14:04:37Z">
          <reporter-output>
          </reporter-output>
        </test-method> <!-- endReport -->
        <test-method status="PASS" signature="getResult(org.testng.ITestResult)[pri:0, instance:tests.QCStore@5f9d02cb]" name="getResult" is-config="true" duration-ms="35" started-at="2019-04-05T14:04:37Z" finished-at="2019-04-05T14:04:37Z">
          <params>
            <param index="0">
              <value>
                <![CDATA[[TestResult name=ILP_RefinanceStepSame_Void status=SUCCESS method=QCStore.ILP_RefinanceStepSame_Void()[pri:9, instance:tests.QCStore@5f9d02cb] output={null}]]]>
              </value>
            </param>
          </params>
          <reporter-output>
          </reporter-output>
        </test-method> <!-- getResult -->
        <test-method status="PASS" signature="killProcess()[pri:0, instance:tests.QCStore@5f9d02cb]" name="killProcess" is-config="true" duration-ms="5000" started-at="2019-04-05T14:04:37Z" finished-at="2019-04-05T14:04:42Z">
          <reporter-output>
          </reporter-output>
        </test-method> <!-- killProcess -->
        <test-method status="PASS" signature="ILP_ProcessClear()[pri:10, instance:tests.QCStore@5f9d02cb]" name="ILP_ProcessClear" duration-ms="562632" started-at="2019-04-05T14:04:42Z" finished-at="2019-04-05T14:14:05Z">
          <reporter-output>
          </reporter-output>
        </test-method> <!-- ILP_ProcessClear -->
        <test-method status="PASS" signature="getResult(org.testng.ITestResult)[pri:0, instance:tests.QCStore@5f9d02cb]" name="getResult" is-config="true" duration-ms="37" started-at="2019-04-05T14:14:05Z" finished-at="2019-04-05T14:14:05Z">
          <params>
            <param index="0">
              <value>
                <![CDATA[[TestResult name=ILP_ProcessClear status=SUCCESS method=QCStore.ILP_ProcessClear()[pri:10, instance:tests.QCStore@5f9d02cb] output={null}]]]>
              </value>
            </param>
          </params>
          <reporter-output>
          </reporter-output>
        </test-method> <!-- getResult -->
        <test-method status="PASS" signature="endReport()[pri:0, instance:tests.QCStore@5f9d02cb]" name="endReport" is-config="true" duration-ms="0" started-at="2019-04-05T14:14:05Z" finished-at="2019-04-05T14:14:05Z">
          <reporter-output>
          </reporter-output>
        </test-method> <!-- endReport -->
        <test-method status="PASS" signature="killProcess()[pri:0, instance:tests.QCStore@5f9d02cb]" name="killProcess" is-config="true" duration-ms="5001" started-at="2019-04-05T14:14:05Z" finished-at="2019-04-05T14:14:10Z">
          <reporter-output>
          </reporter-output>
        </test-method> <!-- killProcess -->
        <test-method status="PASS" signature="ILP_CheckAutoClear()[pri:11, instance:tests.QCStore@5f9d02cb]" name="ILP_CheckAutoClear" duration-ms="585191" started-at="2019-04-05T14:14:10Z" finished-at="2019-04-05T14:23:55Z">
          <reporter-output>
          </reporter-output>
        </test-method> <!-- ILP_CheckAutoClear -->
        <test-method status="PASS" signature="getResult(org.testng.ITestResult)[pri:0, instance:tests.QCStore@5f9d02cb]" name="getResult" is-config="true" duration-ms="34" started-at="2019-04-05T14:23:55Z" finished-at="2019-04-05T14:23:55Z">
          <params>
            <param index="0">
              <value>
                <![CDATA[[TestResult name=ILP_CheckAutoClear status=SUCCESS method=QCStore.ILP_CheckAutoClear()[pri:11, instance:tests.QCStore@5f9d02cb] output={null}]]]>
              </value>
            </param>
          </params>
          <reporter-output>
          </reporter-output>
        </test-method> <!-- getResult -->
        <test-method status="PASS" signature="endReport()[pri:0, instance:tests.QCStore@5f9d02cb]" name="endReport" is-config="true" duration-ms="0" started-at="2019-04-05T14:23:55Z" finished-at="2019-04-05T14:23:55Z">
          <reporter-output>
          </reporter-output>
        </test-method> <!-- endReport -->
        <test-method status="PASS" signature="killProcess()[pri:0, instance:tests.QCStore@5f9d02cb]" name="killProcess" is-config="true" duration-ms="5000" started-at="2019-04-05T14:23:55Z" finished-at="2019-04-05T14:24:00Z">
          <reporter-output>
          </reporter-output>
        </test-method> <!-- killProcess -->
        <test-method status="PASS" signature="ILP_borrowregNewloan()[pri:13, instance:tests.QCStore@5f9d02cb]" name="ILP_borrowregNewloan" duration-ms="145837" started-at="2019-04-05T14:24:00Z" finished-at="2019-04-05T14:26:26Z">
          <reporter-output>
          </reporter-output>
        </test-method> <!-- ILP_borrowregNewloan -->
        <test-method status="PASS" signature="getResult(org.testng.ITestResult)[pri:0, instance:tests.QCStore@5f9d02cb]" name="getResult" is-config="true" duration-ms="40" started-at="2019-04-05T14:26:26Z" finished-at="2019-04-05T14:26:26Z">
          <params>
            <param index="0">
              <value>
                <![CDATA[[TestResult name=ILP_borrowregNewloan status=SUCCESS method=QCStore.ILP_borrowregNewloan()[pri:13, instance:tests.QCStore@5f9d02cb] output={null}]]]>
              </value>
            </param>
          </params>
          <reporter-output>
          </reporter-output>
        </test-method> <!-- getResult -->
        <test-method status="PASS" signature="endReport()[pri:0, instance:tests.QCStore@5f9d02cb]" name="endReport" is-config="true" duration-ms="0" started-at="2019-04-05T14:26:26Z" finished-at="2019-04-05T14:26:26Z">
          <reporter-output>
          </reporter-output>
        </test-method> <!-- endReport -->
        <test-method status="PASS" signature="killProcess()[pri:0, instance:tests.QCStore@5f9d02cb]" name="killProcess" is-config="true" duration-ms="5000" started-at="2019-04-05T14:26:26Z" finished-at="2019-04-05T14:26:31Z">
          <reporter-output>
          </reporter-output>
        </test-method> <!-- killProcess -->
        <test-method status="FAIL" signature="ILP_voidRefinance()[pri:14, instance:tests.QCStore@5f9d02cb]" name="ILP_voidRefinance" duration-ms="2" started-at="2019-04-05T14:26:31Z" finished-at="2019-04-05T14:26:31Z">
          <exception class="java.io.FileNotFoundException">
            <message>
              <![CDATA[C:\QC_Batch\QC_ILP\ATestData\CSR\ILP_Monthly\QC_Loan_Refinance_Void.xls (The system cannot find the file specified)]]>
            </message>
            <full-stacktrace>
              <![CDATA[java.io.FileNotFoundException: C:\QC_Batch\QC_ILP\ATestData\CSR\ILP_Monthly\QC_Loan_Refinance_Void.xls (The system cannot find the file specified)
at java.io.FileInputStream.open0(Native Method)
at java.io.FileInputStream.open(Unknown Source)
at java.io.FileInputStream.<init>(Unknown Source)
at java.io.FileInputStream.<init>(Unknown Source)
at tests.ExcelNew.<init>(ExcelNew.java:35)
at tests.QCStore.ILP_voidRefinance(QCStore.java:2459)
at sun.reflect.NativeMethodAccessorImpl.invoke0(Native Method)
at sun.reflect.NativeMethodAccessorImpl.invoke(Unknown Source)
at sun.reflect.DelegatingMethodAccessorImpl.invoke(Unknown Source)
at java.lang.reflect.Method.invoke(Unknown Source)
at org.testng.internal.MethodInvocationHelper.invokeMethod(MethodInvocationHelper.java:124)
at org.testng.internal.Invoker.invokeMethod(Invoker.java:583)
at org.testng.internal.Invoker.invokeTestMethod(Invoker.java:719)
at org.testng.internal.Invoker.invokeTestMethods(Invoker.java:989)
at org.testng.internal.TestMethodWorker.invokeTestMethods(TestMethodWorker.java:125)
at org.testng.internal.TestMethodWorker.run(TestMethodWorker.java:109)
at org.testng.TestRunner.privateRun(TestRunner.java:648)
at org.testng.TestRunner.run(TestRunner.java:505)
at org.testng.SuiteRunner.runTest(SuiteRunner.java:455)
at org.testng.SuiteRunner.runSequentially(SuiteRunner.java:450)
at org.testng.SuiteRunner.privateRun(SuiteRunner.java:415)
at org.testng.SuiteRunner.run(SuiteRunner.java:364)
at org.testng.SuiteRunnerWorker.runSuite(SuiteRunnerWorker.java:52)
at org.testng.SuiteRunnerWorker.run(SuiteRunnerWorker.java:84)
at org.testng.TestNG.runSuitesSequentially(TestNG.java:1208)
at org.testng.TestNG.runSuitesLocally(TestNG.java:1137)
at org.testng.TestNG.runSuites(TestNG.java:1049)
at org.testng.TestNG.run(TestNG.java:1017)
at org.testng.remote.AbstractRemoteTestNG.run(AbstractRemoteTestNG.java:114)
at org.testng.remote.RemoteTestNG.initAndRun(RemoteTestNG.java:251)
at org.testng.remote.RemoteTestNG.main(RemoteTestNG.java:77)
]]>
            </full-stacktrace>
          </exception> <!-- java.io.FileNotFoundException -->
          <reporter-output>
          </reporter-output>
        </test-method> <!-- ILP_voidRefinance -->
        <test-method status="PASS" signature="endReport()[pri:0, instance:tests.QCStore@5f9d02cb]" name="endReport" is-config="true" duration-ms="0" started-at="2019-04-05T14:26:31Z" finished-at="2019-04-05T14:26:31Z">
          <reporter-output>
          </reporter-output>
        </test-method> <!-- endReport -->
        <test-method status="FAIL" signature="getResult(org.testng.ITestResult)[pri:0, instance:tests.QCStore@5f9d02cb]" name="getResult" is-config="true" duration-ms="3" started-at="2019-04-05T14:26:31Z" finished-at="2019-04-05T14:26:31Z">
          <params>
            <param index="0">
              <value>
                <![CDATA[[TestResult name=ILP_voidRefinance status=FAILURE method=QCStore.ILP_voidRefinance()[pri:14, instance:tests.QCStore@5f9d02cb] output={null}]]]>
              </value>
            </param>
          </params>
          <exception class="org.openqa.selenium.NoSuchSessionException">
            <message>
              <![CDATA[Session ID is null. Using WebDriver after calling quit()?
Build info: version: '3.14.0', revision: 'aacccce0', time: '2018-08-02T20:19:58.91Z'
System info: host: 'QTLSYS2-48', ip: '192.168.2.48', os.name: 'Windows 7', os.arch: 'amd64', os.version: '6.1', java.version: '1.8.0_171'
Driver info: driver.version: RemoteWebDriver]]>
            </message>
            <full-stacktrace>
              <![CDATA[org.openqa.selenium.NoSuchSessionException: Session ID is null. Using WebDriver after calling quit()?
Build info: version: '3.14.0', revision: 'aacccce0', time: '2018-08-02T20:19:58.91Z'
System info: host: 'QTLSYS2-48', ip: '192.168.2.48', os.name: 'Windows 7', os.arch: 'amd64', os.version: '6.1', java.version: '1.8.0_171'
Driver info: driver.version: RemoteWebDriver
at org.openqa.selenium.remote.HttpCommandExecutor.execute(HttpCommandExecutor.java:125)
at org.openqa.selenium.remote.service.DriverCommandExecutor.execute(DriverCommandExecutor.java:83)
at org.openqa.selenium.remote.RemoteWebDriver.execute(RemoteWebDriver.java:548)
at org.openqa.selenium.remote.RemoteWebDriver.execute(RemoteWebDriver.java:605)
at org.openqa.selenium.remote.RemoteWebDriver.getScreenshotAs(RemoteWebDriver.java:294)
at tests.QCStore.getScreenhot(QCStore.java:3407)
at tests.QCStore.getResult(QCStore.java:3427)
at sun.reflect.NativeMethodAccessorImpl.invoke0(Native Method)
at sun.reflect.NativeMethodAccessorImpl.invoke(Unknown Source)
at sun.reflect.DelegatingMethodAccessorImpl.invoke(Unknown Source)
at java.lang.reflect.Method.invoke(Unknown Source)
at org.testng.internal.MethodInvocationHelper.invokeMethod(MethodInvocationHelper.java:124)
at org.testng.internal.MethodInvocationHelper.invokeMethodConsideringTimeout(MethodInvocationHelper.java:59)
at org.testng.internal.Invoker.invokeConfigurationMethod(Invoker.java:458)
at org.testng.internal.Invoker.invokeConfigurations(Invoker.java:222)
at org.testng.internal.Invoker.invokeMethod(Invoker.java:646)
at org.testng.internal.Invoker.invokeTestMethod(Invoker.java:719)
at org.testng.internal.Invoker.invokeTestMethods(Invoker.java:989)
at org.testng.internal.TestMethodWorker.invokeTestMethods(TestMethodWorker.java:125)
at org.testng.internal.TestMethodWorker.run(TestMethodWorker.java:109)
at org.testng.TestRunner.privateRun(TestRunner.java:648)
at org.testng.TestRunner.run(TestRunner.java:505)
at org.testng.SuiteRunner.runTest(SuiteRunner.java:455)
at org.testng.SuiteRunner.runSequentially(SuiteRunner.java:450)
at org.testng.SuiteRunner.privateRun(SuiteRunner.java:415)
at org.testng.SuiteRunner.run(SuiteRunner.java:364)
at org.testng.SuiteRunnerWorker.runSuite(SuiteRunnerWorker.java:52)
at org.testng.SuiteRunnerWorker.run(SuiteRunnerWorker.java:84)
at org.testng.TestNG.runSuitesSequentially(TestNG.java:1208)
at org.testng.TestNG.runSuitesLocally(TestNG.java:1137)
at org.testng.TestNG.runSuites(TestNG.java:1049)
at org.testng.TestNG.run(TestNG.java:1017)
at org.testng.remote.AbstractRemoteTestNG.run(AbstractRemoteTestNG.java:114)
at org.testng.remote.RemoteTestNG.initAndRun(RemoteTestNG.java:251)
at org.testng.remote.RemoteTestNG.main(RemoteTestNG.java:77)
]]>
            </full-stacktrace>
          </exception> <!-- org.openqa.selenium.NoSuchSessionException -->
          <reporter-output>
          </reporter-output>
        </test-method> <!-- getResult -->
      </class> <!-- tests.QCStore -->
    </test> <!-- Test -->
  </suite> <!-- Suite -->
</testng-results>
