<?xml version="1.0" encoding="UTF-8"?>
<testng-results skipped="0" failed="0" ignored="51" total="52" passed="1">
  <reporter-output>
  </reporter-output>
  <suite name="Suite" duration-ms="75424" started-at="2019-04-15T09:29:31Z" finished-at="2019-04-15T09:30:46Z">
    <groups>
      <group name="Janaki_EOD_set2">
        <method signature="QCStore.JQC_ILP_GraceDays_Deposit_EOD_Txn()[pri:9, instance:tests.QCStore@5f9d02cb]" name="JQC_ILP_GraceDays_Deposit_EOD_Txn" class="tests.QCStore"/>
      </group> <!-- Janaki_EOD_set2 -->
    </groups>
    <test name="Test" duration-ms="75424" started-at="2019-04-15T09:29:31Z" finished-at="2019-04-15T09:30:46Z">
      <class name="tests.QCStore">
        <test-method status="PASS" signature="setup()[pri:0, instance:tests.QCStore@5f9d02cb]" name="setup" is-config="true" duration-ms="94" started-at="2019-04-15T09:29:31Z" finished-at="2019-04-15T09:29:31Z">
          <reporter-output>
          </reporter-output>
        </test-method> <!-- setup -->
        <test-method status="PASS" signature="killProcess()[pri:0, instance:tests.QCStore@5f9d02cb]" name="killProcess" is-config="true" duration-ms="5007" started-at="2019-04-15T09:29:31Z" finished-at="2019-04-15T09:29:36Z">
          <reporter-output>
          </reporter-output>
        </test-method> <!-- killProcess -->
        <test-method status="PASS" signature="JQC_ILP_GraceDays_Deposit_EOD_Txn()[pri:9, instance:tests.QCStore@5f9d02cb]" name="JQC_ILP_GraceDays_Deposit_EOD_Txn" duration-ms="70152" started-at="2019-04-15T09:29:36Z" finished-at="2019-04-15T09:30:46Z">
          <reporter-output>
          </reporter-output>
        </test-method> <!-- JQC_ILP_GraceDays_Deposit_EOD_Txn -->
        <test-method status="PASS" signature="getResult(org.testng.ITestResult)[pri:0, instance:tests.QCStore@5f9d02cb]" name="getResult" is-config="true" duration-ms="171" started-at="2019-04-15T09:30:46Z" finished-at="2019-04-15T09:30:46Z">
          <params>
            <param index="0">
              <value>
                <![CDATA[[TestResult name=JQC_ILP_GraceDays_Deposit_EOD_Txn status=SUCCESS method=QCStore.JQC_ILP_GraceDays_Deposit_EOD_Txn()[pri:9, instance:tests.QCStore@5f9d02cb] output={null}]]]>
              </value>
            </param>
          </params>
          <reporter-output>
          </reporter-output>
        </test-method> <!-- getResult -->
        <test-method status="PASS" signature="endReport()[pri:0, instance:tests.QCStore@5f9d02cb]" name="endReport" is-config="true" duration-ms="0" started-at="2019-04-15T09:30:46Z" finished-at="2019-04-15T09:30:46Z">
          <reporter-output>
          </reporter-output>
        </test-method> <!-- endReport -->
      </class> <!-- tests.QCStore -->
    </test> <!-- Test -->
  </suite> <!-- Suite -->
</testng-results>
