<?xml version="1.0" encoding="UTF-8"?>
<!-- Generated by org.testng.reporters.JUnitXMLReporter -->
<testsuite hostname="Ratikanta-pc" ignored="0" name="Default test" tests="9" failures="0" timestamp="20 Feb 2019 09:59:13 GMT" time="12635.636" errors="0">
  <testcase name="RQC_Bankruptcy_WORecovery_Txn_Testdata" time="652.465" classname="tests.QCStore"/>
  <testcase name="RQC_Bankruptcy_Discharge_Txn_Testdata" time="728.546" classname="tests.QCStore"/>
  <testcase name="RQC_Bankruptcy_Dismiss_Txn_Testdata" time="749.784" classname="tests.QCStore"/>
  <testcase name="RQC_Default_Refinance_Txn_Testdata" time="1812.433" classname="tests.QCStore"/>
  <testcase name="RQC_DefaultPayment_Txn_Testdata" time="2053.093" classname="tests.QCStore"/>
  <testcase name="RQC_DefaultPayment_Void_Txn_Testdata" time="1933.859" classname="tests.QCStore"/>
  <testcase name="RQC_WriteOffRecovery_Txn_Testdata" time="1359.387" classname="tests.QCStore"/>
  <testcase name="RQC_WriteOffRecovery_Void_Txn_Testdata" time="1320.015" classname="tests.QCStore"/>
  <testcase name="RQC_Default_TLPConversion_Txn_Testdata" time="1980.248" classname="tests.QCStore"/>
</testsuite> <!-- Default test -->
