<?xml version="1.0" encoding="UTF-8"?>
<testng-results skipped="0" failed="0" ignored="26" total="30" passed="4">
  <reporter-output>
  </reporter-output>
  <suite name="Suite" duration-ms="1786473" started-at="2019-05-08T09:38:43Z" finished-at="2019-05-08T10:08:29Z">
    <groups>
      <group name="Janaki">
        <method signature="QCStore.JQC_DefaultPayment_Txn_Testdata()[pri:207, instance:tests.QCStore@5f9d02cb]" name="JQC_DefaultPayment_Txn_Testdata" class="tests.QCStore"/>
        <method signature="QCStore.JQC_DefaultPayment_Void_Txn_Testdata()[pri:208, instance:tests.QCStore@5f9d02cb]" name="JQC_DefaultPayment_Void_Txn_Testdata" class="tests.QCStore"/>
        <method signature="QCStore.JQC_TLP_Deceased_Txn()[pri:206, instance:tests.QCStore@5f9d02cb]" name="JQC_TLP_Deceased_Txn" class="tests.QCStore"/>
        <method signature="QCStore.JQC_TLP_GraceDays_Deposit_dropdown_Txn()[pri:205, instance:tests.QCStore@5f9d02cb]" name="JQC_TLP_GraceDays_Deposit_dropdown_Txn" class="tests.QCStore"/>
      </group> <!-- Janaki -->
    </groups>
    <test name="Test" duration-ms="1786473" started-at="2019-05-08T09:38:43Z" finished-at="2019-05-08T10:08:29Z">
      <class name="tests.QCStore">
        <test-method status="PASS" signature="setup()[pri:0, instance:tests.QCStore@5f9d02cb]" name="setup" is-config="true" duration-ms="81" started-at="2019-05-08T09:38:43Z" finished-at="2019-05-08T09:38:43Z">
          <reporter-output>
          </reporter-output>
        </test-method> <!-- setup -->
        <test-method status="PASS" signature="killProcess()[pri:0, instance:tests.QCStore@5f9d02cb]" name="killProcess" is-config="true" duration-ms="5000" started-at="2019-05-08T09:38:43Z" finished-at="2019-05-08T09:38:48Z">
          <reporter-output>
          </reporter-output>
        </test-method> <!-- killProcess -->
        <test-method status="PASS" signature="JQC_TLP_GraceDays_Deposit_dropdown_Txn()[pri:205, instance:tests.QCStore@5f9d02cb]" name="JQC_TLP_GraceDays_Deposit_dropdown_Txn" duration-ms="352173" started-at="2019-05-08T09:38:48Z" finished-at="2019-05-08T09:44:40Z">
          <reporter-output>
          </reporter-output>
        </test-method> <!-- JQC_TLP_GraceDays_Deposit_dropdown_Txn -->
        <test-method status="PASS" signature="endReport()[pri:0, instance:tests.QCStore@5f9d02cb]" name="endReport" is-config="true" duration-ms="0" started-at="2019-05-08T09:44:40Z" finished-at="2019-05-08T09:44:40Z">
          <reporter-output>
          </reporter-output>
        </test-method> <!-- endReport -->
        <test-method status="PASS" signature="getResult(org.testng.ITestResult)[pri:0, instance:tests.QCStore@5f9d02cb]" name="getResult" is-config="true" duration-ms="188" started-at="2019-05-08T09:44:40Z" finished-at="2019-05-08T09:44:40Z">
          <params>
            <param index="0">
              <value>
                <![CDATA[[TestResult name=JQC_TLP_GraceDays_Deposit_dropdown_Txn status=SUCCESS method=QCStore.JQC_TLP_GraceDays_Deposit_dropdown_Txn()[pri:205, instance:tests.QCStore@5f9d02cb] output={null}]]]>
              </value>
            </param>
          </params>
          <reporter-output>
          </reporter-output>
        </test-method> <!-- getResult -->
        <test-method status="PASS" signature="killProcess()[pri:0, instance:tests.QCStore@5f9d02cb]" name="killProcess" is-config="true" duration-ms="5000" started-at="2019-05-08T09:44:40Z" finished-at="2019-05-08T09:44:45Z">
          <reporter-output>
          </reporter-output>
        </test-method> <!-- killProcess -->
        <test-method status="PASS" signature="JQC_TLP_Deceased_Txn()[pri:206, instance:tests.QCStore@5f9d02cb]" name="JQC_TLP_Deceased_Txn" duration-ms="306661" started-at="2019-05-08T09:44:45Z" finished-at="2019-05-08T09:49:52Z">
          <reporter-output>
          </reporter-output>
        </test-method> <!-- JQC_TLP_Deceased_Txn -->
        <test-method status="PASS" signature="getResult(org.testng.ITestResult)[pri:0, instance:tests.QCStore@5f9d02cb]" name="getResult" is-config="true" duration-ms="51" started-at="2019-05-08T09:49:52Z" finished-at="2019-05-08T09:49:52Z">
          <params>
            <param index="0">
              <value>
                <![CDATA[[TestResult name=JQC_TLP_Deceased_Txn status=SUCCESS method=QCStore.JQC_TLP_Deceased_Txn()[pri:206, instance:tests.QCStore@5f9d02cb] output={null}]]]>
              </value>
            </param>
          </params>
          <reporter-output>
          </reporter-output>
        </test-method> <!-- getResult -->
        <test-method status="PASS" signature="endReport()[pri:0, instance:tests.QCStore@5f9d02cb]" name="endReport" is-config="true" duration-ms="0" started-at="2019-05-08T09:49:52Z" finished-at="2019-05-08T09:49:52Z">
          <reporter-output>
          </reporter-output>
        </test-method> <!-- endReport -->
        <test-method status="PASS" signature="killProcess()[pri:0, instance:tests.QCStore@5f9d02cb]" name="killProcess" is-config="true" duration-ms="5000" started-at="2019-05-08T09:49:52Z" finished-at="2019-05-08T09:49:57Z">
          <reporter-output>
          </reporter-output>
        </test-method> <!-- killProcess -->
        <test-method status="PASS" signature="JQC_DefaultPayment_Txn_Testdata()[pri:207, instance:tests.QCStore@5f9d02cb]" name="JQC_DefaultPayment_Txn_Testdata" duration-ms="470509" started-at="2019-05-08T09:49:57Z" finished-at="2019-05-08T09:57:47Z">
          <reporter-output>
          </reporter-output>
        </test-method> <!-- JQC_DefaultPayment_Txn_Testdata -->
        <test-method status="PASS" signature="endReport()[pri:0, instance:tests.QCStore@5f9d02cb]" name="endReport" is-config="true" duration-ms="0" started-at="2019-05-08T09:57:47Z" finished-at="2019-05-08T09:57:47Z">
          <reporter-output>
          </reporter-output>
        </test-method> <!-- endReport -->
        <test-method status="PASS" signature="getResult(org.testng.ITestResult)[pri:0, instance:tests.QCStore@5f9d02cb]" name="getResult" is-config="true" duration-ms="96" started-at="2019-05-08T09:57:47Z" finished-at="2019-05-08T09:57:47Z">
          <params>
            <param index="0">
              <value>
                <![CDATA[[TestResult name=JQC_DefaultPayment_Txn_Testdata status=SUCCESS method=QCStore.JQC_DefaultPayment_Txn_Testdata()[pri:207, instance:tests.QCStore@5f9d02cb] output={null}]]]>
              </value>
            </param>
          </params>
          <reporter-output>
          </reporter-output>
        </test-method> <!-- getResult -->
        <test-method status="PASS" signature="killProcess()[pri:0, instance:tests.QCStore@5f9d02cb]" name="killProcess" is-config="true" duration-ms="5000" started-at="2019-05-08T09:57:47Z" finished-at="2019-05-08T09:57:52Z">
          <reporter-output>
          </reporter-output>
        </test-method> <!-- killProcess -->
        <test-method status="PASS" signature="JQC_DefaultPayment_Void_Txn_Testdata()[pri:208, instance:tests.QCStore@5f9d02cb]" name="JQC_DefaultPayment_Void_Txn_Testdata" duration-ms="636617" started-at="2019-05-08T09:57:52Z" finished-at="2019-05-08T10:08:29Z">
          <reporter-output>
          </reporter-output>
        </test-method> <!-- JQC_DefaultPayment_Void_Txn_Testdata -->
        <test-method status="PASS" signature="getResult(org.testng.ITestResult)[pri:0, instance:tests.QCStore@5f9d02cb]" name="getResult" is-config="true" duration-ms="73" started-at="2019-05-08T10:08:29Z" finished-at="2019-05-08T10:08:29Z">
          <params>
            <param index="0">
              <value>
                <![CDATA[[TestResult name=JQC_DefaultPayment_Void_Txn_Testdata status=SUCCESS method=QCStore.JQC_DefaultPayment_Void_Txn_Testdata()[pri:208, instance:tests.QCStore@5f9d02cb] output={null}]]]>
              </value>
            </param>
          </params>
          <reporter-output>
          </reporter-output>
        </test-method> <!-- getResult -->
        <test-method status="PASS" signature="endReport()[pri:0, instance:tests.QCStore@5f9d02cb]" name="endReport" is-config="true" duration-ms="0" started-at="2019-05-08T10:08:29Z" finished-at="2019-05-08T10:08:29Z">
          <reporter-output>
          </reporter-output>
        </test-method> <!-- endReport -->
      </class> <!-- tests.QCStore -->
    </test> <!-- Test -->
  </suite> <!-- Suite -->
</testng-results>
