<?xml version="1.0" encoding="UTF-8"?>
<testng-results skipped="0" failed="0" ignored="34" total="35" passed="1">
  <reporter-output>
  </reporter-output>
  <suite name="Suite" duration-ms="352251" started-at="2019-04-16T07:44:04Z" finished-at="2019-04-16T07:49:57Z">
    <groups>
      <group name="Brahmith1">
        <method signature="QCStore.QC_TLP_Writeoff_Recovery_Txn()[pri:131, instance:tests.QCStore@5f9d02cb]" name="QC_TLP_Writeoff_Recovery_Txn" class="tests.QCStore"/>
      </group> <!-- Brahmith1 -->
    </groups>
    <test name="Test" duration-ms="352251" started-at="2019-04-16T07:44:04Z" finished-at="2019-04-16T07:49:57Z">
      <class name="tests.QCStore">
        <test-method status="PASS" signature="setup()[pri:0, instance:tests.QCStore@5f9d02cb]" name="setup" is-config="true" duration-ms="101" started-at="2019-04-16T07:44:04Z" finished-at="2019-04-16T07:44:04Z">
          <reporter-output>
          </reporter-output>
        </test-method> <!-- setup -->
        <test-method status="PASS" signature="killProcess()[pri:0, instance:tests.QCStore@5f9d02cb]" name="killProcess" is-config="true" duration-ms="5000" started-at="2019-04-16T07:44:04Z" finished-at="2019-04-16T07:44:09Z">
          <reporter-output>
          </reporter-output>
        </test-method> <!-- killProcess -->
        <test-method status="PASS" signature="QC_TLP_Writeoff_Recovery_Txn()[pri:131, instance:tests.QCStore@5f9d02cb]" name="QC_TLP_Writeoff_Recovery_Txn" duration-ms="346931" started-at="2019-04-16T07:44:09Z" finished-at="2019-04-16T07:49:56Z">
          <reporter-output>
          </reporter-output>
        </test-method> <!-- QC_TLP_Writeoff_Recovery_Txn -->
        <test-method status="PASS" signature="endReport()[pri:0, instance:tests.QCStore@5f9d02cb]" name="endReport" is-config="true" duration-ms="0" started-at="2019-04-16T07:49:56Z" finished-at="2019-04-16T07:49:56Z">
          <reporter-output>
          </reporter-output>
        </test-method> <!-- endReport -->
        <test-method status="PASS" signature="getResult(org.testng.ITestResult)[pri:0, instance:tests.QCStore@5f9d02cb]" name="getResult" is-config="true" duration-ms="203" started-at="2019-04-16T07:49:56Z" finished-at="2019-04-16T07:49:57Z">
          <params>
            <param index="0">
              <value>
                <![CDATA[[TestResult name=QC_TLP_Writeoff_Recovery_Txn status=SUCCESS method=QCStore.QC_TLP_Writeoff_Recovery_Txn()[pri:131, instance:tests.QCStore@5f9d02cb] output={null}]]]>
              </value>
            </param>
          </params>
          <reporter-output>
          </reporter-output>
        </test-method> <!-- getResult -->
      </class> <!-- tests.QCStore -->
    </test> <!-- Test -->
  </suite> <!-- Suite -->
</testng-results>
