<?xml version="1.0" encoding="UTF-8"?>
<testng-results skipped="0" failed="0" ignored="27" total="35" passed="8">
  <reporter-output>
  </reporter-output>
  <suite name="Suite" duration-ms="5912250" started-at="2019-03-29T11:21:15Z" finished-at="2019-03-29T12:59:47Z">
    <groups>
      <group name="Janaki">
        <method signature="QCStore.JQC_DefaultPayment_Txn_Testdata()[pri:207, instance:tests.QCStore@5f9d02cb]" name="JQC_DefaultPayment_Txn_Testdata" class="tests.QCStore"/>
        <method signature="QCStore.JQC_DefaultPayment_Void_Txn_Testdata()[pri:208, instance:tests.QCStore@5f9d02cb]" name="JQC_DefaultPayment_Void_Txn_Testdata" class="tests.QCStore"/>
        <method signature="QCStore.JQC_TLP_Deposit_Menu_Txn()[pri:204, instance:tests.QCStore@5f9d02cb]" name="JQC_TLP_Deposit_Menu_Txn" class="tests.QCStore"/>
        <method signature="QCStore.JQC_TLP_Deposit_MidDay_Txn()[pri:200, instance:tests.QCStore@5f9d02cb]" name="JQC_TLP_Deposit_MidDay_Txn" class="tests.QCStore"/>
        <method signature="QCStore.JQC_TLP_Deposit_dropdown_Txn()[pri:203, instance:tests.QCStore@5f9d02cb]" name="JQC_TLP_Deposit_dropdown_Txn" class="tests.QCStore"/>
        <method signature="QCStore.JQC_TLP_GraceDays_Deposit_Menu_Txn()[pri:202, instance:tests.QCStore@5f9d02cb]" name="JQC_TLP_GraceDays_Deposit_Menu_Txn" class="tests.QCStore"/>
        <method signature="QCStore.JQC_TLP_GraceDays_Deposit_MidDay_Txn()[pri:201, instance:tests.QCStore@5f9d02cb]" name="JQC_TLP_GraceDays_Deposit_MidDay_Txn" class="tests.QCStore"/>
        <method signature="QCStore.JQC_TLP_GraceDays_Deposit_dropdown_Txn()[pri:205, instance:tests.QCStore@5f9d02cb]" name="JQC_TLP_GraceDays_Deposit_dropdown_Txn" class="tests.QCStore"/>
      </group> <!-- Janaki -->
    </groups>
    <test name="Test" duration-ms="5912250" started-at="2019-03-29T11:21:15Z" finished-at="2019-03-29T12:59:47Z">
      <class name="tests.QCStore">
        <test-method status="PASS" signature="setup()[pri:0, instance:tests.QCStore@5f9d02cb]" name="setup" is-config="true" duration-ms="80" started-at="2019-03-29T11:21:15Z" finished-at="2019-03-29T11:21:15Z">
          <reporter-output>
          </reporter-output>
        </test-method> <!-- setup -->
        <test-method status="PASS" signature="killProcess()[pri:0, instance:tests.QCStore@5f9d02cb]" name="killProcess" is-config="true" duration-ms="5000" started-at="2019-03-29T11:21:15Z" finished-at="2019-03-29T11:21:20Z">
          <reporter-output>
          </reporter-output>
        </test-method> <!-- killProcess -->
        <test-method status="PASS" signature="JQC_TLP_Deposit_MidDay_Txn()[pri:200, instance:tests.QCStore@5f9d02cb]" name="JQC_TLP_Deposit_MidDay_Txn" duration-ms="609506" started-at="2019-03-29T11:21:20Z" finished-at="2019-03-29T11:31:29Z">
          <reporter-output>
          </reporter-output>
        </test-method> <!-- JQC_TLP_Deposit_MidDay_Txn -->
        <test-method status="PASS" signature="getResult(org.testng.ITestResult)[pri:0, instance:tests.QCStore@5f9d02cb]" name="getResult" is-config="true" duration-ms="244" started-at="2019-03-29T11:31:29Z" finished-at="2019-03-29T11:31:29Z">
          <params>
            <param index="0">
              <value>
                <![CDATA[[TestResult name=JQC_TLP_Deposit_MidDay_Txn status=SUCCESS method=QCStore.JQC_TLP_Deposit_MidDay_Txn()[pri:200, instance:tests.QCStore@5f9d02cb] output={null}]]]>
              </value>
            </param>
          </params>
          <reporter-output>
          </reporter-output>
        </test-method> <!-- getResult -->
        <test-method status="PASS" signature="endReport()[pri:0, instance:tests.QCStore@5f9d02cb]" name="endReport" is-config="true" duration-ms="0" started-at="2019-03-29T11:31:29Z" finished-at="2019-03-29T11:31:29Z">
          <reporter-output>
          </reporter-output>
        </test-method> <!-- endReport -->
        <test-method status="PASS" signature="killProcess()[pri:0, instance:tests.QCStore@5f9d02cb]" name="killProcess" is-config="true" duration-ms="5000" started-at="2019-03-29T11:31:29Z" finished-at="2019-03-29T11:31:34Z">
          <reporter-output>
          </reporter-output>
        </test-method> <!-- killProcess -->
        <test-method status="PASS" signature="JQC_TLP_GraceDays_Deposit_MidDay_Txn()[pri:201, instance:tests.QCStore@5f9d02cb]" name="JQC_TLP_GraceDays_Deposit_MidDay_Txn" duration-ms="702073" started-at="2019-03-29T11:31:34Z" finished-at="2019-03-29T11:43:17Z">
          <reporter-output>
          </reporter-output>
        </test-method> <!-- JQC_TLP_GraceDays_Deposit_MidDay_Txn -->
        <test-method status="PASS" signature="getResult(org.testng.ITestResult)[pri:0, instance:tests.QCStore@5f9d02cb]" name="getResult" is-config="true" duration-ms="72" started-at="2019-03-29T11:43:17Z" finished-at="2019-03-29T11:43:17Z">
          <params>
            <param index="0">
              <value>
                <![CDATA[[TestResult name=JQC_TLP_GraceDays_Deposit_MidDay_Txn status=SUCCESS method=QCStore.JQC_TLP_GraceDays_Deposit_MidDay_Txn()[pri:201, instance:tests.QCStore@5f9d02cb] output={null}]]]>
              </value>
            </param>
          </params>
          <reporter-output>
          </reporter-output>
        </test-method> <!-- getResult -->
        <test-method status="PASS" signature="endReport()[pri:0, instance:tests.QCStore@5f9d02cb]" name="endReport" is-config="true" duration-ms="0" started-at="2019-03-29T11:43:17Z" finished-at="2019-03-29T11:43:17Z">
          <reporter-output>
          </reporter-output>
        </test-method> <!-- endReport -->
        <test-method status="PASS" signature="killProcess()[pri:0, instance:tests.QCStore@5f9d02cb]" name="killProcess" is-config="true" duration-ms="5000" started-at="2019-03-29T11:43:17Z" finished-at="2019-03-29T11:43:22Z">
          <reporter-output>
          </reporter-output>
        </test-method> <!-- killProcess -->
        <test-method status="PASS" signature="JQC_TLP_GraceDays_Deposit_Menu_Txn()[pri:202, instance:tests.QCStore@5f9d02cb]" name="JQC_TLP_GraceDays_Deposit_Menu_Txn" duration-ms="613625" started-at="2019-03-29T11:43:22Z" finished-at="2019-03-29T11:53:35Z">
          <reporter-output>
          </reporter-output>
        </test-method> <!-- JQC_TLP_GraceDays_Deposit_Menu_Txn -->
        <test-method status="PASS" signature="getResult(org.testng.ITestResult)[pri:0, instance:tests.QCStore@5f9d02cb]" name="getResult" is-config="true" duration-ms="33" started-at="2019-03-29T11:53:35Z" finished-at="2019-03-29T11:53:35Z">
          <params>
            <param index="0">
              <value>
                <![CDATA[[TestResult name=JQC_TLP_GraceDays_Deposit_Menu_Txn status=SUCCESS method=QCStore.JQC_TLP_GraceDays_Deposit_Menu_Txn()[pri:202, instance:tests.QCStore@5f9d02cb] output={null}]]]>
              </value>
            </param>
          </params>
          <reporter-output>
          </reporter-output>
        </test-method> <!-- getResult -->
        <test-method status="PASS" signature="endReport()[pri:0, instance:tests.QCStore@5f9d02cb]" name="endReport" is-config="true" duration-ms="0" started-at="2019-03-29T11:53:35Z" finished-at="2019-03-29T11:53:35Z">
          <reporter-output>
          </reporter-output>
        </test-method> <!-- endReport -->
        <test-method status="PASS" signature="killProcess()[pri:0, instance:tests.QCStore@5f9d02cb]" name="killProcess" is-config="true" duration-ms="5000" started-at="2019-03-29T11:53:35Z" finished-at="2019-03-29T11:53:40Z">
          <reporter-output>
          </reporter-output>
        </test-method> <!-- killProcess -->
        <test-method status="PASS" signature="JQC_TLP_Deposit_dropdown_Txn()[pri:203, instance:tests.QCStore@5f9d02cb]" name="JQC_TLP_Deposit_dropdown_Txn" duration-ms="465432" started-at="2019-03-29T11:53:40Z" finished-at="2019-03-29T12:01:26Z">
          <reporter-output>
          </reporter-output>
        </test-method> <!-- JQC_TLP_Deposit_dropdown_Txn -->
        <test-method status="PASS" signature="endReport()[pri:0, instance:tests.QCStore@5f9d02cb]" name="endReport" is-config="true" duration-ms="1" started-at="2019-03-29T12:01:26Z" finished-at="2019-03-29T12:01:26Z">
          <reporter-output>
          </reporter-output>
        </test-method> <!-- endReport -->
        <test-method status="PASS" signature="getResult(org.testng.ITestResult)[pri:0, instance:tests.QCStore@5f9d02cb]" name="getResult" is-config="true" duration-ms="35" started-at="2019-03-29T12:01:26Z" finished-at="2019-03-29T12:01:26Z">
          <params>
            <param index="0">
              <value>
                <![CDATA[[TestResult name=JQC_TLP_Deposit_dropdown_Txn status=SUCCESS method=QCStore.JQC_TLP_Deposit_dropdown_Txn()[pri:203, instance:tests.QCStore@5f9d02cb] output={null}]]]>
              </value>
            </param>
          </params>
          <reporter-output>
          </reporter-output>
        </test-method> <!-- getResult -->
        <test-method status="PASS" signature="killProcess()[pri:0, instance:tests.QCStore@5f9d02cb]" name="killProcess" is-config="true" duration-ms="5000" started-at="2019-03-29T12:01:26Z" finished-at="2019-03-29T12:01:31Z">
          <reporter-output>
          </reporter-output>
        </test-method> <!-- killProcess -->
        <test-method status="PASS" signature="JQC_TLP_Deposit_Menu_Txn()[pri:204, instance:tests.QCStore@5f9d02cb]" name="JQC_TLP_Deposit_Menu_Txn" duration-ms="698300" started-at="2019-03-29T12:01:31Z" finished-at="2019-03-29T12:13:09Z">
          <reporter-output>
          </reporter-output>
        </test-method> <!-- JQC_TLP_Deposit_Menu_Txn -->
        <test-method status="PASS" signature="endReport()[pri:0, instance:tests.QCStore@5f9d02cb]" name="endReport" is-config="true" duration-ms="0" started-at="2019-03-29T12:13:09Z" finished-at="2019-03-29T12:13:09Z">
          <reporter-output>
          </reporter-output>
        </test-method> <!-- endReport -->
        <test-method status="PASS" signature="getResult(org.testng.ITestResult)[pri:0, instance:tests.QCStore@5f9d02cb]" name="getResult" is-config="true" duration-ms="35" started-at="2019-03-29T12:13:09Z" finished-at="2019-03-29T12:13:09Z">
          <params>
            <param index="0">
              <value>
                <![CDATA[[TestResult name=JQC_TLP_Deposit_Menu_Txn status=SUCCESS method=QCStore.JQC_TLP_Deposit_Menu_Txn()[pri:204, instance:tests.QCStore@5f9d02cb] output={null}]]]>
              </value>
            </param>
          </params>
          <reporter-output>
          </reporter-output>
        </test-method> <!-- getResult -->
        <test-method status="PASS" signature="killProcess()[pri:0, instance:tests.QCStore@5f9d02cb]" name="killProcess" is-config="true" duration-ms="5000" started-at="2019-03-29T12:13:09Z" finished-at="2019-03-29T12:13:14Z">
          <reporter-output>
          </reporter-output>
        </test-method> <!-- killProcess -->
        <test-method status="PASS" signature="JQC_TLP_GraceDays_Deposit_dropdown_Txn()[pri:205, instance:tests.QCStore@5f9d02cb]" name="JQC_TLP_GraceDays_Deposit_dropdown_Txn" duration-ms="713831" started-at="2019-03-29T12:13:14Z" finished-at="2019-03-29T12:25:08Z">
          <reporter-output>
          </reporter-output>
        </test-method> <!-- JQC_TLP_GraceDays_Deposit_dropdown_Txn -->
        <test-method status="PASS" signature="getResult(org.testng.ITestResult)[pri:0, instance:tests.QCStore@5f9d02cb]" name="getResult" is-config="true" duration-ms="37" started-at="2019-03-29T12:25:08Z" finished-at="2019-03-29T12:25:08Z">
          <params>
            <param index="0">
              <value>
                <![CDATA[[TestResult name=JQC_TLP_GraceDays_Deposit_dropdown_Txn status=SUCCESS method=QCStore.JQC_TLP_GraceDays_Deposit_dropdown_Txn()[pri:205, instance:tests.QCStore@5f9d02cb] output={null}]]]>
              </value>
            </param>
          </params>
          <reporter-output>
          </reporter-output>
        </test-method> <!-- getResult -->
        <test-method status="PASS" signature="endReport()[pri:0, instance:tests.QCStore@5f9d02cb]" name="endReport" is-config="true" duration-ms="0" started-at="2019-03-29T12:25:08Z" finished-at="2019-03-29T12:25:08Z">
          <reporter-output>
          </reporter-output>
        </test-method> <!-- endReport -->
        <test-method status="PASS" signature="killProcess()[pri:0, instance:tests.QCStore@5f9d02cb]" name="killProcess" is-config="true" duration-ms="5000" started-at="2019-03-29T12:25:08Z" finished-at="2019-03-29T12:25:13Z">
          <reporter-output>
          </reporter-output>
        </test-method> <!-- killProcess -->
        <test-method status="PASS" signature="JQC_DefaultPayment_Txn_Testdata()[pri:207, instance:tests.QCStore@5f9d02cb]" name="JQC_DefaultPayment_Txn_Testdata" duration-ms="1015694" started-at="2019-03-29T12:25:13Z" finished-at="2019-03-29T12:42:09Z">
          <reporter-output>
          </reporter-output>
        </test-method> <!-- JQC_DefaultPayment_Txn_Testdata -->
        <test-method status="PASS" signature="getResult(org.testng.ITestResult)[pri:0, instance:tests.QCStore@5f9d02cb]" name="getResult" is-config="true" duration-ms="46" started-at="2019-03-29T12:42:09Z" finished-at="2019-03-29T12:42:09Z">
          <params>
            <param index="0">
              <value>
                <![CDATA[[TestResult name=JQC_DefaultPayment_Txn_Testdata status=SUCCESS method=QCStore.JQC_DefaultPayment_Txn_Testdata()[pri:207, instance:tests.QCStore@5f9d02cb] output={null}]]]>
              </value>
            </param>
          </params>
          <reporter-output>
          </reporter-output>
        </test-method> <!-- getResult -->
        <test-method status="PASS" signature="endReport()[pri:0, instance:tests.QCStore@5f9d02cb]" name="endReport" is-config="true" duration-ms="0" started-at="2019-03-29T12:42:09Z" finished-at="2019-03-29T12:42:09Z">
          <reporter-output>
          </reporter-output>
        </test-method> <!-- endReport -->
        <test-method status="PASS" signature="killProcess()[pri:0, instance:tests.QCStore@5f9d02cb]" name="killProcess" is-config="true" duration-ms="5000" started-at="2019-03-29T12:42:09Z" finished-at="2019-03-29T12:42:14Z">
          <reporter-output>
          </reporter-output>
        </test-method> <!-- killProcess -->
        <test-method status="PASS" signature="JQC_DefaultPayment_Void_Txn_Testdata()[pri:208, instance:tests.QCStore@5f9d02cb]" name="JQC_DefaultPayment_Void_Txn_Testdata" duration-ms="1053138" started-at="2019-03-29T12:42:14Z" finished-at="2019-03-29T12:59:47Z">
          <reporter-output>
          </reporter-output>
        </test-method> <!-- JQC_DefaultPayment_Void_Txn_Testdata -->
        <test-method status="PASS" signature="endReport()[pri:0, instance:tests.QCStore@5f9d02cb]" name="endReport" is-config="true" duration-ms="0" started-at="2019-03-29T12:59:47Z" finished-at="2019-03-29T12:59:47Z">
          <reporter-output>
          </reporter-output>
        </test-method> <!-- endReport -->
        <test-method status="PASS" signature="getResult(org.testng.ITestResult)[pri:0, instance:tests.QCStore@5f9d02cb]" name="getResult" is-config="true" duration-ms="36" started-at="2019-03-29T12:59:47Z" finished-at="2019-03-29T12:59:47Z">
          <params>
            <param index="0">
              <value>
                <![CDATA[[TestResult name=JQC_DefaultPayment_Void_Txn_Testdata status=SUCCESS method=QCStore.JQC_DefaultPayment_Void_Txn_Testdata()[pri:208, instance:tests.QCStore@5f9d02cb] output={null}]]]>
              </value>
            </param>
          </params>
          <reporter-output>
          </reporter-output>
        </test-method> <!-- getResult -->
      </class> <!-- tests.QCStore -->
    </test> <!-- Test -->
  </suite> <!-- Suite -->
</testng-results>
