<?xml version="1.0" encoding="UTF-8"?>
<testng-results skipped="0" failed="0" ignored="34" total="35" passed="1">
  <reporter-output>
  </reporter-output>
  <suite name="Suite" duration-ms="679925" started-at="2019-04-16T05:05:43Z" finished-at="2019-04-16T05:17:03Z">
    <groups>
      <group name="Janaki_EOD_set2">
        <method signature="QCStore.JQC_TLP_GraceDays_Deposit_EOD_Txn()[pri:210, instance:tests.QCStore@5f9d02cb]" name="JQC_TLP_GraceDays_Deposit_EOD_Txn" class="tests.QCStore"/>
      </group> <!-- Janaki_EOD_set2 -->
    </groups>
    <test name="Test" duration-ms="679925" started-at="2019-04-16T05:05:43Z" finished-at="2019-04-16T05:17:03Z">
      <class name="tests.QCStore">
        <test-method status="PASS" signature="setup()[pri:0, instance:tests.QCStore@5f9d02cb]" name="setup" is-config="true" duration-ms="78" started-at="2019-04-16T05:05:43Z" finished-at="2019-04-16T05:05:43Z">
          <reporter-output>
          </reporter-output>
        </test-method> <!-- setup -->
        <test-method status="PASS" signature="killProcess()[pri:0, instance:tests.QCStore@5f9d02cb]" name="killProcess" is-config="true" duration-ms="5008" started-at="2019-04-16T05:05:43Z" finished-at="2019-04-16T05:05:48Z">
          <reporter-output>
          </reporter-output>
        </test-method> <!-- killProcess -->
        <test-method status="PASS" signature="JQC_TLP_GraceDays_Deposit_EOD_Txn()[pri:210, instance:tests.QCStore@5f9d02cb]" name="JQC_TLP_GraceDays_Deposit_EOD_Txn" duration-ms="674620" started-at="2019-04-16T05:05:48Z" finished-at="2019-04-16T05:17:03Z">
          <reporter-output>
          </reporter-output>
        </test-method> <!-- JQC_TLP_GraceDays_Deposit_EOD_Txn -->
        <test-method status="PASS" signature="endReport()[pri:0, instance:tests.QCStore@5f9d02cb]" name="endReport" is-config="true" duration-ms="0" started-at="2019-04-16T05:17:03Z" finished-at="2019-04-16T05:17:03Z">
          <reporter-output>
          </reporter-output>
        </test-method> <!-- endReport -->
        <test-method status="PASS" signature="getResult(org.testng.ITestResult)[pri:0, instance:tests.QCStore@5f9d02cb]" name="getResult" is-config="true" duration-ms="204" started-at="2019-04-16T05:17:03Z" finished-at="2019-04-16T05:17:03Z">
          <params>
            <param index="0">
              <value>
                <![CDATA[[TestResult name=JQC_TLP_GraceDays_Deposit_EOD_Txn status=SUCCESS method=QCStore.JQC_TLP_GraceDays_Deposit_EOD_Txn()[pri:210, instance:tests.QCStore@5f9d02cb] output={null}]]]>
              </value>
            </param>
          </params>
          <reporter-output>
          </reporter-output>
        </test-method> <!-- getResult -->
      </class> <!-- tests.QCStore -->
    </test> <!-- Test -->
  </suite> <!-- Suite -->
</testng-results>
