<?xml version="1.0" encoding="UTF-8"?>
<testng-results skipped="0" failed="1" ignored="23" total="26" passed="2">
  <reporter-output>
  </reporter-output>
  <suite name="Suite" duration-ms="393719" started-at="2019-06-25T05:06:34Z" finished-at="2019-06-25T05:13:07Z">
    <groups>
      <group name="Brahmith">
        <method signature="QCStore.QC_TLP_Buyback_Txn()[pri:116, instance:tests.QCStore@5f9d02cb]" name="QC_TLP_Buyback_Txn" class="tests.QCStore"/>
        <method signature="QCStore.QC_TLP_Buyback_Void_Txn()[pri:117, instance:tests.QCStore@5f9d02cb]" name="QC_TLP_Buyback_Void_Txn" class="tests.QCStore"/>
        <method signature="QCStore.QC_TLP_Writeoff_Recovery_Void_Txn()[pri:132, instance:tests.QCStore@5f9d02cb]" name="QC_TLP_Writeoff_Recovery_Void_Txn" class="tests.QCStore"/>
      </group> <!-- Brahmith -->
    </groups>
    <test name="Test" duration-ms="393719" started-at="2019-06-25T05:06:34Z" finished-at="2019-06-25T05:13:07Z">
      <class name="tests.QCStore">
        <test-method status="PASS" signature="setup()[pri:0, instance:tests.QCStore@5f9d02cb]" name="setup" is-config="true" duration-ms="172" started-at="2019-06-25T05:06:34Z" finished-at="2019-06-25T05:06:34Z">
          <reporter-output>
          </reporter-output>
        </test-method> <!-- setup -->
        <test-method status="PASS" signature="killProcess()[pri:0, instance:tests.QCStore@5f9d02cb]" name="killProcess" is-config="true" duration-ms="5024" started-at="2019-06-25T05:06:34Z" finished-at="2019-06-25T05:06:39Z">
          <reporter-output>
          </reporter-output>
        </test-method> <!-- killProcess -->
        <test-method status="PASS" signature="QC_TLP_Buyback_Txn()[pri:116, instance:tests.QCStore@5f9d02cb]" name="QC_TLP_Buyback_Txn" duration-ms="50359" started-at="2019-06-25T05:06:39Z" finished-at="2019-06-25T05:07:29Z">
          <reporter-output>
          </reporter-output>
        </test-method> <!-- QC_TLP_Buyback_Txn -->
        <test-method status="PASS" signature="endReport()[pri:0, instance:tests.QCStore@5f9d02cb]" name="endReport" is-config="true" duration-ms="0" started-at="2019-06-25T05:07:29Z" finished-at="2019-06-25T05:07:29Z">
          <reporter-output>
          </reporter-output>
        </test-method> <!-- endReport -->
        <test-method status="PASS" signature="getResult(org.testng.ITestResult)[pri:0, instance:tests.QCStore@5f9d02cb]" name="getResult" is-config="true" duration-ms="748" started-at="2019-06-25T05:07:29Z" finished-at="2019-06-25T05:07:30Z">
          <params>
            <param index="0">
              <value>
                <![CDATA[[TestResult name=QC_TLP_Buyback_Txn status=SUCCESS method=QCStore.QC_TLP_Buyback_Txn()[pri:116, instance:tests.QCStore@5f9d02cb] output={null}]]]>
              </value>
            </param>
          </params>
          <reporter-output>
          </reporter-output>
        </test-method> <!-- getResult -->
        <test-method status="PASS" signature="killProcess()[pri:0, instance:tests.QCStore@5f9d02cb]" name="killProcess" is-config="true" duration-ms="5019" started-at="2019-06-25T05:07:30Z" finished-at="2019-06-25T05:07:35Z">
          <reporter-output>
          </reporter-output>
        </test-method> <!-- killProcess -->
        <test-method status="PASS" signature="QC_TLP_Buyback_Void_Txn()[pri:117, instance:tests.QCStore@5f9d02cb]" name="QC_TLP_Buyback_Void_Txn" duration-ms="45258" started-at="2019-06-25T05:07:35Z" finished-at="2019-06-25T05:08:20Z">
          <reporter-output>
          </reporter-output>
        </test-method> <!-- QC_TLP_Buyback_Void_Txn -->
        <test-method status="PASS" signature="endReport()[pri:0, instance:tests.QCStore@5f9d02cb]" name="endReport" is-config="true" duration-ms="0" started-at="2019-06-25T05:08:20Z" finished-at="2019-06-25T05:08:20Z">
          <reporter-output>
          </reporter-output>
        </test-method> <!-- endReport -->
        <test-method status="PASS" signature="getResult(org.testng.ITestResult)[pri:0, instance:tests.QCStore@5f9d02cb]" name="getResult" is-config="true" duration-ms="568" started-at="2019-06-25T05:08:20Z" finished-at="2019-06-25T05:08:21Z">
          <params>
            <param index="0">
              <value>
                <![CDATA[[TestResult name=QC_TLP_Buyback_Void_Txn status=SUCCESS method=QCStore.QC_TLP_Buyback_Void_Txn()[pri:117, instance:tests.QCStore@5f9d02cb] output={null}]]]>
              </value>
            </param>
          </params>
          <reporter-output>
          </reporter-output>
        </test-method> <!-- getResult -->
        <test-method status="PASS" signature="killProcess()[pri:0, instance:tests.QCStore@5f9d02cb]" name="killProcess" is-config="true" duration-ms="5018" started-at="2019-06-25T05:08:21Z" finished-at="2019-06-25T05:08:26Z">
          <reporter-output>
          </reporter-output>
        </test-method> <!-- killProcess -->
        <test-method status="FAIL" signature="QC_TLP_Writeoff_Recovery_Void_Txn()[pri:132, instance:tests.QCStore@5f9d02cb]" name="QC_TLP_Writeoff_Recovery_Void_Txn" duration-ms="280756" started-at="2019-06-25T05:08:26Z" finished-at="2019-06-25T05:13:07Z">
          <exception class="junit.framework.AssertionFailedError">
            <full-stacktrace>
              <![CDATA[junit.framework.AssertionFailedError
at junit.framework.Assert.fail(Assert.java:47)
at junit.framework.Assert.assertTrue(Assert.java:20)
at junit.framework.Assert.assertTrue(Assert.java:27)
at tests.QCAgeStoreDueDate.ageStoreDueDate(QCAgeStoreDueDate.java:240)
at tests.QCStore.QC_TLP_Writeoff_Recovery_Void_Txn(QCStore.java:778)
at sun.reflect.NativeMethodAccessorImpl.invoke0(Native Method)
at sun.reflect.NativeMethodAccessorImpl.invoke(Unknown Source)
at sun.reflect.DelegatingMethodAccessorImpl.invoke(Unknown Source)
at java.lang.reflect.Method.invoke(Unknown Source)
at org.testng.internal.MethodInvocationHelper.invokeMethod(MethodInvocationHelper.java:124)
at org.testng.internal.Invoker.invokeMethod(Invoker.java:583)
at org.testng.internal.Invoker.invokeTestMethod(Invoker.java:719)
at org.testng.internal.Invoker.invokeTestMethods(Invoker.java:989)
at org.testng.internal.TestMethodWorker.invokeTestMethods(TestMethodWorker.java:125)
at org.testng.internal.TestMethodWorker.run(TestMethodWorker.java:109)
at org.testng.TestRunner.privateRun(TestRunner.java:648)
at org.testng.TestRunner.run(TestRunner.java:505)
at org.testng.SuiteRunner.runTest(SuiteRunner.java:455)
at org.testng.SuiteRunner.runSequentially(SuiteRunner.java:450)
at org.testng.SuiteRunner.privateRun(SuiteRunner.java:415)
at org.testng.SuiteRunner.run(SuiteRunner.java:364)
at org.testng.SuiteRunnerWorker.runSuite(SuiteRunnerWorker.java:52)
at org.testng.SuiteRunnerWorker.run(SuiteRunnerWorker.java:84)
at org.testng.TestNG.runSuitesSequentially(TestNG.java:1208)
at org.testng.TestNG.runSuitesLocally(TestNG.java:1137)
at org.testng.TestNG.runSuites(TestNG.java:1049)
at org.testng.TestNG.run(TestNG.java:1017)
at org.testng.remote.AbstractRemoteTestNG.run(AbstractRemoteTestNG.java:114)
at org.testng.remote.RemoteTestNG.initAndRun(RemoteTestNG.java:251)
at org.testng.remote.RemoteTestNG.main(RemoteTestNG.java:77)
]]>
            </full-stacktrace>
          </exception> <!-- junit.framework.AssertionFailedError -->
          <reporter-output>
          </reporter-output>
        </test-method> <!-- QC_TLP_Writeoff_Recovery_Void_Txn -->
        <test-method status="PASS" signature="endReport()[pri:0, instance:tests.QCStore@5f9d02cb]" name="endReport" is-config="true" duration-ms="0" started-at="2019-06-25T05:13:07Z" finished-at="2019-06-25T05:13:07Z">
          <reporter-output>
          </reporter-output>
        </test-method> <!-- endReport -->
        <test-method status="PASS" signature="getResult(org.testng.ITestResult)[pri:0, instance:tests.QCStore@5f9d02cb]" name="getResult" is-config="true" duration-ms="775" started-at="2019-06-25T05:13:07Z" finished-at="2019-06-25T05:13:07Z">
          <params>
            <param index="0">
              <value>
                <![CDATA[[TestResult name=QC_TLP_Writeoff_Recovery_Void_Txn status=FAILURE method=QCStore.QC_TLP_Writeoff_Recovery_Void_Txn()[pri:132, instance:tests.QCStore@5f9d02cb] output={null}]]]>
              </value>
            </param>
          </params>
          <reporter-output>
          </reporter-output>
        </test-method> <!-- getResult -->
      </class> <!-- tests.QCStore -->
    </test> <!-- Test -->
  </suite> <!-- Suite -->
</testng-results>
