<?xml version="1.0" encoding="UTF-8"?>
<testng-results skipped="0" failed="0" ignored="26" total="35" passed="9">
  <reporter-output>
  </reporter-output>
  <suite name="Suite" duration-ms="3626850" started-at="2019-04-18T07:54:47Z" finished-at="2019-04-18T08:55:14Z">
    <groups>
      <group name="Janaki">
        <method signature="QCStore.JQC_DefaultPayment_Txn_Testdata()[pri:207, instance:tests.QCStore@5f9d02cb]" name="JQC_DefaultPayment_Txn_Testdata" class="tests.QCStore"/>
        <method signature="QCStore.JQC_DefaultPayment_Void_Txn_Testdata()[pri:208, instance:tests.QCStore@5f9d02cb]" name="JQC_DefaultPayment_Void_Txn_Testdata" class="tests.QCStore"/>
        <method signature="QCStore.JQC_TLP_Deceased_Txn()[pri:206, instance:tests.QCStore@5f9d02cb]" name="JQC_TLP_Deceased_Txn" class="tests.QCStore"/>
        <method signature="QCStore.JQC_TLP_Deposit_Menu_Txn()[pri:204, instance:tests.QCStore@5f9d02cb]" name="JQC_TLP_Deposit_Menu_Txn" class="tests.QCStore"/>
        <method signature="QCStore.JQC_TLP_Deposit_MidDay_Txn()[pri:200, instance:tests.QCStore@5f9d02cb]" name="JQC_TLP_Deposit_MidDay_Txn" class="tests.QCStore"/>
        <method signature="QCStore.JQC_TLP_Deposit_dropdown_Txn()[pri:203, instance:tests.QCStore@5f9d02cb]" name="JQC_TLP_Deposit_dropdown_Txn" class="tests.QCStore"/>
        <method signature="QCStore.JQC_TLP_GraceDays_Deposit_Menu_Txn()[pri:202, instance:tests.QCStore@5f9d02cb]" name="JQC_TLP_GraceDays_Deposit_Menu_Txn" class="tests.QCStore"/>
        <method signature="QCStore.JQC_TLP_GraceDays_Deposit_MidDay_Txn()[pri:201, instance:tests.QCStore@5f9d02cb]" name="JQC_TLP_GraceDays_Deposit_MidDay_Txn" class="tests.QCStore"/>
        <method signature="QCStore.JQC_TLP_GraceDays_Deposit_dropdown_Txn()[pri:205, instance:tests.QCStore@5f9d02cb]" name="JQC_TLP_GraceDays_Deposit_dropdown_Txn" class="tests.QCStore"/>
      </group> <!-- Janaki -->
    </groups>
    <test name="Test" duration-ms="3626850" started-at="2019-04-18T07:54:47Z" finished-at="2019-04-18T08:55:14Z">
      <class name="tests.QCStore">
        <test-method status="PASS" signature="setup()[pri:0, instance:tests.QCStore@5f9d02cb]" name="setup" is-config="true" duration-ms="78" started-at="2019-04-18T07:54:47Z" finished-at="2019-04-18T07:54:47Z">
          <reporter-output>
          </reporter-output>
        </test-method> <!-- setup -->
        <test-method status="PASS" signature="killProcess()[pri:0, instance:tests.QCStore@5f9d02cb]" name="killProcess" is-config="true" duration-ms="5008" started-at="2019-04-18T07:54:47Z" finished-at="2019-04-18T07:54:52Z">
          <reporter-output>
          </reporter-output>
        </test-method> <!-- killProcess -->
        <test-method status="PASS" signature="JQC_TLP_Deposit_MidDay_Txn()[pri:200, instance:tests.QCStore@5f9d02cb]" name="JQC_TLP_Deposit_MidDay_Txn" duration-ms="347174" started-at="2019-04-18T07:54:52Z" finished-at="2019-04-18T08:00:39Z">
          <reporter-output>
          </reporter-output>
        </test-method> <!-- JQC_TLP_Deposit_MidDay_Txn -->
        <test-method status="PASS" signature="getResult(org.testng.ITestResult)[pri:0, instance:tests.QCStore@5f9d02cb]" name="getResult" is-config="true" duration-ms="219" started-at="2019-04-18T08:00:39Z" finished-at="2019-04-18T08:00:40Z">
          <params>
            <param index="0">
              <value>
                <![CDATA[[TestResult name=JQC_TLP_Deposit_MidDay_Txn status=SUCCESS method=QCStore.JQC_TLP_Deposit_MidDay_Txn()[pri:200, instance:tests.QCStore@5f9d02cb] output={null}]]]>
              </value>
            </param>
          </params>
          <reporter-output>
          </reporter-output>
        </test-method> <!-- getResult -->
        <test-method status="PASS" signature="endReport()[pri:0, instance:tests.QCStore@5f9d02cb]" name="endReport" is-config="true" duration-ms="0" started-at="2019-04-18T08:00:39Z" finished-at="2019-04-18T08:00:39Z">
          <reporter-output>
          </reporter-output>
        </test-method> <!-- endReport -->
        <test-method status="PASS" signature="killProcess()[pri:0, instance:tests.QCStore@5f9d02cb]" name="killProcess" is-config="true" duration-ms="5008" started-at="2019-04-18T08:00:40Z" finished-at="2019-04-18T08:00:45Z">
          <reporter-output>
          </reporter-output>
        </test-method> <!-- killProcess -->
        <test-method status="PASS" signature="JQC_TLP_GraceDays_Deposit_MidDay_Txn()[pri:201, instance:tests.QCStore@5f9d02cb]" name="JQC_TLP_GraceDays_Deposit_MidDay_Txn" duration-ms="422421" started-at="2019-04-18T08:00:45Z" finished-at="2019-04-18T08:07:47Z">
          <reporter-output>
          </reporter-output>
        </test-method> <!-- JQC_TLP_GraceDays_Deposit_MidDay_Txn -->
        <test-method status="PASS" signature="getResult(org.testng.ITestResult)[pri:0, instance:tests.QCStore@5f9d02cb]" name="getResult" is-config="true" duration-ms="32" started-at="2019-04-18T08:07:47Z" finished-at="2019-04-18T08:07:47Z">
          <params>
            <param index="0">
              <value>
                <![CDATA[[TestResult name=JQC_TLP_GraceDays_Deposit_MidDay_Txn status=SUCCESS method=QCStore.JQC_TLP_GraceDays_Deposit_MidDay_Txn()[pri:201, instance:tests.QCStore@5f9d02cb] output={null}]]]>
              </value>
            </param>
          </params>
          <reporter-output>
          </reporter-output>
        </test-method> <!-- getResult -->
        <test-method status="PASS" signature="endReport()[pri:0, instance:tests.QCStore@5f9d02cb]" name="endReport" is-config="true" duration-ms="0" started-at="2019-04-18T08:07:47Z" finished-at="2019-04-18T08:07:47Z">
          <reporter-output>
          </reporter-output>
        </test-method> <!-- endReport -->
        <test-method status="PASS" signature="killProcess()[pri:0, instance:tests.QCStore@5f9d02cb]" name="killProcess" is-config="true" duration-ms="5007" started-at="2019-04-18T08:07:47Z" finished-at="2019-04-18T08:07:52Z">
          <reporter-output>
          </reporter-output>
        </test-method> <!-- killProcess -->
        <test-method status="PASS" signature="JQC_TLP_GraceDays_Deposit_Menu_Txn()[pri:202, instance:tests.QCStore@5f9d02cb]" name="JQC_TLP_GraceDays_Deposit_Menu_Txn" duration-ms="416166" started-at="2019-04-18T08:07:52Z" finished-at="2019-04-18T08:14:48Z">
          <reporter-output>
          </reporter-output>
        </test-method> <!-- JQC_TLP_GraceDays_Deposit_Menu_Txn -->
        <test-method status="PASS" signature="endReport()[pri:0, instance:tests.QCStore@5f9d02cb]" name="endReport" is-config="true" duration-ms="0" started-at="2019-04-18T08:14:48Z" finished-at="2019-04-18T08:14:48Z">
          <reporter-output>
          </reporter-output>
        </test-method> <!-- endReport -->
        <test-method status="PASS" signature="getResult(org.testng.ITestResult)[pri:0, instance:tests.QCStore@5f9d02cb]" name="getResult" is-config="true" duration-ms="32" started-at="2019-04-18T08:14:48Z" finished-at="2019-04-18T08:14:48Z">
          <params>
            <param index="0">
              <value>
                <![CDATA[[TestResult name=JQC_TLP_GraceDays_Deposit_Menu_Txn status=SUCCESS method=QCStore.JQC_TLP_GraceDays_Deposit_Menu_Txn()[pri:202, instance:tests.QCStore@5f9d02cb] output={null}]]]>
              </value>
            </param>
          </params>
          <reporter-output>
          </reporter-output>
        </test-method> <!-- getResult -->
        <test-method status="PASS" signature="killProcess()[pri:0, instance:tests.QCStore@5f9d02cb]" name="killProcess" is-config="true" duration-ms="5008" started-at="2019-04-18T08:14:48Z" finished-at="2019-04-18T08:14:53Z">
          <reporter-output>
          </reporter-output>
        </test-method> <!-- killProcess -->
        <test-method status="PASS" signature="JQC_TLP_Deposit_dropdown_Txn()[pri:203, instance:tests.QCStore@5f9d02cb]" name="JQC_TLP_Deposit_dropdown_Txn" duration-ms="317764" started-at="2019-04-18T08:14:53Z" finished-at="2019-04-18T08:20:11Z">
          <reporter-output>
          </reporter-output>
        </test-method> <!-- JQC_TLP_Deposit_dropdown_Txn -->
        <test-method status="PASS" signature="endReport()[pri:0, instance:tests.QCStore@5f9d02cb]" name="endReport" is-config="true" duration-ms="0" started-at="2019-04-18T08:20:11Z" finished-at="2019-04-18T08:20:11Z">
          <reporter-output>
          </reporter-output>
        </test-method> <!-- endReport -->
        <test-method status="PASS" signature="getResult(org.testng.ITestResult)[pri:0, instance:tests.QCStore@5f9d02cb]" name="getResult" is-config="true" duration-ms="32" started-at="2019-04-18T08:20:11Z" finished-at="2019-04-18T08:20:11Z">
          <params>
            <param index="0">
              <value>
                <![CDATA[[TestResult name=JQC_TLP_Deposit_dropdown_Txn status=SUCCESS method=QCStore.JQC_TLP_Deposit_dropdown_Txn()[pri:203, instance:tests.QCStore@5f9d02cb] output={null}]]]>
              </value>
            </param>
          </params>
          <reporter-output>
          </reporter-output>
        </test-method> <!-- getResult -->
        <test-method status="PASS" signature="killProcess()[pri:0, instance:tests.QCStore@5f9d02cb]" name="killProcess" is-config="true" duration-ms="5007" started-at="2019-04-18T08:20:11Z" finished-at="2019-04-18T08:20:16Z">
          <reporter-output>
          </reporter-output>
        </test-method> <!-- killProcess -->
        <test-method status="PASS" signature="JQC_TLP_Deposit_Menu_Txn()[pri:204, instance:tests.QCStore@5f9d02cb]" name="JQC_TLP_Deposit_Menu_Txn" duration-ms="423000" started-at="2019-04-18T08:20:16Z" finished-at="2019-04-18T08:27:19Z">
          <reporter-output>
          </reporter-output>
        </test-method> <!-- JQC_TLP_Deposit_Menu_Txn -->
        <test-method status="PASS" signature="endReport()[pri:0, instance:tests.QCStore@5f9d02cb]" name="endReport" is-config="true" duration-ms="0" started-at="2019-04-18T08:27:19Z" finished-at="2019-04-18T08:27:19Z">
          <reporter-output>
          </reporter-output>
        </test-method> <!-- endReport -->
        <test-method status="PASS" signature="getResult(org.testng.ITestResult)[pri:0, instance:tests.QCStore@5f9d02cb]" name="getResult" is-config="true" duration-ms="15" started-at="2019-04-18T08:27:19Z" finished-at="2019-04-18T08:27:19Z">
          <params>
            <param index="0">
              <value>
                <![CDATA[[TestResult name=JQC_TLP_Deposit_Menu_Txn status=SUCCESS method=QCStore.JQC_TLP_Deposit_Menu_Txn()[pri:204, instance:tests.QCStore@5f9d02cb] output={null}]]]>
              </value>
            </param>
          </params>
          <reporter-output>
          </reporter-output>
        </test-method> <!-- getResult -->
        <test-method status="PASS" signature="killProcess()[pri:0, instance:tests.QCStore@5f9d02cb]" name="killProcess" is-config="true" duration-ms="5006" started-at="2019-04-18T08:27:19Z" finished-at="2019-04-18T08:27:24Z">
          <reporter-output>
          </reporter-output>
        </test-method> <!-- killProcess -->
        <test-method status="PASS" signature="JQC_TLP_GraceDays_Deposit_dropdown_Txn()[pri:205, instance:tests.QCStore@5f9d02cb]" name="JQC_TLP_GraceDays_Deposit_dropdown_Txn" duration-ms="402809" started-at="2019-04-18T08:27:24Z" finished-at="2019-04-18T08:34:07Z">
          <reporter-output>
          </reporter-output>
        </test-method> <!-- JQC_TLP_GraceDays_Deposit_dropdown_Txn -->
        <test-method status="PASS" signature="getResult(org.testng.ITestResult)[pri:0, instance:tests.QCStore@5f9d02cb]" name="getResult" is-config="true" duration-ms="48" started-at="2019-04-18T08:34:07Z" finished-at="2019-04-18T08:34:07Z">
          <params>
            <param index="0">
              <value>
                <![CDATA[[TestResult name=JQC_TLP_GraceDays_Deposit_dropdown_Txn status=SUCCESS method=QCStore.JQC_TLP_GraceDays_Deposit_dropdown_Txn()[pri:205, instance:tests.QCStore@5f9d02cb] output={null}]]]>
              </value>
            </param>
          </params>
          <reporter-output>
          </reporter-output>
        </test-method> <!-- getResult -->
        <test-method status="PASS" signature="endReport()[pri:0, instance:tests.QCStore@5f9d02cb]" name="endReport" is-config="true" duration-ms="0" started-at="2019-04-18T08:34:07Z" finished-at="2019-04-18T08:34:07Z">
          <reporter-output>
          </reporter-output>
        </test-method> <!-- endReport -->
        <test-method status="PASS" signature="killProcess()[pri:0, instance:tests.QCStore@5f9d02cb]" name="killProcess" is-config="true" duration-ms="5008" started-at="2019-04-18T08:34:07Z" finished-at="2019-04-18T08:34:12Z">
          <reporter-output>
          </reporter-output>
        </test-method> <!-- killProcess -->
        <test-method status="PASS" signature="JQC_TLP_Deceased_Txn()[pri:206, instance:tests.QCStore@5f9d02cb]" name="JQC_TLP_Deceased_Txn" duration-ms="302277" started-at="2019-04-18T08:34:12Z" finished-at="2019-04-18T08:39:14Z">
          <reporter-output>
          </reporter-output>
        </test-method> <!-- JQC_TLP_Deceased_Txn -->
        <test-method status="PASS" signature="endReport()[pri:0, instance:tests.QCStore@5f9d02cb]" name="endReport" is-config="true" duration-ms="0" started-at="2019-04-18T08:39:14Z" finished-at="2019-04-18T08:39:14Z">
          <reporter-output>
          </reporter-output>
        </test-method> <!-- endReport -->
        <test-method status="PASS" signature="getResult(org.testng.ITestResult)[pri:0, instance:tests.QCStore@5f9d02cb]" name="getResult" is-config="true" duration-ms="32" started-at="2019-04-18T08:39:14Z" finished-at="2019-04-18T08:39:14Z">
          <params>
            <param index="0">
              <value>
                <![CDATA[[TestResult name=JQC_TLP_Deceased_Txn status=SUCCESS method=QCStore.JQC_TLP_Deceased_Txn()[pri:206, instance:tests.QCStore@5f9d02cb] output={null}]]]>
              </value>
            </param>
          </params>
          <reporter-output>
          </reporter-output>
        </test-method> <!-- getResult -->
        <test-method status="PASS" signature="killProcess()[pri:0, instance:tests.QCStore@5f9d02cb]" name="killProcess" is-config="true" duration-ms="5008" started-at="2019-04-18T08:39:14Z" finished-at="2019-04-18T08:39:19Z">
          <reporter-output>
          </reporter-output>
        </test-method> <!-- killProcess -->
        <test-method status="PASS" signature="JQC_DefaultPayment_Txn_Testdata()[pri:207, instance:tests.QCStore@5f9d02cb]" name="JQC_DefaultPayment_Txn_Testdata" duration-ms="433492" started-at="2019-04-18T08:39:19Z" finished-at="2019-04-18T08:46:33Z">
          <reporter-output>
          </reporter-output>
        </test-method> <!-- JQC_DefaultPayment_Txn_Testdata -->
        <test-method status="PASS" signature="endReport()[pri:0, instance:tests.QCStore@5f9d02cb]" name="endReport" is-config="true" duration-ms="0" started-at="2019-04-18T08:46:33Z" finished-at="2019-04-18T08:46:33Z">
          <reporter-output>
          </reporter-output>
        </test-method> <!-- endReport -->
        <test-method status="PASS" signature="getResult(org.testng.ITestResult)[pri:0, instance:tests.QCStore@5f9d02cb]" name="getResult" is-config="true" duration-ms="48" started-at="2019-04-18T08:46:33Z" finished-at="2019-04-18T08:46:33Z">
          <params>
            <param index="0">
              <value>
                <![CDATA[[TestResult name=JQC_DefaultPayment_Txn_Testdata status=SUCCESS method=QCStore.JQC_DefaultPayment_Txn_Testdata()[pri:207, instance:tests.QCStore@5f9d02cb] output={null}]]]>
              </value>
            </param>
          </params>
          <reporter-output>
          </reporter-output>
        </test-method> <!-- getResult -->
        <test-method status="PASS" signature="killProcess()[pri:0, instance:tests.QCStore@5f9d02cb]" name="killProcess" is-config="true" duration-ms="5007" started-at="2019-04-18T08:46:33Z" finished-at="2019-04-18T08:46:38Z">
          <reporter-output>
          </reporter-output>
        </test-method> <!-- killProcess -->
        <test-method status="PASS" signature="JQC_DefaultPayment_Void_Txn_Testdata()[pri:208, instance:tests.QCStore@5f9d02cb]" name="JQC_DefaultPayment_Void_Txn_Testdata" duration-ms="516129" started-at="2019-04-18T08:46:38Z" finished-at="2019-04-18T08:55:14Z">
          <reporter-output>
          </reporter-output>
        </test-method> <!-- JQC_DefaultPayment_Void_Txn_Testdata -->
        <test-method status="PASS" signature="getResult(org.testng.ITestResult)[pri:0, instance:tests.QCStore@5f9d02cb]" name="getResult" is-config="true" duration-ms="15" started-at="2019-04-18T08:55:14Z" finished-at="2019-04-18T08:55:14Z">
          <params>
            <param index="0">
              <value>
                <![CDATA[[TestResult name=JQC_DefaultPayment_Void_Txn_Testdata status=SUCCESS method=QCStore.JQC_DefaultPayment_Void_Txn_Testdata()[pri:208, instance:tests.QCStore@5f9d02cb] output={null}]]]>
              </value>
            </param>
          </params>
          <reporter-output>
          </reporter-output>
        </test-method> <!-- getResult -->
        <test-method status="PASS" signature="endReport()[pri:0, instance:tests.QCStore@5f9d02cb]" name="endReport" is-config="true" duration-ms="0" started-at="2019-04-18T08:55:14Z" finished-at="2019-04-18T08:55:14Z">
          <reporter-output>
          </reporter-output>
        </test-method> <!-- endReport -->
      </class> <!-- tests.QCStore -->
    </test> <!-- Test -->
  </suite> <!-- Suite -->
</testng-results>
