<?xml version="1.0" encoding="UTF-8"?>
<testng-results skipped="0" failed="0" ignored="23" total="24" passed="1">
  <reporter-output>
  </reporter-output>
  <suite name="Suite" duration-ms="715192" started-at="2019-03-01T12:36:28Z" finished-at="2019-03-01T12:48:23Z">
    <groups>
      <group name="Janaki_EOD_set1">
        <method signature="QCStore.JQC_TLP_Deposit_EOD_Txn()[pri:209, instance:tests.QCStore@527740a2]" name="JQC_TLP_Deposit_EOD_Txn" class="tests.QCStore"/>
      </group> <!-- Janaki_EOD_set1 -->
    </groups>
    <test name="Test" duration-ms="715192" started-at="2019-03-01T12:36:28Z" finished-at="2019-03-01T12:48:23Z">
      <class name="tests.QCStore">
        <test-method status="PASS" signature="setup()[pri:0, instance:tests.QCStore@527740a2]" name="setup" is-config="true" duration-ms="75" started-at="2019-03-01T12:36:28Z" finished-at="2019-03-01T12:36:28Z">
          <reporter-output>
          </reporter-output>
        </test-method> <!-- setup -->
        <test-method status="PASS" signature="killProcess()[pri:0, instance:tests.QCStore@527740a2]" name="killProcess" is-config="true" duration-ms="5009" started-at="2019-03-01T12:36:28Z" finished-at="2019-03-01T12:36:33Z">
          <reporter-output>
          </reporter-output>
        </test-method> <!-- killProcess -->
        <test-method status="PASS" signature="JQC_TLP_Deposit_EOD_Txn()[pri:209, instance:tests.QCStore@527740a2]" name="JQC_TLP_Deposit_EOD_Txn" duration-ms="709911" started-at="2019-03-01T12:36:33Z" finished-at="2019-03-01T12:48:23Z">
          <reporter-output>
          </reporter-output>
        </test-method> <!-- JQC_TLP_Deposit_EOD_Txn -->
        <test-method status="PASS" signature="endReport()[pri:0, instance:tests.QCStore@527740a2]" name="endReport" is-config="true" duration-ms="1" started-at="2019-03-01T12:48:23Z" finished-at="2019-03-01T12:48:23Z">
          <reporter-output>
          </reporter-output>
        </test-method> <!-- endReport -->
        <test-method status="PASS" signature="getResult(org.testng.ITestResult)[pri:0, instance:tests.QCStore@527740a2]" name="getResult" is-config="true" duration-ms="181" started-at="2019-03-01T12:48:23Z" finished-at="2019-03-01T12:48:23Z">
          <params>
            <param index="0">
              <value>
                <![CDATA[[TestResult name=JQC_TLP_Deposit_EOD_Txn status=SUCCESS method=QCStore.JQC_TLP_Deposit_EOD_Txn()[pri:209, instance:tests.QCStore@527740a2] output={null}]]]>
              </value>
            </param>
          </params>
          <reporter-output>
          </reporter-output>
        </test-method> <!-- getResult -->
      </class> <!-- tests.QCStore -->
    </test> <!-- Test -->
  </suite> <!-- Suite -->
</testng-results>
