<?xml version="1.0" encoding="UTF-8"?>
<testng-results skipped="0" failed="0" ignored="0" total="1" passed="1">
  <reporter-output>
  </reporter-output>
  <suite name="Default suite" duration-ms="1091792" started-at="2019-02-21T04:35:36Z" finished-at="2019-02-21T04:53:47Z">
    <groups>
      <group name="Brahmith">
        <method signature="QCStore.QC_Installmentpayment_Void_Txn()[pri:119, instance:tests.QCStore@71423665]" name="QC_Installmentpayment_Void_Txn" class="tests.QCStore"/>
      </group> <!-- Brahmith -->
    </groups>
    <test name="Default test" duration-ms="1091792" started-at="2019-02-21T04:35:36Z" finished-at="2019-02-21T04:53:47Z">
      <class name="tests.QCStore">
        <test-method status="PASS" signature="setup()[pri:0, instance:tests.QCStore@71423665]" name="setup" is-config="true" duration-ms="94" started-at="2019-02-21T04:35:36Z" finished-at="2019-02-21T04:35:36Z">
          <reporter-output>
          </reporter-output>
        </test-method> <!-- setup -->
        <test-method status="PASS" signature="killProcess()[pri:0, instance:tests.QCStore@71423665]" name="killProcess" is-config="true" duration-ms="5011" started-at="2019-02-21T04:35:36Z" finished-at="2019-02-21T04:35:41Z">
          <reporter-output>
          </reporter-output>
        </test-method> <!-- killProcess -->
        <test-method status="PASS" signature="QC_Installmentpayment_Void_Txn()[pri:119, instance:tests.QCStore@71423665]" name="QC_Installmentpayment_Void_Txn" duration-ms="1086460" started-at="2019-02-21T04:35:41Z" finished-at="2019-02-21T04:53:47Z">
          <reporter-output>
          </reporter-output>
        </test-method> <!-- QC_Installmentpayment_Void_Txn -->
        <test-method status="PASS" signature="getResult(org.testng.ITestResult)[pri:0, instance:tests.QCStore@71423665]" name="getResult" is-config="true" duration-ms="213" started-at="2019-02-21T04:53:47Z" finished-at="2019-02-21T04:53:47Z">
          <params>
            <param index="0">
              <value>
                <![CDATA[[TestResult name=QC_Installmentpayment_Void_Txn status=SUCCESS method=QCStore.QC_Installmentpayment_Void_Txn()[pri:119, instance:tests.QCStore@71423665] output={null}]]]>
              </value>
            </param>
          </params>
          <reporter-output>
          </reporter-output>
        </test-method> <!-- getResult -->
        <test-method status="PASS" signature="endReport()[pri:0, instance:tests.QCStore@71423665]" name="endReport" is-config="true" duration-ms="0" started-at="2019-02-21T04:53:47Z" finished-at="2019-02-21T04:53:47Z">
          <reporter-output>
          </reporter-output>
        </test-method> <!-- endReport -->
      </class> <!-- tests.QCStore -->
    </test> <!-- Default test -->
  </suite> <!-- Default suite -->
</testng-results>
