<?xml version="1.0" encoding="UTF-8"?>
<testng-results skipped="0" failed="0" ignored="29" total="35" passed="6">
  <reporter-output>
  </reporter-output>
  <suite name="Suite" duration-ms="3035615" started-at="2019-04-05T10:08:16Z" finished-at="2019-04-05T10:58:51Z">
    <groups>
      <group name="Brahmith1">
        <method signature="QCStore.QC_Installmentpayment_Txn()[pri:118, instance:tests.QCStore@5f9d02cb]" name="QC_Installmentpayment_Txn" class="tests.QCStore"/>
        <method signature="QCStore.QC_Installmentpayment_Void_Txn()[pri:119, instance:tests.QCStore@5f9d02cb]" name="QC_Installmentpayment_Void_Txn" class="tests.QCStore"/>
        <method signature="QCStore.QC_PayAnyotherAmount_Txn()[pri:120, instance:tests.QCStore@5f9d02cb]" name="QC_PayAnyotherAmount_Txn" class="tests.QCStore"/>
        <method signature="QCStore.QC_PayAnyotherAmount_Void_Txn()[pri:121, instance:tests.QCStore@5f9d02cb]" name="QC_PayAnyotherAmount_Void_Txn" class="tests.QCStore"/>
        <method signature="QCStore.QC_TLP_Writeoff_Recovery_Txn()[pri:131, instance:tests.QCStore@5f9d02cb]" name="QC_TLP_Writeoff_Recovery_Txn" class="tests.QCStore"/>
        <method signature="QCStore.QC_TLP_Writeoff_Recovery_Void_Txn()[pri:132, instance:tests.QCStore@5f9d02cb]" name="QC_TLP_Writeoff_Recovery_Void_Txn" class="tests.QCStore"/>
      </group> <!-- Brahmith1 -->
    </groups>
    <test name="Test" duration-ms="3035615" started-at="2019-04-05T10:08:16Z" finished-at="2019-04-05T10:58:51Z">
      <class name="tests.QCStore">
        <test-method status="PASS" signature="setup()[pri:0, instance:tests.QCStore@5f9d02cb]" name="setup" is-config="true" duration-ms="178" started-at="2019-04-05T10:08:16Z" finished-at="2019-04-05T10:08:16Z">
          <reporter-output>
          </reporter-output>
        </test-method> <!-- setup -->
        <test-method status="PASS" signature="killProcess()[pri:0, instance:tests.QCStore@5f9d02cb]" name="killProcess" is-config="true" duration-ms="5001" started-at="2019-04-05T10:08:16Z" finished-at="2019-04-05T10:08:21Z">
          <reporter-output>
          </reporter-output>
        </test-method> <!-- killProcess -->
        <test-method status="PASS" signature="QC_Installmentpayment_Txn()[pri:118, instance:tests.QCStore@5f9d02cb]" name="QC_Installmentpayment_Txn" duration-ms="405908" started-at="2019-04-05T10:08:21Z" finished-at="2019-04-05T10:15:07Z">
          <reporter-output>
          </reporter-output>
        </test-method> <!-- QC_Installmentpayment_Txn -->
        <test-method status="PASS" signature="endReport()[pri:0, instance:tests.QCStore@5f9d02cb]" name="endReport" is-config="true" duration-ms="0" started-at="2019-04-05T10:15:07Z" finished-at="2019-04-05T10:15:07Z">
          <reporter-output>
          </reporter-output>
        </test-method> <!-- endReport -->
        <test-method status="PASS" signature="getResult(org.testng.ITestResult)[pri:0, instance:tests.QCStore@5f9d02cb]" name="getResult" is-config="true" duration-ms="315" started-at="2019-04-05T10:15:07Z" finished-at="2019-04-05T10:15:07Z">
          <params>
            <param index="0">
              <value>
                <![CDATA[[TestResult name=QC_Installmentpayment_Txn status=SUCCESS method=QCStore.QC_Installmentpayment_Txn()[pri:118, instance:tests.QCStore@5f9d02cb] output={null}]]]>
              </value>
            </param>
          </params>
          <reporter-output>
          </reporter-output>
        </test-method> <!-- getResult -->
        <test-method status="PASS" signature="killProcess()[pri:0, instance:tests.QCStore@5f9d02cb]" name="killProcess" is-config="true" duration-ms="5000" started-at="2019-04-05T10:15:07Z" finished-at="2019-04-05T10:15:12Z">
          <reporter-output>
          </reporter-output>
        </test-method> <!-- killProcess -->
        <test-method status="PASS" signature="QC_Installmentpayment_Void_Txn()[pri:119, instance:tests.QCStore@5f9d02cb]" name="QC_Installmentpayment_Void_Txn" duration-ms="443525" started-at="2019-04-05T10:15:12Z" finished-at="2019-04-05T10:22:36Z">
          <reporter-output>
          </reporter-output>
        </test-method> <!-- QC_Installmentpayment_Void_Txn -->
        <test-method status="PASS" signature="getResult(org.testng.ITestResult)[pri:0, instance:tests.QCStore@5f9d02cb]" name="getResult" is-config="true" duration-ms="70" started-at="2019-04-05T10:22:36Z" finished-at="2019-04-05T10:22:36Z">
          <params>
            <param index="0">
              <value>
                <![CDATA[[TestResult name=QC_Installmentpayment_Void_Txn status=SUCCESS method=QCStore.QC_Installmentpayment_Void_Txn()[pri:119, instance:tests.QCStore@5f9d02cb] output={null}]]]>
              </value>
            </param>
          </params>
          <reporter-output>
          </reporter-output>
        </test-method> <!-- getResult -->
        <test-method status="PASS" signature="endReport()[pri:0, instance:tests.QCStore@5f9d02cb]" name="endReport" is-config="true" duration-ms="0" started-at="2019-04-05T10:22:36Z" finished-at="2019-04-05T10:22:36Z">
          <reporter-output>
          </reporter-output>
        </test-method> <!-- endReport -->
        <test-method status="PASS" signature="killProcess()[pri:0, instance:tests.QCStore@5f9d02cb]" name="killProcess" is-config="true" duration-ms="5001" started-at="2019-04-05T10:22:36Z" finished-at="2019-04-05T10:22:41Z">
          <reporter-output>
          </reporter-output>
        </test-method> <!-- killProcess -->
        <test-method status="PASS" signature="QC_PayAnyotherAmount_Txn()[pri:120, instance:tests.QCStore@5f9d02cb]" name="QC_PayAnyotherAmount_Txn" duration-ms="395011" started-at="2019-04-05T10:22:41Z" finished-at="2019-04-05T10:29:16Z">
          <reporter-output>
          </reporter-output>
        </test-method> <!-- QC_PayAnyotherAmount_Txn -->
        <test-method status="PASS" signature="getResult(org.testng.ITestResult)[pri:0, instance:tests.QCStore@5f9d02cb]" name="getResult" is-config="true" duration-ms="70" started-at="2019-04-05T10:29:16Z" finished-at="2019-04-05T10:29:16Z">
          <params>
            <param index="0">
              <value>
                <![CDATA[[TestResult name=QC_PayAnyotherAmount_Txn status=SUCCESS method=QCStore.QC_PayAnyotherAmount_Txn()[pri:120, instance:tests.QCStore@5f9d02cb] output={null}]]]>
              </value>
            </param>
          </params>
          <reporter-output>
          </reporter-output>
        </test-method> <!-- getResult -->
        <test-method status="PASS" signature="endReport()[pri:0, instance:tests.QCStore@5f9d02cb]" name="endReport" is-config="true" duration-ms="0" started-at="2019-04-05T10:29:16Z" finished-at="2019-04-05T10:29:16Z">
          <reporter-output>
          </reporter-output>
        </test-method> <!-- endReport -->
        <test-method status="PASS" signature="killProcess()[pri:0, instance:tests.QCStore@5f9d02cb]" name="killProcess" is-config="true" duration-ms="5000" started-at="2019-04-05T10:29:16Z" finished-at="2019-04-05T10:29:21Z">
          <reporter-output>
          </reporter-output>
        </test-method> <!-- killProcess -->
        <test-method status="PASS" signature="QC_PayAnyotherAmount_Void_Txn()[pri:121, instance:tests.QCStore@5f9d02cb]" name="QC_PayAnyotherAmount_Void_Txn" duration-ms="394517" started-at="2019-04-05T10:29:21Z" finished-at="2019-04-05T10:35:55Z">
          <reporter-output>
          </reporter-output>
        </test-method> <!-- QC_PayAnyotherAmount_Void_Txn -->
        <test-method status="PASS" signature="getResult(org.testng.ITestResult)[pri:0, instance:tests.QCStore@5f9d02cb]" name="getResult" is-config="true" duration-ms="43" started-at="2019-04-05T10:35:55Z" finished-at="2019-04-05T10:35:55Z">
          <params>
            <param index="0">
              <value>
                <![CDATA[[TestResult name=QC_PayAnyotherAmount_Void_Txn status=SUCCESS method=QCStore.QC_PayAnyotherAmount_Void_Txn()[pri:121, instance:tests.QCStore@5f9d02cb] output={null}]]]>
              </value>
            </param>
          </params>
          <reporter-output>
          </reporter-output>
        </test-method> <!-- getResult -->
        <test-method status="PASS" signature="endReport()[pri:0, instance:tests.QCStore@5f9d02cb]" name="endReport" is-config="true" duration-ms="0" started-at="2019-04-05T10:35:55Z" finished-at="2019-04-05T10:35:55Z">
          <reporter-output>
          </reporter-output>
        </test-method> <!-- endReport -->
        <test-method status="PASS" signature="killProcess()[pri:0, instance:tests.QCStore@5f9d02cb]" name="killProcess" is-config="true" duration-ms="5000" started-at="2019-04-05T10:35:55Z" finished-at="2019-04-05T10:36:00Z">
          <reporter-output>
          </reporter-output>
        </test-method> <!-- killProcess -->
        <test-method status="PASS" signature="QC_TLP_Writeoff_Recovery_Txn()[pri:131, instance:tests.QCStore@5f9d02cb]" name="QC_TLP_Writeoff_Recovery_Txn" duration-ms="701270" started-at="2019-04-05T10:36:00Z" finished-at="2019-04-05T10:47:42Z">
          <reporter-output>
          </reporter-output>
        </test-method> <!-- QC_TLP_Writeoff_Recovery_Txn -->
        <test-method status="PASS" signature="endReport()[pri:0, instance:tests.QCStore@5f9d02cb]" name="endReport" is-config="true" duration-ms="0" started-at="2019-04-05T10:47:42Z" finished-at="2019-04-05T10:47:42Z">
          <reporter-output>
          </reporter-output>
        </test-method> <!-- endReport -->
        <test-method status="PASS" signature="getResult(org.testng.ITestResult)[pri:0, instance:tests.QCStore@5f9d02cb]" name="getResult" is-config="true" duration-ms="59" started-at="2019-04-05T10:47:42Z" finished-at="2019-04-05T10:47:42Z">
          <params>
            <param index="0">
              <value>
                <![CDATA[[TestResult name=QC_TLP_Writeoff_Recovery_Txn status=SUCCESS method=QCStore.QC_TLP_Writeoff_Recovery_Txn()[pri:131, instance:tests.QCStore@5f9d02cb] output={null}]]]>
              </value>
            </param>
          </params>
          <reporter-output>
          </reporter-output>
        </test-method> <!-- getResult -->
        <test-method status="PASS" signature="killProcess()[pri:0, instance:tests.QCStore@5f9d02cb]" name="killProcess" is-config="true" duration-ms="5001" started-at="2019-04-05T10:47:42Z" finished-at="2019-04-05T10:47:47Z">
          <reporter-output>
          </reporter-output>
        </test-method> <!-- killProcess -->
        <test-method status="PASS" signature="QC_TLP_Writeoff_Recovery_Void_Txn()[pri:132, instance:tests.QCStore@5f9d02cb]" name="QC_TLP_Writeoff_Recovery_Void_Txn" duration-ms="664579" started-at="2019-04-05T10:47:47Z" finished-at="2019-04-05T10:58:51Z">
          <reporter-output>
          </reporter-output>
        </test-method> <!-- QC_TLP_Writeoff_Recovery_Void_Txn -->
        <test-method status="PASS" signature="getResult(org.testng.ITestResult)[pri:0, instance:tests.QCStore@5f9d02cb]" name="getResult" is-config="true" duration-ms="42" started-at="2019-04-05T10:58:51Z" finished-at="2019-04-05T10:58:51Z">
          <params>
            <param index="0">
              <value>
                <![CDATA[[TestResult name=QC_TLP_Writeoff_Recovery_Void_Txn status=SUCCESS method=QCStore.QC_TLP_Writeoff_Recovery_Void_Txn()[pri:132, instance:tests.QCStore@5f9d02cb] output={null}]]]>
              </value>
            </param>
          </params>
          <reporter-output>
          </reporter-output>
        </test-method> <!-- getResult -->
        <test-method status="PASS" signature="endReport()[pri:0, instance:tests.QCStore@5f9d02cb]" name="endReport" is-config="true" duration-ms="0" started-at="2019-04-05T10:58:51Z" finished-at="2019-04-05T10:58:51Z">
          <reporter-output>
          </reporter-output>
        </test-method> <!-- endReport -->
      </class> <!-- tests.QCStore -->
    </test> <!-- Test -->
  </suite> <!-- Suite -->
</testng-results>
