<?xml version="1.0" encoding="UTF-8"?>
<testng-results skipped="0" failed="0" ignored="23" total="35" passed="12">
  <reporter-output>
  </reporter-output>
  <suite name="Suite" duration-ms="4297808" started-at="2019-06-12T10:37:14Z" finished-at="2019-06-12T11:48:52Z">
    <groups>
      <group name="Brahmith">
        <method signature="QCStore.QC_AgeStore_Void_Txn()[pri:105, instance:tests.QCStore@5f9d02cb]" name="QC_AgeStore_Void_Txn" class="tests.QCStore"/>
        <method signature="QCStore.QC_Installmentpayment_Txn()[pri:118, instance:tests.QCStore@5f9d02cb]" name="QC_Installmentpayment_Txn" class="tests.QCStore"/>
        <method signature="QCStore.QC_Installmentpayment_Void_Txn()[pri:119, instance:tests.QCStore@5f9d02cb]" name="QC_Installmentpayment_Void_Txn" class="tests.QCStore"/>
        <method signature="QCStore.QC_NewLoan_Promotion_Txn()[pri:103, instance:tests.QCStore@5f9d02cb]" name="QC_NewLoan_Promotion_Txn" class="tests.QCStore"/>
        <method signature="QCStore.QC_NewLoan_Void_Txn()[pri:104, instance:tests.QCStore@5f9d02cb]" name="QC_NewLoan_Void_Txn" class="tests.QCStore"/>
        <method signature="QCStore.QC_PayAnyotherAmount_Txn()[pri:120, instance:tests.QCStore@5f9d02cb]" name="QC_PayAnyotherAmount_Txn" class="tests.QCStore"/>
        <method signature="QCStore.QC_PayAnyotherAmount_Void_Txn()[pri:121, instance:tests.QCStore@5f9d02cb]" name="QC_PayAnyotherAmount_Void_Txn" class="tests.QCStore"/>
        <method signature="QCStore.QC_TLP_Buyback_Txn()[pri:116, instance:tests.QCStore@5f9d02cb]" name="QC_TLP_Buyback_Txn" class="tests.QCStore"/>
        <method signature="QCStore.QC_TLP_Buyback_Void_Txn()[pri:117, instance:tests.QCStore@5f9d02cb]" name="QC_TLP_Buyback_Void_Txn" class="tests.QCStore"/>
        <method signature="QCStore.QC_TLP_NewLoan_Txn()[pri:101, instance:tests.QCStore@5f9d02cb]" name="QC_TLP_NewLoan_Txn" class="tests.QCStore"/>
        <method signature="QCStore.QC_TLP_Writeoff_Recovery_Txn()[pri:131, instance:tests.QCStore@5f9d02cb]" name="QC_TLP_Writeoff_Recovery_Txn" class="tests.QCStore"/>
        <method signature="QCStore.QC_TLP_Writeoff_Recovery_Void_Txn()[pri:132, instance:tests.QCStore@5f9d02cb]" name="QC_TLP_Writeoff_Recovery_Void_Txn" class="tests.QCStore"/>
      </group> <!-- Brahmith -->
    </groups>
    <test name="Test" duration-ms="4297808" started-at="2019-06-12T10:37:14Z" finished-at="2019-06-12T11:48:52Z">
      <class name="tests.QCStore">
        <test-method status="PASS" signature="setup()[pri:0, instance:tests.QCStore@5f9d02cb]" name="setup" is-config="true" duration-ms="169" started-at="2019-06-12T10:37:14Z" finished-at="2019-06-12T10:37:14Z">
          <reporter-output>
          </reporter-output>
        </test-method> <!-- setup -->
        <test-method status="PASS" signature="killProcess()[pri:0, instance:tests.QCStore@5f9d02cb]" name="killProcess" is-config="true" duration-ms="5021" started-at="2019-06-12T10:37:14Z" finished-at="2019-06-12T10:37:19Z">
          <reporter-output>
          </reporter-output>
        </test-method> <!-- killProcess -->
        <test-method status="PASS" signature="QC_TLP_NewLoan_Txn()[pri:101, instance:tests.QCStore@5f9d02cb]" name="QC_TLP_NewLoan_Txn" duration-ms="251130" started-at="2019-06-12T10:37:19Z" finished-at="2019-06-12T10:41:30Z">
          <reporter-output>
          </reporter-output>
        </test-method> <!-- QC_TLP_NewLoan_Txn -->
        <test-method status="PASS" signature="getResult(org.testng.ITestResult)[pri:0, instance:tests.QCStore@5f9d02cb]" name="getResult" is-config="true" duration-ms="398" started-at="2019-06-12T10:41:30Z" finished-at="2019-06-12T10:41:31Z">
          <params>
            <param index="0">
              <value>
                <![CDATA[[TestResult name=QC_TLP_NewLoan_Txn status=SUCCESS method=QCStore.QC_TLP_NewLoan_Txn()[pri:101, instance:tests.QCStore@5f9d02cb] output={null}]]]>
              </value>
            </param>
          </params>
          <reporter-output>
          </reporter-output>
        </test-method> <!-- getResult -->
        <test-method status="PASS" signature="endReport()[pri:0, instance:tests.QCStore@5f9d02cb]" name="endReport" is-config="true" duration-ms="0" started-at="2019-06-12T10:41:30Z" finished-at="2019-06-12T10:41:30Z">
          <reporter-output>
          </reporter-output>
        </test-method> <!-- endReport -->
        <test-method status="PASS" signature="killProcess()[pri:0, instance:tests.QCStore@5f9d02cb]" name="killProcess" is-config="true" duration-ms="5053" started-at="2019-06-12T10:41:31Z" finished-at="2019-06-12T10:41:36Z">
          <reporter-output>
          </reporter-output>
        </test-method> <!-- killProcess -->
        <test-method status="PASS" signature="QC_NewLoan_Promotion_Txn()[pri:103, instance:tests.QCStore@5f9d02cb]" name="QC_NewLoan_Promotion_Txn" duration-ms="196807" started-at="2019-06-12T10:41:36Z" finished-at="2019-06-12T10:44:53Z">
          <reporter-output>
          </reporter-output>
        </test-method> <!-- QC_NewLoan_Promotion_Txn -->
        <test-method status="PASS" signature="getResult(org.testng.ITestResult)[pri:0, instance:tests.QCStore@5f9d02cb]" name="getResult" is-config="true" duration-ms="67" started-at="2019-06-12T10:44:53Z" finished-at="2019-06-12T10:44:53Z">
          <params>
            <param index="0">
              <value>
                <![CDATA[[TestResult name=QC_NewLoan_Promotion_Txn status=SUCCESS method=QCStore.QC_NewLoan_Promotion_Txn()[pri:103, instance:tests.QCStore@5f9d02cb] output={null}]]]>
              </value>
            </param>
          </params>
          <reporter-output>
          </reporter-output>
        </test-method> <!-- getResult -->
        <test-method status="PASS" signature="endReport()[pri:0, instance:tests.QCStore@5f9d02cb]" name="endReport" is-config="true" duration-ms="0" started-at="2019-06-12T10:44:53Z" finished-at="2019-06-12T10:44:53Z">
          <reporter-output>
          </reporter-output>
        </test-method> <!-- endReport -->
        <test-method status="PASS" signature="killProcess()[pri:0, instance:tests.QCStore@5f9d02cb]" name="killProcess" is-config="true" duration-ms="5029" started-at="2019-06-12T10:44:53Z" finished-at="2019-06-12T10:44:58Z">
          <reporter-output>
          </reporter-output>
        </test-method> <!-- killProcess -->
        <test-method status="PASS" signature="QC_NewLoan_Void_Txn()[pri:104, instance:tests.QCStore@5f9d02cb]" name="QC_NewLoan_Void_Txn" duration-ms="211959" started-at="2019-06-12T10:44:58Z" finished-at="2019-06-12T10:48:30Z">
          <reporter-output>
          </reporter-output>
        </test-method> <!-- QC_NewLoan_Void_Txn -->
        <test-method status="PASS" signature="getResult(org.testng.ITestResult)[pri:0, instance:tests.QCStore@5f9d02cb]" name="getResult" is-config="true" duration-ms="54" started-at="2019-06-12T10:48:30Z" finished-at="2019-06-12T10:48:30Z">
          <params>
            <param index="0">
              <value>
                <![CDATA[[TestResult name=QC_NewLoan_Void_Txn status=SUCCESS method=QCStore.QC_NewLoan_Void_Txn()[pri:104, instance:tests.QCStore@5f9d02cb] output={null}]]]>
              </value>
            </param>
          </params>
          <reporter-output>
          </reporter-output>
        </test-method> <!-- getResult -->
        <test-method status="PASS" signature="endReport()[pri:0, instance:tests.QCStore@5f9d02cb]" name="endReport" is-config="true" duration-ms="0" started-at="2019-06-12T10:48:30Z" finished-at="2019-06-12T10:48:30Z">
          <reporter-output>
          </reporter-output>
        </test-method> <!-- endReport -->
        <test-method status="PASS" signature="killProcess()[pri:0, instance:tests.QCStore@5f9d02cb]" name="killProcess" is-config="true" duration-ms="5035" started-at="2019-06-12T10:48:30Z" finished-at="2019-06-12T10:48:35Z">
          <reporter-output>
          </reporter-output>
        </test-method> <!-- killProcess -->
        <test-method status="PASS" signature="QC_AgeStore_Void_Txn()[pri:105, instance:tests.QCStore@5f9d02cb]" name="QC_AgeStore_Void_Txn" duration-ms="349888" started-at="2019-06-12T10:48:35Z" finished-at="2019-06-12T10:54:25Z">
          <reporter-output>
          </reporter-output>
        </test-method> <!-- QC_AgeStore_Void_Txn -->
        <test-method status="PASS" signature="endReport()[pri:0, instance:tests.QCStore@5f9d02cb]" name="endReport" is-config="true" duration-ms="0" started-at="2019-06-12T10:54:25Z" finished-at="2019-06-12T10:54:25Z">
          <reporter-output>
          </reporter-output>
        </test-method> <!-- endReport -->
        <test-method status="PASS" signature="getResult(org.testng.ITestResult)[pri:0, instance:tests.QCStore@5f9d02cb]" name="getResult" is-config="true" duration-ms="34" started-at="2019-06-12T10:54:25Z" finished-at="2019-06-12T10:54:25Z">
          <params>
            <param index="0">
              <value>
                <![CDATA[[TestResult name=QC_AgeStore_Void_Txn status=SUCCESS method=QCStore.QC_AgeStore_Void_Txn()[pri:105, instance:tests.QCStore@5f9d02cb] output={null}]]]>
              </value>
            </param>
          </params>
          <reporter-output>
          </reporter-output>
        </test-method> <!-- getResult -->
        <test-method status="PASS" signature="killProcess()[pri:0, instance:tests.QCStore@5f9d02cb]" name="killProcess" is-config="true" duration-ms="5027" started-at="2019-06-12T10:54:25Z" finished-at="2019-06-12T10:54:30Z">
          <reporter-output>
          </reporter-output>
        </test-method> <!-- killProcess -->
        <test-method status="PASS" signature="QC_TLP_Buyback_Txn()[pri:116, instance:tests.QCStore@5f9d02cb]" name="QC_TLP_Buyback_Txn" duration-ms="303146" started-at="2019-06-12T10:54:30Z" finished-at="2019-06-12T10:59:33Z">
          <reporter-output>
          </reporter-output>
        </test-method> <!-- QC_TLP_Buyback_Txn -->
        <test-method status="PASS" signature="getResult(org.testng.ITestResult)[pri:0, instance:tests.QCStore@5f9d02cb]" name="getResult" is-config="true" duration-ms="38" started-at="2019-06-12T10:59:33Z" finished-at="2019-06-12T10:59:33Z">
          <params>
            <param index="0">
              <value>
                <![CDATA[[TestResult name=QC_TLP_Buyback_Txn status=SUCCESS method=QCStore.QC_TLP_Buyback_Txn()[pri:116, instance:tests.QCStore@5f9d02cb] output={null}]]]>
              </value>
            </param>
          </params>
          <reporter-output>
          </reporter-output>
        </test-method> <!-- getResult -->
        <test-method status="PASS" signature="endReport()[pri:0, instance:tests.QCStore@5f9d02cb]" name="endReport" is-config="true" duration-ms="0" started-at="2019-06-12T10:59:33Z" finished-at="2019-06-12T10:59:33Z">
          <reporter-output>
          </reporter-output>
        </test-method> <!-- endReport -->
        <test-method status="PASS" signature="killProcess()[pri:0, instance:tests.QCStore@5f9d02cb]" name="killProcess" is-config="true" duration-ms="5014" started-at="2019-06-12T10:59:33Z" finished-at="2019-06-12T10:59:38Z">
          <reporter-output>
          </reporter-output>
        </test-method> <!-- killProcess -->
        <test-method status="PASS" signature="QC_TLP_Buyback_Void_Txn()[pri:117, instance:tests.QCStore@5f9d02cb]" name="QC_TLP_Buyback_Void_Txn" duration-ms="334472" started-at="2019-06-12T10:59:38Z" finished-at="2019-06-12T11:05:12Z">
          <reporter-output>
          </reporter-output>
        </test-method> <!-- QC_TLP_Buyback_Void_Txn -->
        <test-method status="PASS" signature="getResult(org.testng.ITestResult)[pri:0, instance:tests.QCStore@5f9d02cb]" name="getResult" is-config="true" duration-ms="36" started-at="2019-06-12T11:05:12Z" finished-at="2019-06-12T11:05:12Z">
          <params>
            <param index="0">
              <value>
                <![CDATA[[TestResult name=QC_TLP_Buyback_Void_Txn status=SUCCESS method=QCStore.QC_TLP_Buyback_Void_Txn()[pri:117, instance:tests.QCStore@5f9d02cb] output={null}]]]>
              </value>
            </param>
          </params>
          <reporter-output>
          </reporter-output>
        </test-method> <!-- getResult -->
        <test-method status="PASS" signature="endReport()[pri:0, instance:tests.QCStore@5f9d02cb]" name="endReport" is-config="true" duration-ms="0" started-at="2019-06-12T11:05:12Z" finished-at="2019-06-12T11:05:12Z">
          <reporter-output>
          </reporter-output>
        </test-method> <!-- endReport -->
        <test-method status="PASS" signature="killProcess()[pri:0, instance:tests.QCStore@5f9d02cb]" name="killProcess" is-config="true" duration-ms="5010" started-at="2019-06-12T11:05:12Z" finished-at="2019-06-12T11:05:17Z">
          <reporter-output>
          </reporter-output>
        </test-method> <!-- killProcess -->
        <test-method status="PASS" signature="QC_Installmentpayment_Txn()[pri:118, instance:tests.QCStore@5f9d02cb]" name="QC_Installmentpayment_Txn" duration-ms="295627" started-at="2019-06-12T11:05:17Z" finished-at="2019-06-12T11:10:13Z">
          <reporter-output>
          </reporter-output>
        </test-method> <!-- QC_Installmentpayment_Txn -->
        <test-method status="PASS" signature="endReport()[pri:0, instance:tests.QCStore@5f9d02cb]" name="endReport" is-config="true" duration-ms="0" started-at="2019-06-12T11:10:13Z" finished-at="2019-06-12T11:10:13Z">
          <reporter-output>
          </reporter-output>
        </test-method> <!-- endReport -->
        <test-method status="PASS" signature="getResult(org.testng.ITestResult)[pri:0, instance:tests.QCStore@5f9d02cb]" name="getResult" is-config="true" duration-ms="34" started-at="2019-06-12T11:10:13Z" finished-at="2019-06-12T11:10:13Z">
          <params>
            <param index="0">
              <value>
                <![CDATA[[TestResult name=QC_Installmentpayment_Txn status=SUCCESS method=QCStore.QC_Installmentpayment_Txn()[pri:118, instance:tests.QCStore@5f9d02cb] output={null}]]]>
              </value>
            </param>
          </params>
          <reporter-output>
          </reporter-output>
        </test-method> <!-- getResult -->
        <test-method status="PASS" signature="killProcess()[pri:0, instance:tests.QCStore@5f9d02cb]" name="killProcess" is-config="true" duration-ms="5009" started-at="2019-06-12T11:10:13Z" finished-at="2019-06-12T11:10:18Z">
          <reporter-output>
          </reporter-output>
        </test-method> <!-- killProcess -->
        <test-method status="PASS" signature="QC_Installmentpayment_Void_Txn()[pri:119, instance:tests.QCStore@5f9d02cb]" name="QC_Installmentpayment_Void_Txn" duration-ms="353585" started-at="2019-06-12T11:10:18Z" finished-at="2019-06-12T11:16:12Z">
          <reporter-output>
          </reporter-output>
        </test-method> <!-- QC_Installmentpayment_Void_Txn -->
        <test-method status="PASS" signature="getResult(org.testng.ITestResult)[pri:0, instance:tests.QCStore@5f9d02cb]" name="getResult" is-config="true" duration-ms="595" started-at="2019-06-12T11:16:12Z" finished-at="2019-06-12T11:16:12Z">
          <params>
            <param index="0">
              <value>
                <![CDATA[[TestResult name=QC_Installmentpayment_Void_Txn status=SUCCESS method=QCStore.QC_Installmentpayment_Void_Txn()[pri:119, instance:tests.QCStore@5f9d02cb] output={null}]]]>
              </value>
            </param>
          </params>
          <reporter-output>
          </reporter-output>
        </test-method> <!-- getResult -->
        <test-method status="PASS" signature="endReport()[pri:0, instance:tests.QCStore@5f9d02cb]" name="endReport" is-config="true" duration-ms="0" started-at="2019-06-12T11:16:12Z" finished-at="2019-06-12T11:16:12Z">
          <reporter-output>
          </reporter-output>
        </test-method> <!-- endReport -->
        <test-method status="PASS" signature="killProcess()[pri:0, instance:tests.QCStore@5f9d02cb]" name="killProcess" is-config="true" duration-ms="5009" started-at="2019-06-12T11:16:12Z" finished-at="2019-06-12T11:16:17Z">
          <reporter-output>
          </reporter-output>
        </test-method> <!-- killProcess -->
        <test-method status="PASS" signature="QC_PayAnyotherAmount_Txn()[pri:120, instance:tests.QCStore@5f9d02cb]" name="QC_PayAnyotherAmount_Txn" duration-ms="391719" started-at="2019-06-12T11:16:17Z" finished-at="2019-06-12T11:22:49Z">
          <reporter-output>
          </reporter-output>
        </test-method> <!-- QC_PayAnyotherAmount_Txn -->
        <test-method status="PASS" signature="endReport()[pri:0, instance:tests.QCStore@5f9d02cb]" name="endReport" is-config="true" duration-ms="0" started-at="2019-06-12T11:22:49Z" finished-at="2019-06-12T11:22:49Z">
          <reporter-output>
          </reporter-output>
        </test-method> <!-- endReport -->
        <test-method status="PASS" signature="getResult(org.testng.ITestResult)[pri:0, instance:tests.QCStore@5f9d02cb]" name="getResult" is-config="true" duration-ms="47" started-at="2019-06-12T11:22:49Z" finished-at="2019-06-12T11:22:49Z">
          <params>
            <param index="0">
              <value>
                <![CDATA[[TestResult name=QC_PayAnyotherAmount_Txn status=SUCCESS method=QCStore.QC_PayAnyotherAmount_Txn()[pri:120, instance:tests.QCStore@5f9d02cb] output={null}]]]>
              </value>
            </param>
          </params>
          <reporter-output>
          </reporter-output>
        </test-method> <!-- getResult -->
        <test-method status="PASS" signature="killProcess()[pri:0, instance:tests.QCStore@5f9d02cb]" name="killProcess" is-config="true" duration-ms="5009" started-at="2019-06-12T11:22:49Z" finished-at="2019-06-12T11:22:54Z">
          <reporter-output>
          </reporter-output>
        </test-method> <!-- killProcess -->
        <test-method status="PASS" signature="QC_PayAnyotherAmount_Void_Txn()[pri:121, instance:tests.QCStore@5f9d02cb]" name="QC_PayAnyotherAmount_Void_Txn" duration-ms="352009" started-at="2019-06-12T11:22:54Z" finished-at="2019-06-12T11:28:46Z">
          <reporter-output>
          </reporter-output>
        </test-method> <!-- QC_PayAnyotherAmount_Void_Txn -->
        <test-method status="PASS" signature="endReport()[pri:0, instance:tests.QCStore@5f9d02cb]" name="endReport" is-config="true" duration-ms="0" started-at="2019-06-12T11:28:46Z" finished-at="2019-06-12T11:28:46Z">
          <reporter-output>
          </reporter-output>
        </test-method> <!-- endReport -->
        <test-method status="PASS" signature="getResult(org.testng.ITestResult)[pri:0, instance:tests.QCStore@5f9d02cb]" name="getResult" is-config="true" duration-ms="30" started-at="2019-06-12T11:28:46Z" finished-at="2019-06-12T11:28:46Z">
          <params>
            <param index="0">
              <value>
                <![CDATA[[TestResult name=QC_PayAnyotherAmount_Void_Txn status=SUCCESS method=QCStore.QC_PayAnyotherAmount_Void_Txn()[pri:121, instance:tests.QCStore@5f9d02cb] output={null}]]]>
              </value>
            </param>
          </params>
          <reporter-output>
          </reporter-output>
        </test-method> <!-- getResult -->
        <test-method status="PASS" signature="killProcess()[pri:0, instance:tests.QCStore@5f9d02cb]" name="killProcess" is-config="true" duration-ms="5009" started-at="2019-06-12T11:28:46Z" finished-at="2019-06-12T11:28:51Z">
          <reporter-output>
          </reporter-output>
        </test-method> <!-- killProcess -->
        <test-method status="PASS" signature="QC_TLP_Writeoff_Recovery_Txn()[pri:131, instance:tests.QCStore@5f9d02cb]" name="QC_TLP_Writeoff_Recovery_Txn" duration-ms="591082" started-at="2019-06-12T11:28:51Z" finished-at="2019-06-12T11:38:42Z">
          <reporter-output>
          </reporter-output>
        </test-method> <!-- QC_TLP_Writeoff_Recovery_Txn -->
        <test-method status="PASS" signature="getResult(org.testng.ITestResult)[pri:0, instance:tests.QCStore@5f9d02cb]" name="getResult" is-config="true" duration-ms="39" started-at="2019-06-12T11:38:42Z" finished-at="2019-06-12T11:38:42Z">
          <params>
            <param index="0">
              <value>
                <![CDATA[[TestResult name=QC_TLP_Writeoff_Recovery_Txn status=SUCCESS method=QCStore.QC_TLP_Writeoff_Recovery_Txn()[pri:131, instance:tests.QCStore@5f9d02cb] output={null}]]]>
              </value>
            </param>
          </params>
          <reporter-output>
          </reporter-output>
        </test-method> <!-- getResult -->
        <test-method status="PASS" signature="endReport()[pri:0, instance:tests.QCStore@5f9d02cb]" name="endReport" is-config="true" duration-ms="0" started-at="2019-06-12T11:38:42Z" finished-at="2019-06-12T11:38:42Z">
          <reporter-output>
          </reporter-output>
        </test-method> <!-- endReport -->
        <test-method status="PASS" signature="killProcess()[pri:0, instance:tests.QCStore@5f9d02cb]" name="killProcess" is-config="true" duration-ms="5024" started-at="2019-06-12T11:38:42Z" finished-at="2019-06-12T11:38:47Z">
          <reporter-output>
          </reporter-output>
        </test-method> <!-- killProcess -->
        <test-method status="PASS" signature="QC_TLP_Writeoff_Recovery_Void_Txn()[pri:132, instance:tests.QCStore@5f9d02cb]" name="QC_TLP_Writeoff_Recovery_Void_Txn" duration-ms="604514" started-at="2019-06-12T11:38:47Z" finished-at="2019-06-12T11:48:52Z">
          <reporter-output>
          </reporter-output>
        </test-method> <!-- QC_TLP_Writeoff_Recovery_Void_Txn -->
        <test-method status="PASS" signature="endReport()[pri:0, instance:tests.QCStore@5f9d02cb]" name="endReport" is-config="true" duration-ms="0" started-at="2019-06-12T11:48:52Z" finished-at="2019-06-12T11:48:52Z">
          <reporter-output>
          </reporter-output>
        </test-method> <!-- endReport -->
        <test-method status="PASS" signature="getResult(org.testng.ITestResult)[pri:0, instance:tests.QCStore@5f9d02cb]" name="getResult" is-config="true" duration-ms="38" started-at="2019-06-12T11:48:52Z" finished-at="2019-06-12T11:48:52Z">
          <params>
            <param index="0">
              <value>
                <![CDATA[[TestResult name=QC_TLP_Writeoff_Recovery_Void_Txn status=SUCCESS method=QCStore.QC_TLP_Writeoff_Recovery_Void_Txn()[pri:132, instance:tests.QCStore@5f9d02cb] output={null}]]]>
              </value>
            </param>
          </params>
          <reporter-output>
          </reporter-output>
        </test-method> <!-- getResult -->
      </class> <!-- tests.QCStore -->
    </test> <!-- Test -->
  </suite> <!-- Suite -->
</testng-results>
