<?xml version="1.0" encoding="UTF-8"?>
<!-- Generated by org.testng.reporters.JUnitXMLReporter -->
<testsuite hostname="QTLSYS2-238" ignored="42" name="Test" tests="15" failures="0" timestamp="26 Jun 2019 17:18:03 GMT" time="13573.241" errors="0">
  <testcase name="QC_OpenLoan_NewLoan_Txn" time="419.872" classname="tests.QCStore"/>
  <testcase name="QC_NewLoan_Void_Txn" time="372.025" classname="tests.QCStore"/>
  <testcase name="QC_AgeStore_Void_Txn" time="2385.528" classname="tests.QCStore"/>
  <testcase name="QC_Deposit_Menu_Txn" time="496.541" classname="tests.QCStore"/>
  <testcase name="QC_Deposit_GraceDays_Txn" time="590.143" classname="tests.QCStore"/>
  <testcase name="QC_FutureDeposit_DropDown" time="688.827" classname="tests.QCStore"/>
  <testcase name="QC_Epp_Deposit_Void_Txn" time="745.577" classname="tests.QCStore"/>
  <testcase name="QC_Epp_PrePayment_Txn" time="865.208" classname="tests.QCStore"/>
  <testcase name="QC_Epp_Check_Deposit_Clear_Txn" time="924.808" classname="tests.QCStore"/>
  <testcase name="QC_EppDepositClear_Refund_Txn" time="1107.377" classname="tests.QCStore"/>
  <testcase name="QC_Epp_PrePayment_Return_Txn" time="1046.533" classname="tests.QCStore"/>
  <testcase name="QC_Epp_Return_NSFPayment_Txn" time="886.471" classname="tests.QCStore"/>
  <testcase name="QC_Epp_Return_ReDeposit_Txn" time="946.798" classname="tests.QCStore"/>
  <testcase name="QC_Void_FullReturnPayment_Txn" time="1175.076" classname="tests.QCStore"/>
  <testcase name="QC_PartialPayment_RefundVoid_Txn" time="845.765" classname="tests.QCStore"/>
  <testcase name="JQC_AgeStore_Refinance_Rescind_Txn" time="0.0" classname="tests.QCStore">
    <ignored/>
  </testcase> <!-- JQC_AgeStore_Refinance_Rescind_Txn -->
  <testcase name="QC_Refinance_StepDownURP_Txn" time="0.0" classname="tests.QCStore">
    <ignored/>
  </testcase> <!-- QC_Refinance_StepDownURP_Txn -->
  <testcase name="JQC_NewLoan_Veritec_Txn" time="0.0" classname="tests.QCStore">
    <ignored/>
  </testcase> <!-- JQC_NewLoan_Veritec_Txn -->
  <testcase name="JQC_AgeStore_Deposit_AutoClear_Txn" time="0.0" classname="tests.QCStore">
    <ignored/>
  </testcase> <!-- JQC_AgeStore_Deposit_AutoClear_Txn -->
  <testcase name="JQC_AgeStore_PrePayment_Clear_Txn" time="0.0" classname="tests.QCStore">
    <ignored/>
  </testcase> <!-- JQC_AgeStore_PrePayment_Clear_Txn -->
  <testcase name="JQC_ChkDeposit_RtnChk_ReDeposit_Payment_Void_Clear_Txn_Testdata" time="0.0" classname="tests.QCStore">
    <ignored/>
  </testcase> <!-- JQC_ChkDeposit_RtnChk_ReDeposit_Payment_Void_Clear_Txn_Testdata -->
  <testcase name="JQC_AgeStore_Deposit_Return_Refinance_Void_Txn" time="0.0" classname="tests.QCStore">
    <ignored/>
  </testcase> <!-- JQC_AgeStore_Deposit_Return_Refinance_Void_Txn -->
  <testcase name="JQC_AgeStore_DCDeposit_Menu_Txn" time="0.0" classname="tests.QCStore">
    <ignored/>
  </testcase> <!-- JQC_AgeStore_DCDeposit_Menu_Txn -->
  <testcase name="JQC_ACH_PartialWORecovery_FullWORecovery_Void_Txn_Testdata" time="0.0" classname="tests.QCStore">
    <ignored/>
  </testcase> <!-- JQC_ACH_PartialWORecovery_FullWORecovery_Void_Txn_Testdata -->
  <testcase name="JQC_AgeStore_GraceDays_DCDeposit_Dropdown_Txn" time="0.0" classname="tests.QCStore">
    <ignored/>
  </testcase> <!-- JQC_AgeStore_GraceDays_DCDeposit_Dropdown_Txn -->
  <testcase name="JQC_AgeStore_Deposit_Return_Refinance_Txn" time="0.0" classname="tests.QCStore">
    <ignored/>
  </testcase> <!-- JQC_AgeStore_Deposit_Return_Refinance_Txn -->
  <testcase name="RefinanceStepup" time="0.0" classname="tests.QCStore">
    <ignored/>
  </testcase> <!-- RefinanceStepup -->
  <testcase name="rebateStepup" time="0.0" classname="tests.QCStore">
    <ignored/>
  </testcase> <!-- rebateStepup -->
  <testcase name="QC_Refinance_StepSameVoidURP_Txn" time="0.0" classname="tests.QCStore">
    <ignored/>
  </testcase> <!-- QC_Refinance_StepSameVoidURP_Txn -->
  <testcase name="JQC_AgeStore_NSFPosting_Refinance_Rescind_Txn" time="0.0" classname="tests.QCStore">
    <ignored/>
  </testcase> <!-- JQC_AgeStore_NSFPosting_Refinance_Rescind_Txn -->
  <testcase name="QC_Refinance_StepSameURP_Txn" time="0.0" classname="tests.QCStore">
    <ignored/>
  </testcase> <!-- QC_Refinance_StepSameURP_Txn -->
  <testcase name="JQC_AgeStore_Deposit_PrePayment_Void_Txn" time="0.0" classname="tests.QCStore">
    <ignored/>
  </testcase> <!-- JQC_AgeStore_Deposit_PrePayment_Void_Txn -->
  <testcase name="JQC_EPP_Txn_Testdata" time="0.0" classname="tests.QCStore">
    <ignored/>
  </testcase> <!-- JQC_EPP_Txn_Testdata -->
  <testcase name="JQC_AgeStore_GraceDays_DCDeposit_Menu_Txn" time="0.0" classname="tests.QCStore">
    <ignored/>
  </testcase> <!-- JQC_AgeStore_GraceDays_DCDeposit_Menu_Txn -->
  <testcase name="JQC_AgeStore_DCDeposit_Txn" time="0.0" classname="tests.QCStore">
    <ignored/>
  </testcase> <!-- JQC_AgeStore_DCDeposit_Txn -->
  <testcase name="JQC_EPP_AgestoreInstallmentwise_EPPPayment_Txn_Testdata" time="0.0" classname="tests.QCStore">
    <ignored/>
  </testcase> <!-- JQC_EPP_AgestoreInstallmentwise_EPPPayment_Txn_Testdata -->
  <testcase name="RefinanceStepupVoid" time="0.0" classname="tests.QCStore">
    <ignored/>
  </testcase> <!-- RefinanceStepupVoid -->
  <testcase name="QC_GraceDays_EODDeposit_Txn" time="0.0" classname="tests.QCStore">
    <ignored/>
  </testcase> <!-- QC_GraceDays_EODDeposit_Txn -->
  <testcase name="JQC_BuyBack_Txn_Testdata" time="0.0" classname="tests.QCStore">
    <ignored/>
  </testcase> <!-- JQC_BuyBack_Txn_Testdata -->
  <testcase name="JQC_AgeStore_ACHReturn_Refinance_Rescind_Txn" time="0.0" classname="tests.QCStore">
    <ignored/>
  </testcase> <!-- JQC_AgeStore_ACHReturn_Refinance_Rescind_Txn -->
  <testcase name="JQC_PartialWORecovery_FullWORecovery_Void_Txn_Testdata" time="0.0" classname="tests.QCStore">
    <ignored/>
  </testcase> <!-- JQC_PartialWORecovery_FullWORecovery_Void_Txn_Testdata -->
  <testcase name="JQC_BuyBack_Rebate_Txn_Testdata" time="0.0" classname="tests.QCStore">
    <ignored/>
  </testcase> <!-- JQC_BuyBack_Rebate_Txn_Testdata -->
  <testcase name="JQC_AgeStore_Deposit_ClearMenu_Txn" time="0.0" classname="tests.QCStore">
    <ignored/>
  </testcase> <!-- JQC_AgeStore_Deposit_ClearMenu_Txn -->
  <testcase name="QC_EOD_Deposit_Txn" time="0.0" classname="tests.QCStore">
    <ignored/>
  </testcase> <!-- QC_EOD_Deposit_Txn -->
  <testcase name="rebateStepupVoid" time="0.0" classname="tests.QCStore">
    <ignored/>
  </testcase> <!-- rebateStepupVoid -->
  <testcase name="QC_FutureDeposit_EOD_Txn" time="0.0" classname="tests.QCStore">
    <ignored/>
  </testcase> <!-- QC_FutureDeposit_EOD_Txn -->
  <testcase name="JQC_Deposit_Return_EPP_Txn_Testdata" time="0.0" classname="tests.QCStore">
    <ignored/>
  </testcase> <!-- JQC_Deposit_Return_EPP_Txn_Testdata -->
  <testcase name="JQC_BuyBack_Void_Txn_Testdata" time="0.0" classname="tests.QCStore">
    <ignored/>
  </testcase> <!-- JQC_BuyBack_Void_Txn_Testdata -->
  <testcase name="QC_Refinance_StepDownVoidURP_Txn" time="0.0" classname="tests.QCStore">
    <ignored/>
  </testcase> <!-- QC_Refinance_StepDownVoidURP_Txn -->
  <testcase name="RefinanceStepSameVoid" time="0.0" classname="tests.QCStore">
    <ignored/>
  </testcase> <!-- RefinanceStepSameVoid -->
  <testcase name="JQC_AgeStore_Deposit_ClearDropdown_Txn" time="0.0" classname="tests.QCStore">
    <ignored/>
  </testcase> <!-- JQC_AgeStore_Deposit_ClearDropdown_Txn -->
  <testcase name="JQC_Return_ReDeposit_Clear_Txn" time="0.0" classname="tests.QCStore">
    <ignored/>
  </testcase> <!-- JQC_Return_ReDeposit_Clear_Txn -->
  <testcase name="RefinanceStepSame" time="0.0" classname="tests.QCStore">
    <ignored/>
  </testcase> <!-- RefinanceStepSame -->
  <testcase name="JQC_AgeStore_PrePayment_Return_Txn" time="0.0" classname="tests.QCStore">
    <ignored/>
  </testcase> <!-- JQC_AgeStore_PrePayment_Return_Txn -->
  <testcase name="JQC_AgeStore_Deposit_PrePayment_Txn" time="0.0" classname="tests.QCStore">
    <ignored/>
  </testcase> <!-- JQC_AgeStore_Deposit_PrePayment_Txn -->
  <testcase name="JQC_AgeStore_Redeposit_Prepayment_Void_Prepayment_Return_Txn" time="0.0" classname="tests.QCStore">
    <ignored/>
  </testcase> <!-- JQC_AgeStore_Redeposit_Prepayment_Void_Prepayment_Return_Txn -->
  <testcase name="JQC_BuyBack_Rebate_Void_Txn_Testdata" time="0.0" classname="tests.QCStore">
    <ignored/>
  </testcase> <!-- JQC_BuyBack_Rebate_Void_Txn_Testdata -->
</testsuite> <!-- Test -->
