<?xml version="1.0" encoding="UTF-8"?>
<testng-results skipped="0" failed="0" ignored="11" total="12" passed="1">
  <reporter-output>
  </reporter-output>
  <suite name="Suite" duration-ms="9696" started-at="2019-06-14T10:05:15Z" finished-at="2019-06-14T10:05:24Z">
    <groups>
      <group name="PDF">
        <method signature="QCStore.PDF()[pri:15, instance:tests.QCStore@4d5d943d]" name="PDF" class="tests.QCStore"/>
      </group> <!-- PDF -->
    </groups>
    <test name="Test" duration-ms="9696" started-at="2019-06-14T10:05:15Z" finished-at="2019-06-14T10:05:24Z">
      <class name="tests.QCStore">
        <test-method status="PASS" signature="setup()[pri:0, instance:tests.QCStore@4d5d943d]" name="setup" is-config="true" duration-ms="488" started-at="2019-06-14T10:05:15Z" finished-at="2019-06-14T10:05:15Z">
          <reporter-output>
          </reporter-output>
        </test-method> <!-- setup -->
        <test-method status="PASS" signature="killProcess()[pri:0, instance:tests.QCStore@4d5d943d]" name="killProcess" is-config="true" duration-ms="5014" started-at="2019-06-14T10:05:15Z" finished-at="2019-06-14T10:05:20Z">
          <reporter-output>
          </reporter-output>
        </test-method> <!-- killProcess -->
        <test-method status="PASS" signature="PDF()[pri:15, instance:tests.QCStore@4d5d943d]" name="PDF" duration-ms="2929" started-at="2019-06-14T10:05:20Z" finished-at="2019-06-14T10:05:23Z">
          <reporter-output>
          </reporter-output>
        </test-method> <!-- PDF -->
        <test-method status="PASS" signature="endReport()[pri:0, instance:tests.QCStore@4d5d943d]" name="endReport" is-config="true" duration-ms="1" started-at="2019-06-14T10:05:23Z" finished-at="2019-06-14T10:05:23Z">
          <reporter-output>
          </reporter-output>
        </test-method> <!-- endReport -->
        <test-method status="FAIL" signature="getResult(org.testng.ITestResult)[pri:0, instance:tests.QCStore@4d5d943d]" name="getResult" is-config="true" duration-ms="1200" started-at="2019-06-14T10:05:23Z" finished-at="2019-06-14T10:05:24Z">
          <params>
            <param index="0">
              <value>
                <![CDATA[[TestResult name=PDF status=SUCCESS method=QCStore.PDF()[pri:15, instance:tests.QCStore@4d5d943d] output={null}]]]>
              </value>
            </param>
          </params>
          <exception class="java.lang.NullPointerException">
            <full-stacktrace>
              <![CDATA[java.lang.NullPointerException
at tests.QCStore.getResult(QCStore.java:1113)
at sun.reflect.NativeMethodAccessorImpl.invoke0(Native Method)
at sun.reflect.NativeMethodAccessorImpl.invoke(Unknown Source)
at sun.reflect.DelegatingMethodAccessorImpl.invoke(Unknown Source)
at java.lang.reflect.Method.invoke(Unknown Source)
at org.testng.internal.MethodInvocationHelper.invokeMethod(MethodInvocationHelper.java:124)
at org.testng.internal.MethodInvocationHelper.invokeMethodConsideringTimeout(MethodInvocationHelper.java:59)
at org.testng.internal.Invoker.invokeConfigurationMethod(Invoker.java:458)
at org.testng.internal.Invoker.invokeConfigurations(Invoker.java:222)
at org.testng.internal.Invoker.invokeMethod(Invoker.java:646)
at org.testng.internal.Invoker.invokeTestMethod(Invoker.java:719)
at org.testng.internal.Invoker.invokeTestMethods(Invoker.java:989)
at org.testng.internal.TestMethodWorker.invokeTestMethods(TestMethodWorker.java:125)
at org.testng.internal.TestMethodWorker.run(TestMethodWorker.java:109)
at org.testng.TestRunner.privateRun(TestRunner.java:648)
at org.testng.TestRunner.run(TestRunner.java:505)
at org.testng.SuiteRunner.runTest(SuiteRunner.java:455)
at org.testng.SuiteRunner.runSequentially(SuiteRunner.java:450)
at org.testng.SuiteRunner.privateRun(SuiteRunner.java:415)
at org.testng.SuiteRunner.run(SuiteRunner.java:364)
at org.testng.SuiteRunnerWorker.runSuite(SuiteRunnerWorker.java:52)
at org.testng.SuiteRunnerWorker.run(SuiteRunnerWorker.java:84)
at org.testng.TestNG.runSuitesSequentially(TestNG.java:1208)
at org.testng.TestNG.runSuitesLocally(TestNG.java:1137)
at org.testng.TestNG.runSuites(TestNG.java:1049)
at org.testng.TestNG.run(TestNG.java:1017)
at org.testng.remote.AbstractRemoteTestNG.run(AbstractRemoteTestNG.java:114)
at org.testng.remote.RemoteTestNG.initAndRun(RemoteTestNG.java:251)
at org.testng.remote.RemoteTestNG.main(RemoteTestNG.java:77)
]]>
            </full-stacktrace>
          </exception> <!-- java.lang.NullPointerException -->
          <reporter-output>
          </reporter-output>
        </test-method> <!-- getResult -->
      </class> <!-- tests.QCStore -->
    </test> <!-- Test -->
  </suite> <!-- Suite -->
</testng-results>
