<?xml version="1.0" encoding="UTF-8"?>
<testng-results skipped="0" failed="0" ignored="6" total="7" passed="1">
  <reporter-output>
  </reporter-output>
  <suite name="Suite" duration-ms="41483" started-at="2019-03-29T13:23:49Z" finished-at="2019-03-29T13:24:30Z">
    <groups>
      <group name="Brahmith2">
        <method signature="QCStore.Reverse_and_Reallocation()[pri:2, instance:tests.QCStore@370736d9]" name="Reverse_and_Reallocation" class="tests.QCStore"/>
      </group> <!-- Brahmith2 -->
    </groups>
    <test name="Test" duration-ms="41483" started-at="2019-03-29T13:23:49Z" finished-at="2019-03-29T13:24:30Z">
      <class name="tests.QCStore">
        <test-method status="PASS" signature="setup()[pri:0, instance:tests.QCStore@370736d9]" name="setup" is-config="true" duration-ms="105" started-at="2019-03-29T13:23:49Z" finished-at="2019-03-29T13:23:49Z">
          <reporter-output>
          </reporter-output>
        </test-method> <!-- setup -->
        <test-method status="PASS" signature="killProcess()[pri:0, instance:tests.QCStore@370736d9]" name="killProcess" is-config="true" duration-ms="5012" started-at="2019-03-29T13:23:49Z" finished-at="2019-03-29T13:23:54Z">
          <reporter-output>
          </reporter-output>
        </test-method> <!-- killProcess -->
        <test-method status="PASS" signature="Reverse_and_Reallocation()[pri:2, instance:tests.QCStore@370736d9]" name="Reverse_and_Reallocation" duration-ms="36152" started-at="2019-03-29T13:23:54Z" finished-at="2019-03-29T13:24:30Z">
          <reporter-output>
          </reporter-output>
        </test-method> <!-- Reverse_and_Reallocation -->
        <test-method status="PASS" signature="endReport()[pri:0, instance:tests.QCStore@370736d9]" name="endReport" is-config="true" duration-ms="0" started-at="2019-03-29T13:24:30Z" finished-at="2019-03-29T13:24:30Z">
          <reporter-output>
          </reporter-output>
        </test-method> <!-- endReport -->
        <test-method status="PASS" signature="getResult(org.testng.ITestResult)[pri:0, instance:tests.QCStore@370736d9]" name="getResult" is-config="true" duration-ms="198" started-at="2019-03-29T13:24:30Z" finished-at="2019-03-29T13:24:30Z">
          <params>
            <param index="0">
              <value>
                <![CDATA[[TestResult name=Reverse_and_Reallocation status=SUCCESS method=QCStore.Reverse_and_Reallocation()[pri:2, instance:tests.QCStore@370736d9] output={null}]]]>
              </value>
            </param>
          </params>
          <reporter-output>
          </reporter-output>
        </test-method> <!-- getResult -->
      </class> <!-- tests.QCStore -->
    </test> <!-- Test -->
  </suite> <!-- Suite -->
</testng-results>
