<?xml version="1.0" encoding="UTF-8"?>
<testng-results skipped="0" failed="0" ignored="54" total="55" passed="1">
  <reporter-output>
  </reporter-output>
  <suite name="Suite" duration-ms="141420" started-at="2019-03-21T13:13:01Z" finished-at="2019-03-21T13:15:23Z">
    <groups>
      <group name="Brahmith1">
        <method signature="QCStore.QC_NewLoan_Promotion_Txn()[pri:4, instance:tests.QCStore@5f9d02cb]" name="QC_NewLoan_Promotion_Txn" class="tests.QCStore"/>
      </group> <!-- Brahmith1 -->
    </groups>
    <test name="Test" duration-ms="141420" started-at="2019-03-21T13:13:01Z" finished-at="2019-03-21T13:15:23Z">
      <class name="tests.QCStore">
        <test-method status="PASS" signature="setup()[pri:0, instance:tests.QCStore@5f9d02cb]" name="setup" is-config="true" duration-ms="112" started-at="2019-03-21T13:13:01Z" finished-at="2019-03-21T13:13:01Z">
          <reporter-output>
          </reporter-output>
        </test-method> <!-- setup -->
        <test-method status="PASS" signature="killProcess()[pri:0, instance:tests.QCStore@5f9d02cb]" name="killProcess" is-config="true" duration-ms="5001" started-at="2019-03-21T13:13:01Z" finished-at="2019-03-21T13:13:06Z">
          <reporter-output>
          </reporter-output>
        </test-method> <!-- killProcess -->
        <test-method status="PASS" signature="QC_NewLoan_Promotion_Txn()[pri:4, instance:tests.QCStore@5f9d02cb]" name="QC_NewLoan_Promotion_Txn" duration-ms="136028" started-at="2019-03-21T13:13:06Z" finished-at="2019-03-21T13:15:22Z">
          <reporter-output>
          </reporter-output>
        </test-method> <!-- QC_NewLoan_Promotion_Txn -->
        <test-method status="PASS" signature="endReport()[pri:0, instance:tests.QCStore@5f9d02cb]" name="endReport" is-config="true" duration-ms="0" started-at="2019-03-21T13:15:22Z" finished-at="2019-03-21T13:15:22Z">
          <reporter-output>
          </reporter-output>
        </test-method> <!-- endReport -->
        <test-method status="PASS" signature="getResult(org.testng.ITestResult)[pri:0, instance:tests.QCStore@5f9d02cb]" name="getResult" is-config="true" duration-ms="262" started-at="2019-03-21T13:15:22Z" finished-at="2019-03-21T13:15:23Z">
          <params>
            <param index="0">
              <value>
                <![CDATA[[TestResult name=QC_NewLoan_Promotion_Txn status=SUCCESS method=QCStore.QC_NewLoan_Promotion_Txn()[pri:4, instance:tests.QCStore@5f9d02cb] output={null}]]]>
              </value>
            </param>
          </params>
          <reporter-output>
          </reporter-output>
        </test-method> <!-- getResult -->
      </class> <!-- tests.QCStore -->
    </test> <!-- Test -->
  </suite> <!-- Suite -->
</testng-results>
