<?xml version="1.0" encoding="UTF-8"?>
<testng-results skipped="0" failed="0" ignored="6" total="7" passed="1">
  <reporter-output>
  </reporter-output>
  <suite name="Suite" duration-ms="95117" started-at="2019-03-27T11:27:00Z" finished-at="2019-03-27T11:28:35Z">
    <groups>
      <group name="Brahmith1">
        <method signature="QCStore.EPP()[pri:6, instance:tests.QCStore@370736d9]" name="EPP" class="tests.QCStore"/>
      </group> <!-- Brahmith1 -->
    </groups>
    <test name="Test" duration-ms="95117" started-at="2019-03-27T11:27:00Z" finished-at="2019-03-27T11:28:35Z">
      <class name="tests.QCStore">
        <test-method status="PASS" signature="setup()[pri:0, instance:tests.QCStore@370736d9]" name="setup" is-config="true" duration-ms="108" started-at="2019-03-27T11:27:00Z" finished-at="2019-03-27T11:27:00Z">
          <reporter-output>
          </reporter-output>
        </test-method> <!-- setup -->
        <test-method status="PASS" signature="killProcess()[pri:0, instance:tests.QCStore@370736d9]" name="killProcess" is-config="true" duration-ms="5011" started-at="2019-03-27T11:27:00Z" finished-at="2019-03-27T11:27:05Z">
          <reporter-output>
          </reporter-output>
        </test-method> <!-- killProcess -->
        <test-method status="PASS" signature="EPP()[pri:6, instance:tests.QCStore@370736d9]" name="EPP" duration-ms="89250" started-at="2019-03-27T11:27:05Z" finished-at="2019-03-27T11:28:34Z">
          <reporter-output>
          </reporter-output>
        </test-method> <!-- EPP -->
        <test-method status="PASS" signature="endReport()[pri:0, instance:tests.QCStore@370736d9]" name="endReport" is-config="true" duration-ms="0" started-at="2019-03-27T11:28:34Z" finished-at="2019-03-27T11:28:34Z">
          <reporter-output>
          </reporter-output>
        </test-method> <!-- endReport -->
        <test-method status="PASS" signature="getResult(org.testng.ITestResult)[pri:0, instance:tests.QCStore@370736d9]" name="getResult" is-config="true" duration-ms="733" started-at="2019-03-27T11:28:34Z" finished-at="2019-03-27T11:28:35Z">
          <params>
            <param index="0">
              <value>
                <![CDATA[[TestResult name=EPP status=SUCCESS method=QCStore.EPP()[pri:6, instance:tests.QCStore@370736d9] output={null}]]]>
              </value>
            </param>
          </params>
          <reporter-output>
          </reporter-output>
        </test-method> <!-- getResult -->
      </class> <!-- tests.QCStore -->
    </test> <!-- Test -->
  </suite> <!-- Suite -->
</testng-results>
