<?xml version="1.0" encoding="UTF-8"?>
<testng-results skipped="0" failed="0" ignored="5" total="6" passed="1">
  <reporter-output>
  </reporter-output>
  <suite name="Suite" duration-ms="219829" started-at="2019-04-03T12:32:39Z" finished-at="2019-04-03T12:36:19Z">
    <groups>
      <group name="Brahmith1">
        <method signature="QCStore.Recon_ILP_EARNED_FEE_Variance()[pri:12, instance:tests.QCStore@5c6648b0]" name="Recon_ILP_EARNED_FEE_Variance" class="tests.QCStore"/>
      </group> <!-- Brahmith1 -->
    </groups>
    <test name="Test" duration-ms="219829" started-at="2019-04-03T12:32:39Z" finished-at="2019-04-03T12:36:19Z">
      <class name="tests.QCStore">
        <test-method status="PASS" signature="setup()[pri:0, instance:tests.QCStore@5c6648b0]" name="setup" is-config="true" duration-ms="116" started-at="2019-04-03T12:32:39Z" finished-at="2019-04-03T12:32:39Z">
          <reporter-output>
          </reporter-output>
        </test-method> <!-- setup -->
        <test-method status="PASS" signature="killProcess()[pri:0, instance:tests.QCStore@5c6648b0]" name="killProcess" is-config="true" duration-ms="5012" started-at="2019-04-03T12:32:39Z" finished-at="2019-04-03T12:32:44Z">
          <reporter-output>
          </reporter-output>
        </test-method> <!-- killProcess -->
        <test-method status="PASS" signature="Recon_ILP_EARNED_FEE_Variance()[pri:12, instance:tests.QCStore@5c6648b0]" name="Recon_ILP_EARNED_FEE_Variance" duration-ms="214349" started-at="2019-04-03T12:32:44Z" finished-at="2019-04-03T12:36:18Z">
          <reporter-output>
          </reporter-output>
        </test-method> <!-- Recon_ILP_EARNED_FEE_Variance -->
        <test-method status="PASS" signature="getResult(org.testng.ITestResult)[pri:0, instance:tests.QCStore@5c6648b0]" name="getResult" is-config="true" duration-ms="329" started-at="2019-04-03T12:36:18Z" finished-at="2019-04-03T12:36:19Z">
          <params>
            <param index="0">
              <value>
                <![CDATA[[TestResult name=Recon_ILP_EARNED_FEE_Variance status=SUCCESS method=QCStore.Recon_ILP_EARNED_FEE_Variance()[pri:12, instance:tests.QCStore@5c6648b0] output={null}]]]>
              </value>
            </param>
          </params>
          <reporter-output>
          </reporter-output>
        </test-method> <!-- getResult -->
        <test-method status="PASS" signature="endReport()[pri:0, instance:tests.QCStore@5c6648b0]" name="endReport" is-config="true" duration-ms="0" started-at="2019-04-03T12:36:18Z" finished-at="2019-04-03T12:36:18Z">
          <reporter-output>
          </reporter-output>
        </test-method> <!-- endReport -->
      </class> <!-- tests.QCStore -->
    </test> <!-- Test -->
  </suite> <!-- Suite -->
</testng-results>
