<?xml version="1.0" encoding="UTF-8"?>
<!-- Generated by org.testng.reporters.JUnitXMLReporter -->
<testsuite hostname="QTLSYS2-238" ignored="36" name="Test" tests="1" failures="0" timestamp="19 Jun 2019 13:04:10 GMT" time="551.809" errors="0">
  <testcase name="QC_ILP_NewLoanInstallmentDeposit_Txn" time="546.344" classname="tests.QCStore"/>
  <testcase name="ILP_Redeposit" time="0.0" classname="tests.QCStore">
    <ignored/>
  </testcase> <!-- ILP_Redeposit -->
  <testcase name="ILP_RefinanceStepDown" time="0.0" classname="tests.QCStore">
    <ignored/>
  </testcase> <!-- ILP_RefinanceStepDown -->
  <testcase name="ILP_ProcessClear" time="0.0" classname="tests.QCStore">
    <ignored/>
  </testcase> <!-- ILP_ProcessClear -->
  <testcase name="RQC_Bankruptcy_Dismiss_Txn_Testdata" time="0.0" classname="tests.QCStore">
    <ignored/>
  </testcase> <!-- RQC_Bankruptcy_Dismiss_Txn_Testdata -->
  <testcase name="JQC_ILP_GraceDays_Deposit_dropdown_Txn" time="0.0" classname="tests.QCStore">
    <ignored/>
  </testcase> <!-- JQC_ILP_GraceDays_Deposit_dropdown_Txn -->
  <testcase name="ILP_voidRefinance" time="0.0" classname="tests.QCStore">
    <ignored/>
  </testcase> <!-- ILP_voidRefinance -->
  <testcase name="ILP_RefinanceStepSame" time="0.0" classname="tests.QCStore">
    <ignored/>
  </testcase> <!-- ILP_RefinanceStepSame -->
  <testcase name="ILP_inactiveNewloan" time="0.0" classname="tests.QCStore">
    <ignored/>
  </testcase> <!-- ILP_inactiveNewloan -->
  <testcase name="RQC_WriteOffRecovery_Txn_Testdata" time="0.0" classname="tests.QCStore">
    <ignored/>
  </testcase> <!-- RQC_WriteOffRecovery_Txn_Testdata -->
  <testcase name="RQC_WriteOffRecovery_Void_Txn_Testdata" time="0.0" classname="tests.QCStore">
    <ignored/>
  </testcase> <!-- RQC_WriteOffRecovery_Void_Txn_Testdata -->
  <testcase name="ILP_borrowregNewloan" time="0.0" classname="tests.QCStore">
    <ignored/>
  </testcase> <!-- ILP_borrowregNewloan -->
  <testcase name="JQC_ILP_Payment_Refinance_StepUp_Txn" time="0.0" classname="tests.QCStore">
    <ignored/>
  </testcase> <!-- JQC_ILP_Payment_Refinance_StepUp_Txn -->
  <testcase name="ILP_RefinanceStepDown_void" time="0.0" classname="tests.QCStore">
    <ignored/>
  </testcase> <!-- ILP_RefinanceStepDown_void -->
  <testcase name="RQC_Bankruptcy_WORecovery_Txn_Testdata" time="0.0" classname="tests.QCStore">
    <ignored/>
  </testcase> <!-- RQC_Bankruptcy_WORecovery_Txn_Testdata -->
  <testcase name="JQC_ILP_SignaturLoan_Default_Txn" time="0.0" classname="tests.QCStore">
    <ignored/>
  </testcase> <!-- JQC_ILP_SignaturLoan_Default_Txn -->
  <testcase name="JQC_ILP_Deposit_MidDay_Txn" time="0.0" classname="tests.QCStore">
    <ignored/>
  </testcase> <!-- JQC_ILP_Deposit_MidDay_Txn -->
  <testcase name="ILP_RefinanceStepup" time="0.0" classname="tests.QCStore">
    <ignored/>
  </testcase> <!-- ILP_RefinanceStepup -->
  <testcase name="ILP_maxloanCount" time="0.0" classname="tests.QCStore">
    <ignored/>
  </testcase> <!-- ILP_maxloanCount -->
  <testcase name="JQC_ILP_GraceDays_Deposit_Menu_Txn" time="0.0" classname="tests.QCStore">
    <ignored/>
  </testcase> <!-- JQC_ILP_GraceDays_Deposit_Menu_Txn -->
  <testcase name="RQC_Default_TLPConversion_Txn_Testdata" time="0.0" classname="tests.QCStore">
    <ignored/>
  </testcase> <!-- RQC_Default_TLPConversion_Txn_Testdata -->
  <testcase name="RQC_Bankruptcy_Discharge_Txn_Testdata" time="0.0" classname="tests.QCStore">
    <ignored/>
  </testcase> <!-- RQC_Bankruptcy_Discharge_Txn_Testdata -->
  <testcase name="RQC_DefaultPayment_Txn_Testdata" time="0.0" classname="tests.QCStore">
    <ignored/>
  </testcase> <!-- RQC_DefaultPayment_Txn_Testdata -->
  <testcase name="RQC_DefaultPayment_Void_Txn_Testdata" time="0.0" classname="tests.QCStore">
    <ignored/>
  </testcase> <!-- RQC_DefaultPayment_Void_Txn_Testdata -->
  <testcase name="JQC_ILP_Deposit_Menu_Txn" time="0.0" classname="tests.QCStore">
    <ignored/>
  </testcase> <!-- JQC_ILP_Deposit_Menu_Txn -->
  <testcase name="ILP_RefinanceStepUpVoid" time="0.0" classname="tests.QCStore">
    <ignored/>
  </testcase> <!-- ILP_RefinanceStepUpVoid -->
  <testcase name="JQC_ILP_Deposit_dropdown_Txn" time="0.0" classname="tests.QCStore">
    <ignored/>
  </testcase> <!-- JQC_ILP_Deposit_dropdown_Txn -->
  <testcase name="JQC_ILP_GraceDays_Deposit_EOD_Txn" time="0.0" classname="tests.QCStore">
    <ignored/>
  </testcase> <!-- JQC_ILP_GraceDays_Deposit_EOD_Txn -->
  <testcase name="JQC_ILP_GraceDays_Deposit_MidDay_Txn" time="0.0" classname="tests.QCStore">
    <ignored/>
  </testcase> <!-- JQC_ILP_GraceDays_Deposit_MidDay_Txn -->
  <testcase name="ILP_agerescindtest" time="0.0" classname="tests.QCStore">
    <ignored/>
  </testcase> <!-- ILP_agerescindtest -->
  <testcase name="ILP_rescindloan" time="0.0" classname="tests.QCStore">
    <ignored/>
  </testcase> <!-- ILP_rescindloan -->
  <testcase name="ILP_ACHAutoClear" time="0.0" classname="tests.QCStore">
    <ignored/>
  </testcase> <!-- ILP_ACHAutoClear -->
  <testcase name="ILP_CheckAutoClear" time="0.0" classname="tests.QCStore">
    <ignored/>
  </testcase> <!-- ILP_CheckAutoClear -->
  <testcase name="JQC_ILP_Deceased_Txn" time="0.0" classname="tests.QCStore">
    <ignored/>
  </testcase> <!-- JQC_ILP_Deceased_Txn -->
  <testcase name="JQC_ILP_Deposit_EOD_Txn" time="0.0" classname="tests.QCStore">
    <ignored/>
  </testcase> <!-- JQC_ILP_Deposit_EOD_Txn -->
  <testcase name="RQC_Default_Refinance_Txn_Testdata" time="0.0" classname="tests.QCStore">
    <ignored/>
  </testcase> <!-- RQC_Default_Refinance_Txn_Testdata -->
  <testcase name="ILP_RefinanceStepSame_Void" time="0.0" classname="tests.QCStore">
    <ignored/>
  </testcase> <!-- ILP_RefinanceStepSame_Void -->
</testsuite> <!-- Test -->
