<?xml version="1.0" encoding="UTF-8"?>
<!-- Generated by org.testng.reporters.JUnitXMLReporter -->
<testsuite hostname="Ratikanta-pc" ignored="24" name="Test" tests="1" failures="0" timestamp="04 Mar 2019 06:17:26 GMT" time="1664.384" errors="0">
  <testcase name="RQC_DefaultPayment_Txn_Testdata" time="1659.049" classname="tests.QCStore"/>
  <testcase name="QC_PayAnyotherAmount_Void_Txn" time="0.0" classname="tests.QCStore">
    <ignored/>
  </testcase> <!-- QC_PayAnyotherAmount_Void_Txn -->
  <testcase name="JQC_ILP_Deposit_MidDay_Txn" time="0.0" classname="tests.QCStore">
    <ignored/>
  </testcase> <!-- JQC_ILP_Deposit_MidDay_Txn -->
  <testcase name="QC_ILP_Deposit_Return_Txn" time="0.0" classname="tests.QCStore">
    <ignored/>
  </testcase> <!-- QC_ILP_Deposit_Return_Txn -->
  <testcase name="QC_Installmentpayment_Txn" time="0.0" classname="tests.QCStore">
    <ignored/>
  </testcase> <!-- QC_Installmentpayment_Txn -->
  <testcase name="QC_LessInterest_VoidFullPayment_Txn" time="0.0" classname="tests.QCStore">
    <ignored/>
  </testcase> <!-- QC_LessInterest_VoidFullPayment_Txn -->
  <testcase name="JQC_ILP_GraceDays_Deposit_dropdown_Txn" time="0.0" classname="tests.QCStore">
    <ignored/>
  </testcase> <!-- JQC_ILP_GraceDays_Deposit_dropdown_Txn -->
  <testcase name="QC_ILP_Buyback_Void_Txn" time="0.0" classname="tests.QCStore">
    <ignored/>
  </testcase> <!-- QC_ILP_Buyback_Void_Txn -->
  <testcase name="QC_ILP_Buyback_Txn" time="0.0" classname="tests.QCStore">
    <ignored/>
  </testcase> <!-- QC_ILP_Buyback_Txn -->
  <testcase name="QC_PayAnyotherAmount_Txn" time="0.0" classname="tests.QCStore">
    <ignored/>
  </testcase> <!-- QC_PayAnyotherAmount_Txn -->
  <testcase name="JQC_ILP_GraceDays_Deposit_Menu_Txn" time="0.0" classname="tests.QCStore">
    <ignored/>
  </testcase> <!-- JQC_ILP_GraceDays_Deposit_Menu_Txn -->
  <testcase name="QC_NewLoan_Void_Txn" time="0.0" classname="tests.QCStore">
    <ignored/>
  </testcase> <!-- QC_NewLoan_Void_Txn -->
  <testcase name="QC_ILP_clear_Menu_Txn" time="0.0" classname="tests.QCStore">
    <ignored/>
  </testcase> <!-- QC_ILP_clear_Menu_Txn -->
  <testcase name="QC_ILP_NewLoanInstallmentDeposit_Txn" time="0.0" classname="tests.QCStore">
    <ignored/>
  </testcase> <!-- QC_ILP_NewLoanInstallmentDeposit_Txn -->
  <testcase name="QC_Installmentpayment_Void_Txn" time="0.0" classname="tests.QCStore">
    <ignored/>
  </testcase> <!-- QC_Installmentpayment_Void_Txn -->
  <testcase name="QC_ILP_Return_Menu_Txn" time="0.0" classname="tests.QCStore">
    <ignored/>
  </testcase> <!-- QC_ILP_Return_Menu_Txn -->
  <testcase name="JQC_ILP_Deposit_Menu_Txn" time="0.0" classname="tests.QCStore">
    <ignored/>
  </testcase> <!-- JQC_ILP_Deposit_Menu_Txn -->
  <testcase name="QC_InstallPayment_Ref_Rescind_Txn" time="0.0" classname="tests.QCStore">
    <ignored/>
  </testcase> <!-- QC_InstallPayment_Ref_Rescind_Txn -->
  <testcase name="JQC_ILP_Deposit_dropdown_Txn" time="0.0" classname="tests.QCStore">
    <ignored/>
  </testcase> <!-- JQC_ILP_Deposit_dropdown_Txn -->
  <testcase name="JQC_ILP_GraceDays_Deposit_EOD_Txn" time="0.0" classname="tests.QCStore">
    <ignored/>
  </testcase> <!-- JQC_ILP_GraceDays_Deposit_EOD_Txn -->
  <testcase name="JQC_ILP_GraceDays_Deposit_MidDay_Txn" time="0.0" classname="tests.QCStore">
    <ignored/>
  </testcase> <!-- JQC_ILP_GraceDays_Deposit_MidDay_Txn -->
  <testcase name="QC_NewLoan_TLPConversion_Txn" time="0.0" classname="tests.QCStore">
    <ignored/>
  </testcase> <!-- QC_NewLoan_TLPConversion_Txn -->
  <testcase name="JQC_ILP_Deceased_Txn" time="0.0" classname="tests.QCStore">
    <ignored/>
  </testcase> <!-- JQC_ILP_Deceased_Txn -->
  <testcase name="JQC_ILP_Deposit_EOD_Txn" time="0.0" classname="tests.QCStore">
    <ignored/>
  </testcase> <!-- JQC_ILP_Deposit_EOD_Txn -->
  <testcase name="JQC_ILP_SignaturLoan_Default_Txn" time="0.0" classname="tests.QCStore">
    <ignored/>
  </testcase> <!-- JQC_ILP_SignaturLoan_Default_Txn -->
</testsuite> <!-- Test -->
