<?xml version="1.0" encoding="UTF-8"?>
<testng-results skipped="0" failed="0" ignored="111" total="112" passed="1">
  <reporter-output>
  </reporter-output>
  <suite name="Suite" duration-ms="2067012" started-at="2019-04-08T05:30:08Z" finished-at="2019-04-08T06:04:35Z">
    <groups>
      <group name="EOD2">
        <method signature="QCStore.LOC_ACHDeposit_EOD_Return_EOD_Redeposit_Txn()[pri:70, instance:tests.QCStore@5f9d02cb]" name="LOC_ACHDeposit_EOD_Return_EOD_Redeposit_Txn" class="tests.QCStore"/>
      </group> <!-- EOD2 -->
    </groups>
    <test name="Test" duration-ms="2067012" started-at="2019-04-08T05:30:08Z" finished-at="2019-04-08T06:04:35Z">
      <class name="tests.QCStore">
        <test-method status="PASS" signature="setup()[pri:0, instance:tests.QCStore@5f9d02cb]" name="setup" is-config="true" duration-ms="78" started-at="2019-04-08T05:30:08Z" finished-at="2019-04-08T05:30:08Z">
          <reporter-output>
          </reporter-output>
        </test-method> <!-- setup -->
        <test-method status="PASS" signature="killProcess()[pri:0, instance:tests.QCStore@5f9d02cb]" name="killProcess" is-config="true" duration-ms="5039" started-at="2019-04-08T05:30:08Z" finished-at="2019-04-08T05:30:13Z">
          <reporter-output>
          </reporter-output>
        </test-method> <!-- killProcess -->
        <test-method status="PASS" signature="LOC_ACHDeposit_EOD_Return_EOD_Redeposit_Txn()[pri:70, instance:tests.QCStore@5f9d02cb]" name="LOC_ACHDeposit_EOD_Return_EOD_Redeposit_Txn" duration-ms="2061646" started-at="2019-04-08T05:30:13Z" finished-at="2019-04-08T06:04:35Z">
          <reporter-output>
          </reporter-output>
        </test-method> <!-- LOC_ACHDeposit_EOD_Return_EOD_Redeposit_Txn -->
        <test-method status="PASS" signature="getResult(org.testng.ITestResult)[pri:0, instance:tests.QCStore@5f9d02cb]" name="getResult" is-config="true" duration-ms="234" started-at="2019-04-08T06:04:35Z" finished-at="2019-04-08T06:04:35Z">
          <params>
            <param index="0">
              <value>
                <![CDATA[[TestResult name=LOC_ACHDeposit_EOD_Return_EOD_Redeposit_Txn status=SUCCESS method=QCStore.LOC_ACHDeposit_EOD_Return_EOD_Redeposit_Txn()[pri:70, instance:tests.QCStore@5f9d02cb] output={null}]]]>
              </value>
            </param>
          </params>
          <reporter-output>
          </reporter-output>
        </test-method> <!-- getResult -->
      </class> <!-- tests.QCStore -->
    </test> <!-- Test -->
  </suite> <!-- Suite -->
</testng-results>
