<?xml version="1.0" encoding="UTF-8"?>
<testng-results skipped="0" failed="0" ignored="0" total="1" passed="1">
  <reporter-output>
  </reporter-output>
  <suite name="Default suite" duration-ms="895609" started-at="2019-04-18T13:08:25Z" finished-at="2019-04-18T13:23:21Z">
    <groups>
      <group name="Jyothi">
        <method signature="QCStore.LOC_WriteoffRecoveryReturn()[pri:608, instance:tests.QCStore@3632be31]" name="LOC_WriteoffRecoveryReturn" class="tests.QCStore"/>
      </group> <!-- Jyothi -->
    </groups>
    <test name="Default test" duration-ms="895609" started-at="2019-04-18T13:08:25Z" finished-at="2019-04-18T13:23:21Z">
      <class name="tests.QCStore">
        <test-method status="PASS" signature="setup()[pri:0, instance:tests.QCStore@3632be31]" name="setup" is-config="true" duration-ms="93" started-at="2019-04-18T13:08:25Z" finished-at="2019-04-18T13:08:26Z">
          <reporter-output>
          </reporter-output>
        </test-method> <!-- setup -->
        <test-method status="PASS" signature="killProcess()[pri:0, instance:tests.QCStore@3632be31]" name="killProcess" is-config="true" duration-ms="5023" started-at="2019-04-18T13:08:26Z" finished-at="2019-04-18T13:08:31Z">
          <reporter-output>
          </reporter-output>
        </test-method> <!-- killProcess -->
        <test-method status="PASS" signature="LOC_WriteoffRecoveryReturn()[pri:608, instance:tests.QCStore@3632be31]" name="LOC_WriteoffRecoveryReturn" duration-ms="890290" started-at="2019-04-18T13:08:31Z" finished-at="2019-04-18T13:23:21Z">
          <reporter-output>
          </reporter-output>
        </test-method> <!-- LOC_WriteoffRecoveryReturn -->
        <test-method status="PASS" signature="getResult(org.testng.ITestResult)[pri:0, instance:tests.QCStore@3632be31]" name="getResult" is-config="true" duration-ms="203" started-at="2019-04-18T13:23:21Z" finished-at="2019-04-18T13:23:21Z">
          <params>
            <param index="0">
              <value>
                <![CDATA[[TestResult name=LOC_WriteoffRecoveryReturn status=SUCCESS method=QCStore.LOC_WriteoffRecoveryReturn()[pri:608, instance:tests.QCStore@3632be31] output={null}]]]>
              </value>
            </param>
          </params>
          <reporter-output>
          </reporter-output>
        </test-method> <!-- getResult -->
      </class> <!-- tests.QCStore -->
    </test> <!-- Default test -->
  </suite> <!-- Default suite -->
</testng-results>
