<?xml version="1.0" encoding="UTF-8"?>
<testng-results skipped="0" failed="0" ignored="96" total="97" passed="1">
  <reporter-output>
  </reporter-output>
  <suite name="Suite" duration-ms="64045" started-at="2019-03-28T05:11:17Z" finished-at="2019-03-28T05:12:21Z">
    <groups>
      <group name="EOD1">
        <method signature="QCStore.LOC_ACHDeposit_EODs_Return_ReDeposit_Return_Txn()[pri:67, instance:tests.QCStore@5f9d02cb]" name="LOC_ACHDeposit_EODs_Return_ReDeposit_Return_Txn" class="tests.QCStore"/>
      </group> <!-- EOD1 -->
    </groups>
    <test name="Test" duration-ms="64045" started-at="2019-03-28T05:11:17Z" finished-at="2019-03-28T05:12:21Z">
      <class name="tests.QCStore">
        <test-method status="PASS" signature="setup()[pri:0, instance:tests.QCStore@5f9d02cb]" name="setup" is-config="true" duration-ms="111" started-at="2019-03-28T05:11:17Z" finished-at="2019-03-28T05:11:17Z">
          <reporter-output>
          </reporter-output>
        </test-method> <!-- setup -->
        <test-method status="PASS" signature="killProcess()[pri:0, instance:tests.QCStore@5f9d02cb]" name="killProcess" is-config="true" duration-ms="5020" started-at="2019-03-28T05:11:17Z" finished-at="2019-03-28T05:11:22Z">
          <reporter-output>
          </reporter-output>
        </test-method> <!-- killProcess -->
        <test-method status="PASS" signature="LOC_ACHDeposit_EODs_Return_ReDeposit_Return_Txn()[pri:67, instance:tests.QCStore@5f9d02cb]" name="LOC_ACHDeposit_EODs_Return_ReDeposit_Return_Txn" duration-ms="58699" started-at="2019-03-28T05:11:22Z" finished-at="2019-03-28T05:12:21Z">
          <reporter-output>
          </reporter-output>
        </test-method> <!-- LOC_ACHDeposit_EODs_Return_ReDeposit_Return_Txn -->
        <test-method status="PASS" signature="getResult(org.testng.ITestResult)[pri:0, instance:tests.QCStore@5f9d02cb]" name="getResult" is-config="true" duration-ms="200" started-at="2019-03-28T05:12:21Z" finished-at="2019-03-28T05:12:21Z">
          <params>
            <param index="0">
              <value>
                <![CDATA[[TestResult name=LOC_ACHDeposit_EODs_Return_ReDeposit_Return_Txn status=SUCCESS method=QCStore.LOC_ACHDeposit_EODs_Return_ReDeposit_Return_Txn()[pri:67, instance:tests.QCStore@5f9d02cb] output={null}]]]>
              </value>
            </param>
          </params>
          <reporter-output>
          </reporter-output>
        </test-method> <!-- getResult -->
      </class> <!-- tests.QCStore -->
    </test> <!-- Test -->
  </suite> <!-- Suite -->
</testng-results>
