<?xml version="1.0" encoding="UTF-8"?>
<testng-results skipped="0" failed="0" ignored="0" total="1" passed="1">
  <reporter-output>
  </reporter-output>
  <suite name="Default suite" duration-ms="1323184" started-at="2019-02-18T19:42:58Z" finished-at="2019-02-18T20:05:01Z">
    <groups>
      <group name="Janaki_NEOD">
        <method signature="QCStore.JQC_LOC_Refinance_CABPayment_Return_Txn()[pri:320, instance:tests.QCStore@71423665]" name="JQC_LOC_Refinance_CABPayment_Return_Txn" class="tests.QCStore"/>
      </group> <!-- Janaki_NEOD -->
    </groups>
    <test name="Default test" duration-ms="1323184" started-at="2019-02-18T19:42:58Z" finished-at="2019-02-18T20:05:01Z">
      <class name="tests.QCStore">
        <test-method status="PASS" signature="setup()[pri:0, instance:tests.QCStore@71423665]" name="setup" is-config="true" duration-ms="95" started-at="2019-02-18T19:42:58Z" finished-at="2019-02-18T19:42:58Z">
          <reporter-output>
          </reporter-output>
        </test-method> <!-- setup -->
        <test-method status="PASS" signature="killProcess()[pri:0, instance:tests.QCStore@71423665]" name="killProcess" is-config="true" duration-ms="5003" started-at="2019-02-18T19:42:58Z" finished-at="2019-02-18T19:43:03Z">
          <reporter-output>
          </reporter-output>
        </test-method> <!-- killProcess -->
        <test-method status="PASS" signature="JQC_LOC_Refinance_CABPayment_Return_Txn()[pri:320, instance:tests.QCStore@71423665]" name="JQC_LOC_Refinance_CABPayment_Return_Txn" duration-ms="1317868" started-at="2019-02-18T19:43:03Z" finished-at="2019-02-18T20:05:01Z">
          <reporter-output>
          </reporter-output>
        </test-method> <!-- JQC_LOC_Refinance_CABPayment_Return_Txn -->
        <test-method status="PASS" signature="getResult(org.testng.ITestResult)[pri:0, instance:tests.QCStore@71423665]" name="getResult" is-config="true" duration-ms="203" started-at="2019-02-18T20:05:01Z" finished-at="2019-02-18T20:05:01Z">
          <params>
            <param index="0">
              <value>
                <![CDATA[[TestResult name=JQC_LOC_Refinance_CABPayment_Return_Txn status=SUCCESS method=QCStore.JQC_LOC_Refinance_CABPayment_Return_Txn()[pri:320, instance:tests.QCStore@71423665] output={null}]]]>
              </value>
            </param>
          </params>
          <reporter-output>
          </reporter-output>
        </test-method> <!-- getResult -->
        <test-method status="PASS" signature="endReport()[pri:0, instance:tests.QCStore@71423665]" name="endReport" is-config="true" duration-ms="0" started-at="2019-02-18T20:05:01Z" finished-at="2019-02-18T20:05:01Z">
          <reporter-output>
          </reporter-output>
        </test-method> <!-- endReport -->
      </class> <!-- tests.QCStore -->
    </test> <!-- Default test -->
  </suite> <!-- Default suite -->
</testng-results>
