<?xml version="1.0" encoding="UTF-8"?>
<testng-results skipped="0" failed="0" ignored="113" total="114" passed="1">
  <reporter-output>
  </reporter-output>
  <suite name="Suite" duration-ms="1064321" started-at="2019-04-08T13:00:49Z" finished-at="2019-04-08T13:18:34Z">
    <groups>
      <group name="Anoop_EOD11">
        <method signature="QCStore.DrawAndEOD()[pri:417, instance:tests.QCStore@5f9d02cb]" name="DrawAndEOD" class="tests.QCStore"/>
      </group> <!-- Anoop_EOD11 -->
    </groups>
    <test name="Test" duration-ms="1064321" started-at="2019-04-08T13:00:49Z" finished-at="2019-04-08T13:18:34Z">
      <class name="tests.QCStore">
        <test-method status="PASS" signature="setup()[pri:0, instance:tests.QCStore@5f9d02cb]" name="setup" is-config="true" duration-ms="118" started-at="2019-04-08T13:00:49Z" finished-at="2019-04-08T13:00:49Z">
          <reporter-output>
          </reporter-output>
        </test-method> <!-- setup -->
        <test-method status="PASS" signature="killProcess()[pri:0, instance:tests.QCStore@5f9d02cb]" name="killProcess" is-config="true" duration-ms="5027" started-at="2019-04-08T13:00:49Z" finished-at="2019-04-08T13:00:54Z">
          <reporter-output>
          </reporter-output>
        </test-method> <!-- killProcess -->
        <test-method status="PASS" signature="DrawAndEOD()[pri:417, instance:tests.QCStore@5f9d02cb]" name="DrawAndEOD" duration-ms="1058889" started-at="2019-04-08T13:00:54Z" finished-at="2019-04-08T13:18:33Z">
          <reporter-output>
          </reporter-output>
        </test-method> <!-- DrawAndEOD -->
        <test-method status="PASS" signature="getResult(org.testng.ITestResult)[pri:0, instance:tests.QCStore@5f9d02cb]" name="getResult" is-config="true" duration-ms="270" started-at="2019-04-08T13:18:33Z" finished-at="2019-04-08T13:18:34Z">
          <params>
            <param index="0">
              <value>
                <![CDATA[[TestResult name=DrawAndEOD status=SUCCESS method=QCStore.DrawAndEOD()[pri:417, instance:tests.QCStore@5f9d02cb] output={null}]]]>
              </value>
            </param>
          </params>
          <reporter-output>
          </reporter-output>
        </test-method> <!-- getResult -->
      </class> <!-- tests.QCStore -->
    </test> <!-- Test -->
  </suite> <!-- Suite -->
</testng-results>
