<?xml version="1.0" encoding="UTF-8"?>
<testng-results skipped="0" failed="0" ignored="98" total="103" passed="5">
  <reporter-output>
  </reporter-output>
  <suite name="Suite" duration-ms="13716577" started-at="2019-04-01T13:17:13Z" finished-at="2019-04-01T17:05:49Z">
    <groups>
      <group name="EOD2">
        <method signature="QCStore.LOC_ACHDeposit_EOD_Return_EOD_Default_Redeposit_Txn()[pri:69, instance:tests.QCStore@5f9d02cb]" name="LOC_ACHDeposit_EOD_Return_EOD_Default_Redeposit_Txn" class="tests.QCStore"/>
        <method signature="QCStore.LOC_ACHDeposit_EOD_Return_EOD_Redeposit_Txn()[pri:70, instance:tests.QCStore@5f9d02cb]" name="LOC_ACHDeposit_EOD_Return_EOD_Redeposit_Txn" class="tests.QCStore"/>
      </group> <!-- EOD2 -->
      <group name="EOD">
        <method signature="QCStore.LOC_ACHDeposit_EODs_Return_ReDeposit_Clear_Txn()[pri:66, instance:tests.QCStore@5f9d02cb]" name="LOC_ACHDeposit_EODs_Return_ReDeposit_Clear_Txn" class="tests.QCStore"/>
        <method signature="QCStore.LOC_ACHDeposit_EODs_Return_ReDeposit_Return_Txn()[pri:67, instance:tests.QCStore@5f9d02cb]" name="LOC_ACHDeposit_EODs_Return_ReDeposit_Return_Txn" class="tests.QCStore"/>
        <method signature="QCStore.LOC_ACHDeposit_EODs_Return_Txn()[pri:68, instance:tests.QCStore@5f9d02cb]" name="LOC_ACHDeposit_EODs_Return_Txn" class="tests.QCStore"/>
      </group> <!-- EOD -->
    </groups>
    <test name="Test" duration-ms="13716577" started-at="2019-04-01T13:17:13Z" finished-at="2019-04-01T17:05:49Z">
      <class name="tests.QCStore">
        <test-method status="PASS" signature="setup()[pri:0, instance:tests.QCStore@5f9d02cb]" name="setup" is-config="true" duration-ms="81" started-at="2019-04-01T13:17:13Z" finished-at="2019-04-01T13:17:13Z">
          <reporter-output>
          </reporter-output>
        </test-method> <!-- setup -->
        <test-method status="PASS" signature="killProcess()[pri:0, instance:tests.QCStore@5f9d02cb]" name="killProcess" is-config="true" duration-ms="5017" started-at="2019-04-01T13:17:13Z" finished-at="2019-04-01T13:17:18Z">
          <reporter-output>
          </reporter-output>
        </test-method> <!-- killProcess -->
        <test-method status="PASS" signature="LOC_ACHDeposit_EODs_Return_ReDeposit_Clear_Txn()[pri:66, instance:tests.QCStore@5f9d02cb]" name="LOC_ACHDeposit_EODs_Return_ReDeposit_Clear_Txn" duration-ms="2185548" started-at="2019-04-01T13:17:18Z" finished-at="2019-04-01T13:53:43Z">
          <reporter-output>
          </reporter-output>
        </test-method> <!-- LOC_ACHDeposit_EODs_Return_ReDeposit_Clear_Txn -->
        <test-method status="PASS" signature="getResult(org.testng.ITestResult)[pri:0, instance:tests.QCStore@5f9d02cb]" name="getResult" is-config="true" duration-ms="176" started-at="2019-04-01T13:53:43Z" finished-at="2019-04-01T13:53:43Z">
          <params>
            <param index="0">
              <value>
                <![CDATA[[TestResult name=LOC_ACHDeposit_EODs_Return_ReDeposit_Clear_Txn status=SUCCESS method=QCStore.LOC_ACHDeposit_EODs_Return_ReDeposit_Clear_Txn()[pri:66, instance:tests.QCStore@5f9d02cb] output={null}]]]>
              </value>
            </param>
          </params>
          <reporter-output>
          </reporter-output>
        </test-method> <!-- getResult -->
        <test-method status="PASS" signature="killProcess()[pri:0, instance:tests.QCStore@5f9d02cb]" name="killProcess" is-config="true" duration-ms="5032" started-at="2019-04-01T13:53:43Z" finished-at="2019-04-01T13:53:48Z">
          <reporter-output>
          </reporter-output>
        </test-method> <!-- killProcess -->
        <test-method status="PASS" signature="LOC_ACHDeposit_EODs_Return_ReDeposit_Return_Txn()[pri:67, instance:tests.QCStore@5f9d02cb]" name="LOC_ACHDeposit_EODs_Return_ReDeposit_Return_Txn" duration-ms="2074067" started-at="2019-04-01T13:53:48Z" finished-at="2019-04-01T14:28:23Z">
          <reporter-output>
          </reporter-output>
        </test-method> <!-- LOC_ACHDeposit_EODs_Return_ReDeposit_Return_Txn -->
        <test-method status="PASS" signature="getResult(org.testng.ITestResult)[pri:0, instance:tests.QCStore@5f9d02cb]" name="getResult" is-config="true" duration-ms="152" started-at="2019-04-01T14:28:23Z" finished-at="2019-04-01T14:28:23Z">
          <params>
            <param index="0">
              <value>
                <![CDATA[[TestResult name=LOC_ACHDeposit_EODs_Return_ReDeposit_Return_Txn status=SUCCESS method=QCStore.LOC_ACHDeposit_EODs_Return_ReDeposit_Return_Txn()[pri:67, instance:tests.QCStore@5f9d02cb] output={null}]]]>
              </value>
            </param>
          </params>
          <reporter-output>
          </reporter-output>
        </test-method> <!-- getResult -->
        <test-method status="PASS" signature="killProcess()[pri:0, instance:tests.QCStore@5f9d02cb]" name="killProcess" is-config="true" duration-ms="5023" started-at="2019-04-01T14:28:23Z" finished-at="2019-04-01T14:28:28Z">
          <reporter-output>
          </reporter-output>
        </test-method> <!-- killProcess -->
        <test-method status="PASS" signature="LOC_ACHDeposit_EODs_Return_Txn()[pri:68, instance:tests.QCStore@5f9d02cb]" name="LOC_ACHDeposit_EODs_Return_Txn" duration-ms="4780231" started-at="2019-04-01T14:28:28Z" finished-at="2019-04-01T15:48:08Z">
          <reporter-output>
          </reporter-output>
        </test-method> <!-- LOC_ACHDeposit_EODs_Return_Txn -->
        <test-method status="PASS" signature="getResult(org.testng.ITestResult)[pri:0, instance:tests.QCStore@5f9d02cb]" name="getResult" is-config="true" duration-ms="50" started-at="2019-04-01T15:48:08Z" finished-at="2019-04-01T15:48:08Z">
          <params>
            <param index="0">
              <value>
                <![CDATA[[TestResult name=LOC_ACHDeposit_EODs_Return_Txn status=SUCCESS method=QCStore.LOC_ACHDeposit_EODs_Return_Txn()[pri:68, instance:tests.QCStore@5f9d02cb] output={null}]]]>
              </value>
            </param>
          </params>
          <reporter-output>
          </reporter-output>
        </test-method> <!-- getResult -->
        <test-method status="PASS" signature="killProcess()[pri:0, instance:tests.QCStore@5f9d02cb]" name="killProcess" is-config="true" duration-ms="5039" started-at="2019-04-01T15:48:08Z" finished-at="2019-04-01T15:48:13Z">
          <reporter-output>
          </reporter-output>
        </test-method> <!-- killProcess -->
        <test-method status="PASS" signature="LOC_ACHDeposit_EOD_Return_EOD_Default_Redeposit_Txn()[pri:69, instance:tests.QCStore@5f9d02cb]" name="LOC_ACHDeposit_EOD_Return_EOD_Default_Redeposit_Txn" duration-ms="2320481" started-at="2019-04-01T15:48:13Z" finished-at="2019-04-01T16:26:54Z">
          <reporter-output>
          </reporter-output>
        </test-method> <!-- LOC_ACHDeposit_EOD_Return_EOD_Default_Redeposit_Txn -->
        <test-method status="PASS" signature="getResult(org.testng.ITestResult)[pri:0, instance:tests.QCStore@5f9d02cb]" name="getResult" is-config="true" duration-ms="41" started-at="2019-04-01T16:26:54Z" finished-at="2019-04-01T16:26:54Z">
          <params>
            <param index="0">
              <value>
                <![CDATA[[TestResult name=LOC_ACHDeposit_EOD_Return_EOD_Default_Redeposit_Txn status=SUCCESS method=QCStore.LOC_ACHDeposit_EOD_Return_EOD_Default_Redeposit_Txn()[pri:69, instance:tests.QCStore@5f9d02cb] output={null}]]]>
              </value>
            </param>
          </params>
          <reporter-output>
          </reporter-output>
        </test-method> <!-- getResult -->
        <test-method status="PASS" signature="killProcess()[pri:0, instance:tests.QCStore@5f9d02cb]" name="killProcess" is-config="true" duration-ms="5036" started-at="2019-04-01T16:26:54Z" finished-at="2019-04-01T16:26:59Z">
          <reporter-output>
          </reporter-output>
        </test-method> <!-- killProcess -->
        <test-method status="PASS" signature="LOC_ACHDeposit_EOD_Return_EOD_Redeposit_Txn()[pri:70, instance:tests.QCStore@5f9d02cb]" name="LOC_ACHDeposit_EOD_Return_EOD_Redeposit_Txn" duration-ms="2330526" started-at="2019-04-01T16:26:59Z" finished-at="2019-04-01T17:05:49Z">
          <reporter-output>
          </reporter-output>
        </test-method> <!-- LOC_ACHDeposit_EOD_Return_EOD_Redeposit_Txn -->
        <test-method status="PASS" signature="getResult(org.testng.ITestResult)[pri:0, instance:tests.QCStore@5f9d02cb]" name="getResult" is-config="true" duration-ms="56" started-at="2019-04-01T17:05:49Z" finished-at="2019-04-01T17:05:49Z">
          <params>
            <param index="0">
              <value>
                <![CDATA[[TestResult name=LOC_ACHDeposit_EOD_Return_EOD_Redeposit_Txn status=SUCCESS method=QCStore.LOC_ACHDeposit_EOD_Return_EOD_Redeposit_Txn()[pri:70, instance:tests.QCStore@5f9d02cb] output={null}]]]>
              </value>
            </param>
          </params>
          <reporter-output>
          </reporter-output>
        </test-method> <!-- getResult -->
      </class> <!-- tests.QCStore -->
    </test> <!-- Test -->
  </suite> <!-- Suite -->
</testng-results>
