<?xml version="1.0" encoding="UTF-8"?>
<testng-results skipped="0" failed="0" ignored="85" total="86" passed="1">
  <reporter-output>
  </reporter-output>
  <suite name="Suite" duration-ms="333911" started-at="2019-04-01T05:49:36Z" finished-at="2019-04-01T05:55:10Z">
    <groups>
      <group name="Janaki_NEOD">
        <method signature="QCStore.JQC_LOC_New_Loan_Rescind_Txn()[pri:302, instance:tests.QCStore@5f9d02cb]" name="JQC_LOC_New_Loan_Rescind_Txn" class="tests.QCStore"/>
      </group> <!-- Janaki_NEOD -->
    </groups>
    <test name="Test" duration-ms="333911" started-at="2019-04-01T05:49:36Z" finished-at="2019-04-01T05:55:10Z">
      <class name="tests.QCStore">
        <test-method status="PASS" signature="setup()[pri:0, instance:tests.QCStore@5f9d02cb]" name="setup" is-config="true" duration-ms="118" started-at="2019-04-01T05:49:36Z" finished-at="2019-04-01T05:49:37Z">
          <reporter-output>
          </reporter-output>
        </test-method> <!-- setup -->
        <test-method status="PASS" signature="killProcess()[pri:0, instance:tests.QCStore@5f9d02cb]" name="killProcess" is-config="true" duration-ms="5000" started-at="2019-04-01T05:49:37Z" finished-at="2019-04-01T05:49:42Z">
          <reporter-output>
          </reporter-output>
        </test-method> <!-- killProcess -->
        <test-method status="PASS" signature="JQC_LOC_New_Loan_Rescind_Txn()[pri:302, instance:tests.QCStore@5f9d02cb]" name="JQC_LOC_New_Loan_Rescind_Txn" duration-ms="328572" started-at="2019-04-01T05:49:42Z" finished-at="2019-04-01T05:55:10Z">
          <reporter-output>
          </reporter-output>
        </test-method> <!-- JQC_LOC_New_Loan_Rescind_Txn -->
        <test-method status="PASS" signature="getResult(org.testng.ITestResult)[pri:0, instance:tests.QCStore@5f9d02cb]" name="getResult" is-config="true" duration-ms="204" started-at="2019-04-01T05:55:10Z" finished-at="2019-04-01T05:55:10Z">
          <params>
            <param index="0">
              <value>
                <![CDATA[[TestResult name=JQC_LOC_New_Loan_Rescind_Txn status=SUCCESS method=QCStore.JQC_LOC_New_Loan_Rescind_Txn()[pri:302, instance:tests.QCStore@5f9d02cb] output={null}]]]>
              </value>
            </param>
          </params>
          <reporter-output>
          </reporter-output>
        </test-method> <!-- getResult -->
      </class> <!-- tests.QCStore -->
    </test> <!-- Test -->
  </suite> <!-- Suite -->
</testng-results>
