<?xml version="1.0" encoding="UTF-8"?>
<testng-results skipped="0" failed="1" ignored="107" total="114" passed="6">
  <reporter-output>
  </reporter-output>
  <suite name="Suite" duration-ms="7809621" started-at="2019-03-05T13:34:04Z" finished-at="2019-03-05T15:44:14Z">
    <groups>
      <group name="Anoop_EOD1">
        <method signature="QCStore.DepositAndEOD()[pri:416, instance:tests.QCStore@527740a2]" name="DepositAndEOD" class="tests.QCStore"/>
        <method signature="QCStore.DrawAndEOD()[pri:417, instance:tests.QCStore@527740a2]" name="DrawAndEOD" class="tests.QCStore"/>
        <method signature="QCStore.EODOnDueDate()[pri:412, instance:tests.QCStore@527740a2]" name="EODOnDueDate" class="tests.QCStore"/>
        <method signature="QCStore.HigherPaymentAndEod()[pri:414, instance:tests.QCStore@527740a2]" name="HigherPaymentAndEod" class="tests.QCStore"/>
        <method signature="QCStore.PayOFFandEod()[pri:415, instance:tests.QCStore@527740a2]" name="PayOFFandEod" class="tests.QCStore"/>
        <method signature="QCStore.PaymentAndEod()[pri:413, instance:tests.QCStore@527740a2]" name="PaymentAndEod" class="tests.QCStore"/>
        <method signature="QCStore.VoidandEod()[pri:414, instance:tests.QCStore@527740a2]" name="VoidandEod" class="tests.QCStore"/>
      </group> <!-- Anoop_EOD1 -->
    </groups>
    <test name="Test" duration-ms="7809621" started-at="2019-03-05T13:34:04Z" finished-at="2019-03-05T15:44:14Z">
      <class name="tests.QCStore">
        <test-method status="PASS" signature="setup()[pri:0, instance:tests.QCStore@527740a2]" name="setup" is-config="true" duration-ms="90" started-at="2019-03-05T13:34:04Z" finished-at="2019-03-05T13:34:05Z">
          <reporter-output>
          </reporter-output>
        </test-method> <!-- setup -->
        <test-method status="PASS" signature="killProcess()[pri:0, instance:tests.QCStore@527740a2]" name="killProcess" is-config="true" duration-ms="5019" started-at="2019-03-05T13:34:05Z" finished-at="2019-03-05T13:34:10Z">
          <reporter-output>
          </reporter-output>
        </test-method> <!-- killProcess -->
        <test-method status="PASS" signature="EODOnDueDate()[pri:412, instance:tests.QCStore@527740a2]" name="EODOnDueDate" duration-ms="1189381" started-at="2019-03-05T13:34:10Z" finished-at="2019-03-05T13:53:59Z">
          <reporter-output>
          </reporter-output>
        </test-method> <!-- EODOnDueDate -->
        <test-method status="PASS" signature="getResult(org.testng.ITestResult)[pri:0, instance:tests.QCStore@527740a2]" name="getResult" is-config="true" duration-ms="773" started-at="2019-03-05T13:53:59Z" finished-at="2019-03-05T13:54:00Z">
          <params>
            <param index="0">
              <value>
                <![CDATA[[TestResult name=EODOnDueDate status=SUCCESS method=QCStore.EODOnDueDate()[pri:412, instance:tests.QCStore@527740a2] output={null}]]]>
              </value>
            </param>
          </params>
          <reporter-output>
          </reporter-output>
        </test-method> <!-- getResult -->
        <test-method status="PASS" signature="killProcess()[pri:0, instance:tests.QCStore@527740a2]" name="killProcess" is-config="true" duration-ms="5030" started-at="2019-03-05T13:54:00Z" finished-at="2019-03-05T13:54:05Z">
          <reporter-output>
          </reporter-output>
        </test-method> <!-- killProcess -->
        <test-method status="FAIL" signature="PaymentAndEod()[pri:413, instance:tests.QCStore@527740a2]" name="PaymentAndEod" duration-ms="86160" started-at="2019-03-05T13:54:05Z" finished-at="2019-03-05T13:55:31Z">
          <exception class="org.openqa.selenium.UnhandledAlertException">
            <message>
              <![CDATA[Modal dialog present: Please Select Product
Build info: version: '3.14.0', revision: 'aacccce0', time: '2018-08-02T20:19:58.91Z'
System info: host: 'QTLSYS2-48', ip: '192.168.2.48', os.name: 'Windows 7', os.arch: 'amd64', os.version: '6.1', java.version: '1.8.0_171'
Driver info: org.openqa.selenium.ie.InternetExplorerDriver
Capabilities {browserAttachTimeout: 0, browserName: internet explorer, cssSelectorsEnabled: true, elementScrollBehavior: 0, enableElementCacheCleanup: true, enablePersistentHover: true, handlesAlerts: true, ie.browserCommandLineSwitches: , ie.ensureCleanSession: false, ie.forceCreateProcessApi: false, ie.usePerProcessProxy: false, ignoreProtectedModeSettings: false, ignoreZoomSetting: false, initialBrowserUrl: http://localhost:34656/, javascriptEnabled: true, nativeEvents: true, platform: WINDOWS, platformName: WINDOWS, requireWindowFocus: false, takesScreenshot: true, unexpectedAlertBehaviour: dismiss, unhandledPromptBehavior: dismiss, version: 11}
Session ID: 65697d82-dfdd-47b9-bc12-ede5e15cce8a
*** Element info: {Using=name, value=advanceRequestBean.paymentCollateralType}]]>
            </message>
            <full-stacktrace>
              <![CDATA[org.openqa.selenium.UnhandledAlertException: Modal dialog present: Please Select Product
Build info: version: '3.14.0', revision: 'aacccce0', time: '2018-08-02T20:19:58.91Z'
System info: host: 'QTLSYS2-48', ip: '192.168.2.48', os.name: 'Windows 7', os.arch: 'amd64', os.version: '6.1', java.version: '1.8.0_171'
Driver info: org.openqa.selenium.ie.InternetExplorerDriver
Capabilities {browserAttachTimeout: 0, browserName: internet explorer, cssSelectorsEnabled: true, elementScrollBehavior: 0, enableElementCacheCleanup: true, enablePersistentHover: true, handlesAlerts: true, ie.browserCommandLineSwitches: , ie.ensureCleanSession: false, ie.forceCreateProcessApi: false, ie.usePerProcessProxy: false, ignoreProtectedModeSettings: false, ignoreZoomSetting: false, initialBrowserUrl: http://localhost:34656/, javascriptEnabled: true, nativeEvents: true, platform: WINDOWS, platformName: WINDOWS, requireWindowFocus: false, takesScreenshot: true, unexpectedAlertBehaviour: dismiss, unhandledPromptBehavior: dismiss, version: 11}
Session ID: 65697d82-dfdd-47b9-bc12-ede5e15cce8a
*** Element info: {Using=name, value=advanceRequestBean.paymentCollateralType}
at sun.reflect.NativeConstructorAccessorImpl.newInstance0(Native Method)
at sun.reflect.NativeConstructorAccessorImpl.newInstance(Unknown Source)
at sun.reflect.DelegatingConstructorAccessorImpl.newInstance(Unknown Source)
at java.lang.reflect.Constructor.newInstance(Unknown Source)
at org.openqa.selenium.remote.ErrorHandler.createThrowable(ErrorHandler.java:214)
at org.openqa.selenium.remote.ErrorHandler.createUnhandledAlertException(ErrorHandler.java:195)
at org.openqa.selenium.remote.ErrorHandler.throwIfResponseFailed(ErrorHandler.java:156)
at org.openqa.selenium.remote.http.JsonHttpResponseCodec.reconstructValue(JsonHttpResponseCodec.java:40)
at org.openqa.selenium.remote.http.AbstractHttpResponseCodec.decode(AbstractHttpResponseCodec.java:80)
at org.openqa.selenium.remote.http.AbstractHttpResponseCodec.decode(AbstractHttpResponseCodec.java:44)
at org.openqa.selenium.remote.HttpCommandExecutor.execute(HttpCommandExecutor.java:158)
at org.openqa.selenium.remote.service.DriverCommandExecutor.execute(DriverCommandExecutor.java:83)
at org.openqa.selenium.remote.RemoteWebDriver.execute(RemoteWebDriver.java:548)
at org.openqa.selenium.remote.RemoteWebDriver.findElement(RemoteWebDriver.java:322)
at org.openqa.selenium.remote.RemoteWebDriver.findElementByName(RemoteWebDriver.java:400)
at org.openqa.selenium.By$ByName.findElement(By.java:284)
at org.openqa.selenium.remote.RemoteWebDriver.findElement(RemoteWebDriver.java:314)
at tests.AQCCSRNewLoan.LOC(AQCCSRNewLoan.java:213)
at tests.AQCCSRNewLoan.newLoan(AQCCSRNewLoan.java:162)
at tests.QCStore.PaymentAndEod(QCStore.java:5571)
at sun.reflect.NativeMethodAccessorImpl.invoke0(Native Method)
at sun.reflect.NativeMethodAccessorImpl.invoke(Unknown Source)
at sun.reflect.DelegatingMethodAccessorImpl.invoke(Unknown Source)
at java.lang.reflect.Method.invoke(Unknown Source)
at org.testng.internal.MethodInvocationHelper.invokeMethod(MethodInvocationHelper.java:124)
at org.testng.internal.Invoker.invokeMethod(Invoker.java:583)
at org.testng.internal.Invoker.invokeTestMethod(Invoker.java:719)
at org.testng.internal.Invoker.invokeTestMethods(Invoker.java:989)
at org.testng.internal.TestMethodWorker.invokeTestMethods(TestMethodWorker.java:125)
at org.testng.internal.TestMethodWorker.run(TestMethodWorker.java:109)
at org.testng.TestRunner.privateRun(TestRunner.java:648)
at org.testng.TestRunner.run(TestRunner.java:505)
at org.testng.SuiteRunner.runTest(SuiteRunner.java:455)
at org.testng.SuiteRunner.runSequentially(SuiteRunner.java:450)
at org.testng.SuiteRunner.privateRun(SuiteRunner.java:415)
at org.testng.SuiteRunner.run(SuiteRunner.java:364)
at org.testng.SuiteRunnerWorker.runSuite(SuiteRunnerWorker.java:52)
at org.testng.SuiteRunnerWorker.run(SuiteRunnerWorker.java:84)
at org.testng.TestNG.runSuitesSequentially(TestNG.java:1208)
at org.testng.TestNG.runSuitesLocally(TestNG.java:1137)
at org.testng.TestNG.runSuites(TestNG.java:1049)
at org.testng.TestNG.run(TestNG.java:1017)
at org.testng.remote.AbstractRemoteTestNG.run(AbstractRemoteTestNG.java:114)
at org.testng.remote.RemoteTestNG.initAndRun(RemoteTestNG.java:251)
at org.testng.remote.RemoteTestNG.main(RemoteTestNG.java:77)
]]>
            </full-stacktrace>
          </exception> <!-- org.openqa.selenium.UnhandledAlertException -->
          <reporter-output>
          </reporter-output>
        </test-method> <!-- PaymentAndEod -->
        <test-method status="PASS" signature="getResult(org.testng.ITestResult)[pri:0, instance:tests.QCStore@527740a2]" name="getResult" is-config="true" duration-ms="1377" started-at="2019-03-05T13:55:31Z" finished-at="2019-03-05T13:55:32Z">
          <params>
            <param index="0">
              <value>
                <![CDATA[[TestResult name=PaymentAndEod status=FAILURE method=QCStore.PaymentAndEod()[pri:413, instance:tests.QCStore@527740a2] output={null}]]]>
              </value>
            </param>
          </params>
          <reporter-output>
          </reporter-output>
        </test-method> <!-- getResult -->
        <test-method status="PASS" signature="killProcess()[pri:0, instance:tests.QCStore@527740a2]" name="killProcess" is-config="true" duration-ms="5019" started-at="2019-03-05T13:55:32Z" finished-at="2019-03-05T13:55:37Z">
          <reporter-output>
          </reporter-output>
        </test-method> <!-- killProcess -->
        <test-method status="PASS" signature="HigherPaymentAndEod()[pri:414, instance:tests.QCStore@527740a2]" name="HigherPaymentAndEod" duration-ms="1331377" started-at="2019-03-05T13:55:37Z" finished-at="2019-03-05T14:17:49Z">
          <reporter-output>
          </reporter-output>
        </test-method> <!-- HigherPaymentAndEod -->
        <test-method status="PASS" signature="getResult(org.testng.ITestResult)[pri:0, instance:tests.QCStore@527740a2]" name="getResult" is-config="true" duration-ms="607" started-at="2019-03-05T14:17:49Z" finished-at="2019-03-05T14:17:49Z">
          <params>
            <param index="0">
              <value>
                <![CDATA[[TestResult name=HigherPaymentAndEod status=SUCCESS method=QCStore.HigherPaymentAndEod()[pri:414, instance:tests.QCStore@527740a2] output={null}]]]>
              </value>
            </param>
          </params>
          <reporter-output>
          </reporter-output>
        </test-method> <!-- getResult -->
        <test-method status="PASS" signature="killProcess()[pri:0, instance:tests.QCStore@527740a2]" name="killProcess" is-config="true" duration-ms="5032" started-at="2019-03-05T14:17:49Z" finished-at="2019-03-05T14:17:54Z">
          <reporter-output>
          </reporter-output>
        </test-method> <!-- killProcess -->
        <test-method status="PASS" signature="VoidandEod()[pri:414, instance:tests.QCStore@527740a2]" name="VoidandEod" duration-ms="1363107" started-at="2019-03-05T14:17:54Z" finished-at="2019-03-05T14:40:37Z">
          <reporter-output>
          </reporter-output>
        </test-method> <!-- VoidandEod -->
        <test-method status="PASS" signature="getResult(org.testng.ITestResult)[pri:0, instance:tests.QCStore@527740a2]" name="getResult" is-config="true" duration-ms="607" started-at="2019-03-05T14:40:37Z" finished-at="2019-03-05T14:40:38Z">
          <params>
            <param index="0">
              <value>
                <![CDATA[[TestResult name=VoidandEod status=SUCCESS method=QCStore.VoidandEod()[pri:414, instance:tests.QCStore@527740a2] output={null}]]]>
              </value>
            </param>
          </params>
          <reporter-output>
          </reporter-output>
        </test-method> <!-- getResult -->
        <test-method status="PASS" signature="killProcess()[pri:0, instance:tests.QCStore@527740a2]" name="killProcess" is-config="true" duration-ms="5035" started-at="2019-03-05T14:40:38Z" finished-at="2019-03-05T14:40:43Z">
          <reporter-output>
          </reporter-output>
        </test-method> <!-- killProcess -->
        <test-method status="PASS" signature="PayOFFandEod()[pri:415, instance:tests.QCStore@527740a2]" name="PayOFFandEod" duration-ms="1272827" started-at="2019-03-05T14:40:43Z" finished-at="2019-03-05T15:01:56Z">
          <reporter-output>
          </reporter-output>
        </test-method> <!-- PayOFFandEod -->
        <test-method status="PASS" signature="getResult(org.testng.ITestResult)[pri:0, instance:tests.QCStore@527740a2]" name="getResult" is-config="true" duration-ms="612" started-at="2019-03-05T15:01:56Z" finished-at="2019-03-05T15:01:56Z">
          <params>
            <param index="0">
              <value>
                <![CDATA[[TestResult name=PayOFFandEod status=SUCCESS method=QCStore.PayOFFandEod()[pri:415, instance:tests.QCStore@527740a2] output={null}]]]>
              </value>
            </param>
          </params>
          <reporter-output>
          </reporter-output>
        </test-method> <!-- getResult -->
        <test-method status="PASS" signature="killProcess()[pri:0, instance:tests.QCStore@527740a2]" name="killProcess" is-config="true" duration-ms="5030" started-at="2019-03-05T15:01:56Z" finished-at="2019-03-05T15:02:02Z">
          <reporter-output>
          </reporter-output>
        </test-method> <!-- killProcess -->
        <test-method status="PASS" signature="DepositAndEOD()[pri:416, instance:tests.QCStore@527740a2]" name="DepositAndEOD" duration-ms="1215893" started-at="2019-03-05T15:02:02Z" finished-at="2019-03-05T15:22:17Z">
          <reporter-output>
          </reporter-output>
        </test-method> <!-- DepositAndEOD -->
        <test-method status="PASS" signature="getResult(org.testng.ITestResult)[pri:0, instance:tests.QCStore@527740a2]" name="getResult" is-config="true" duration-ms="626" started-at="2019-03-05T15:22:17Z" finished-at="2019-03-05T15:22:18Z">
          <params>
            <param index="0">
              <value>
                <![CDATA[[TestResult name=DepositAndEOD status=SUCCESS method=QCStore.DepositAndEOD()[pri:416, instance:tests.QCStore@527740a2] output={null}]]]>
              </value>
            </param>
          </params>
          <reporter-output>
          </reporter-output>
        </test-method> <!-- getResult -->
        <test-method status="PASS" signature="killProcess()[pri:0, instance:tests.QCStore@527740a2]" name="killProcess" is-config="true" duration-ms="5025" started-at="2019-03-05T15:22:18Z" finished-at="2019-03-05T15:22:23Z">
          <reporter-output>
          </reporter-output>
        </test-method> <!-- killProcess -->
        <test-method status="PASS" signature="DrawAndEOD()[pri:417, instance:tests.QCStore@527740a2]" name="DrawAndEOD" duration-ms="1310364" started-at="2019-03-05T15:22:23Z" finished-at="2019-03-05T15:44:13Z">
          <reporter-output>
          </reporter-output>
        </test-method> <!-- DrawAndEOD -->
        <test-method status="PASS" signature="getResult(org.testng.ITestResult)[pri:0, instance:tests.QCStore@527740a2]" name="getResult" is-config="true" duration-ms="599" started-at="2019-03-05T15:44:13Z" finished-at="2019-03-05T15:44:14Z">
          <params>
            <param index="0">
              <value>
                <![CDATA[[TestResult name=DrawAndEOD status=SUCCESS method=QCStore.DrawAndEOD()[pri:417, instance:tests.QCStore@527740a2] output={null}]]]>
              </value>
            </param>
          </params>
          <reporter-output>
          </reporter-output>
        </test-method> <!-- getResult -->
      </class> <!-- tests.QCStore -->
    </test> <!-- Test -->
  </suite> <!-- Suite -->
</testng-results>
