<?xml version="1.0" encoding="UTF-8"?>
<testng-results skipped="0" failed="0" ignored="101" total="102" passed="1">
  <reporter-output>
  </reporter-output>
  <suite name="Suite" duration-ms="192244" started-at="2019-02-25T07:44:30Z" finished-at="2019-02-25T07:47:42Z">
    <groups>
      <group name="Anoop_EOD1">
        <method signature="QCStore.EODOnDueDate()[pri:412, instance:tests.QCStore@527740a2]" name="EODOnDueDate" class="tests.QCStore"/>
      </group> <!-- Anoop_EOD1 -->
    </groups>
    <test name="Test" duration-ms="192244" started-at="2019-02-25T07:44:30Z" finished-at="2019-02-25T07:47:42Z">
      <class name="tests.QCStore">
        <test-method status="PASS" signature="setup()[pri:0, instance:tests.QCStore@527740a2]" name="setup" is-config="true" duration-ms="119" started-at="2019-02-25T07:44:30Z" finished-at="2019-02-25T07:44:30Z">
          <reporter-output>
          </reporter-output>
        </test-method> <!-- setup -->
        <test-method status="PASS" signature="killProcess()[pri:0, instance:tests.QCStore@527740a2]" name="killProcess" is-config="true" duration-ms="5023" started-at="2019-02-25T07:44:30Z" finished-at="2019-02-25T07:44:35Z">
          <reporter-output>
          </reporter-output>
        </test-method> <!-- killProcess -->
        <test-method status="PASS" signature="EODOnDueDate()[pri:412, instance:tests.QCStore@527740a2]" name="EODOnDueDate" duration-ms="186340" started-at="2019-02-25T07:44:35Z" finished-at="2019-02-25T07:47:42Z">
          <reporter-output>
          </reporter-output>
        </test-method> <!-- EODOnDueDate -->
        <test-method status="PASS" signature="getResult(org.testng.ITestResult)[pri:0, instance:tests.QCStore@527740a2]" name="getResult" is-config="true" duration-ms="742" started-at="2019-02-25T07:47:42Z" finished-at="2019-02-25T07:47:42Z">
          <params>
            <param index="0">
              <value>
                <![CDATA[[TestResult name=EODOnDueDate status=SUCCESS method=QCStore.EODOnDueDate()[pri:412, instance:tests.QCStore@527740a2] output={null}]]]>
              </value>
            </param>
          </params>
          <reporter-output>
          </reporter-output>
        </test-method> <!-- getResult -->
      </class> <!-- tests.QCStore -->
    </test> <!-- Test -->
  </suite> <!-- Suite -->
</testng-results>
