<?xml version="1.0" encoding="UTF-8"?>
<testng-results skipped="0" failed="0" ignored="111" total="112" passed="1">
  <reporter-output>
  </reporter-output>
  <suite name="Suite" duration-ms="896975" started-at="2019-04-19T05:55:46Z" finished-at="2019-04-19T06:10:43Z">
    <groups>
      <group name="Anoop_EOD31">
        <method signature="QCStore.PaymentDepositEODReDeposit()[pri:427, instance:tests.QCStore@5f9d02cb]" name="PaymentDepositEODReDeposit" class="tests.QCStore"/>
      </group> <!-- Anoop_EOD31 -->
    </groups>
    <test name="Test" duration-ms="896975" started-at="2019-04-19T05:55:46Z" finished-at="2019-04-19T06:10:43Z">
      <class name="tests.QCStore">
        <test-method status="PASS" signature="setup()[pri:0, instance:tests.QCStore@5f9d02cb]" name="setup" is-config="true" duration-ms="111" started-at="2019-04-19T05:55:46Z" finished-at="2019-04-19T05:55:46Z">
          <reporter-output>
          </reporter-output>
        </test-method> <!-- setup -->
        <test-method status="PASS" signature="killProcess()[pri:0, instance:tests.QCStore@5f9d02cb]" name="killProcess" is-config="true" duration-ms="5019" started-at="2019-04-19T05:55:46Z" finished-at="2019-04-19T05:55:51Z">
          <reporter-output>
          </reporter-output>
        </test-method> <!-- killProcess -->
        <test-method status="PASS" signature="PaymentDepositEODReDeposit()[pri:427, instance:tests.QCStore@5f9d02cb]" name="PaymentDepositEODReDeposit" duration-ms="891282" started-at="2019-04-19T05:55:51Z" finished-at="2019-04-19T06:10:42Z">
          <reporter-output>
          </reporter-output>
        </test-method> <!-- PaymentDepositEODReDeposit -->
        <test-method status="PASS" signature="getResult(org.testng.ITestResult)[pri:0, instance:tests.QCStore@5f9d02cb]" name="getResult" is-config="true" duration-ms="545" started-at="2019-04-19T06:10:42Z" finished-at="2019-04-19T06:10:43Z">
          <params>
            <param index="0">
              <value>
                <![CDATA[[TestResult name=PaymentDepositEODReDeposit status=SUCCESS method=QCStore.PaymentDepositEODReDeposit()[pri:427, instance:tests.QCStore@5f9d02cb] output={null}]]]>
              </value>
            </param>
          </params>
          <reporter-output>
          </reporter-output>
        </test-method> <!-- getResult -->
      </class> <!-- tests.QCStore -->
    </test> <!-- Test -->
  </suite> <!-- Suite -->
</testng-results>
