<?xml version="1.0" encoding="UTF-8"?>
<testng-results skipped="0" failed="0" ignored="1" total="2" passed="1">
  <reporter-output>
  </reporter-output>
  <suite name="Suite" duration-ms="969487" started-at="2019-02-19T05:07:00Z" finished-at="2019-02-19T05:23:09Z">
    <groups>
      <group name="Shashi">
        <method signature="QCStore.Deposit_Dropdown()[pri:500, instance:tests.QCStore@6d7b4f4c]" name="Deposit_Dropdown" class="tests.QCStore"/>
      </group> <!-- Shashi -->
    </groups>
    <test name="Test" duration-ms="969487" started-at="2019-02-19T05:07:00Z" finished-at="2019-02-19T05:23:09Z">
      <class name="tests.QCStore">
        <test-method status="PASS" signature="setup()[pri:0, instance:tests.QCStore@6d7b4f4c]" name="setup" is-config="true" duration-ms="127" started-at="2019-02-19T05:07:00Z" finished-at="2019-02-19T05:07:00Z">
          <reporter-output>
          </reporter-output>
        </test-method> <!-- setup -->
        <test-method status="PASS" signature="killProcess()[pri:0, instance:tests.QCStore@6d7b4f4c]" name="killProcess" is-config="true" duration-ms="5020" started-at="2019-02-19T05:07:00Z" finished-at="2019-02-19T05:07:05Z">
          <reporter-output>
          </reporter-output>
        </test-method> <!-- killProcess -->
        <test-method status="PASS" signature="Deposit_Dropdown()[pri:500, instance:tests.QCStore@6d7b4f4c]" name="Deposit_Dropdown" duration-ms="963614" started-at="2019-02-19T05:07:05Z" finished-at="2019-02-19T05:23:08Z">
          <reporter-output>
          </reporter-output>
        </test-method> <!-- Deposit_Dropdown -->
        <test-method status="PASS" signature="getResult(org.testng.ITestResult)[pri:0, instance:tests.QCStore@6d7b4f4c]" name="getResult" is-config="true" duration-ms="711" started-at="2019-02-19T05:23:08Z" finished-at="2019-02-19T05:23:09Z">
          <params>
            <param index="0">
              <value>
                <![CDATA[[TestResult name=Deposit_Dropdown status=SUCCESS method=QCStore.Deposit_Dropdown()[pri:500, instance:tests.QCStore@6d7b4f4c] output={null}]]]>
              </value>
            </param>
          </params>
          <reporter-output>
          </reporter-output>
        </test-method> <!-- getResult -->
        <test-method status="PASS" signature="endReport()[pri:0, instance:tests.QCStore@6d7b4f4c]" name="endReport" is-config="true" duration-ms="0" started-at="2019-02-19T05:23:08Z" finished-at="2019-02-19T05:23:08Z">
          <reporter-output>
          </reporter-output>
        </test-method> <!-- endReport -->
      </class> <!-- tests.QCStore -->
    </test> <!-- Test -->
  </suite> <!-- Suite -->
</testng-results>
