<?xml version="1.0" encoding="UTF-8"?>
<testng-results skipped="0" failed="1" ignored="112" total="114" passed="1">
  <reporter-output>
  </reporter-output>
  <suite name="Suite" duration-ms="216810" started-at="2019-04-25T06:08:57Z" finished-at="2019-04-25T06:12:33Z">
    <groups>
      <group name="EOD2">
        <method signature="QCStore.LOC_ACHDeposit_EOD_Return_EOD_Default_Redeposit_Txn()[pri:69, instance:tests.QCStore@5f9d02cb]" name="LOC_ACHDeposit_EOD_Return_EOD_Default_Redeposit_Txn" class="tests.QCStore"/>
        <method signature="QCStore.LOC_ACHDeposit_EOD_Return_EOD_Redeposit_Txn()[pri:70, instance:tests.QCStore@5f9d02cb]" name="LOC_ACHDeposit_EOD_Return_EOD_Redeposit_Txn" class="tests.QCStore"/>
      </group> <!-- EOD2 -->
    </groups>
    <test name="Test" duration-ms="216810" started-at="2019-04-25T06:08:57Z" finished-at="2019-04-25T06:12:33Z">
      <class name="tests.QCStore">
        <test-method status="PASS" signature="setup()[pri:0, instance:tests.QCStore@5f9d02cb]" name="setup" is-config="true" duration-ms="94" started-at="2019-04-25T06:08:57Z" finished-at="2019-04-25T06:08:57Z">
          <reporter-output>
          </reporter-output>
        </test-method> <!-- setup -->
        <test-method status="PASS" signature="killProcess()[pri:0, instance:tests.QCStore@5f9d02cb]" name="killProcess" is-config="true" duration-ms="5023" started-at="2019-04-25T06:08:57Z" finished-at="2019-04-25T06:09:02Z">
          <reporter-output>
          </reporter-output>
        </test-method> <!-- killProcess -->
        <test-method status="PASS" signature="LOC_ACHDeposit_EOD_Return_EOD_Default_Redeposit_Txn()[pri:69, instance:tests.QCStore@5f9d02cb]" name="LOC_ACHDeposit_EOD_Return_EOD_Default_Redeposit_Txn" duration-ms="69455" started-at="2019-04-25T06:09:02Z" finished-at="2019-04-25T06:10:11Z">
          <reporter-output>
          </reporter-output>
        </test-method> <!-- LOC_ACHDeposit_EOD_Return_EOD_Default_Redeposit_Txn -->
        <test-method status="PASS" signature="getResult(org.testng.ITestResult)[pri:0, instance:tests.QCStore@5f9d02cb]" name="getResult" is-config="true" duration-ms="703" started-at="2019-04-25T06:10:11Z" finished-at="2019-04-25T06:10:12Z">
          <params>
            <param index="0">
              <value>
                <![CDATA[[TestResult name=LOC_ACHDeposit_EOD_Return_EOD_Default_Redeposit_Txn status=SUCCESS method=QCStore.LOC_ACHDeposit_EOD_Return_EOD_Default_Redeposit_Txn()[pri:69, instance:tests.QCStore@5f9d02cb] output={null}]]]>
              </value>
            </param>
          </params>
          <reporter-output>
          </reporter-output>
        </test-method> <!-- getResult -->
        <test-method status="PASS" signature="killProcess()[pri:0, instance:tests.QCStore@5f9d02cb]" name="killProcess" is-config="true" duration-ms="5024" started-at="2019-04-25T06:10:12Z" finished-at="2019-04-25T06:10:17Z">
          <reporter-output>
          </reporter-output>
        </test-method> <!-- killProcess -->
        <test-method status="FAIL" signature="LOC_ACHDeposit_EOD_Return_EOD_Redeposit_Txn()[pri:70, instance:tests.QCStore@5f9d02cb]" name="LOC_ACHDeposit_EOD_Return_EOD_Redeposit_Txn" duration-ms="135716" started-at="2019-04-25T06:10:17Z" finished-at="2019-04-25T06:12:33Z">
          <exception class="java.lang.AssertionError">
            <message>
              <![CDATA[expected [true] but found [false]]]>
            </message>
            <full-stacktrace>
              <![CDATA[java.lang.AssertionError: expected [true] but found [false]
at org.testng.Assert.fail(Assert.java:96)
at org.testng.Assert.failNotEquals(Assert.java:776)
at org.testng.Assert.assertTrue(Assert.java:44)
at org.testng.Assert.assertTrue(Assert.java:54)
at tests.QCBorrowerRegistration.borrowerRegistration(QCBorrowerRegistration.java:517)
at tests.QCStore.LOC_ACHDeposit_EOD_Return_EOD_Redeposit_Txn(QCStore.java:2095)
at sun.reflect.NativeMethodAccessorImpl.invoke0(Native Method)
at sun.reflect.NativeMethodAccessorImpl.invoke(Unknown Source)
at sun.reflect.DelegatingMethodAccessorImpl.invoke(Unknown Source)
at java.lang.reflect.Method.invoke(Unknown Source)
at org.testng.internal.MethodInvocationHelper.invokeMethod(MethodInvocationHelper.java:124)
at org.testng.internal.Invoker.invokeMethod(Invoker.java:583)
at org.testng.internal.Invoker.invokeTestMethod(Invoker.java:719)
at org.testng.internal.Invoker.invokeTestMethods(Invoker.java:989)
at org.testng.internal.TestMethodWorker.invokeTestMethods(TestMethodWorker.java:125)
at org.testng.internal.TestMethodWorker.run(TestMethodWorker.java:109)
at org.testng.TestRunner.privateRun(TestRunner.java:648)
at org.testng.TestRunner.run(TestRunner.java:505)
at org.testng.SuiteRunner.runTest(SuiteRunner.java:455)
at org.testng.SuiteRunner.runSequentially(SuiteRunner.java:450)
at org.testng.SuiteRunner.privateRun(SuiteRunner.java:415)
at org.testng.SuiteRunner.run(SuiteRunner.java:364)
at org.testng.SuiteRunnerWorker.runSuite(SuiteRunnerWorker.java:52)
at org.testng.SuiteRunnerWorker.run(SuiteRunnerWorker.java:84)
at org.testng.TestNG.runSuitesSequentially(TestNG.java:1208)
at org.testng.TestNG.runSuitesLocally(TestNG.java:1137)
at org.testng.TestNG.runSuites(TestNG.java:1049)
at org.testng.TestNG.run(TestNG.java:1017)
at org.testng.remote.AbstractRemoteTestNG.run(AbstractRemoteTestNG.java:114)
at org.testng.remote.RemoteTestNG.initAndRun(RemoteTestNG.java:251)
at org.testng.remote.RemoteTestNG.main(RemoteTestNG.java:77)
]]>
            </full-stacktrace>
          </exception> <!-- java.lang.AssertionError -->
          <reporter-output>
          </reporter-output>
        </test-method> <!-- LOC_ACHDeposit_EOD_Return_EOD_Redeposit_Txn -->
        <test-method status="PASS" signature="getResult(org.testng.ITestResult)[pri:0, instance:tests.QCStore@5f9d02cb]" name="getResult" is-config="true" duration-ms="780" started-at="2019-04-25T06:12:33Z" finished-at="2019-04-25T06:12:33Z">
          <params>
            <param index="0">
              <value>
                <![CDATA[[TestResult name=LOC_ACHDeposit_EOD_Return_EOD_Redeposit_Txn status=FAILURE method=QCStore.LOC_ACHDeposit_EOD_Return_EOD_Redeposit_Txn()[pri:70, instance:tests.QCStore@5f9d02cb] output={null}]]]>
              </value>
            </param>
          </params>
          <reporter-output>
          </reporter-output>
        </test-method> <!-- getResult -->
      </class> <!-- tests.QCStore -->
    </test> <!-- Test -->
  </suite> <!-- Suite -->
</testng-results>
