<?xml version="1.0" encoding="UTF-8"?>
<testng-results skipped="0" failed="0" ignored="65" total="66" passed="1">
  <reporter-output>
  </reporter-output>
  <suite name="Suite" duration-ms="64467" started-at="2019-03-27T11:27:02Z" finished-at="2019-03-27T11:28:06Z">
    <groups>
      <group name="1st Batch">
        <method signature="QCStore.LOC_PayOff_after_RescindPeriod_Txn()[pri:134, instance:tests.QCStore@527740a2]" name="LOC_PayOff_after_RescindPeriod_Txn" class="tests.QCStore"/>
      </group> <!-- 1st Batch -->
    </groups>
    <test name="Test" duration-ms="64467" started-at="2019-03-27T11:27:02Z" finished-at="2019-03-27T11:28:06Z">
      <class name="tests.QCStore">
        <test-method status="PASS" signature="setup()[pri:0, instance:tests.QCStore@527740a2]" name="setup" is-config="true" duration-ms="93" started-at="2019-03-27T11:27:02Z" finished-at="2019-03-27T11:27:02Z">
          <reporter-output>
          </reporter-output>
        </test-method> <!-- setup -->
        <test-method status="PASS" signature="killProcess()[pri:0, instance:tests.QCStore@527740a2]" name="killProcess" is-config="true" duration-ms="5013" started-at="2019-03-27T11:27:02Z" finished-at="2019-03-27T11:27:07Z">
          <reporter-output>
          </reporter-output>
        </test-method> <!-- killProcess -->
        <test-method status="PASS" signature="LOC_PayOff_after_RescindPeriod_Txn()[pri:134, instance:tests.QCStore@527740a2]" name="LOC_PayOff_after_RescindPeriod_Txn" duration-ms="59173" started-at="2019-03-27T11:27:07Z" finished-at="2019-03-27T11:28:06Z">
          <reporter-output>
          </reporter-output>
        </test-method> <!-- LOC_PayOff_after_RescindPeriod_Txn -->
        <test-method status="PASS" signature="getResult(org.testng.ITestResult)[pri:0, instance:tests.QCStore@527740a2]" name="getResult" is-config="true" duration-ms="172" started-at="2019-03-27T11:28:06Z" finished-at="2019-03-27T11:28:06Z">
          <params>
            <param index="0">
              <value>
                <![CDATA[[TestResult name=LOC_PayOff_after_RescindPeriod_Txn status=SUCCESS method=QCStore.LOC_PayOff_after_RescindPeriod_Txn()[pri:134, instance:tests.QCStore@527740a2] output={null}]]]>
              </value>
            </param>
          </params>
          <reporter-output>
          </reporter-output>
        </test-method> <!-- getResult -->
      </class> <!-- tests.QCStore -->
    </test> <!-- Test -->
  </suite> <!-- Suite -->
</testng-results>
