<?xml version="1.0" encoding="UTF-8"?>
<testng-results skipped="0" failed="0" ignored="109" total="114" passed="5">
  <reporter-output>
  </reporter-output>
  <suite name="Suite" duration-ms="11226339" started-at="2019-04-16T09:42:30Z" finished-at="2019-04-16T12:49:37Z">
    <groups>
      <group name="EOD2">
        <method signature="QCStore.LOC_ACHDeposit_EOD_Return_EOD_Default_Redeposit_Txn()[pri:69, instance:tests.QCStore@5f9d02cb]" name="LOC_ACHDeposit_EOD_Return_EOD_Default_Redeposit_Txn" class="tests.QCStore"/>
        <method signature="QCStore.LOC_ACHDeposit_EOD_Return_EOD_Redeposit_Txn()[pri:70, instance:tests.QCStore@5f9d02cb]" name="LOC_ACHDeposit_EOD_Return_EOD_Redeposit_Txn" class="tests.QCStore"/>
      </group> <!-- EOD2 -->
      <group name="EOD">
        <method signature="QCStore.LOC_ACHDeposit_EODs_Return_ReDeposit_Clear_Txn()[pri:66, instance:tests.QCStore@5f9d02cb]" name="LOC_ACHDeposit_EODs_Return_ReDeposit_Clear_Txn" class="tests.QCStore"/>
        <method signature="QCStore.LOC_ACHDeposit_EODs_Return_ReDeposit_Return_Txn()[pri:67, instance:tests.QCStore@5f9d02cb]" name="LOC_ACHDeposit_EODs_Return_ReDeposit_Return_Txn" class="tests.QCStore"/>
        <method signature="QCStore.LOC_ACHDeposit_EODs_Return_Txn()[pri:68, instance:tests.QCStore@5f9d02cb]" name="LOC_ACHDeposit_EODs_Return_Txn" class="tests.QCStore"/>
      </group> <!-- EOD -->
    </groups>
    <test name="Test" duration-ms="11226339" started-at="2019-04-16T09:42:30Z" finished-at="2019-04-16T12:49:37Z">
      <class name="tests.QCStore">
        <test-method status="PASS" signature="setup()[pri:0, instance:tests.QCStore@5f9d02cb]" name="setup" is-config="true" duration-ms="190" started-at="2019-04-16T09:42:30Z" finished-at="2019-04-16T09:42:31Z">
          <reporter-output>
          </reporter-output>
        </test-method> <!-- setup -->
        <test-method status="PASS" signature="killProcess()[pri:0, instance:tests.QCStore@5f9d02cb]" name="killProcess" is-config="true" duration-ms="5308" started-at="2019-04-16T09:42:31Z" finished-at="2019-04-16T09:42:36Z">
          <reporter-output>
          </reporter-output>
        </test-method> <!-- killProcess -->
        <test-method status="PASS" signature="LOC_ACHDeposit_EODs_Return_ReDeposit_Clear_Txn()[pri:66, instance:tests.QCStore@5f9d02cb]" name="LOC_ACHDeposit_EODs_Return_ReDeposit_Clear_Txn" duration-ms="1749063" started-at="2019-04-16T09:42:36Z" finished-at="2019-04-16T10:11:45Z">
          <reporter-output>
          </reporter-output>
        </test-method> <!-- LOC_ACHDeposit_EODs_Return_ReDeposit_Clear_Txn -->
        <test-method status="PASS" signature="getResult(org.testng.ITestResult)[pri:0, instance:tests.QCStore@5f9d02cb]" name="getResult" is-config="true" duration-ms="402" started-at="2019-04-16T10:11:45Z" finished-at="2019-04-16T10:11:45Z">
          <params>
            <param index="0">
              <value>
                <![CDATA[[TestResult name=LOC_ACHDeposit_EODs_Return_ReDeposit_Clear_Txn status=SUCCESS method=QCStore.LOC_ACHDeposit_EODs_Return_ReDeposit_Clear_Txn()[pri:66, instance:tests.QCStore@5f9d02cb] output={null}]]]>
              </value>
            </param>
          </params>
          <reporter-output>
          </reporter-output>
        </test-method> <!-- getResult -->
        <test-method status="PASS" signature="killProcess()[pri:0, instance:tests.QCStore@5f9d02cb]" name="killProcess" is-config="true" duration-ms="5020" started-at="2019-04-16T10:11:45Z" finished-at="2019-04-16T10:11:50Z">
          <reporter-output>
          </reporter-output>
        </test-method> <!-- killProcess -->
        <test-method status="PASS" signature="LOC_ACHDeposit_EODs_Return_ReDeposit_Return_Txn()[pri:67, instance:tests.QCStore@5f9d02cb]" name="LOC_ACHDeposit_EODs_Return_ReDeposit_Return_Txn" duration-ms="1974628" started-at="2019-04-16T10:11:50Z" finished-at="2019-04-16T10:44:45Z">
          <reporter-output>
          </reporter-output>
        </test-method> <!-- LOC_ACHDeposit_EODs_Return_ReDeposit_Return_Txn -->
        <test-method status="PASS" signature="getResult(org.testng.ITestResult)[pri:0, instance:tests.QCStore@5f9d02cb]" name="getResult" is-config="true" duration-ms="76" started-at="2019-04-16T10:44:45Z" finished-at="2019-04-16T10:44:45Z">
          <params>
            <param index="0">
              <value>
                <![CDATA[[TestResult name=LOC_ACHDeposit_EODs_Return_ReDeposit_Return_Txn status=SUCCESS method=QCStore.LOC_ACHDeposit_EODs_Return_ReDeposit_Return_Txn()[pri:67, instance:tests.QCStore@5f9d02cb] output={null}]]]>
              </value>
            </param>
          </params>
          <reporter-output>
          </reporter-output>
        </test-method> <!-- getResult -->
        <test-method status="PASS" signature="killProcess()[pri:0, instance:tests.QCStore@5f9d02cb]" name="killProcess" is-config="true" duration-ms="5031" started-at="2019-04-16T10:44:45Z" finished-at="2019-04-16T10:44:50Z">
          <reporter-output>
          </reporter-output>
        </test-method> <!-- killProcess -->
        <test-method status="PASS" signature="LOC_ACHDeposit_EODs_Return_Txn()[pri:68, instance:tests.QCStore@5f9d02cb]" name="LOC_ACHDeposit_EODs_Return_Txn" duration-ms="3851463" started-at="2019-04-16T10:44:50Z" finished-at="2019-04-16T11:49:02Z">
          <reporter-output>
          </reporter-output>
        </test-method> <!-- LOC_ACHDeposit_EODs_Return_Txn -->
        <test-method status="PASS" signature="getResult(org.testng.ITestResult)[pri:0, instance:tests.QCStore@5f9d02cb]" name="getResult" is-config="true" duration-ms="59" started-at="2019-04-16T11:49:02Z" finished-at="2019-04-16T11:49:02Z">
          <params>
            <param index="0">
              <value>
                <![CDATA[[TestResult name=LOC_ACHDeposit_EODs_Return_Txn status=SUCCESS method=QCStore.LOC_ACHDeposit_EODs_Return_Txn()[pri:68, instance:tests.QCStore@5f9d02cb] output={null}]]]>
              </value>
            </param>
          </params>
          <reporter-output>
          </reporter-output>
        </test-method> <!-- getResult -->
        <test-method status="PASS" signature="killProcess()[pri:0, instance:tests.QCStore@5f9d02cb]" name="killProcess" is-config="true" duration-ms="5029" started-at="2019-04-16T11:49:02Z" finished-at="2019-04-16T11:49:07Z">
          <reporter-output>
          </reporter-output>
        </test-method> <!-- killProcess -->
        <test-method status="PASS" signature="LOC_ACHDeposit_EOD_Return_EOD_Default_Redeposit_Txn()[pri:69, instance:tests.QCStore@5f9d02cb]" name="LOC_ACHDeposit_EOD_Return_EOD_Default_Redeposit_Txn" duration-ms="1919974" started-at="2019-04-16T11:49:07Z" finished-at="2019-04-16T12:21:07Z">
          <reporter-output>
          </reporter-output>
        </test-method> <!-- LOC_ACHDeposit_EOD_Return_EOD_Default_Redeposit_Txn -->
        <test-method status="PASS" signature="getResult(org.testng.ITestResult)[pri:0, instance:tests.QCStore@5f9d02cb]" name="getResult" is-config="true" duration-ms="57" started-at="2019-04-16T12:21:07Z" finished-at="2019-04-16T12:21:07Z">
          <params>
            <param index="0">
              <value>
                <![CDATA[[TestResult name=LOC_ACHDeposit_EOD_Return_EOD_Default_Redeposit_Txn status=SUCCESS method=QCStore.LOC_ACHDeposit_EOD_Return_EOD_Default_Redeposit_Txn()[pri:69, instance:tests.QCStore@5f9d02cb] output={null}]]]>
              </value>
            </param>
          </params>
          <reporter-output>
          </reporter-output>
        </test-method> <!-- getResult -->
        <test-method status="PASS" signature="killProcess()[pri:0, instance:tests.QCStore@5f9d02cb]" name="killProcess" is-config="true" duration-ms="5038" started-at="2019-04-16T12:21:07Z" finished-at="2019-04-16T12:21:12Z">
          <reporter-output>
          </reporter-output>
        </test-method> <!-- killProcess -->
        <test-method status="PASS" signature="LOC_ACHDeposit_EOD_Return_EOD_Redeposit_Txn()[pri:70, instance:tests.QCStore@5f9d02cb]" name="LOC_ACHDeposit_EOD_Return_EOD_Redeposit_Txn" duration-ms="1704897" started-at="2019-04-16T12:21:12Z" finished-at="2019-04-16T12:49:37Z">
          <reporter-output>
          </reporter-output>
        </test-method> <!-- LOC_ACHDeposit_EOD_Return_EOD_Redeposit_Txn -->
        <test-method status="PASS" signature="getResult(org.testng.ITestResult)[pri:0, instance:tests.QCStore@5f9d02cb]" name="getResult" is-config="true" duration-ms="80" started-at="2019-04-16T12:49:37Z" finished-at="2019-04-16T12:49:37Z">
          <params>
            <param index="0">
              <value>
                <![CDATA[[TestResult name=LOC_ACHDeposit_EOD_Return_EOD_Redeposit_Txn status=SUCCESS method=QCStore.LOC_ACHDeposit_EOD_Return_EOD_Redeposit_Txn()[pri:70, instance:tests.QCStore@5f9d02cb] output={null}]]]>
              </value>
            </param>
          </params>
          <reporter-output>
          </reporter-output>
        </test-method> <!-- getResult -->
      </class> <!-- tests.QCStore -->
    </test> <!-- Test -->
  </suite> <!-- Suite -->
</testng-results>
