<?xml version="1.0" encoding="UTF-8"?>
<testng-results skipped="0" failed="0" ignored="0" total="1" passed="1">
  <reporter-output>
  </reporter-output>
  <suite name="Default suite" duration-ms="1511562" started-at="2019-02-15T06:34:33Z" finished-at="2019-02-15T06:59:44Z">
    <groups>
      <group name="EOD2">
        <method signature="QCStore.LOC_ACHDeposit_EOD_Return_EOD_Default_Redeposit_Txn()[pri:169, instance:tests.QCStore@71423665]" name="LOC_ACHDeposit_EOD_Return_EOD_Default_Redeposit_Txn" class="tests.QCStore"/>
      </group> <!-- EOD2 -->
    </groups>
    <test name="Default test" duration-ms="1511562" started-at="2019-02-15T06:34:33Z" finished-at="2019-02-15T06:59:44Z">
      <class name="tests.QCStore">
        <test-method status="PASS" signature="setup()[pri:0, instance:tests.QCStore@71423665]" name="setup" is-config="true" duration-ms="98" started-at="2019-02-15T06:34:33Z" finished-at="2019-02-15T06:34:33Z">
          <reporter-output>
          </reporter-output>
        </test-method> <!-- setup -->
        <test-method status="PASS" signature="killProcess()[pri:0, instance:tests.QCStore@71423665]" name="killProcess" is-config="true" duration-ms="5018" started-at="2019-02-15T06:34:33Z" finished-at="2019-02-15T06:34:38Z">
          <reporter-output>
          </reporter-output>
        </test-method> <!-- killProcess -->
        <test-method status="PASS" signature="LOC_ACHDeposit_EOD_Return_EOD_Default_Redeposit_Txn()[pri:169, instance:tests.QCStore@71423665]" name="LOC_ACHDeposit_EOD_Return_EOD_Default_Redeposit_Txn" duration-ms="1505664" started-at="2019-02-15T06:34:38Z" finished-at="2019-02-15T06:59:44Z">
          <reporter-output>
          </reporter-output>
        </test-method> <!-- LOC_ACHDeposit_EOD_Return_EOD_Default_Redeposit_Txn -->
        <test-method status="PASS" signature="getResult(org.testng.ITestResult)[pri:0, instance:tests.QCStore@71423665]" name="getResult" is-config="true" duration-ms="765" started-at="2019-02-15T06:59:44Z" finished-at="2019-02-15T06:59:44Z">
          <params>
            <param index="0">
              <value>
                <![CDATA[[TestResult name=LOC_ACHDeposit_EOD_Return_EOD_Default_Redeposit_Txn status=SUCCESS method=QCStore.LOC_ACHDeposit_EOD_Return_EOD_Default_Redeposit_Txn()[pri:169, instance:tests.QCStore@71423665] output={null}]]]>
              </value>
            </param>
          </params>
          <reporter-output>
          </reporter-output>
        </test-method> <!-- getResult -->
        <test-method status="PASS" signature="endReport()[pri:0, instance:tests.QCStore@71423665]" name="endReport" is-config="true" duration-ms="0" started-at="2019-02-15T06:59:44Z" finished-at="2019-02-15T06:59:44Z">
          <reporter-output>
          </reporter-output>
        </test-method> <!-- endReport -->
      </class> <!-- tests.QCStore -->
    </test> <!-- Default test -->
  </suite> <!-- Default suite -->
</testng-results>
