<?xml version="1.0" encoding="UTF-8"?>
<testng-results skipped="0" failed="0" ignored="113" total="114" passed="1">
  <reporter-output>
  </reporter-output>
  <suite name="Suite" duration-ms="60614" started-at="2019-06-04T11:29:01Z" finished-at="2019-06-04T11:30:02Z">
    <groups>
      <group name="Ratikanta_LOC1">
        <method signature="QCStore.RQC_LOC_Deposit_Return_2ndDeposit_Clear_3rdDeposit_Return_Default_Txn_Testdata()[pri:203, instance:tests.QCStore@5f9d02cb]" name="RQC_LOC_Deposit_Return_2ndDeposit_Clear_3rdDeposit_Return_Default_Txn_Testdata" class="tests.QCStore"/>
      </group> <!-- Ratikanta_LOC1 -->
    </groups>
    <test name="Test" duration-ms="60614" started-at="2019-06-04T11:29:01Z" finished-at="2019-06-04T11:30:02Z">
      <class name="tests.QCStore">
        <test-method status="PASS" signature="setup()[pri:0, instance:tests.QCStore@5f9d02cb]" name="setup" is-config="true" duration-ms="108" started-at="2019-06-04T11:29:01Z" finished-at="2019-06-04T11:29:01Z">
          <reporter-output>
          </reporter-output>
        </test-method> <!-- setup -->
        <test-method status="PASS" signature="killProcess()[pri:0, instance:tests.QCStore@5f9d02cb]" name="killProcess" is-config="true" duration-ms="5027" started-at="2019-06-04T11:29:01Z" finished-at="2019-06-04T11:29:06Z">
          <reporter-output>
          </reporter-output>
        </test-method> <!-- killProcess -->
        <test-method status="PASS" signature="RQC_LOC_Deposit_Return_2ndDeposit_Clear_3rdDeposit_Return_Default_Txn_Testdata()[pri:203, instance:tests.QCStore@5f9d02cb]" name="RQC_LOC_Deposit_Return_2ndDeposit_Clear_3rdDeposit_Return_Default_Txn_Testdata" duration-ms="54704" started-at="2019-06-04T11:29:06Z" finished-at="2019-06-04T11:30:01Z">
          <reporter-output>
          </reporter-output>
        </test-method> <!-- RQC_LOC_Deposit_Return_2ndDeposit_Clear_3rdDeposit_Return_Default_Txn_Testdata -->
        <test-method status="PASS" signature="getResult(org.testng.ITestResult)[pri:0, instance:tests.QCStore@5f9d02cb]" name="getResult" is-config="true" duration-ms="759" started-at="2019-06-04T11:30:01Z" finished-at="2019-06-04T11:30:02Z">
          <params>
            <param index="0">
              <value>
                <![CDATA[[TestResult name=RQC_LOC_Deposit_Return_2ndDeposit_Clear_3rdDeposit_Return_Default_Txn_Testdata status=SUCCESS method=QCStore.RQC_LOC_Deposit_Return_2ndDeposit_Clear_3rdDeposit_Return_Default_Txn_Testdata()[pri:203, instance:tests.QCStore@5f9d02cb] output={null}]]]>
              </value>
            </param>
          </params>
          <reporter-output>
          </reporter-output>
        </test-method> <!-- getResult -->
      </class> <!-- tests.QCStore -->
    </test> <!-- Test -->
  </suite> <!-- Suite -->
</testng-results>
