<?xml version="1.0" encoding="UTF-8"?>
<testng-results skipped="0" failed="0" ignored="106" total="107" passed="1">
  <reporter-output>
  </reporter-output>
  <suite name="Suite" duration-ms="549390" started-at="2019-02-22T04:23:25Z" finished-at="2019-02-22T04:32:35Z">
    <groups>
      <group name="EOD">
        <method signature="QCStore.LOC_ACHDeposit_EODs_Return_ReDeposit_Return_Txn()[pri:67, instance:tests.QCStore@527740a2]" name="LOC_ACHDeposit_EODs_Return_ReDeposit_Return_Txn" class="tests.QCStore"/>
      </group> <!-- EOD -->
    </groups>
    <test name="Test" duration-ms="549390" started-at="2019-02-22T04:23:25Z" finished-at="2019-02-22T04:32:35Z">
      <class name="tests.QCStore">
        <test-method status="PASS" signature="setup()[pri:0, instance:tests.QCStore@527740a2]" name="setup" is-config="true" duration-ms="92" started-at="2019-02-22T04:23:25Z" finished-at="2019-02-22T04:23:25Z">
          <reporter-output>
          </reporter-output>
        </test-method> <!-- setup -->
        <test-method status="PASS" signature="killProcess()[pri:0, instance:tests.QCStore@527740a2]" name="killProcess" is-config="true" duration-ms="5040" started-at="2019-02-22T04:23:25Z" finished-at="2019-02-22T04:23:30Z">
          <reporter-output>
          </reporter-output>
        </test-method> <!-- killProcess -->
        <test-method status="PASS" signature="LOC_ACHDeposit_EODs_Return_ReDeposit_Return_Txn()[pri:67, instance:tests.QCStore@527740a2]" name="LOC_ACHDeposit_EODs_Return_ReDeposit_Return_Txn" duration-ms="544041" started-at="2019-02-22T04:23:30Z" finished-at="2019-02-22T04:32:34Z">
          <reporter-output>
          </reporter-output>
        </test-method> <!-- LOC_ACHDeposit_EODs_Return_ReDeposit_Return_Txn -->
        <test-method status="PASS" signature="getResult(org.testng.ITestResult)[pri:0, instance:tests.QCStore@527740a2]" name="getResult" is-config="true" duration-ms="199" started-at="2019-02-22T04:32:34Z" finished-at="2019-02-22T04:32:35Z">
          <params>
            <param index="0">
              <value>
                <![CDATA[[TestResult name=LOC_ACHDeposit_EODs_Return_ReDeposit_Return_Txn status=SUCCESS method=QCStore.LOC_ACHDeposit_EODs_Return_ReDeposit_Return_Txn()[pri:67, instance:tests.QCStore@527740a2] output={null}]]]>
              </value>
            </param>
          </params>
          <reporter-output>
          </reporter-output>
        </test-method> <!-- getResult -->
      </class> <!-- tests.QCStore -->
    </test> <!-- Test -->
  </suite> <!-- Suite -->
</testng-results>
