<?xml version="1.0" encoding="UTF-8"?>
<testng-results skipped="0" failed="0" ignored="102" total="103" passed="1">
  <reporter-output>
  </reporter-output>
  <suite name="Suite" duration-ms="61591" started-at="2019-03-21T06:20:32Z" finished-at="2019-03-21T06:21:33Z">
    <groups>
      <group name="EOD21">
        <method signature="QCStore.LOC_ACHDeposit_EOD_Return_EOD_Redeposit_Txn()[pri:70, instance:tests.QCStore@527740a2]" name="LOC_ACHDeposit_EOD_Return_EOD_Redeposit_Txn" class="tests.QCStore"/>
      </group> <!-- EOD21 -->
    </groups>
    <test name="Test" duration-ms="61591" started-at="2019-03-21T06:20:32Z" finished-at="2019-03-21T06:21:33Z">
      <class name="tests.QCStore">
        <test-method status="PASS" signature="setup()[pri:0, instance:tests.QCStore@527740a2]" name="setup" is-config="true" duration-ms="105" started-at="2019-03-21T06:20:32Z" finished-at="2019-03-21T06:20:32Z">
          <reporter-output>
          </reporter-output>
        </test-method> <!-- setup -->
        <test-method status="PASS" signature="killProcess()[pri:0, instance:tests.QCStore@527740a2]" name="killProcess" is-config="true" duration-ms="5001" started-at="2019-03-21T06:20:32Z" finished-at="2019-03-21T06:20:37Z">
          <reporter-output>
          </reporter-output>
        </test-method> <!-- killProcess -->
        <test-method status="PASS" signature="LOC_ACHDeposit_EOD_Return_EOD_Redeposit_Txn()[pri:70, instance:tests.QCStore@527740a2]" name="LOC_ACHDeposit_EOD_Return_EOD_Redeposit_Txn" duration-ms="56232" started-at="2019-03-21T06:20:37Z" finished-at="2019-03-21T06:21:33Z">
          <reporter-output>
          </reporter-output>
        </test-method> <!-- LOC_ACHDeposit_EOD_Return_EOD_Redeposit_Txn -->
        <test-method status="PASS" signature="getResult(org.testng.ITestResult)[pri:0, instance:tests.QCStore@527740a2]" name="getResult" is-config="true" duration-ms="239" started-at="2019-03-21T06:21:33Z" finished-at="2019-03-21T06:21:33Z">
          <params>
            <param index="0">
              <value>
                <![CDATA[[TestResult name=LOC_ACHDeposit_EOD_Return_EOD_Redeposit_Txn status=SUCCESS method=QCStore.LOC_ACHDeposit_EOD_Return_EOD_Redeposit_Txn()[pri:70, instance:tests.QCStore@527740a2] output={null}]]]>
              </value>
            </param>
          </params>
          <reporter-output>
          </reporter-output>
        </test-method> <!-- getResult -->
      </class> <!-- tests.QCStore -->
    </test> <!-- Test -->
  </suite> <!-- Suite -->
</testng-results>
