<?xml version="1.0" encoding="UTF-8"?>
<testng-results skipped="0" failed="0" ignored="0" total="1" passed="1">
  <reporter-output>
  </reporter-output>
  <suite name="Suite" duration-ms="814321" started-at="2019-03-05T05:09:57Z" finished-at="2019-03-05T05:23:32Z">
    <groups>
      <group name="1stBatch">
        <method signature="QCStore.QC_Refinance_StepSameVoidURP_Txn()[pri:199, instance:tests.QCStore@6d7b4f4c]" name="QC_Refinance_StepSameVoidURP_Txn" class="tests.QCStore"/>
      </group> <!-- 1stBatch -->
    </groups>
    <test name="Test" duration-ms="814321" started-at="2019-03-05T05:09:57Z" finished-at="2019-03-05T05:23:32Z">
      <class name="tests.QCStore">
        <test-method status="PASS" signature="setup()[pri:0, instance:tests.QCStore@6d7b4f4c]" name="setup" is-config="true" duration-ms="94" started-at="2019-03-05T05:09:57Z" finished-at="2019-03-05T05:09:58Z">
          <reporter-output>
          </reporter-output>
        </test-method> <!-- setup -->
        <test-method status="PASS" signature="killProcess()[pri:0, instance:tests.QCStore@6d7b4f4c]" name="killProcess" is-config="true" duration-ms="5022" started-at="2019-03-05T05:09:58Z" finished-at="2019-03-05T05:10:03Z">
          <reporter-output>
          </reporter-output>
        </test-method> <!-- killProcess -->
        <test-method status="PASS" signature="QC_Refinance_StepSameVoidURP_Txn()[pri:199, instance:tests.QCStore@6d7b4f4c]" name="QC_Refinance_StepSameVoidURP_Txn" duration-ms="808923" started-at="2019-03-05T05:10:03Z" finished-at="2019-03-05T05:23:31Z">
          <reporter-output>
          </reporter-output>
        </test-method> <!-- QC_Refinance_StepSameVoidURP_Txn -->
        <test-method status="PASS" signature="getResult(org.testng.ITestResult)[pri:0, instance:tests.QCStore@6d7b4f4c]" name="getResult" is-config="true" duration-ms="266" started-at="2019-03-05T05:23:31Z" finished-at="2019-03-05T05:23:32Z">
          <params>
            <param index="0">
              <value>
                <![CDATA[[TestResult name=QC_Refinance_StepSameVoidURP_Txn status=SUCCESS method=QCStore.QC_Refinance_StepSameVoidURP_Txn()[pri:199, instance:tests.QCStore@6d7b4f4c] output={null}]]]>
              </value>
            </param>
          </params>
          <reporter-output>
          </reporter-output>
        </test-method> <!-- getResult -->
      </class> <!-- tests.QCStore -->
    </test> <!-- Test -->
  </suite> <!-- Suite -->
</testng-results>
