<?xml version="1.0" encoding="UTF-8"?>
<testng-results skipped="0" failed="0" ignored="75" total="77" passed="2">
  <reporter-output>
  </reporter-output>
  <suite name="Suite" duration-ms="1548771" started-at="2019-03-19T08:53:37Z" finished-at="2019-03-19T09:19:26Z">
    <groups>
      <group name="1stBatch1">
        <method signature="QCStore.QC_Refinance_StepSameURP_Txn()[pri:198, instance:tests.QCStore@527740a2]" name="QC_Refinance_StepSameURP_Txn" class="tests.QCStore"/>
        <method signature="QCStore.QC_Refinance_StepSameVoidURP_Txn()[pri:199, instance:tests.QCStore@527740a2]" name="QC_Refinance_StepSameVoidURP_Txn" class="tests.QCStore"/>
      </group> <!-- 1stBatch1 -->
    </groups>
    <test name="Test" duration-ms="1548771" started-at="2019-03-19T08:53:37Z" finished-at="2019-03-19T09:19:26Z">
      <class name="tests.QCStore">
        <test-method status="PASS" signature="setup()[pri:0, instance:tests.QCStore@527740a2]" name="setup" is-config="true" duration-ms="133" started-at="2019-03-19T08:53:37Z" finished-at="2019-03-19T08:53:37Z">
          <reporter-output>
          </reporter-output>
        </test-method> <!-- setup -->
        <test-method status="PASS" signature="killProcess()[pri:0, instance:tests.QCStore@527740a2]" name="killProcess" is-config="true" duration-ms="5000" started-at="2019-03-19T08:53:37Z" finished-at="2019-03-19T08:53:42Z">
          <reporter-output>
          </reporter-output>
        </test-method> <!-- killProcess -->
        <test-method status="PASS" signature="QC_Refinance_StepSameURP_Txn()[pri:198, instance:tests.QCStore@527740a2]" name="QC_Refinance_StepSameURP_Txn" duration-ms="627305" started-at="2019-03-19T08:53:42Z" finished-at="2019-03-19T09:04:09Z">
          <reporter-output>
          </reporter-output>
        </test-method> <!-- QC_Refinance_StepSameURP_Txn -->
        <test-method status="PASS" signature="getResult(org.testng.ITestResult)[pri:0, instance:tests.QCStore@527740a2]" name="getResult" is-config="true" duration-ms="339" started-at="2019-03-19T09:04:09Z" finished-at="2019-03-19T09:04:10Z">
          <params>
            <param index="0">
              <value>
                <![CDATA[[TestResult name=QC_Refinance_StepSameURP_Txn status=SUCCESS method=QCStore.QC_Refinance_StepSameURP_Txn()[pri:198, instance:tests.QCStore@527740a2] output={null}]]]>
              </value>
            </param>
          </params>
          <reporter-output>
          </reporter-output>
        </test-method> <!-- getResult -->
        <test-method status="PASS" signature="killProcess()[pri:0, instance:tests.QCStore@527740a2]" name="killProcess" is-config="true" duration-ms="5001" started-at="2019-03-19T09:04:10Z" finished-at="2019-03-19T09:04:15Z">
          <reporter-output>
          </reporter-output>
        </test-method> <!-- killProcess -->
        <test-method status="PASS" signature="QC_Refinance_StepSameVoidURP_Txn()[pri:199, instance:tests.QCStore@527740a2]" name="QC_Refinance_StepSameVoidURP_Txn" duration-ms="910911" started-at="2019-03-19T09:04:15Z" finished-at="2019-03-19T09:19:25Z">
          <reporter-output>
          </reporter-output>
        </test-method> <!-- QC_Refinance_StepSameVoidURP_Txn -->
        <test-method status="PASS" signature="getResult(org.testng.ITestResult)[pri:0, instance:tests.QCStore@527740a2]" name="getResult" is-config="true" duration-ms="61" started-at="2019-03-19T09:19:25Z" finished-at="2019-03-19T09:19:26Z">
          <params>
            <param index="0">
              <value>
                <![CDATA[[TestResult name=QC_Refinance_StepSameVoidURP_Txn status=SUCCESS method=QCStore.QC_Refinance_StepSameVoidURP_Txn()[pri:199, instance:tests.QCStore@527740a2] output={null}]]]>
              </value>
            </param>
          </params>
          <reporter-output>
          </reporter-output>
        </test-method> <!-- getResult -->
      </class> <!-- tests.QCStore -->
    </test> <!-- Test -->
  </suite> <!-- Suite -->
</testng-results>
