<?xml version="1.0" encoding="UTF-8"?>
<testng-results skipped="0" failed="0" ignored="75" total="77" passed="2">
  <reporter-output>
  </reporter-output>
  <suite name="Suite" duration-ms="1577151" started-at="2019-03-26T12:33:46Z" finished-at="2019-03-26T13:00:03Z">
    <groups>
      <group name="Janaki1">
        <method signature="QCStore.JQC_AgeStore_Deposit_Return_Refinance_Void_Txn()[pri:411, instance:tests.QCStore@5f9d02cb]" name="JQC_AgeStore_Deposit_Return_Refinance_Void_Txn" class="tests.QCStore"/>
        <method signature="QCStore.JQC_AgeStore_Refinance_Rescind_Txn()[pri:412, instance:tests.QCStore@5f9d02cb]" name="JQC_AgeStore_Refinance_Rescind_Txn" class="tests.QCStore"/>
      </group> <!-- Janaki1 -->
    </groups>
    <test name="Test" duration-ms="1577151" started-at="2019-03-26T12:33:46Z" finished-at="2019-03-26T13:00:03Z">
      <class name="tests.QCStore">
        <test-method status="PASS" signature="setup()[pri:0, instance:tests.QCStore@5f9d02cb]" name="setup" is-config="true" duration-ms="135" started-at="2019-03-26T12:33:46Z" finished-at="2019-03-26T12:33:46Z">
          <reporter-output>
          </reporter-output>
        </test-method> <!-- setup -->
        <test-method status="PASS" signature="killProcess()[pri:0, instance:tests.QCStore@5f9d02cb]" name="killProcess" is-config="true" duration-ms="5000" started-at="2019-03-26T12:33:46Z" finished-at="2019-03-26T12:33:51Z">
          <reporter-output>
          </reporter-output>
        </test-method> <!-- killProcess -->
        <test-method status="PASS" signature="JQC_AgeStore_Deposit_Return_Refinance_Void_Txn()[pri:411, instance:tests.QCStore@5f9d02cb]" name="JQC_AgeStore_Deposit_Return_Refinance_Void_Txn" duration-ms="836054" started-at="2019-03-26T12:33:51Z" finished-at="2019-03-26T12:47:47Z">
          <reporter-output>
          </reporter-output>
        </test-method> <!-- JQC_AgeStore_Deposit_Return_Refinance_Void_Txn -->
        <test-method status="PASS" signature="getResult(org.testng.ITestResult)[pri:0, instance:tests.QCStore@5f9d02cb]" name="getResult" is-config="true" duration-ms="267" started-at="2019-03-26T12:47:47Z" finished-at="2019-03-26T12:47:48Z">
          <params>
            <param index="0">
              <value>
                <![CDATA[[TestResult name=JQC_AgeStore_Deposit_Return_Refinance_Void_Txn status=SUCCESS method=QCStore.JQC_AgeStore_Deposit_Return_Refinance_Void_Txn()[pri:411, instance:tests.QCStore@5f9d02cb] output={null}]]]>
              </value>
            </param>
          </params>
          <reporter-output>
          </reporter-output>
        </test-method> <!-- getResult -->
        <test-method status="PASS" signature="killProcess()[pri:0, instance:tests.QCStore@5f9d02cb]" name="killProcess" is-config="true" duration-ms="5000" started-at="2019-03-26T12:47:48Z" finished-at="2019-03-26T12:47:53Z">
          <reporter-output>
          </reporter-output>
        </test-method> <!-- killProcess -->
        <test-method status="PASS" signature="JQC_AgeStore_Refinance_Rescind_Txn()[pri:412, instance:tests.QCStore@5f9d02cb]" name="JQC_AgeStore_Refinance_Rescind_Txn" duration-ms="730634" started-at="2019-03-26T12:47:53Z" finished-at="2019-03-26T13:00:03Z">
          <reporter-output>
          </reporter-output>
        </test-method> <!-- JQC_AgeStore_Refinance_Rescind_Txn -->
        <test-method status="PASS" signature="getResult(org.testng.ITestResult)[pri:0, instance:tests.QCStore@5f9d02cb]" name="getResult" is-config="true" duration-ms="46" started-at="2019-03-26T13:00:03Z" finished-at="2019-03-26T13:00:03Z">
          <params>
            <param index="0">
              <value>
                <![CDATA[[TestResult name=JQC_AgeStore_Refinance_Rescind_Txn status=SUCCESS method=QCStore.JQC_AgeStore_Refinance_Rescind_Txn()[pri:412, instance:tests.QCStore@5f9d02cb] output={null}]]]>
              </value>
            </param>
          </params>
          <reporter-output>
          </reporter-output>
        </test-method> <!-- getResult -->
      </class> <!-- tests.QCStore -->
    </test> <!-- Test -->
  </suite> <!-- Suite -->
</testng-results>
