<?xml version="1.0" encoding="UTF-8"?>
<testng-results skipped="0" failed="0" ignored="76" total="77" passed="1">
  <reporter-output>
  </reporter-output>
  <suite name="Suite" duration-ms="271693" started-at="2019-04-16T04:50:48Z" finished-at="2019-04-16T04:55:19Z">
    <groups>
      <group name="Janaki_WORecovery">
        <method signature="QCStore.JQC_PartialWORecovery_FullWORecovery_Void_Txn_Testdata()[pri:423, instance:tests.QCStore@5f9d02cb]" name="JQC_PartialWORecovery_FullWORecovery_Void_Txn_Testdata" class="tests.QCStore"/>
      </group> <!-- Janaki_WORecovery -->
    </groups>
    <test name="Test" duration-ms="271693" started-at="2019-04-16T04:50:48Z" finished-at="2019-04-16T04:55:19Z">
      <class name="tests.QCStore">
        <test-method status="PASS" signature="setup()[pri:0, instance:tests.QCStore@5f9d02cb]" name="setup" is-config="true" duration-ms="78" started-at="2019-04-16T04:50:48Z" finished-at="2019-04-16T04:50:48Z">
          <reporter-output>
          </reporter-output>
        </test-method> <!-- setup -->
        <test-method status="PASS" signature="killProcess()[pri:0, instance:tests.QCStore@5f9d02cb]" name="killProcess" is-config="true" duration-ms="5008" started-at="2019-04-16T04:50:48Z" finished-at="2019-04-16T04:50:53Z">
          <reporter-output>
          </reporter-output>
        </test-method> <!-- killProcess -->
        <test-method status="PASS" signature="JQC_PartialWORecovery_FullWORecovery_Void_Txn_Testdata()[pri:423, instance:tests.QCStore@5f9d02cb]" name="JQC_PartialWORecovery_FullWORecovery_Void_Txn_Testdata" duration-ms="266358" started-at="2019-04-16T04:50:53Z" finished-at="2019-04-16T04:55:19Z">
          <reporter-output>
          </reporter-output>
        </test-method> <!-- JQC_PartialWORecovery_FullWORecovery_Void_Txn_Testdata -->
        <test-method status="PASS" signature="getResult(org.testng.ITestResult)[pri:0, instance:tests.QCStore@5f9d02cb]" name="getResult" is-config="true" duration-ms="234" started-at="2019-04-16T04:55:19Z" finished-at="2019-04-16T04:55:19Z">
          <params>
            <param index="0">
              <value>
                <![CDATA[[TestResult name=JQC_PartialWORecovery_FullWORecovery_Void_Txn_Testdata status=SUCCESS method=QCStore.JQC_PartialWORecovery_FullWORecovery_Void_Txn_Testdata()[pri:423, instance:tests.QCStore@5f9d02cb] output={null}]]]>
              </value>
            </param>
          </params>
          <reporter-output>
          </reporter-output>
        </test-method> <!-- getResult -->
      </class> <!-- tests.QCStore -->
    </test> <!-- Test -->
  </suite> <!-- Suite -->
</testng-results>
