<?xml version="1.0" encoding="UTF-8"?>
<testng-results skipped="0" failed="0" ignored="2" total="3" passed="1">
  <reporter-output>
  </reporter-output>
  <suite name="Suite" duration-ms="255067" started-at="2019-02-19T12:55:50Z" finished-at="2019-02-19T13:00:05Z">
    <groups>
      <group name="EOD">
        <method signature="QCStore.QC_FutureDeposit_EOD_Txn()[pri:283, instance:tests.QCStore@6d7b4f4c]" name="QC_FutureDeposit_EOD_Txn" class="tests.QCStore"/>
      </group> <!-- EOD -->
    </groups>
    <test name="Test" duration-ms="255067" started-at="2019-02-19T12:55:50Z" finished-at="2019-02-19T13:00:05Z">
      <class name="tests.QCStore">
        <test-method status="PASS" signature="setup()[pri:0, instance:tests.QCStore@6d7b4f4c]" name="setup" is-config="true" duration-ms="119" started-at="2019-02-19T12:55:50Z" finished-at="2019-02-19T12:55:50Z">
          <reporter-output>
          </reporter-output>
        </test-method> <!-- setup -->
        <test-method status="PASS" signature="killProcess()[pri:0, instance:tests.QCStore@6d7b4f4c]" name="killProcess" is-config="true" duration-ms="5011" started-at="2019-02-19T12:55:50Z" finished-at="2019-02-19T12:55:56Z">
          <reporter-output>
          </reporter-output>
        </test-method> <!-- killProcess -->
        <test-method status="PASS" signature="QC_FutureDeposit_EOD_Txn()[pri:283, instance:tests.QCStore@6d7b4f4c]" name="QC_FutureDeposit_EOD_Txn" duration-ms="249593" started-at="2019-02-19T12:55:56Z" finished-at="2019-02-19T13:00:05Z">
          <reporter-output>
          </reporter-output>
        </test-method> <!-- QC_FutureDeposit_EOD_Txn -->
        <test-method status="PASS" signature="getResult(org.testng.ITestResult)[pri:0, instance:tests.QCStore@6d7b4f4c]" name="getResult" is-config="true" duration-ms="327" started-at="2019-02-19T13:00:05Z" finished-at="2019-02-19T13:00:05Z">
          <params>
            <param index="0">
              <value>
                <![CDATA[[TestResult name=QC_FutureDeposit_EOD_Txn status=SUCCESS method=QCStore.QC_FutureDeposit_EOD_Txn()[pri:283, instance:tests.QCStore@6d7b4f4c] output={null}]]]>
              </value>
            </param>
          </params>
          <reporter-output>
          </reporter-output>
        </test-method> <!-- getResult -->
        <test-method status="PASS" signature="endReport()[pri:0, instance:tests.QCStore@6d7b4f4c]" name="endReport" is-config="true" duration-ms="0" started-at="2019-02-19T13:00:05Z" finished-at="2019-02-19T13:00:05Z">
          <reporter-output>
          </reporter-output>
        </test-method> <!-- endReport -->
      </class> <!-- tests.QCStore -->
    </test> <!-- Test -->
  </suite> <!-- Suite -->
</testng-results>
