<?xml version="1.0" encoding="UTF-8"?>
<testng-results skipped="0" failed="0" ignored="76" total="77" passed="1">
  <reporter-output>
  </reporter-output>
  <suite name="Suite" duration-ms="101320" started-at="2019-04-18T06:15:14Z" finished-at="2019-04-18T06:16:55Z">
    <groups>
      <group name="Janaki1">
        <method signature="QCStore.JQC_AgeStore_Deposit_ClearMenu_Txn()[pri:404, instance:tests.QCStore@5f9d02cb]" name="JQC_AgeStore_Deposit_ClearMenu_Txn" class="tests.QCStore"/>
      </group> <!-- Janaki1 -->
    </groups>
    <test name="Test" duration-ms="101320" started-at="2019-04-18T06:15:14Z" finished-at="2019-04-18T06:16:55Z">
      <class name="tests.QCStore">
        <test-method status="PASS" signature="setup()[pri:0, instance:tests.QCStore@5f9d02cb]" name="setup" is-config="true" duration-ms="78" started-at="2019-04-18T06:15:14Z" finished-at="2019-04-18T06:15:14Z">
          <reporter-output>
          </reporter-output>
        </test-method> <!-- setup -->
        <test-method status="PASS" signature="killProcess()[pri:0, instance:tests.QCStore@5f9d02cb]" name="killProcess" is-config="true" duration-ms="5008" started-at="2019-04-18T06:15:14Z" finished-at="2019-04-18T06:15:19Z">
          <reporter-output>
          </reporter-output>
        </test-method> <!-- killProcess -->
        <test-method status="PASS" signature="JQC_AgeStore_Deposit_ClearMenu_Txn()[pri:404, instance:tests.QCStore@5f9d02cb]" name="JQC_AgeStore_Deposit_ClearMenu_Txn" duration-ms="95984" started-at="2019-04-18T06:15:19Z" finished-at="2019-04-18T06:16:55Z">
          <reporter-output>
          </reporter-output>
        </test-method> <!-- JQC_AgeStore_Deposit_ClearMenu_Txn -->
        <test-method status="PASS" signature="getResult(org.testng.ITestResult)[pri:0, instance:tests.QCStore@5f9d02cb]" name="getResult" is-config="true" duration-ms="234" started-at="2019-04-18T06:16:55Z" finished-at="2019-04-18T06:16:55Z">
          <params>
            <param index="0">
              <value>
                <![CDATA[[TestResult name=JQC_AgeStore_Deposit_ClearMenu_Txn status=SUCCESS method=QCStore.JQC_AgeStore_Deposit_ClearMenu_Txn()[pri:404, instance:tests.QCStore@5f9d02cb] output={null}]]]>
              </value>
            </param>
          </params>
          <reporter-output>
          </reporter-output>
        </test-method> <!-- getResult -->
      </class> <!-- tests.QCStore -->
    </test> <!-- Test -->
  </suite> <!-- Suite -->
</testng-results>
