<?xml version="1.0" encoding="UTF-8"?>
<testng-results skipped="0" failed="0" ignored="76" total="77" passed="1">
  <reporter-output>
  </reporter-output>
  <suite name="Suite" duration-ms="1117169" started-at="2019-03-12T05:23:50Z" finished-at="2019-03-12T05:42:27Z">
    <groups>
      <group name="Janaki_WORecovery">
        <method signature="QCStore.JQC_PartialWORecovery_FullWORecovery_Void_Txn_Testdata()[pri:423, instance:tests.QCStore@527740a2]" name="JQC_PartialWORecovery_FullWORecovery_Void_Txn_Testdata" class="tests.QCStore"/>
      </group> <!-- Janaki_WORecovery -->
    </groups>
    <test name="Test" duration-ms="1117169" started-at="2019-03-12T05:23:50Z" finished-at="2019-03-12T05:42:27Z">
      <class name="tests.QCStore">
        <test-method status="PASS" signature="setup()[pri:0, instance:tests.QCStore@527740a2]" name="setup" is-config="true" duration-ms="82" started-at="2019-03-12T05:23:50Z" finished-at="2019-03-12T05:23:50Z">
          <reporter-output>
          </reporter-output>
        </test-method> <!-- setup -->
        <test-method status="PASS" signature="killProcess()[pri:0, instance:tests.QCStore@527740a2]" name="killProcess" is-config="true" duration-ms="5019" started-at="2019-03-12T05:23:50Z" finished-at="2019-03-12T05:23:55Z">
          <reporter-output>
          </reporter-output>
        </test-method> <!-- killProcess -->
        <test-method status="PASS" signature="JQC_PartialWORecovery_FullWORecovery_Void_Txn_Testdata()[pri:423, instance:tests.QCStore@527740a2]" name="JQC_PartialWORecovery_FullWORecovery_Void_Txn_Testdata" duration-ms="1111869" started-at="2019-03-12T05:23:55Z" finished-at="2019-03-12T05:42:27Z">
          <reporter-output>
          </reporter-output>
        </test-method> <!-- JQC_PartialWORecovery_FullWORecovery_Void_Txn_Testdata -->
        <test-method status="PASS" signature="getResult(org.testng.ITestResult)[pri:0, instance:tests.QCStore@527740a2]" name="getResult" is-config="true" duration-ms="184" started-at="2019-03-12T05:42:27Z" finished-at="2019-03-12T05:42:27Z">
          <params>
            <param index="0">
              <value>
                <![CDATA[[TestResult name=JQC_PartialWORecovery_FullWORecovery_Void_Txn_Testdata status=SUCCESS method=QCStore.JQC_PartialWORecovery_FullWORecovery_Void_Txn_Testdata()[pri:423, instance:tests.QCStore@527740a2] output={null}]]]>
              </value>
            </param>
          </params>
          <reporter-output>
          </reporter-output>
        </test-method> <!-- getResult -->
      </class> <!-- tests.QCStore -->
    </test> <!-- Test -->
  </suite> <!-- Suite -->
</testng-results>
