<?xml version="1.0" encoding="UTF-8"?>
<testng-results skipped="0" failed="0" ignored="59" total="60" passed="1">
  <reporter-output>
  </reporter-output>
  <suite name="Suite" duration-ms="664029" started-at="2019-05-09T05:05:10Z" finished-at="2019-05-09T05:16:14Z">
    <groups>
      <group name="Janaki_WORecovery">
        <method signature="QCStore.JQC_PartialWORecovery_FullWORecovery_Void_Txn_Testdata()[pri:423, instance:tests.QCStore@5f9d02cb]" name="JQC_PartialWORecovery_FullWORecovery_Void_Txn_Testdata" class="tests.QCStore"/>
      </group> <!-- Janaki_WORecovery -->
    </groups>
    <test name="Test" duration-ms="664029" started-at="2019-05-09T05:05:10Z" finished-at="2019-05-09T05:16:14Z">
      <class name="tests.QCStore">
        <test-method status="PASS" signature="setup()[pri:0, instance:tests.QCStore@5f9d02cb]" name="setup" is-config="true" duration-ms="81" started-at="2019-05-09T05:05:10Z" finished-at="2019-05-09T05:05:10Z">
          <reporter-output>
          </reporter-output>
        </test-method> <!-- setup -->
        <test-method status="PASS" signature="killProcess()[pri:0, instance:tests.QCStore@5f9d02cb]" name="killProcess" is-config="true" duration-ms="5024" started-at="2019-05-09T05:05:10Z" finished-at="2019-05-09T05:05:15Z">
          <reporter-output>
          </reporter-output>
        </test-method> <!-- killProcess -->
        <test-method status="PASS" signature="JQC_PartialWORecovery_FullWORecovery_Void_Txn_Testdata()[pri:423, instance:tests.QCStore@5f9d02cb]" name="JQC_PartialWORecovery_FullWORecovery_Void_Txn_Testdata" duration-ms="658668" started-at="2019-05-09T05:05:15Z" finished-at="2019-05-09T05:16:13Z">
          <reporter-output>
          </reporter-output>
        </test-method> <!-- JQC_PartialWORecovery_FullWORecovery_Void_Txn_Testdata -->
        <test-method status="PASS" signature="getResult(org.testng.ITestResult)[pri:0, instance:tests.QCStore@5f9d02cb]" name="getResult" is-config="true" duration-ms="240" started-at="2019-05-09T05:16:13Z" finished-at="2019-05-09T05:16:14Z">
          <params>
            <param index="0">
              <value>
                <![CDATA[[TestResult name=JQC_PartialWORecovery_FullWORecovery_Void_Txn_Testdata status=SUCCESS method=QCStore.JQC_PartialWORecovery_FullWORecovery_Void_Txn_Testdata()[pri:423, instance:tests.QCStore@5f9d02cb] output={null}]]]>
              </value>
            </param>
          </params>
          <reporter-output>
          </reporter-output>
        </test-method> <!-- getResult -->
      </class> <!-- tests.QCStore -->
    </test> <!-- Test -->
  </suite> <!-- Suite -->
</testng-results>
