<?xml version="1.0" encoding="UTF-8"?>
<testng-results skipped="0" failed="0" ignored="31" total="39" passed="8">
  <reporter-output>
  </reporter-output>
  <suite name="Suite" duration-ms="4161999" started-at="2019-05-05T06:07:46Z" finished-at="2019-05-05T07:17:08Z">
    <groups>
      <group name="Janaki">
        <method signature="QCStore.JQC_AgeStore_Deposit_AutoClear_Txn()[pri:405, instance:tests.QCStore@5f9d02cb]" name="JQC_AgeStore_Deposit_AutoClear_Txn" class="tests.QCStore"/>
        <method signature="QCStore.JQC_AgeStore_Deposit_ClearDropdown_Txn()[pri:403, instance:tests.QCStore@5f9d02cb]" name="JQC_AgeStore_Deposit_ClearDropdown_Txn" class="tests.QCStore"/>
        <method signature="QCStore.JQC_AgeStore_Deposit_ClearMenu_Txn()[pri:404, instance:tests.QCStore@5f9d02cb]" name="JQC_AgeStore_Deposit_ClearMenu_Txn" class="tests.QCStore"/>
        <method signature="QCStore.JQC_AgeStore_Deposit_PrePayment_Txn()[pri:0, instance:tests.QCStore@5f9d02cb]" name="JQC_AgeStore_Deposit_PrePayment_Txn" class="tests.QCStore"/>
        <method signature="QCStore.JQC_AgeStore_Deposit_PrePayment_Void_Txn()[pri:402, instance:tests.QCStore@5f9d02cb]" name="JQC_AgeStore_Deposit_PrePayment_Void_Txn" class="tests.QCStore"/>
        <method signature="QCStore.JQC_AgeStore_NSFPosting_Refinance_Rescind_Txn()[pri:408, instance:tests.QCStore@5f9d02cb]" name="JQC_AgeStore_NSFPosting_Refinance_Rescind_Txn" class="tests.QCStore"/>
        <method signature="QCStore.JQC_AgeStore_PrePayment_Clear_Txn()[pri:407, instance:tests.QCStore@5f9d02cb]" name="JQC_AgeStore_PrePayment_Clear_Txn" class="tests.QCStore"/>
        <method signature="QCStore.JQC_AgeStore_PrePayment_Return_Txn()[pri:406, instance:tests.QCStore@5f9d02cb]" name="JQC_AgeStore_PrePayment_Return_Txn" class="tests.QCStore"/>
      </group> <!-- Janaki -->
    </groups>
    <test name="Test" duration-ms="4161999" started-at="2019-05-05T06:07:46Z" finished-at="2019-05-05T07:17:08Z">
      <class name="tests.QCStore">
        <test-method status="PASS" signature="setup()[pri:0, instance:tests.QCStore@5f9d02cb]" name="setup" is-config="true" duration-ms="77" started-at="2019-05-05T06:07:46Z" finished-at="2019-05-05T06:07:46Z">
          <reporter-output>
          </reporter-output>
        </test-method> <!-- setup -->
        <test-method status="PASS" signature="killProcess()[pri:0, instance:tests.QCStore@5f9d02cb]" name="killProcess" is-config="true" duration-ms="5018" started-at="2019-05-05T06:07:46Z" finished-at="2019-05-05T06:07:51Z">
          <reporter-output>
          </reporter-output>
        </test-method> <!-- killProcess -->
        <test-method status="PASS" signature="JQC_AgeStore_Deposit_PrePayment_Txn()[pri:0, instance:tests.QCStore@5f9d02cb]" name="JQC_AgeStore_Deposit_PrePayment_Txn" duration-ms="469869" started-at="2019-05-05T06:07:51Z" finished-at="2019-05-05T06:15:41Z">
          <reporter-output>
          </reporter-output>
        </test-method> <!-- JQC_AgeStore_Deposit_PrePayment_Txn -->
        <test-method status="PASS" signature="getResult(org.testng.ITestResult)[pri:0, instance:tests.QCStore@5f9d02cb]" name="getResult" is-config="true" duration-ms="175" started-at="2019-05-05T06:15:41Z" finished-at="2019-05-05T06:15:41Z">
          <params>
            <param index="0">
              <value>
                <![CDATA[[TestResult name=JQC_AgeStore_Deposit_PrePayment_Txn status=SUCCESS method=QCStore.JQC_AgeStore_Deposit_PrePayment_Txn()[pri:0, instance:tests.QCStore@5f9d02cb] output={null}]]]>
              </value>
            </param>
          </params>
          <reporter-output>
          </reporter-output>
        </test-method> <!-- getResult -->
        <test-method status="PASS" signature="killProcess()[pri:0, instance:tests.QCStore@5f9d02cb]" name="killProcess" is-config="true" duration-ms="5008" started-at="2019-05-05T06:15:41Z" finished-at="2019-05-05T06:15:46Z">
          <reporter-output>
          </reporter-output>
        </test-method> <!-- killProcess -->
        <test-method status="PASS" signature="JQC_AgeStore_Deposit_PrePayment_Void_Txn()[pri:402, instance:tests.QCStore@5f9d02cb]" name="JQC_AgeStore_Deposit_PrePayment_Void_Txn" duration-ms="499549" started-at="2019-05-05T06:15:46Z" finished-at="2019-05-05T06:24:05Z">
          <reporter-output>
          </reporter-output>
        </test-method> <!-- JQC_AgeStore_Deposit_PrePayment_Void_Txn -->
        <test-method status="PASS" signature="getResult(org.testng.ITestResult)[pri:0, instance:tests.QCStore@5f9d02cb]" name="getResult" is-config="true" duration-ms="62" started-at="2019-05-05T06:24:05Z" finished-at="2019-05-05T06:24:05Z">
          <params>
            <param index="0">
              <value>
                <![CDATA[[TestResult name=JQC_AgeStore_Deposit_PrePayment_Void_Txn status=SUCCESS method=QCStore.JQC_AgeStore_Deposit_PrePayment_Void_Txn()[pri:402, instance:tests.QCStore@5f9d02cb] output={null}]]]>
              </value>
            </param>
          </params>
          <reporter-output>
          </reporter-output>
        </test-method> <!-- getResult -->
        <test-method status="PASS" signature="killProcess()[pri:0, instance:tests.QCStore@5f9d02cb]" name="killProcess" is-config="true" duration-ms="5013" started-at="2019-05-05T06:24:05Z" finished-at="2019-05-05T06:24:10Z">
          <reporter-output>
          </reporter-output>
        </test-method> <!-- killProcess -->
        <test-method status="PASS" signature="JQC_AgeStore_Deposit_ClearDropdown_Txn()[pri:403, instance:tests.QCStore@5f9d02cb]" name="JQC_AgeStore_Deposit_ClearDropdown_Txn" duration-ms="413253" started-at="2019-05-05T06:24:10Z" finished-at="2019-05-05T06:31:04Z">
          <reporter-output>
          </reporter-output>
        </test-method> <!-- JQC_AgeStore_Deposit_ClearDropdown_Txn -->
        <test-method status="PASS" signature="getResult(org.testng.ITestResult)[pri:0, instance:tests.QCStore@5f9d02cb]" name="getResult" is-config="true" duration-ms="40" started-at="2019-05-05T06:31:04Z" finished-at="2019-05-05T06:31:04Z">
          <params>
            <param index="0">
              <value>
                <![CDATA[[TestResult name=JQC_AgeStore_Deposit_ClearDropdown_Txn status=SUCCESS method=QCStore.JQC_AgeStore_Deposit_ClearDropdown_Txn()[pri:403, instance:tests.QCStore@5f9d02cb] output={null}]]]>
              </value>
            </param>
          </params>
          <reporter-output>
          </reporter-output>
        </test-method> <!-- getResult -->
        <test-method status="PASS" signature="killProcess()[pri:0, instance:tests.QCStore@5f9d02cb]" name="killProcess" is-config="true" duration-ms="5011" started-at="2019-05-05T06:31:04Z" finished-at="2019-05-05T06:31:09Z">
          <reporter-output>
          </reporter-output>
        </test-method> <!-- killProcess -->
        <test-method status="PASS" signature="JQC_AgeStore_Deposit_ClearMenu_Txn()[pri:404, instance:tests.QCStore@5f9d02cb]" name="JQC_AgeStore_Deposit_ClearMenu_Txn" duration-ms="431615" started-at="2019-05-05T06:31:09Z" finished-at="2019-05-05T06:38:20Z">
          <reporter-output>
          </reporter-output>
        </test-method> <!-- JQC_AgeStore_Deposit_ClearMenu_Txn -->
        <test-method status="PASS" signature="getResult(org.testng.ITestResult)[pri:0, instance:tests.QCStore@5f9d02cb]" name="getResult" is-config="true" duration-ms="34" started-at="2019-05-05T06:38:20Z" finished-at="2019-05-05T06:38:20Z">
          <params>
            <param index="0">
              <value>
                <![CDATA[[TestResult name=JQC_AgeStore_Deposit_ClearMenu_Txn status=SUCCESS method=QCStore.JQC_AgeStore_Deposit_ClearMenu_Txn()[pri:404, instance:tests.QCStore@5f9d02cb] output={null}]]]>
              </value>
            </param>
          </params>
          <reporter-output>
          </reporter-output>
        </test-method> <!-- getResult -->
        <test-method status="PASS" signature="killProcess()[pri:0, instance:tests.QCStore@5f9d02cb]" name="killProcess" is-config="true" duration-ms="5016" started-at="2019-05-05T06:38:20Z" finished-at="2019-05-05T06:38:25Z">
          <reporter-output>
          </reporter-output>
        </test-method> <!-- killProcess -->
        <test-method status="PASS" signature="JQC_AgeStore_Deposit_AutoClear_Txn()[pri:405, instance:tests.QCStore@5f9d02cb]" name="JQC_AgeStore_Deposit_AutoClear_Txn" duration-ms="494010" started-at="2019-05-05T06:38:25Z" finished-at="2019-05-05T06:46:39Z">
          <reporter-output>
          </reporter-output>
        </test-method> <!-- JQC_AgeStore_Deposit_AutoClear_Txn -->
        <test-method status="PASS" signature="getResult(org.testng.ITestResult)[pri:0, instance:tests.QCStore@5f9d02cb]" name="getResult" is-config="true" duration-ms="79" started-at="2019-05-05T06:46:39Z" finished-at="2019-05-05T06:46:40Z">
          <params>
            <param index="0">
              <value>
                <![CDATA[[TestResult name=JQC_AgeStore_Deposit_AutoClear_Txn status=SUCCESS method=QCStore.JQC_AgeStore_Deposit_AutoClear_Txn()[pri:405, instance:tests.QCStore@5f9d02cb] output={null}]]]>
              </value>
            </param>
          </params>
          <reporter-output>
          </reporter-output>
        </test-method> <!-- getResult -->
        <test-method status="PASS" signature="killProcess()[pri:0, instance:tests.QCStore@5f9d02cb]" name="killProcess" is-config="true" duration-ms="5011" started-at="2019-05-05T06:46:40Z" finished-at="2019-05-05T06:46:45Z">
          <reporter-output>
          </reporter-output>
        </test-method> <!-- killProcess -->
        <test-method status="PASS" signature="JQC_AgeStore_PrePayment_Return_Txn()[pri:406, instance:tests.QCStore@5f9d02cb]" name="JQC_AgeStore_PrePayment_Return_Txn" duration-ms="635480" started-at="2019-05-05T06:46:45Z" finished-at="2019-05-05T06:57:20Z">
          <reporter-output>
          </reporter-output>
        </test-method> <!-- JQC_AgeStore_PrePayment_Return_Txn -->
        <test-method status="PASS" signature="getResult(org.testng.ITestResult)[pri:0, instance:tests.QCStore@5f9d02cb]" name="getResult" is-config="true" duration-ms="56" started-at="2019-05-05T06:57:20Z" finished-at="2019-05-05T06:57:20Z">
          <params>
            <param index="0">
              <value>
                <![CDATA[[TestResult name=JQC_AgeStore_PrePayment_Return_Txn status=SUCCESS method=QCStore.JQC_AgeStore_PrePayment_Return_Txn()[pri:406, instance:tests.QCStore@5f9d02cb] output={null}]]]>
              </value>
            </param>
          </params>
          <reporter-output>
          </reporter-output>
        </test-method> <!-- getResult -->
        <test-method status="PASS" signature="killProcess()[pri:0, instance:tests.QCStore@5f9d02cb]" name="killProcess" is-config="true" duration-ms="5011" started-at="2019-05-05T06:57:20Z" finished-at="2019-05-05T06:57:25Z">
          <reporter-output>
          </reporter-output>
        </test-method> <!-- killProcess -->
        <test-method status="PASS" signature="JQC_AgeStore_PrePayment_Clear_Txn()[pri:407, instance:tests.QCStore@5f9d02cb]" name="JQC_AgeStore_PrePayment_Clear_Txn" duration-ms="619322" started-at="2019-05-05T06:57:25Z" finished-at="2019-05-05T07:07:44Z">
          <reporter-output>
          </reporter-output>
        </test-method> <!-- JQC_AgeStore_PrePayment_Clear_Txn -->
        <test-method status="PASS" signature="getResult(org.testng.ITestResult)[pri:0, instance:tests.QCStore@5f9d02cb]" name="getResult" is-config="true" duration-ms="51" started-at="2019-05-05T07:07:44Z" finished-at="2019-05-05T07:07:44Z">
          <params>
            <param index="0">
              <value>
                <![CDATA[[TestResult name=JQC_AgeStore_PrePayment_Clear_Txn status=SUCCESS method=QCStore.JQC_AgeStore_PrePayment_Clear_Txn()[pri:407, instance:tests.QCStore@5f9d02cb] output={null}]]]>
              </value>
            </param>
          </params>
          <reporter-output>
          </reporter-output>
        </test-method> <!-- getResult -->
        <test-method status="PASS" signature="killProcess()[pri:0, instance:tests.QCStore@5f9d02cb]" name="killProcess" is-config="true" duration-ms="5010" started-at="2019-05-05T07:07:44Z" finished-at="2019-05-05T07:07:49Z">
          <reporter-output>
          </reporter-output>
        </test-method> <!-- killProcess -->
        <test-method status="PASS" signature="JQC_AgeStore_NSFPosting_Refinance_Rescind_Txn()[pri:408, instance:tests.QCStore@5f9d02cb]" name="JQC_AgeStore_NSFPosting_Refinance_Rescind_Txn" duration-ms="558157" started-at="2019-05-05T07:07:49Z" finished-at="2019-05-05T07:17:08Z">
          <reporter-output>
          </reporter-output>
        </test-method> <!-- JQC_AgeStore_NSFPosting_Refinance_Rescind_Txn -->
        <test-method status="PASS" signature="getResult(org.testng.ITestResult)[pri:0, instance:tests.QCStore@5f9d02cb]" name="getResult" is-config="true" duration-ms="44" started-at="2019-05-05T07:17:08Z" finished-at="2019-05-05T07:17:08Z">
          <params>
            <param index="0">
              <value>
                <![CDATA[[TestResult name=JQC_AgeStore_NSFPosting_Refinance_Rescind_Txn status=SUCCESS method=QCStore.JQC_AgeStore_NSFPosting_Refinance_Rescind_Txn()[pri:408, instance:tests.QCStore@5f9d02cb] output={null}]]]>
              </value>
            </param>
          </params>
          <reporter-output>
          </reporter-output>
        </test-method> <!-- getResult -->
      </class> <!-- tests.QCStore -->
    </test> <!-- Test -->
  </suite> <!-- Suite -->
</testng-results>
