<?xml version="1.0" encoding="UTF-8"?>
<testng-results skipped="0" failed="3" ignored="55" total="77" passed="19">
  <reporter-output>
  </reporter-output>
  <suite name="Suite" duration-ms="22403847" started-at="2019-04-01T12:56:16Z" finished-at="2019-04-01T19:09:40Z">
    <groups>
      <group name="1stBatch">
        <method signature="QCStore.QC_AgeStore_Void_Txn()[pri:110, instance:tests.QCStore@5f9d02cb]" name="QC_AgeStore_Void_Txn" class="tests.QCStore"/>
        <method signature="QCStore.QC_Deposit_GraceDays_Txn()[pri:112, instance:tests.QCStore@5f9d02cb]" name="QC_Deposit_GraceDays_Txn" class="tests.QCStore"/>
        <method signature="QCStore.QC_Deposit_Menu_Txn()[pri:111, instance:tests.QCStore@5f9d02cb]" name="QC_Deposit_Menu_Txn" class="tests.QCStore"/>
        <method signature="QCStore.QC_EppDepositClear_Refund_Txn()[pri:160, instance:tests.QCStore@5f9d02cb]" name="QC_EppDepositClear_Refund_Txn" class="tests.QCStore"/>
        <method signature="QCStore.QC_Epp_Check_Deposit_Clear_Txn()[pri:159, instance:tests.QCStore@5f9d02cb]" name="QC_Epp_Check_Deposit_Clear_Txn" class="tests.QCStore"/>
        <method signature="QCStore.QC_Epp_Deposit_Void_Txn()[pri:157, instance:tests.QCStore@5f9d02cb]" name="QC_Epp_Deposit_Void_Txn" class="tests.QCStore"/>
        <method signature="QCStore.QC_Epp_PrePayment_Return_Txn()[pri:161, instance:tests.QCStore@5f9d02cb]" name="QC_Epp_PrePayment_Return_Txn" class="tests.QCStore"/>
        <method signature="QCStore.QC_Epp_PrePayment_Txn()[pri:158, instance:tests.QCStore@5f9d02cb]" name="QC_Epp_PrePayment_Txn" class="tests.QCStore"/>
        <method signature="QCStore.QC_Epp_Return_NSFPayment_Txn()[pri:162, instance:tests.QCStore@5f9d02cb]" name="QC_Epp_Return_NSFPayment_Txn" class="tests.QCStore"/>
        <method signature="QCStore.QC_Epp_Return_ReDeposit_Txn()[pri:163, instance:tests.QCStore@5f9d02cb]" name="QC_Epp_Return_ReDeposit_Txn" class="tests.QCStore"/>
        <method signature="QCStore.QC_FutureDeposit_DropDown()[pri:113, instance:tests.QCStore@5f9d02cb]" name="QC_FutureDeposit_DropDown" class="tests.QCStore"/>
        <method signature="QCStore.QC_NewLoan_Promotion_Txn()[pri:100, instance:tests.QCStore@5f9d02cb]" name="QC_NewLoan_Promotion_Txn" class="tests.QCStore"/>
        <method signature="QCStore.QC_NewLoan_Void_Txn()[pri:109, instance:tests.QCStore@5f9d02cb]" name="QC_NewLoan_Void_Txn" class="tests.QCStore"/>
        <method signature="QCStore.QC_OpenLoan_NewLoan_Txn()[pri:108, instance:tests.QCStore@5f9d02cb]" name="QC_OpenLoan_NewLoan_Txn" class="tests.QCStore"/>
        <method signature="QCStore.QC_PartialPayment_RefundVoid_Txn()[pri:170, instance:tests.QCStore@5f9d02cb]" name="QC_PartialPayment_RefundVoid_Txn" class="tests.QCStore"/>
        <method signature="QCStore.QC_RefinanceStepDown_Txn()[pri:102, instance:tests.QCStore@5f9d02cb]" name="QC_RefinanceStepDown_Txn" class="tests.QCStore"/>
        <method signature="QCStore.QC_RefinanceStepDown_Void_Txn()[pri:103, instance:tests.QCStore@5f9d02cb]" name="QC_RefinanceStepDown_Void_Txn" class="tests.QCStore"/>
        <method signature="QCStore.QC_Refinance_StepSameURP_Txn()[pri:198, instance:tests.QCStore@5f9d02cb]" name="QC_Refinance_StepSameURP_Txn" class="tests.QCStore"/>
        <method signature="QCStore.QC_Refinance_StepSameVoidURP_Txn()[pri:199, instance:tests.QCStore@5f9d02cb]" name="QC_Refinance_StepSameVoidURP_Txn" class="tests.QCStore"/>
        <method signature="QCStore.QC_Void_FullReturnPayment_Txn()[pri:169, instance:tests.QCStore@5f9d02cb]" name="QC_Void_FullReturnPayment_Txn" class="tests.QCStore"/>
      </group> <!-- 1stBatch -->
      <group name="Rebate">
        <method signature="QCStore.QC_Refinance_StepDownURP_Txn()[pri:201, instance:tests.QCStore@5f9d02cb]" name="QC_Refinance_StepDownURP_Txn" class="tests.QCStore"/>
        <method signature="QCStore.QC_Refinance_StepDownVoidURP_Txn()[pri:202, instance:tests.QCStore@5f9d02cb]" name="QC_Refinance_StepDownVoidURP_Txn" class="tests.QCStore"/>
      </group> <!-- Rebate -->
    </groups>
    <test name="Test" duration-ms="22403847" started-at="2019-04-01T12:56:16Z" finished-at="2019-04-01T19:09:40Z">
      <class name="tests.QCStore">
        <test-method status="PASS" signature="setup()[pri:0, instance:tests.QCStore@5f9d02cb]" name="setup" is-config="true" duration-ms="132" started-at="2019-04-01T12:56:16Z" finished-at="2019-04-01T12:56:17Z">
          <reporter-output>
          </reporter-output>
        </test-method> <!-- setup -->
        <test-method status="PASS" signature="killProcess()[pri:0, instance:tests.QCStore@5f9d02cb]" name="killProcess" is-config="true" duration-ms="5011" started-at="2019-04-01T12:56:17Z" finished-at="2019-04-01T12:56:22Z">
          <reporter-output>
          </reporter-output>
        </test-method> <!-- killProcess -->
        <test-method status="PASS" signature="QC_NewLoan_Promotion_Txn()[pri:100, instance:tests.QCStore@5f9d02cb]" name="QC_NewLoan_Promotion_Txn" duration-ms="372164" started-at="2019-04-01T12:56:22Z" finished-at="2019-04-01T13:02:34Z">
          <reporter-output>
          </reporter-output>
        </test-method> <!-- QC_NewLoan_Promotion_Txn -->
        <test-method status="PASS" signature="getResult(org.testng.ITestResult)[pri:0, instance:tests.QCStore@5f9d02cb]" name="getResult" is-config="true" duration-ms="226" started-at="2019-04-01T13:02:34Z" finished-at="2019-04-01T13:02:34Z">
          <params>
            <param index="0">
              <value>
                <![CDATA[[TestResult name=QC_NewLoan_Promotion_Txn status=SUCCESS method=QCStore.QC_NewLoan_Promotion_Txn()[pri:100, instance:tests.QCStore@5f9d02cb] output={null}]]]>
              </value>
            </param>
          </params>
          <reporter-output>
          </reporter-output>
        </test-method> <!-- getResult -->
        <test-method status="PASS" signature="killProcess()[pri:0, instance:tests.QCStore@5f9d02cb]" name="killProcess" is-config="true" duration-ms="5011" started-at="2019-04-01T13:02:34Z" finished-at="2019-04-01T13:02:39Z">
          <reporter-output>
          </reporter-output>
        </test-method> <!-- killProcess -->
        <test-method status="PASS" signature="QC_RefinanceStepDown_Txn()[pri:102, instance:tests.QCStore@5f9d02cb]" name="QC_RefinanceStepDown_Txn" duration-ms="1128875" started-at="2019-04-01T13:02:39Z" finished-at="2019-04-01T13:21:28Z">
          <reporter-output>
          </reporter-output>
        </test-method> <!-- QC_RefinanceStepDown_Txn -->
        <test-method status="PASS" signature="getResult(org.testng.ITestResult)[pri:0, instance:tests.QCStore@5f9d02cb]" name="getResult" is-config="true" duration-ms="76" started-at="2019-04-01T13:21:28Z" finished-at="2019-04-01T13:21:28Z">
          <params>
            <param index="0">
              <value>
                <![CDATA[[TestResult name=QC_RefinanceStepDown_Txn status=SUCCESS method=QCStore.QC_RefinanceStepDown_Txn()[pri:102, instance:tests.QCStore@5f9d02cb] output={null}]]]>
              </value>
            </param>
          </params>
          <reporter-output>
          </reporter-output>
        </test-method> <!-- getResult -->
        <test-method status="PASS" signature="killProcess()[pri:0, instance:tests.QCStore@5f9d02cb]" name="killProcess" is-config="true" duration-ms="5017" started-at="2019-04-01T13:21:28Z" finished-at="2019-04-01T13:21:33Z">
          <reporter-output>
          </reporter-output>
        </test-method> <!-- killProcess -->
        <test-method status="PASS" signature="QC_RefinanceStepDown_Void_Txn()[pri:103, instance:tests.QCStore@5f9d02cb]" name="QC_RefinanceStepDown_Void_Txn" duration-ms="1383836" started-at="2019-04-01T13:21:33Z" finished-at="2019-04-01T13:44:37Z">
          <reporter-output>
          </reporter-output>
        </test-method> <!-- QC_RefinanceStepDown_Void_Txn -->
        <test-method status="PASS" signature="getResult(org.testng.ITestResult)[pri:0, instance:tests.QCStore@5f9d02cb]" name="getResult" is-config="true" duration-ms="54" started-at="2019-04-01T13:44:37Z" finished-at="2019-04-01T13:44:37Z">
          <params>
            <param index="0">
              <value>
                <![CDATA[[TestResult name=QC_RefinanceStepDown_Void_Txn status=SUCCESS method=QCStore.QC_RefinanceStepDown_Void_Txn()[pri:103, instance:tests.QCStore@5f9d02cb] output={null}]]]>
              </value>
            </param>
          </params>
          <reporter-output>
          </reporter-output>
        </test-method> <!-- getResult -->
        <test-method status="PASS" signature="killProcess()[pri:0, instance:tests.QCStore@5f9d02cb]" name="killProcess" is-config="true" duration-ms="5009" started-at="2019-04-01T13:44:37Z" finished-at="2019-04-01T13:44:42Z">
          <reporter-output>
          </reporter-output>
        </test-method> <!-- killProcess -->
        <test-method status="PASS" signature="QC_OpenLoan_NewLoan_Txn()[pri:108, instance:tests.QCStore@5f9d02cb]" name="QC_OpenLoan_NewLoan_Txn" duration-ms="439304" started-at="2019-04-01T13:44:42Z" finished-at="2019-04-01T13:52:01Z">
          <reporter-output>
          </reporter-output>
        </test-method> <!-- QC_OpenLoan_NewLoan_Txn -->
        <test-method status="PASS" signature="getResult(org.testng.ITestResult)[pri:0, instance:tests.QCStore@5f9d02cb]" name="getResult" is-config="true" duration-ms="40" started-at="2019-04-01T13:52:01Z" finished-at="2019-04-01T13:52:01Z">
          <params>
            <param index="0">
              <value>
                <![CDATA[[TestResult name=QC_OpenLoan_NewLoan_Txn status=SUCCESS method=QCStore.QC_OpenLoan_NewLoan_Txn()[pri:108, instance:tests.QCStore@5f9d02cb] output={null}]]]>
              </value>
            </param>
          </params>
          <reporter-output>
          </reporter-output>
        </test-method> <!-- getResult -->
        <test-method status="PASS" signature="killProcess()[pri:0, instance:tests.QCStore@5f9d02cb]" name="killProcess" is-config="true" duration-ms="5022" started-at="2019-04-01T13:52:01Z" finished-at="2019-04-01T13:52:06Z">
          <reporter-output>
          </reporter-output>
        </test-method> <!-- killProcess -->
        <test-method status="PASS" signature="QC_NewLoan_Void_Txn()[pri:109, instance:tests.QCStore@5f9d02cb]" name="QC_NewLoan_Void_Txn" duration-ms="321268" started-at="2019-04-01T13:52:06Z" finished-at="2019-04-01T13:57:27Z">
          <reporter-output>
          </reporter-output>
        </test-method> <!-- QC_NewLoan_Void_Txn -->
        <test-method status="PASS" signature="getResult(org.testng.ITestResult)[pri:0, instance:tests.QCStore@5f9d02cb]" name="getResult" is-config="true" duration-ms="34" started-at="2019-04-01T13:57:27Z" finished-at="2019-04-01T13:57:28Z">
          <params>
            <param index="0">
              <value>
                <![CDATA[[TestResult name=QC_NewLoan_Void_Txn status=SUCCESS method=QCStore.QC_NewLoan_Void_Txn()[pri:109, instance:tests.QCStore@5f9d02cb] output={null}]]]>
              </value>
            </param>
          </params>
          <reporter-output>
          </reporter-output>
        </test-method> <!-- getResult -->
        <test-method status="PASS" signature="killProcess()[pri:0, instance:tests.QCStore@5f9d02cb]" name="killProcess" is-config="true" duration-ms="5017" started-at="2019-04-01T13:57:28Z" finished-at="2019-04-01T13:57:33Z">
          <reporter-output>
          </reporter-output>
        </test-method> <!-- killProcess -->
        <test-method status="PASS" signature="QC_AgeStore_Void_Txn()[pri:110, instance:tests.QCStore@5f9d02cb]" name="QC_AgeStore_Void_Txn" duration-ms="501200" started-at="2019-04-01T13:57:33Z" finished-at="2019-04-01T14:05:54Z">
          <reporter-output>
          </reporter-output>
        </test-method> <!-- QC_AgeStore_Void_Txn -->
        <test-method status="PASS" signature="getResult(org.testng.ITestResult)[pri:0, instance:tests.QCStore@5f9d02cb]" name="getResult" is-config="true" duration-ms="52" started-at="2019-04-01T14:05:54Z" finished-at="2019-04-01T14:05:54Z">
          <params>
            <param index="0">
              <value>
                <![CDATA[[TestResult name=QC_AgeStore_Void_Txn status=SUCCESS method=QCStore.QC_AgeStore_Void_Txn()[pri:110, instance:tests.QCStore@5f9d02cb] output={null}]]]>
              </value>
            </param>
          </params>
          <reporter-output>
          </reporter-output>
        </test-method> <!-- getResult -->
        <test-method status="PASS" signature="killProcess()[pri:0, instance:tests.QCStore@5f9d02cb]" name="killProcess" is-config="true" duration-ms="5018" started-at="2019-04-01T14:05:54Z" finished-at="2019-04-01T14:05:59Z">
          <reporter-output>
          </reporter-output>
        </test-method> <!-- killProcess -->
        <test-method status="PASS" signature="QC_Deposit_Menu_Txn()[pri:111, instance:tests.QCStore@5f9d02cb]" name="QC_Deposit_Menu_Txn" duration-ms="734647" started-at="2019-04-01T14:05:59Z" finished-at="2019-04-01T14:18:13Z">
          <reporter-output>
          </reporter-output>
        </test-method> <!-- QC_Deposit_Menu_Txn -->
        <test-method status="PASS" signature="getResult(org.testng.ITestResult)[pri:0, instance:tests.QCStore@5f9d02cb]" name="getResult" is-config="true" duration-ms="56" started-at="2019-04-01T14:18:13Z" finished-at="2019-04-01T14:18:14Z">
          <params>
            <param index="0">
              <value>
                <![CDATA[[TestResult name=QC_Deposit_Menu_Txn status=SUCCESS method=QCStore.QC_Deposit_Menu_Txn()[pri:111, instance:tests.QCStore@5f9d02cb] output={null}]]]>
              </value>
            </param>
          </params>
          <reporter-output>
          </reporter-output>
        </test-method> <!-- getResult -->
        <test-method status="PASS" signature="killProcess()[pri:0, instance:tests.QCStore@5f9d02cb]" name="killProcess" is-config="true" duration-ms="5010" started-at="2019-04-01T14:18:14Z" finished-at="2019-04-01T14:18:19Z">
          <reporter-output>
          </reporter-output>
        </test-method> <!-- killProcess -->
        <test-method status="PASS" signature="QC_Deposit_GraceDays_Txn()[pri:112, instance:tests.QCStore@5f9d02cb]" name="QC_Deposit_GraceDays_Txn" duration-ms="829376" started-at="2019-04-01T14:18:19Z" finished-at="2019-04-01T14:32:08Z">
          <reporter-output>
          </reporter-output>
        </test-method> <!-- QC_Deposit_GraceDays_Txn -->
        <test-method status="PASS" signature="getResult(org.testng.ITestResult)[pri:0, instance:tests.QCStore@5f9d02cb]" name="getResult" is-config="true" duration-ms="31" started-at="2019-04-01T14:32:08Z" finished-at="2019-04-01T14:32:08Z">
          <params>
            <param index="0">
              <value>
                <![CDATA[[TestResult name=QC_Deposit_GraceDays_Txn status=SUCCESS method=QCStore.QC_Deposit_GraceDays_Txn()[pri:112, instance:tests.QCStore@5f9d02cb] output={null}]]]>
              </value>
            </param>
          </params>
          <reporter-output>
          </reporter-output>
        </test-method> <!-- getResult -->
        <test-method status="PASS" signature="killProcess()[pri:0, instance:tests.QCStore@5f9d02cb]" name="killProcess" is-config="true" duration-ms="5014" started-at="2019-04-01T14:32:08Z" finished-at="2019-04-01T14:32:13Z">
          <reporter-output>
          </reporter-output>
        </test-method> <!-- killProcess -->
        <test-method status="PASS" signature="QC_FutureDeposit_DropDown()[pri:113, instance:tests.QCStore@5f9d02cb]" name="QC_FutureDeposit_DropDown" duration-ms="1047730" started-at="2019-04-01T14:32:13Z" finished-at="2019-04-01T14:49:41Z">
          <reporter-output>
          </reporter-output>
        </test-method> <!-- QC_FutureDeposit_DropDown -->
        <test-method status="PASS" signature="getResult(org.testng.ITestResult)[pri:0, instance:tests.QCStore@5f9d02cb]" name="getResult" is-config="true" duration-ms="44" started-at="2019-04-01T14:49:41Z" finished-at="2019-04-01T14:49:41Z">
          <params>
            <param index="0">
              <value>
                <![CDATA[[TestResult name=QC_FutureDeposit_DropDown status=SUCCESS method=QCStore.QC_FutureDeposit_DropDown()[pri:113, instance:tests.QCStore@5f9d02cb] output={null}]]]>
              </value>
            </param>
          </params>
          <reporter-output>
          </reporter-output>
        </test-method> <!-- getResult -->
        <test-method status="PASS" signature="killProcess()[pri:0, instance:tests.QCStore@5f9d02cb]" name="killProcess" is-config="true" duration-ms="5016" started-at="2019-04-01T14:49:41Z" finished-at="2019-04-01T14:49:46Z">
          <reporter-output>
          </reporter-output>
        </test-method> <!-- killProcess -->
        <test-method status="PASS" signature="QC_Epp_Deposit_Void_Txn()[pri:157, instance:tests.QCStore@5f9d02cb]" name="QC_Epp_Deposit_Void_Txn" duration-ms="1226685" started-at="2019-04-01T14:49:46Z" finished-at="2019-04-01T15:10:12Z">
          <reporter-output>
          </reporter-output>
        </test-method> <!-- QC_Epp_Deposit_Void_Txn -->
        <test-method status="PASS" signature="getResult(org.testng.ITestResult)[pri:0, instance:tests.QCStore@5f9d02cb]" name="getResult" is-config="true" duration-ms="35" started-at="2019-04-01T15:10:12Z" finished-at="2019-04-01T15:10:12Z">
          <params>
            <param index="0">
              <value>
                <![CDATA[[TestResult name=QC_Epp_Deposit_Void_Txn status=SUCCESS method=QCStore.QC_Epp_Deposit_Void_Txn()[pri:157, instance:tests.QCStore@5f9d02cb] output={null}]]]>
              </value>
            </param>
          </params>
          <reporter-output>
          </reporter-output>
        </test-method> <!-- getResult -->
        <test-method status="PASS" signature="killProcess()[pri:0, instance:tests.QCStore@5f9d02cb]" name="killProcess" is-config="true" duration-ms="5013" started-at="2019-04-01T15:10:12Z" finished-at="2019-04-01T15:10:17Z">
          <reporter-output>
          </reporter-output>
        </test-method> <!-- killProcess -->
        <test-method status="PASS" signature="QC_Epp_PrePayment_Txn()[pri:158, instance:tests.QCStore@5f9d02cb]" name="QC_Epp_PrePayment_Txn" duration-ms="1345298" started-at="2019-04-01T15:10:17Z" finished-at="2019-04-01T15:32:43Z">
          <reporter-output>
          </reporter-output>
        </test-method> <!-- QC_Epp_PrePayment_Txn -->
        <test-method status="PASS" signature="getResult(org.testng.ITestResult)[pri:0, instance:tests.QCStore@5f9d02cb]" name="getResult" is-config="true" duration-ms="36" started-at="2019-04-01T15:32:43Z" finished-at="2019-04-01T15:32:43Z">
          <params>
            <param index="0">
              <value>
                <![CDATA[[TestResult name=QC_Epp_PrePayment_Txn status=SUCCESS method=QCStore.QC_Epp_PrePayment_Txn()[pri:158, instance:tests.QCStore@5f9d02cb] output={null}]]]>
              </value>
            </param>
          </params>
          <reporter-output>
          </reporter-output>
        </test-method> <!-- getResult -->
        <test-method status="PASS" signature="killProcess()[pri:0, instance:tests.QCStore@5f9d02cb]" name="killProcess" is-config="true" duration-ms="5025" started-at="2019-04-01T15:32:43Z" finished-at="2019-04-01T15:32:48Z">
          <reporter-output>
          </reporter-output>
        </test-method> <!-- killProcess -->
        <test-method status="PASS" signature="QC_Epp_Check_Deposit_Clear_Txn()[pri:159, instance:tests.QCStore@5f9d02cb]" name="QC_Epp_Check_Deposit_Clear_Txn" duration-ms="1547205" started-at="2019-04-01T15:32:48Z" finished-at="2019-04-01T15:58:35Z">
          <reporter-output>
          </reporter-output>
        </test-method> <!-- QC_Epp_Check_Deposit_Clear_Txn -->
        <test-method status="PASS" signature="getResult(org.testng.ITestResult)[pri:0, instance:tests.QCStore@5f9d02cb]" name="getResult" is-config="true" duration-ms="35" started-at="2019-04-01T15:58:35Z" finished-at="2019-04-01T15:58:35Z">
          <params>
            <param index="0">
              <value>
                <![CDATA[[TestResult name=QC_Epp_Check_Deposit_Clear_Txn status=SUCCESS method=QCStore.QC_Epp_Check_Deposit_Clear_Txn()[pri:159, instance:tests.QCStore@5f9d02cb] output={null}]]]>
              </value>
            </param>
          </params>
          <reporter-output>
          </reporter-output>
        </test-method> <!-- getResult -->
        <test-method status="PASS" signature="killProcess()[pri:0, instance:tests.QCStore@5f9d02cb]" name="killProcess" is-config="true" duration-ms="5024" started-at="2019-04-01T15:58:35Z" finished-at="2019-04-01T15:58:40Z">
          <reporter-output>
          </reporter-output>
        </test-method> <!-- killProcess -->
        <test-method status="PASS" signature="QC_EppDepositClear_Refund_Txn()[pri:160, instance:tests.QCStore@5f9d02cb]" name="QC_EppDepositClear_Refund_Txn" duration-ms="1504720" started-at="2019-04-01T15:58:40Z" finished-at="2019-04-01T16:23:45Z">
          <reporter-output>
          </reporter-output>
        </test-method> <!-- QC_EppDepositClear_Refund_Txn -->
        <test-method status="PASS" signature="getResult(org.testng.ITestResult)[pri:0, instance:tests.QCStore@5f9d02cb]" name="getResult" is-config="true" duration-ms="53" started-at="2019-04-01T16:23:45Z" finished-at="2019-04-01T16:23:45Z">
          <params>
            <param index="0">
              <value>
                <![CDATA[[TestResult name=QC_EppDepositClear_Refund_Txn status=SUCCESS method=QCStore.QC_EppDepositClear_Refund_Txn()[pri:160, instance:tests.QCStore@5f9d02cb] output={null}]]]>
              </value>
            </param>
          </params>
          <reporter-output>
          </reporter-output>
        </test-method> <!-- getResult -->
        <test-method status="PASS" signature="killProcess()[pri:0, instance:tests.QCStore@5f9d02cb]" name="killProcess" is-config="true" duration-ms="5013" started-at="2019-04-01T16:23:45Z" finished-at="2019-04-01T16:23:50Z">
          <reporter-output>
          </reporter-output>
        </test-method> <!-- killProcess -->
        <test-method status="PASS" signature="QC_Epp_PrePayment_Return_Txn()[pri:161, instance:tests.QCStore@5f9d02cb]" name="QC_Epp_PrePayment_Return_Txn" duration-ms="1345980" started-at="2019-04-01T16:23:50Z" finished-at="2019-04-01T16:46:16Z">
          <reporter-output>
          </reporter-output>
        </test-method> <!-- QC_Epp_PrePayment_Return_Txn -->
        <test-method status="PASS" signature="getResult(org.testng.ITestResult)[pri:0, instance:tests.QCStore@5f9d02cb]" name="getResult" is-config="true" duration-ms="62" started-at="2019-04-01T16:46:16Z" finished-at="2019-04-01T16:46:16Z">
          <params>
            <param index="0">
              <value>
                <![CDATA[[TestResult name=QC_Epp_PrePayment_Return_Txn status=SUCCESS method=QCStore.QC_Epp_PrePayment_Return_Txn()[pri:161, instance:tests.QCStore@5f9d02cb] output={null}]]]>
              </value>
            </param>
          </params>
          <reporter-output>
          </reporter-output>
        </test-method> <!-- getResult -->
        <test-method status="PASS" signature="killProcess()[pri:0, instance:tests.QCStore@5f9d02cb]" name="killProcess" is-config="true" duration-ms="5023" started-at="2019-04-01T16:46:16Z" finished-at="2019-04-01T16:46:21Z">
          <reporter-output>
          </reporter-output>
        </test-method> <!-- killProcess -->
        <test-method status="PASS" signature="QC_Epp_Return_NSFPayment_Txn()[pri:162, instance:tests.QCStore@5f9d02cb]" name="QC_Epp_Return_NSFPayment_Txn" duration-ms="1426964" started-at="2019-04-01T16:46:21Z" finished-at="2019-04-01T17:10:08Z">
          <reporter-output>
          </reporter-output>
        </test-method> <!-- QC_Epp_Return_NSFPayment_Txn -->
        <test-method status="PASS" signature="getResult(org.testng.ITestResult)[pri:0, instance:tests.QCStore@5f9d02cb]" name="getResult" is-config="true" duration-ms="51" started-at="2019-04-01T17:10:08Z" finished-at="2019-04-01T17:10:08Z">
          <params>
            <param index="0">
              <value>
                <![CDATA[[TestResult name=QC_Epp_Return_NSFPayment_Txn status=SUCCESS method=QCStore.QC_Epp_Return_NSFPayment_Txn()[pri:162, instance:tests.QCStore@5f9d02cb] output={null}]]]>
              </value>
            </param>
          </params>
          <reporter-output>
          </reporter-output>
        </test-method> <!-- getResult -->
        <test-method status="PASS" signature="killProcess()[pri:0, instance:tests.QCStore@5f9d02cb]" name="killProcess" is-config="true" duration-ms="5020" started-at="2019-04-01T17:10:08Z" finished-at="2019-04-01T17:10:13Z">
          <reporter-output>
          </reporter-output>
        </test-method> <!-- killProcess -->
        <test-method status="PASS" signature="QC_Epp_Return_ReDeposit_Txn()[pri:163, instance:tests.QCStore@5f9d02cb]" name="QC_Epp_Return_ReDeposit_Txn" duration-ms="1407996" started-at="2019-04-01T17:10:13Z" finished-at="2019-04-01T17:33:41Z">
          <reporter-output>
          </reporter-output>
        </test-method> <!-- QC_Epp_Return_ReDeposit_Txn -->
        <test-method status="PASS" signature="getResult(org.testng.ITestResult)[pri:0, instance:tests.QCStore@5f9d02cb]" name="getResult" is-config="true" duration-ms="60" started-at="2019-04-01T17:33:41Z" finished-at="2019-04-01T17:33:41Z">
          <params>
            <param index="0">
              <value>
                <![CDATA[[TestResult name=QC_Epp_Return_ReDeposit_Txn status=SUCCESS method=QCStore.QC_Epp_Return_ReDeposit_Txn()[pri:163, instance:tests.QCStore@5f9d02cb] output={null}]]]>
              </value>
            </param>
          </params>
          <reporter-output>
          </reporter-output>
        </test-method> <!-- getResult -->
        <test-method status="PASS" signature="killProcess()[pri:0, instance:tests.QCStore@5f9d02cb]" name="killProcess" is-config="true" duration-ms="5009" started-at="2019-04-01T17:33:41Z" finished-at="2019-04-01T17:33:46Z">
          <reporter-output>
          </reporter-output>
        </test-method> <!-- killProcess -->
        <test-method status="PASS" signature="QC_Void_FullReturnPayment_Txn()[pri:169, instance:tests.QCStore@5f9d02cb]" name="QC_Void_FullReturnPayment_Txn" duration-ms="1384598" started-at="2019-04-01T17:33:46Z" finished-at="2019-04-01T17:56:51Z">
          <reporter-output>
          </reporter-output>
        </test-method> <!-- QC_Void_FullReturnPayment_Txn -->
        <test-method status="PASS" signature="getResult(org.testng.ITestResult)[pri:0, instance:tests.QCStore@5f9d02cb]" name="getResult" is-config="true" duration-ms="61" started-at="2019-04-01T17:56:51Z" finished-at="2019-04-01T17:56:51Z">
          <params>
            <param index="0">
              <value>
                <![CDATA[[TestResult name=QC_Void_FullReturnPayment_Txn status=SUCCESS method=QCStore.QC_Void_FullReturnPayment_Txn()[pri:169, instance:tests.QCStore@5f9d02cb] output={null}]]]>
              </value>
            </param>
          </params>
          <reporter-output>
          </reporter-output>
        </test-method> <!-- getResult -->
        <test-method status="PASS" signature="killProcess()[pri:0, instance:tests.QCStore@5f9d02cb]" name="killProcess" is-config="true" duration-ms="5021" started-at="2019-04-01T17:56:51Z" finished-at="2019-04-01T17:56:56Z">
          <reporter-output>
          </reporter-output>
        </test-method> <!-- killProcess -->
        <test-method status="PASS" signature="QC_PartialPayment_RefundVoid_Txn()[pri:170, instance:tests.QCStore@5f9d02cb]" name="QC_PartialPayment_RefundVoid_Txn" duration-ms="1102402" started-at="2019-04-01T17:56:56Z" finished-at="2019-04-01T18:15:18Z">
          <reporter-output>
          </reporter-output>
        </test-method> <!-- QC_PartialPayment_RefundVoid_Txn -->
        <test-method status="PASS" signature="getResult(org.testng.ITestResult)[pri:0, instance:tests.QCStore@5f9d02cb]" name="getResult" is-config="true" duration-ms="50" started-at="2019-04-01T18:15:18Z" finished-at="2019-04-01T18:15:18Z">
          <params>
            <param index="0">
              <value>
                <![CDATA[[TestResult name=QC_PartialPayment_RefundVoid_Txn status=SUCCESS method=QCStore.QC_PartialPayment_RefundVoid_Txn()[pri:170, instance:tests.QCStore@5f9d02cb] output={null}]]]>
              </value>
            </param>
          </params>
          <reporter-output>
          </reporter-output>
        </test-method> <!-- getResult -->
        <test-method status="PASS" signature="killProcess()[pri:0, instance:tests.QCStore@5f9d02cb]" name="killProcess" is-config="true" duration-ms="5014" started-at="2019-04-01T18:15:18Z" finished-at="2019-04-01T18:15:23Z">
          <reporter-output>
          </reporter-output>
        </test-method> <!-- killProcess -->
        <test-method status="FAIL" signature="QC_Refinance_StepSameURP_Txn()[pri:198, instance:tests.QCStore@5f9d02cb]" name="QC_Refinance_StepSameURP_Txn" duration-ms="846547" started-at="2019-04-01T18:15:23Z" finished-at="2019-04-01T18:29:30Z">
          <exception class="java.lang.AssertionError">
            <message>
              <![CDATA[expected [true] but found [false]]]>
            </message>
            <full-stacktrace>
              <![CDATA[java.lang.AssertionError: expected [true] but found [false]
at org.testng.Assert.fail(Assert.java:96)
at org.testng.Assert.failNotEquals(Assert.java:776)
at org.testng.Assert.assertTrue(Assert.java:44)
at org.testng.Assert.assertTrue(Assert.java:54)
at tests.QCRefinance.refinanceStepSame(QCRefinance.java:730)
at tests.QCStore.QC_Refinance_StepSameURP_Txn(QCStore.java:1457)
at sun.reflect.NativeMethodAccessorImpl.invoke0(Native Method)
at sun.reflect.NativeMethodAccessorImpl.invoke(Unknown Source)
at sun.reflect.DelegatingMethodAccessorImpl.invoke(Unknown Source)
at java.lang.reflect.Method.invoke(Unknown Source)
at org.testng.internal.MethodInvocationHelper.invokeMethod(MethodInvocationHelper.java:124)
at org.testng.internal.Invoker.invokeMethod(Invoker.java:583)
at org.testng.internal.Invoker.invokeTestMethod(Invoker.java:719)
at org.testng.internal.Invoker.invokeTestMethods(Invoker.java:989)
at org.testng.internal.TestMethodWorker.invokeTestMethods(TestMethodWorker.java:125)
at org.testng.internal.TestMethodWorker.run(TestMethodWorker.java:109)
at org.testng.TestRunner.privateRun(TestRunner.java:648)
at org.testng.TestRunner.run(TestRunner.java:505)
at org.testng.SuiteRunner.runTest(SuiteRunner.java:455)
at org.testng.SuiteRunner.runSequentially(SuiteRunner.java:450)
at org.testng.SuiteRunner.privateRun(SuiteRunner.java:415)
at org.testng.SuiteRunner.run(SuiteRunner.java:364)
at org.testng.SuiteRunnerWorker.runSuite(SuiteRunnerWorker.java:52)
at org.testng.SuiteRunnerWorker.run(SuiteRunnerWorker.java:84)
at org.testng.TestNG.runSuitesSequentially(TestNG.java:1208)
at org.testng.TestNG.runSuitesLocally(TestNG.java:1137)
at org.testng.TestNG.runSuites(TestNG.java:1049)
at org.testng.TestNG.run(TestNG.java:1017)
at org.testng.remote.AbstractRemoteTestNG.run(AbstractRemoteTestNG.java:114)
at org.testng.remote.RemoteTestNG.initAndRun(RemoteTestNG.java:251)
at org.testng.remote.RemoteTestNG.main(RemoteTestNG.java:77)
]]>
            </full-stacktrace>
          </exception> <!-- java.lang.AssertionError -->
          <reporter-output>
          </reporter-output>
        </test-method> <!-- QC_Refinance_StepSameURP_Txn -->
        <test-method status="PASS" signature="getResult(org.testng.ITestResult)[pri:0, instance:tests.QCStore@5f9d02cb]" name="getResult" is-config="true" duration-ms="631" started-at="2019-04-01T18:29:30Z" finished-at="2019-04-01T18:29:30Z">
          <params>
            <param index="0">
              <value>
                <![CDATA[[TestResult name=QC_Refinance_StepSameURP_Txn status=FAILURE method=QCStore.QC_Refinance_StepSameURP_Txn()[pri:198, instance:tests.QCStore@5f9d02cb] output={null}]]]>
              </value>
            </param>
          </params>
          <reporter-output>
          </reporter-output>
        </test-method> <!-- getResult -->
        <test-method status="PASS" signature="killProcess()[pri:0, instance:tests.QCStore@5f9d02cb]" name="killProcess" is-config="true" duration-ms="5011" started-at="2019-04-01T18:29:30Z" finished-at="2019-04-01T18:29:35Z">
          <reporter-output>
          </reporter-output>
        </test-method> <!-- killProcess -->
        <test-method status="FAIL" signature="QC_Refinance_StepSameVoidURP_Txn()[pri:199, instance:tests.QCStore@5f9d02cb]" name="QC_Refinance_StepSameVoidURP_Txn" duration-ms="730298" started-at="2019-04-01T18:29:35Z" finished-at="2019-04-01T18:41:46Z">
          <exception class="java.lang.AssertionError">
            <message>
              <![CDATA[expected [true] but found [false]]]>
            </message>
            <full-stacktrace>
              <![CDATA[java.lang.AssertionError: expected [true] but found [false]
at org.testng.Assert.fail(Assert.java:96)
at org.testng.Assert.failNotEquals(Assert.java:776)
at org.testng.Assert.assertTrue(Assert.java:44)
at org.testng.Assert.assertTrue(Assert.java:54)
at tests.QCRefinance.refinanceStepSame(QCRefinance.java:730)
at tests.QCStore.QC_Refinance_StepSameVoidURP_Txn(QCStore.java:1516)
at sun.reflect.NativeMethodAccessorImpl.invoke0(Native Method)
at sun.reflect.NativeMethodAccessorImpl.invoke(Unknown Source)
at sun.reflect.DelegatingMethodAccessorImpl.invoke(Unknown Source)
at java.lang.reflect.Method.invoke(Unknown Source)
at org.testng.internal.MethodInvocationHelper.invokeMethod(MethodInvocationHelper.java:124)
at org.testng.internal.Invoker.invokeMethod(Invoker.java:583)
at org.testng.internal.Invoker.invokeTestMethod(Invoker.java:719)
at org.testng.internal.Invoker.invokeTestMethods(Invoker.java:989)
at org.testng.internal.TestMethodWorker.invokeTestMethods(TestMethodWorker.java:125)
at org.testng.internal.TestMethodWorker.run(TestMethodWorker.java:109)
at org.testng.TestRunner.privateRun(TestRunner.java:648)
at org.testng.TestRunner.run(TestRunner.java:505)
at org.testng.SuiteRunner.runTest(SuiteRunner.java:455)
at org.testng.SuiteRunner.runSequentially(SuiteRunner.java:450)
at org.testng.SuiteRunner.privateRun(SuiteRunner.java:415)
at org.testng.SuiteRunner.run(SuiteRunner.java:364)
at org.testng.SuiteRunnerWorker.runSuite(SuiteRunnerWorker.java:52)
at org.testng.SuiteRunnerWorker.run(SuiteRunnerWorker.java:84)
at org.testng.TestNG.runSuitesSequentially(TestNG.java:1208)
at org.testng.TestNG.runSuitesLocally(TestNG.java:1137)
at org.testng.TestNG.runSuites(TestNG.java:1049)
at org.testng.TestNG.run(TestNG.java:1017)
at org.testng.remote.AbstractRemoteTestNG.run(AbstractRemoteTestNG.java:114)
at org.testng.remote.RemoteTestNG.initAndRun(RemoteTestNG.java:251)
at org.testng.remote.RemoteTestNG.main(RemoteTestNG.java:77)
]]>
            </full-stacktrace>
          </exception> <!-- java.lang.AssertionError -->
          <reporter-output>
          </reporter-output>
        </test-method> <!-- QC_Refinance_StepSameVoidURP_Txn -->
        <test-method status="PASS" signature="getResult(org.testng.ITestResult)[pri:0, instance:tests.QCStore@5f9d02cb]" name="getResult" is-config="true" duration-ms="716" started-at="2019-04-01T18:41:46Z" finished-at="2019-04-01T18:41:46Z">
          <params>
            <param index="0">
              <value>
                <![CDATA[[TestResult name=QC_Refinance_StepSameVoidURP_Txn status=FAILURE method=QCStore.QC_Refinance_StepSameVoidURP_Txn()[pri:199, instance:tests.QCStore@5f9d02cb] output={null}]]]>
              </value>
            </param>
          </params>
          <reporter-output>
          </reporter-output>
        </test-method> <!-- getResult -->
        <test-method status="PASS" signature="killProcess()[pri:0, instance:tests.QCStore@5f9d02cb]" name="killProcess" is-config="true" duration-ms="5020" started-at="2019-04-01T18:41:46Z" finished-at="2019-04-01T18:41:51Z">
          <reporter-output>
          </reporter-output>
        </test-method> <!-- killProcess -->
        <test-method status="FAIL" signature="QC_Refinance_StepDownURP_Txn()[pri:201, instance:tests.QCStore@5f9d02cb]" name="QC_Refinance_StepDownURP_Txn" duration-ms="899535" started-at="2019-04-01T18:41:51Z" finished-at="2019-04-01T18:56:51Z">
          <exception class="java.lang.AssertionError">
            <message>
              <![CDATA[expected [true] but found [false]]]>
            </message>
            <full-stacktrace>
              <![CDATA[java.lang.AssertionError: expected [true] but found [false]
at org.testng.Assert.fail(Assert.java:96)
at org.testng.Assert.failNotEquals(Assert.java:776)
at org.testng.Assert.assertTrue(Assert.java:44)
at org.testng.Assert.assertTrue(Assert.java:54)
at tests.QCRefinance.refinanceStepDown(QCRefinance.java:359)
at tests.QCStore.QC_Refinance_StepDownURP_Txn(QCStore.java:1331)
at sun.reflect.NativeMethodAccessorImpl.invoke0(Native Method)
at sun.reflect.NativeMethodAccessorImpl.invoke(Unknown Source)
at sun.reflect.DelegatingMethodAccessorImpl.invoke(Unknown Source)
at java.lang.reflect.Method.invoke(Unknown Source)
at org.testng.internal.MethodInvocationHelper.invokeMethod(MethodInvocationHelper.java:124)
at org.testng.internal.Invoker.invokeMethod(Invoker.java:583)
at org.testng.internal.Invoker.invokeTestMethod(Invoker.java:719)
at org.testng.internal.Invoker.invokeTestMethods(Invoker.java:989)
at org.testng.internal.TestMethodWorker.invokeTestMethods(TestMethodWorker.java:125)
at org.testng.internal.TestMethodWorker.run(TestMethodWorker.java:109)
at org.testng.TestRunner.privateRun(TestRunner.java:648)
at org.testng.TestRunner.run(TestRunner.java:505)
at org.testng.SuiteRunner.runTest(SuiteRunner.java:455)
at org.testng.SuiteRunner.runSequentially(SuiteRunner.java:450)
at org.testng.SuiteRunner.privateRun(SuiteRunner.java:415)
at org.testng.SuiteRunner.run(SuiteRunner.java:364)
at org.testng.SuiteRunnerWorker.runSuite(SuiteRunnerWorker.java:52)
at org.testng.SuiteRunnerWorker.run(SuiteRunnerWorker.java:84)
at org.testng.TestNG.runSuitesSequentially(TestNG.java:1208)
at org.testng.TestNG.runSuitesLocally(TestNG.java:1137)
at org.testng.TestNG.runSuites(TestNG.java:1049)
at org.testng.TestNG.run(TestNG.java:1017)
at org.testng.remote.AbstractRemoteTestNG.run(AbstractRemoteTestNG.java:114)
at org.testng.remote.RemoteTestNG.initAndRun(RemoteTestNG.java:251)
at org.testng.remote.RemoteTestNG.main(RemoteTestNG.java:77)
]]>
            </full-stacktrace>
          </exception> <!-- java.lang.AssertionError -->
          <reporter-output>
          </reporter-output>
        </test-method> <!-- QC_Refinance_StepDownURP_Txn -->
        <test-method status="PASS" signature="getResult(org.testng.ITestResult)[pri:0, instance:tests.QCStore@5f9d02cb]" name="getResult" is-config="true" duration-ms="725" started-at="2019-04-01T18:56:51Z" finished-at="2019-04-01T18:56:52Z">
          <params>
            <param index="0">
              <value>
                <![CDATA[[TestResult name=QC_Refinance_StepDownURP_Txn status=FAILURE method=QCStore.QC_Refinance_StepDownURP_Txn()[pri:201, instance:tests.QCStore@5f9d02cb] output={null}]]]>
              </value>
            </param>
          </params>
          <reporter-output>
          </reporter-output>
        </test-method> <!-- getResult -->
        <test-method status="PASS" signature="killProcess()[pri:0, instance:tests.QCStore@5f9d02cb]" name="killProcess" is-config="true" duration-ms="5010" started-at="2019-04-01T18:56:52Z" finished-at="2019-04-01T18:56:57Z">
          <reporter-output>
          </reporter-output>
        </test-method> <!-- killProcess -->
        <test-method status="PASS" signature="QC_Refinance_StepDownVoidURP_Txn()[pri:202, instance:tests.QCStore@5f9d02cb]" name="QC_Refinance_StepDownVoidURP_Txn" duration-ms="763496" started-at="2019-04-01T18:56:57Z" finished-at="2019-04-01T19:09:40Z">
          <reporter-output>
          </reporter-output>
        </test-method> <!-- QC_Refinance_StepDownVoidURP_Txn -->
        <test-method status="PASS" signature="getResult(org.testng.ITestResult)[pri:0, instance:tests.QCStore@5f9d02cb]" name="getResult" is-config="true" duration-ms="73" started-at="2019-04-01T19:09:40Z" finished-at="2019-04-01T19:09:40Z">
          <params>
            <param index="0">
              <value>
                <![CDATA[[TestResult name=QC_Refinance_StepDownVoidURP_Txn status=SUCCESS method=QCStore.QC_Refinance_StepDownVoidURP_Txn()[pri:202, instance:tests.QCStore@5f9d02cb] output={null}]]]>
              </value>
            </param>
          </params>
          <reporter-output>
          </reporter-output>
        </test-method> <!-- getResult -->
      </class> <!-- tests.QCStore -->
    </test> <!-- Test -->
  </suite> <!-- Suite -->
</testng-results>
