<?xml version="1.0" encoding="UTF-8"?>
<testng-results skipped="0" failed="0" ignored="76" total="77" passed="1">
  <reporter-output>
  </reporter-output>
  <suite name="Suite" duration-ms="203973" started-at="2019-03-22T05:19:51Z" finished-at="2019-03-22T05:23:15Z">
    <groups>
      <group name="1stBatch1">
        <method signature="QCStore.QC_NewLoan_Promotion_Txn()[pri:100, instance:tests.QCStore@5f9d02cb]" name="QC_NewLoan_Promotion_Txn" class="tests.QCStore"/>
      </group> <!-- 1stBatch1 -->
    </groups>
    <test name="Test" duration-ms="203973" started-at="2019-03-22T05:19:51Z" finished-at="2019-03-22T05:23:15Z">
      <class name="tests.QCStore">
        <test-method status="PASS" signature="setup()[pri:0, instance:tests.QCStore@5f9d02cb]" name="setup" is-config="true" duration-ms="101" started-at="2019-03-22T05:19:51Z" finished-at="2019-03-22T05:19:51Z">
          <reporter-output>
          </reporter-output>
        </test-method> <!-- setup -->
        <test-method status="PASS" signature="killProcess()[pri:0, instance:tests.QCStore@5f9d02cb]" name="killProcess" is-config="true" duration-ms="5001" started-at="2019-03-22T05:19:51Z" finished-at="2019-03-22T05:19:56Z">
          <reporter-output>
          </reporter-output>
        </test-method> <!-- killProcess -->
        <test-method status="PASS" signature="QC_NewLoan_Promotion_Txn()[pri:100, instance:tests.QCStore@5f9d02cb]" name="QC_NewLoan_Promotion_Txn" duration-ms="198603" started-at="2019-03-22T05:19:56Z" finished-at="2019-03-22T05:23:15Z">
          <reporter-output>
          </reporter-output>
        </test-method> <!-- QC_NewLoan_Promotion_Txn -->
        <test-method status="PASS" signature="getResult(org.testng.ITestResult)[pri:0, instance:tests.QCStore@5f9d02cb]" name="getResult" is-config="true" duration-ms="250" started-at="2019-03-22T05:23:15Z" finished-at="2019-03-22T05:23:15Z">
          <params>
            <param index="0">
              <value>
                <![CDATA[[TestResult name=QC_NewLoan_Promotion_Txn status=SUCCESS method=QCStore.QC_NewLoan_Promotion_Txn()[pri:100, instance:tests.QCStore@5f9d02cb] output={null}]]]>
              </value>
            </param>
          </params>
          <reporter-output>
          </reporter-output>
        </test-method> <!-- getResult -->
      </class> <!-- tests.QCStore -->
    </test> <!-- Test -->
  </suite> <!-- Suite -->
</testng-results>
