<?xml version="1.0" encoding="UTF-8"?>
<testng-results skipped="0" failed="0" ignored="54" total="60" passed="6">
  <reporter-output>
  </reporter-output>
  <suite name="Suite" duration-ms="2029204" started-at="2019-04-19T02:09:51Z" finished-at="2019-04-19T02:43:41Z">
    <groups>
      <group name="Anoop">
        <method signature="QCStore.RefinanceStepSame()[pri:10, instance:tests.QCStore@5f9d02cb]" name="RefinanceStepSame" class="tests.QCStore"/>
        <method signature="QCStore.RefinanceStepSameVoid()[pri:12, instance:tests.QCStore@5f9d02cb]" name="RefinanceStepSameVoid" class="tests.QCStore"/>
        <method signature="QCStore.RefinanceStepup()[pri:9, instance:tests.QCStore@5f9d02cb]" name="RefinanceStepup" class="tests.QCStore"/>
        <method signature="QCStore.RefinanceStepupVoid()[pri:11, instance:tests.QCStore@5f9d02cb]" name="RefinanceStepupVoid" class="tests.QCStore"/>
        <method signature="QCStore.rebateStepup()[pri:14, instance:tests.QCStore@5f9d02cb]" name="rebateStepup" class="tests.QCStore"/>
        <method signature="QCStore.rebateStepupVoid()[pri:15, instance:tests.QCStore@5f9d02cb]" name="rebateStepupVoid" class="tests.QCStore"/>
      </group> <!-- Anoop -->
    </groups>
    <test name="Test" duration-ms="2029204" started-at="2019-04-19T02:09:51Z" finished-at="2019-04-19T02:43:41Z">
      <class name="tests.QCStore">
        <test-method status="PASS" signature="setup()[pri:0, instance:tests.QCStore@5f9d02cb]" name="setup" is-config="true" duration-ms="102" started-at="2019-04-19T02:09:51Z" finished-at="2019-04-19T02:09:52Z">
          <reporter-output>
          </reporter-output>
        </test-method> <!-- setup -->
        <test-method status="PASS" signature="killProcess()[pri:0, instance:tests.QCStore@5f9d02cb]" name="killProcess" is-config="true" duration-ms="5012" started-at="2019-04-19T02:09:52Z" finished-at="2019-04-19T02:09:57Z">
          <reporter-output>
          </reporter-output>
        </test-method> <!-- killProcess -->
        <test-method status="PASS" signature="RefinanceStepup()[pri:9, instance:tests.QCStore@5f9d02cb]" name="RefinanceStepup" duration-ms="338285" started-at="2019-04-19T02:09:57Z" finished-at="2019-04-19T02:15:35Z">
          <reporter-output>
          </reporter-output>
        </test-method> <!-- RefinanceStepup -->
        <test-method status="PASS" signature="getResult(org.testng.ITestResult)[pri:0, instance:tests.QCStore@5f9d02cb]" name="getResult" is-config="true" duration-ms="206" started-at="2019-04-19T02:15:35Z" finished-at="2019-04-19T02:15:35Z">
          <params>
            <param index="0">
              <value>
                <![CDATA[[TestResult name=RefinanceStepup status=SUCCESS method=QCStore.RefinanceStepup()[pri:9, instance:tests.QCStore@5f9d02cb] output={null}]]]>
              </value>
            </param>
          </params>
          <reporter-output>
          </reporter-output>
        </test-method> <!-- getResult -->
        <test-method status="PASS" signature="killProcess()[pri:0, instance:tests.QCStore@5f9d02cb]" name="killProcess" is-config="true" duration-ms="5036" started-at="2019-04-19T02:15:35Z" finished-at="2019-04-19T02:15:40Z">
          <reporter-output>
          </reporter-output>
        </test-method> <!-- killProcess -->
        <test-method status="PASS" signature="RefinanceStepSame()[pri:10, instance:tests.QCStore@5f9d02cb]" name="RefinanceStepSame" duration-ms="316978" started-at="2019-04-19T02:15:40Z" finished-at="2019-04-19T02:20:57Z">
          <reporter-output>
          </reporter-output>
        </test-method> <!-- RefinanceStepSame -->
        <test-method status="PASS" signature="getResult(org.testng.ITestResult)[pri:0, instance:tests.QCStore@5f9d02cb]" name="getResult" is-config="true" duration-ms="51" started-at="2019-04-19T02:20:57Z" finished-at="2019-04-19T02:20:57Z">
          <params>
            <param index="0">
              <value>
                <![CDATA[[TestResult name=RefinanceStepSame status=SUCCESS method=QCStore.RefinanceStepSame()[pri:10, instance:tests.QCStore@5f9d02cb] output={null}]]]>
              </value>
            </param>
          </params>
          <reporter-output>
          </reporter-output>
        </test-method> <!-- getResult -->
        <test-method status="PASS" signature="killProcess()[pri:0, instance:tests.QCStore@5f9d02cb]" name="killProcess" is-config="true" duration-ms="5025" started-at="2019-04-19T02:20:57Z" finished-at="2019-04-19T02:21:02Z">
          <reporter-output>
          </reporter-output>
        </test-method> <!-- killProcess -->
        <test-method status="PASS" signature="RefinanceStepupVoid()[pri:11, instance:tests.QCStore@5f9d02cb]" name="RefinanceStepupVoid" duration-ms="356745" started-at="2019-04-19T02:21:02Z" finished-at="2019-04-19T02:26:59Z">
          <reporter-output>
          </reporter-output>
        </test-method> <!-- RefinanceStepupVoid -->
        <test-method status="PASS" signature="getResult(org.testng.ITestResult)[pri:0, instance:tests.QCStore@5f9d02cb]" name="getResult" is-config="true" duration-ms="41" started-at="2019-04-19T02:26:59Z" finished-at="2019-04-19T02:26:59Z">
          <params>
            <param index="0">
              <value>
                <![CDATA[[TestResult name=RefinanceStepupVoid status=SUCCESS method=QCStore.RefinanceStepupVoid()[pri:11, instance:tests.QCStore@5f9d02cb] output={null}]]]>
              </value>
            </param>
          </params>
          <reporter-output>
          </reporter-output>
        </test-method> <!-- getResult -->
        <test-method status="PASS" signature="killProcess()[pri:0, instance:tests.QCStore@5f9d02cb]" name="killProcess" is-config="true" duration-ms="5027" started-at="2019-04-19T02:26:59Z" finished-at="2019-04-19T02:27:04Z">
          <reporter-output>
          </reporter-output>
        </test-method> <!-- killProcess -->
        <test-method status="PASS" signature="RefinanceStepSameVoid()[pri:12, instance:tests.QCStore@5f9d02cb]" name="RefinanceStepSameVoid" duration-ms="345958" started-at="2019-04-19T02:27:04Z" finished-at="2019-04-19T02:32:50Z">
          <reporter-output>
          </reporter-output>
        </test-method> <!-- RefinanceStepSameVoid -->
        <test-method status="PASS" signature="getResult(org.testng.ITestResult)[pri:0, instance:tests.QCStore@5f9d02cb]" name="getResult" is-config="true" duration-ms="80" started-at="2019-04-19T02:32:50Z" finished-at="2019-04-19T02:32:50Z">
          <params>
            <param index="0">
              <value>
                <![CDATA[[TestResult name=RefinanceStepSameVoid status=SUCCESS method=QCStore.RefinanceStepSameVoid()[pri:12, instance:tests.QCStore@5f9d02cb] output={null}]]]>
              </value>
            </param>
          </params>
          <reporter-output>
          </reporter-output>
        </test-method> <!-- getResult -->
        <test-method status="PASS" signature="killProcess()[pri:0, instance:tests.QCStore@5f9d02cb]" name="killProcess" is-config="true" duration-ms="5020" started-at="2019-04-19T02:32:50Z" finished-at="2019-04-19T02:32:55Z">
          <reporter-output>
          </reporter-output>
        </test-method> <!-- killProcess -->
        <test-method status="PASS" signature="rebateStepup()[pri:14, instance:tests.QCStore@5f9d02cb]" name="rebateStepup" duration-ms="299564" started-at="2019-04-19T02:32:55Z" finished-at="2019-04-19T02:37:55Z">
          <reporter-output>
          </reporter-output>
        </test-method> <!-- rebateStepup -->
        <test-method status="PASS" signature="getResult(org.testng.ITestResult)[pri:0, instance:tests.QCStore@5f9d02cb]" name="getResult" is-config="true" duration-ms="34" started-at="2019-04-19T02:37:55Z" finished-at="2019-04-19T02:37:55Z">
          <params>
            <param index="0">
              <value>
                <![CDATA[[TestResult name=rebateStepup status=SUCCESS method=QCStore.rebateStepup()[pri:14, instance:tests.QCStore@5f9d02cb] output={null}]]]>
              </value>
            </param>
          </params>
          <reporter-output>
          </reporter-output>
        </test-method> <!-- getResult -->
        <test-method status="PASS" signature="killProcess()[pri:0, instance:tests.QCStore@5f9d02cb]" name="killProcess" is-config="true" duration-ms="5021" started-at="2019-04-19T02:37:55Z" finished-at="2019-04-19T02:38:00Z">
          <reporter-output>
          </reporter-output>
        </test-method> <!-- killProcess -->
        <test-method status="PASS" signature="rebateStepupVoid()[pri:15, instance:tests.QCStore@5f9d02cb]" name="rebateStepupVoid" duration-ms="340947" started-at="2019-04-19T02:38:00Z" finished-at="2019-04-19T02:43:41Z">
          <reporter-output>
          </reporter-output>
        </test-method> <!-- rebateStepupVoid -->
        <test-method status="PASS" signature="getResult(org.testng.ITestResult)[pri:0, instance:tests.QCStore@5f9d02cb]" name="getResult" is-config="true" duration-ms="43" started-at="2019-04-19T02:43:41Z" finished-at="2019-04-19T02:43:41Z">
          <params>
            <param index="0">
              <value>
                <![CDATA[[TestResult name=rebateStepupVoid status=SUCCESS method=QCStore.rebateStepupVoid()[pri:15, instance:tests.QCStore@5f9d02cb] output={null}]]]>
              </value>
            </param>
          </params>
          <reporter-output>
          </reporter-output>
        </test-method> <!-- getResult -->
      </class> <!-- tests.QCStore -->
    </test> <!-- Test -->
  </suite> <!-- Suite -->
</testng-results>
