<?xml version="1.0" encoding="UTF-8"?>
<testng-results skipped="0" failed="0" ignored="0" total="1" passed="1">
  <reporter-output>
  </reporter-output>
  <suite name="Suite" duration-ms="1605677" started-at="2019-02-20T07:01:43Z" finished-at="2019-02-20T07:28:29Z">
    <groups>
      <group name="1stBatch">
        <method signature="QCStore.QC_Void_FullReturnPayment_Txn()[pri:169, instance:tests.QCStore@6d7b4f4c]" name="QC_Void_FullReturnPayment_Txn" class="tests.QCStore"/>
      </group> <!-- 1stBatch -->
    </groups>
    <test name="Test" duration-ms="1605677" started-at="2019-02-20T07:01:43Z" finished-at="2019-02-20T07:28:29Z">
      <class name="tests.QCStore">
        <test-method status="PASS" signature="setup()[pri:0, instance:tests.QCStore@6d7b4f4c]" name="setup" is-config="true" duration-ms="100" started-at="2019-02-20T07:01:43Z" finished-at="2019-02-20T07:01:43Z">
          <reporter-output>
          </reporter-output>
        </test-method> <!-- setup -->
        <test-method status="PASS" signature="killProcess()[pri:0, instance:tests.QCStore@6d7b4f4c]" name="killProcess" is-config="true" duration-ms="5011" started-at="2019-02-20T07:01:43Z" finished-at="2019-02-20T07:01:49Z">
          <reporter-output>
          </reporter-output>
        </test-method> <!-- killProcess -->
        <test-method status="PASS" signature="QC_Void_FullReturnPayment_Txn()[pri:169, instance:tests.QCStore@6d7b4f4c]" name="QC_Void_FullReturnPayment_Txn" duration-ms="1600246" started-at="2019-02-20T07:01:49Z" finished-at="2019-02-20T07:28:29Z">
          <reporter-output>
          </reporter-output>
        </test-method> <!-- QC_Void_FullReturnPayment_Txn -->
        <test-method status="PASS" signature="getResult(org.testng.ITestResult)[pri:0, instance:tests.QCStore@6d7b4f4c]" name="getResult" is-config="true" duration-ms="302" started-at="2019-02-20T07:28:29Z" finished-at="2019-02-20T07:28:29Z">
          <params>
            <param index="0">
              <value>
                <![CDATA[[TestResult name=QC_Void_FullReturnPayment_Txn status=SUCCESS method=QCStore.QC_Void_FullReturnPayment_Txn()[pri:169, instance:tests.QCStore@6d7b4f4c] output={null}]]]>
              </value>
            </param>
          </params>
          <reporter-output>
          </reporter-output>
        </test-method> <!-- getResult -->
      </class> <!-- tests.QCStore -->
    </test> <!-- Test -->
  </suite> <!-- Suite -->
</testng-results>
