<?xml version="1.0" encoding="UTF-8"?>
<testng-results skipped="0" failed="0" ignored="58" total="60" passed="2">
  <reporter-output>
  </reporter-output>
  <suite name="Suite" duration-ms="2061152" started-at="2019-06-21T04:53:18Z" finished-at="2019-06-21T05:27:39Z">
    <groups>
      <group name="1stBatch1">
        <method signature="QCStore.QC_RefinanceStepDown_Txn()[pri:102, instance:tests.QCStore@5f9d02cb]" name="QC_RefinanceStepDown_Txn" class="tests.QCStore"/>
        <method signature="QCStore.QC_RefinanceStepDown_Void_Txn()[pri:103, instance:tests.QCStore@5f9d02cb]" name="QC_RefinanceStepDown_Void_Txn" class="tests.QCStore"/>
      </group> <!-- 1stBatch1 -->
    </groups>
    <test name="Test" duration-ms="2061152" started-at="2019-06-21T04:53:18Z" finished-at="2019-06-21T05:27:39Z">
      <class name="tests.QCStore">
        <test-method status="PASS" signature="setup()[pri:0, instance:tests.QCStore@5f9d02cb]" name="setup" is-config="true" duration-ms="110" started-at="2019-06-21T04:53:18Z" finished-at="2019-06-21T04:53:18Z">
          <reporter-output>
          </reporter-output>
        </test-method> <!-- setup -->
        <test-method status="PASS" signature="killProcess()[pri:0, instance:tests.QCStore@5f9d02cb]" name="killProcess" is-config="true" duration-ms="5011" started-at="2019-06-21T04:53:18Z" finished-at="2019-06-21T04:53:23Z">
          <reporter-output>
          </reporter-output>
        </test-method> <!-- killProcess -->
        <test-method status="PASS" signature="QC_RefinanceStepDown_Txn()[pri:102, instance:tests.QCStore@5f9d02cb]" name="QC_RefinanceStepDown_Txn" duration-ms="926927" started-at="2019-06-21T04:53:23Z" finished-at="2019-06-21T05:08:50Z">
          <reporter-output>
          </reporter-output>
        </test-method> <!-- QC_RefinanceStepDown_Txn -->
        <test-method status="PASS" signature="getResult(org.testng.ITestResult)[pri:0, instance:tests.QCStore@5f9d02cb]" name="getResult" is-config="true" duration-ms="326" started-at="2019-06-21T05:08:50Z" finished-at="2019-06-21T05:08:50Z">
          <params>
            <param index="0">
              <value>
                <![CDATA[[TestResult name=QC_RefinanceStepDown_Txn status=SUCCESS method=QCStore.QC_RefinanceStepDown_Txn()[pri:102, instance:tests.QCStore@5f9d02cb] output={null}]]]>
              </value>
            </param>
          </params>
          <reporter-output>
          </reporter-output>
        </test-method> <!-- getResult -->
        <test-method status="PASS" signature="killProcess()[pri:0, instance:tests.QCStore@5f9d02cb]" name="killProcess" is-config="true" duration-ms="5016" started-at="2019-06-21T05:08:50Z" finished-at="2019-06-21T05:08:55Z">
          <reporter-output>
          </reporter-output>
        </test-method> <!-- killProcess -->
        <test-method status="PASS" signature="QC_RefinanceStepDown_Void_Txn()[pri:103, instance:tests.QCStore@5f9d02cb]" name="QC_RefinanceStepDown_Void_Txn" duration-ms="1123672" started-at="2019-06-21T05:08:55Z" finished-at="2019-06-21T05:27:39Z">
          <reporter-output>
          </reporter-output>
        </test-method> <!-- QC_RefinanceStepDown_Void_Txn -->
        <test-method status="PASS" signature="getResult(org.testng.ITestResult)[pri:0, instance:tests.QCStore@5f9d02cb]" name="getResult" is-config="true" duration-ms="69" started-at="2019-06-21T05:27:39Z" finished-at="2019-06-21T05:27:39Z">
          <params>
            <param index="0">
              <value>
                <![CDATA[[TestResult name=QC_RefinanceStepDown_Void_Txn status=SUCCESS method=QCStore.QC_RefinanceStepDown_Void_Txn()[pri:103, instance:tests.QCStore@5f9d02cb] output={null}]]]>
              </value>
            </param>
          </params>
          <reporter-output>
          </reporter-output>
        </test-method> <!-- getResult -->
      </class> <!-- tests.QCStore -->
    </test> <!-- Test -->
  </suite> <!-- Suite -->
</testng-results>
